-- The C compiler identification is GNU 9.5.0
-- The CXX compiler identification is GNU 9.5.0
-- Detecting C compiler ABI info
-- Detecting C compiler ABI info - done
-- Check for working C compiler: /usr/bin/cc - skipped
-- Detecting C compile features
-- Detecting C compile features - done
-- Detecting CXX compiler ABI info
-- Detecting CXX compiler ABI info - done
-- Check for working CXX compiler: /usr/bin/c++ - skipped
-- Detecting CXX compile features
-- Detecting CXX compile features - done
-- Found ament_cmake: 1.3.10 (/opt/ros/humble/share/ament_cmake/cmake)
-- Found Python3: /usr/bin/python3 (found version "3.10.12") found components: Interpreter 
-- Found rclcpp: 16.0.10 (/opt/ros/humble/share/rclcpp/cmake)
-- Found rosidl_generator_c: 3.1.5 (/opt/ros/humble/share/rosidl_generator_c/cmake)
-- Found rosidl_adapter: 3.1.5 (/opt/ros/humble/share/rosidl_adapter/cmake)
-- Found rosidl_generator_cpp: 3.1.5 (/opt/ros/humble/share/rosidl_generator_cpp/cmake)
-- Using all available rosidl_typesupport_c: rosidl_typesupport_fastrtps_c;rosidl_typesupport_introspection_c
-- Using all available rosidl_typesupport_cpp: rosidl_typesupport_fastrtps_cpp;rosidl_typesupport_introspection_cpp
-- Found rmw_implementation_cmake: 6.1.2 (/opt/ros/humble/share/rmw_implementation_cmake/cmake)
-- Found rmw_fastrtps_cpp: 6.2.7 (/opt/ros/humble/share/rmw_fastrtps_cpp/cmake)
-- Found OpenSSL: /usr/lib/x86_64-linux-gnu/libcrypto.so (found version "3.0.2")  
-- Found FastRTPS: /opt/ros/humble/include  
-- Using RMW implementation 'rmw_fastrtps_cpp' as default
-- Looking for pthread.h
-- Looking for pthread.h - found
-- Performing Test CMAKE_HAVE_LIBC_PTHREAD
-- Performing Test CMAKE_HAVE_LIBC_PTHREAD - Success
-- Found Threads: TRUE  
-- Found message_interface_robosoccer: 0.0.0 (/home/eric/wjg/elong_ws_fps/install/message_interface_robosoccer/share/message_interface_robosoccer/cmake)
-- Found OpenCV: /usr (found version "4.5.4") 
-- Found cv_bridge: 3.2.1 (/opt/ros/humble/share/cv_bridge/cmake)
-- Found image_transport: 3.1.9 (/opt/ros/humble/share/image_transport/cmake)
-- Configuring done
-- Generating done
-- Build files have been written to: /home/eric/wjg/elong_ws_fps/build/gui_robosoccer
[  5%] [34m[1mAutomatic MOC and UIC for target gui_robosoccer[0m
[  5%] Built target gui_robosoccer_autogen
[ 10%] [34m[1mAutomatic RCC for resource/images.qrc[0m
[ 20%] [32mBuilding CXX object CMakeFiles/gui_robosoccer.dir/src/ImageLabelDrawI.cpp.o[0m
[ 20%] [32mBuilding CXX object CMakeFiles/gui_robosoccer.dir/src/ImageLabelControl.cpp.o[0m
[ 25%] [32mBuilding CXX object CMakeFiles/gui_robosoccer.dir/src/main.cpp.o[0m
[ 35%] [32mBuilding CXX object CMakeFiles/gui_robosoccer.dir/src/ImageLabelEnlarge.cpp.o[0m
[ 35%] [32mBuilding CXX object CMakeFiles/gui_robosoccer.dir/src/globalFun.cpp.o[0m
[ 40%] [32mBuilding CXX object CMakeFiles/gui_robosoccer.dir/src/HSIslider.cpp.o[0m
[ 45%] [32mBuilding CXX object CMakeFiles/gui_robosoccer.dir/src/rclcomm.cpp.o[0m
[ 50%] [32mBuilding CXX object CMakeFiles/gui_robosoccer.dir/src/mainwindow.cpp.o[0m
[ 55%] [32mBuilding CXX object CMakeFiles/gui_robosoccer.dir/src/rclcomm3.cpp.o[0m
[ 60%] [32mBuilding CXX object CMakeFiles/gui_robosoccer.dir/src/rclcomm4.cpp.o[0m
[ 65%] [32mBuilding CXX object CMakeFiles/gui_robosoccer.dir/src/globalVar.cpp.o[0m
[ 70%] [32mBuilding CXX object CMakeFiles/gui_robosoccer.dir/src/rclcomm2.cpp.o[0m
[ 75%] [32mBuilding CXX object CMakeFiles/gui_robosoccer.dir/gui_robosoccer_autogen/mocs_compilation.cpp.o[0m
[ 80%] [32mBuilding CXX object CMakeFiles/gui_robosoccer.dir/src/rclcomm_log.cpp.o[0m
[ 85%] [32mBuilding CXX object CMakeFiles/gui_robosoccer.dir/src/ImageLabelColor.cpp.o[0m
[ 90%] [32mBuilding CXX object CMakeFiles/gui_robosoccer.dir/src/rclcomm1.cpp.o[0m
[ 95%] [32mBuilding CXX object CMakeFiles/gui_robosoccer.dir/gui_robosoccer_autogen/6WJNPILU4A/qrc_images.cpp.o[0m
[100%] [32m[1mLinking CXX executable gui_robosoccer[0m
[100%] Built target gui_robosoccer
-- Install configuration: "Debug"
-- Installing: /home/eric/wjg/elong_ws_fps/install/gui_robosoccer/lib/gui_robosoccer/gui_robosoccer
-- Set runtime path of "/home/eric/wjg/elong_ws_fps/install/gui_robosoccer/lib/gui_robosoccer/gui_robosoccer" to ""
-- Installing: /home/eric/wjg/elong_ws_fps/install/gui_robosoccer/share/gui_robosoccer/launch
-- Installing: /home/eric/wjg/elong_ws_fps/install/gui_robosoccer/share/gui_robosoccer/launch/launch.py
-- Installing: /home/eric/wjg/elong_ws_fps/install/gui_robosoccer/share/ament_index/resource_index/package_run_dependencies/gui_robosoccer
-- Installing: /home/eric/wjg/elong_ws_fps/install/gui_robosoccer/share/ament_index/resource_index/parent_prefix_path/gui_robosoccer
-- Installing: /home/eric/wjg/elong_ws_fps/install/gui_robosoccer/share/gui_robosoccer/environment/ament_prefix_path.sh
-- Installing: /home/eric/wjg/elong_ws_fps/install/gui_robosoccer/share/gui_robosoccer/environment/ament_prefix_path.dsv
-- Installing: /home/eric/wjg/elong_ws_fps/install/gui_robosoccer/share/gui_robosoccer/environment/path.sh
-- Installing: /home/eric/wjg/elong_ws_fps/install/gui_robosoccer/share/gui_robosoccer/environment/path.dsv
-- Installing: /home/eric/wjg/elong_ws_fps/install/gui_robosoccer/share/gui_robosoccer/local_setup.bash
-- Installing: /home/eric/wjg/elong_ws_fps/install/gui_robosoccer/share/gui_robosoccer/local_setup.sh
-- Installing: /home/eric/wjg/elong_ws_fps/install/gui_robosoccer/share/gui_robosoccer/local_setup.zsh
-- Installing: /home/eric/wjg/elong_ws_fps/install/gui_robosoccer/share/gui_robosoccer/local_setup.dsv
-- Installing: /home/eric/wjg/elong_ws_fps/install/gui_robosoccer/share/gui_robosoccer/package.dsv
-- Installing: /home/eric/wjg/elong_ws_fps/install/gui_robosoccer/share/ament_index/resource_index/packages/gui_robosoccer
-- Installing: /home/eric/wjg/elong_ws_fps/install/gui_robosoccer/share/gui_robosoccer/cmake/gui_robosoccerConfig.cmake
-- Installing: /home/eric/wjg/elong_ws_fps/install/gui_robosoccer/share/gui_robosoccer/cmake/gui_robosoccerConfig-version.cmake
-- Installing: /home/eric/wjg/elong_ws_fps/install/gui_robosoccer/share/gui_robosoccer/package.xml
