[0.009s] Invoking command in '/home/eric/wjg/elong_ws_fps/build/gui_robosoccer': AMENT_PREFIX_PATH=/home/eric/wjg/elong_ws_fps/install/message_interface_robosoccer:${AMENT_PREFIX_PATH} CMAKE_PREFIX_PATH=/home/eric/wjg/elong_ws_fps/install/message_interface_robosoccer:/opt/ros/humble LD_LIBRARY_PATH=/home/eric/wjg/elong_ws_fps/install/message_interface_robosoccer/lib:${LD_LIBRARY_PATH} PYTHONPATH=/home/eric/wjg/elong_ws_fps/install/message_interface_robosoccer/local/lib/python3.10/dist-packages:${PYTHONPATH} /usr/bin/cmake /home/eric/wjg/elong_ws_fps/src/gui_robosoccer -DCMAKE_INSTALL_PREFIX=/home/eric/wjg/elong_ws_fps/install/gui_robosoccer
[0.036s] -- The C compiler identification is GNU 9.5.0
[0.064s] -- The CXX compiler identification is GNU 9.5.0
[0.067s] -- Detecting C compiler ABI info
[0.103s] -- Detecting C compiler ABI info - done
[0.109s] -- Check for working C compiler: /usr/bin/cc - skipped
[0.109s] -- Detecting C compile features
[0.109s] -- Detecting C compile features - done
[0.111s] -- Detecting CXX compiler ABI info
[0.154s] -- Detecting CXX compiler ABI info - done
[0.159s] -- Check for working CXX compiler: /usr/bin/c++ - skipped
[0.159s] -- Detecting CXX compile features
[0.159s] -- Detecting CXX compile features - done
[0.160s] -- Found ament_cmake: 1.3.10 (/opt/ros/humble/share/ament_cmake/cmake)
[0.431s] -- Found Python3: /usr/bin/python3 (found version "3.10.12") found components: Interpreter 
[0.476s] -- Found rclcpp: 16.0.10 (/opt/ros/humble/share/rclcpp/cmake)
[0.496s] -- Found rosidl_generator_c: 3.1.5 (/opt/ros/humble/share/rosidl_generator_c/cmake)
[0.498s] -- Found rosidl_adapter: 3.1.5 (/opt/ros/humble/share/rosidl_adapter/cmake)
[0.502s] -- Found rosidl_generator_cpp: 3.1.5 (/opt/ros/humble/share/rosidl_generator_cpp/cmake)
[0.507s] -- Using all available rosidl_typesupport_c: rosidl_typesupport_fastrtps_c;rosidl_typesupport_introspection_c
[0.514s] -- Using all available rosidl_typesupport_cpp: rosidl_typesupport_fastrtps_cpp;rosidl_typesupport_introspection_cpp
[0.538s] -- Found rmw_implementation_cmake: 6.1.2 (/opt/ros/humble/share/rmw_implementation_cmake/cmake)
[0.540s] -- Found rmw_fastrtps_cpp: 6.2.7 (/opt/ros/humble/share/rmw_fastrtps_cpp/cmake)
[0.588s] -- Found OpenSSL: /usr/lib/x86_64-linux-gnu/libcrypto.so (found version "3.0.2")  
[0.603s] -- Found FastRTPS: /opt/ros/humble/include  
[0.629s] -- Using RMW implementation 'rmw_fastrtps_cpp' as default
[0.632s] -- Looking for pthread.h
[0.669s] -- Looking for pthread.h - found
[0.670s] -- Performing Test CMAKE_HAVE_LIBC_PTHREAD
[0.707s] -- Performing Test CMAKE_HAVE_LIBC_PTHREAD - Success
[0.708s] -- Found Threads: TRUE  
[0.736s] -- Found message_interface_robosoccer: 0.0.0 (/home/eric/wjg/elong_ws_fps/install/message_interface_robosoccer/share/message_interface_robosoccer/cmake)
[0.763s] -- Found OpenCV: /usr (found version "4.5.4") 
[0.764s] -- Found cv_bridge: 3.2.1 (/opt/ros/humble/share/cv_bridge/cmake)
[0.766s] -- Found image_transport: 3.1.9 (/opt/ros/humble/share/image_transport/cmake)
[0.839s] -- Configuring done
[0.874s] -- Generating done
[0.876s] -- Build files have been written to: /home/eric/wjg/elong_ws_fps/build/gui_robosoccer
[0.883s] Invoked command in '/home/eric/wjg/elong_ws_fps/build/gui_robosoccer' returned '0': AMENT_PREFIX_PATH=/home/eric/wjg/elong_ws_fps/install/message_interface_robosoccer:${AMENT_PREFIX_PATH} CMAKE_PREFIX_PATH=/home/eric/wjg/elong_ws_fps/install/message_interface_robosoccer:/opt/ros/humble LD_LIBRARY_PATH=/home/eric/wjg/elong_ws_fps/install/message_interface_robosoccer/lib:${LD_LIBRARY_PATH} PYTHONPATH=/home/eric/wjg/elong_ws_fps/install/message_interface_robosoccer/local/lib/python3.10/dist-packages:${PYTHONPATH} /usr/bin/cmake /home/eric/wjg/elong_ws_fps/src/gui_robosoccer -DCMAKE_INSTALL_PREFIX=/home/eric/wjg/elong_ws_fps/install/gui_robosoccer
[0.884s] Invoking command in '/home/eric/wjg/elong_ws_fps/build/gui_robosoccer': AMENT_PREFIX_PATH=/home/eric/wjg/elong_ws_fps/install/message_interface_robosoccer:${AMENT_PREFIX_PATH} CMAKE_PREFIX_PATH=/home/eric/wjg/elong_ws_fps/install/message_interface_robosoccer:/opt/ros/humble LD_LIBRARY_PATH=/home/eric/wjg/elong_ws_fps/install/message_interface_robosoccer/lib:${LD_LIBRARY_PATH} PYTHONPATH=/home/eric/wjg/elong_ws_fps/install/message_interface_robosoccer/local/lib/python3.10/dist-packages:${PYTHONPATH} /usr/bin/cmake --build /home/eric/wjg/elong_ws_fps/build/gui_robosoccer -- -j24 -l24
[0.913s] [  5%] [34m[1mAutomatic MOC and UIC for target gui_robosoccer[0m
[1.230s] [  5%] Built target gui_robosoccer_autogen
[1.237s] [ 10%] [34m[1mAutomatic RCC for resource/images.qrc[0m
[1.274s] [ 20%] [32mBuilding CXX object CMakeFiles/gui_robosoccer.dir/src/ImageLabelDrawI.cpp.o[0m
[1.274s] [ 20%] [32mBuilding CXX object CMakeFiles/gui_robosoccer.dir/src/ImageLabelControl.cpp.o[0m
[1.274s] [ 25%] [32mBuilding CXX object CMakeFiles/gui_robosoccer.dir/src/main.cpp.o[0m
[1.275s] [ 35%] [32mBuilding CXX object CMakeFiles/gui_robosoccer.dir/src/ImageLabelEnlarge.cpp.o[0m
[1.275s] [ 35%] [32mBuilding CXX object CMakeFiles/gui_robosoccer.dir/src/globalFun.cpp.o[0m
[1.275s] [ 40%] [32mBuilding CXX object CMakeFiles/gui_robosoccer.dir/src/HSIslider.cpp.o[0m
[1.275s] [ 45%] [32mBuilding CXX object CMakeFiles/gui_robosoccer.dir/src/rclcomm.cpp.o[0m
[1.275s] [ 50%] [32mBuilding CXX object CMakeFiles/gui_robosoccer.dir/src/mainwindow.cpp.o[0m
[1.275s] [ 55%] [32mBuilding CXX object CMakeFiles/gui_robosoccer.dir/src/rclcomm3.cpp.o[0m
[1.275s] [ 60%] [32mBuilding CXX object CMakeFiles/gui_robosoccer.dir/src/rclcomm4.cpp.o[0m
[1.275s] [ 65%] [32mBuilding CXX object CMakeFiles/gui_robosoccer.dir/src/globalVar.cpp.o[0m
[1.275s] [ 70%] [32mBuilding CXX object CMakeFiles/gui_robosoccer.dir/src/rclcomm2.cpp.o[0m
[1.276s] [ 75%] [32mBuilding CXX object CMakeFiles/gui_robosoccer.dir/gui_robosoccer_autogen/mocs_compilation.cpp.o[0m
[1.277s] [ 80%] [32mBuilding CXX object CMakeFiles/gui_robosoccer.dir/src/rclcomm_log.cpp.o[0m
[1.277s] [ 85%] [32mBuilding CXX object CMakeFiles/gui_robosoccer.dir/src/ImageLabelColor.cpp.o[0m
[1.277s] [ 90%] [32mBuilding CXX object CMakeFiles/gui_robosoccer.dir/src/rclcomm1.cpp.o[0m
[1.283s] [ 95%] [32mBuilding CXX object CMakeFiles/gui_robosoccer.dir/gui_robosoccer_autogen/6WJNPILU4A/qrc_images.cpp.o[0m
[12.570s] [100%] [32m[1mLinking CXX executable gui_robosoccer[0m
[14.332s] [100%] Built target gui_robosoccer
[14.339s] Invoked command in '/home/eric/wjg/elong_ws_fps/build/gui_robosoccer' returned '0': AMENT_PREFIX_PATH=/home/eric/wjg/elong_ws_fps/install/message_interface_robosoccer:${AMENT_PREFIX_PATH} CMAKE_PREFIX_PATH=/home/eric/wjg/elong_ws_fps/install/message_interface_robosoccer:/opt/ros/humble LD_LIBRARY_PATH=/home/eric/wjg/elong_ws_fps/install/message_interface_robosoccer/lib:${LD_LIBRARY_PATH} PYTHONPATH=/home/eric/wjg/elong_ws_fps/install/message_interface_robosoccer/local/lib/python3.10/dist-packages:${PYTHONPATH} /usr/bin/cmake --build /home/eric/wjg/elong_ws_fps/build/gui_robosoccer -- -j24 -l24
[14.340s] Invoking command in '/home/eric/wjg/elong_ws_fps/build/gui_robosoccer': AMENT_PREFIX_PATH=/home/eric/wjg/elong_ws_fps/install/message_interface_robosoccer:${AMENT_PREFIX_PATH} CMAKE_PREFIX_PATH=/home/eric/wjg/elong_ws_fps/install/message_interface_robosoccer:/opt/ros/humble LD_LIBRARY_PATH=/home/eric/wjg/elong_ws_fps/install/message_interface_robosoccer/lib:${LD_LIBRARY_PATH} PYTHONPATH=/home/eric/wjg/elong_ws_fps/install/message_interface_robosoccer/local/lib/python3.10/dist-packages:${PYTHONPATH} /usr/bin/cmake --install /home/eric/wjg/elong_ws_fps/build/gui_robosoccer
[14.344s] -- Install configuration: "Debug"
[14.344s] -- Installing: /home/eric/wjg/elong_ws_fps/install/gui_robosoccer/lib/gui_robosoccer/gui_robosoccer
[14.367s] -- Set runtime path of "/home/eric/wjg/elong_ws_fps/install/gui_robosoccer/lib/gui_robosoccer/gui_robosoccer" to ""
[14.367s] -- Installing: /home/eric/wjg/elong_ws_fps/install/gui_robosoccer/share/gui_robosoccer/launch
[14.367s] -- Installing: /home/eric/wjg/elong_ws_fps/install/gui_robosoccer/share/gui_robosoccer/launch/launch.py
[14.367s] -- Installing: /home/eric/wjg/elong_ws_fps/install/gui_robosoccer/share/ament_index/resource_index/package_run_dependencies/gui_robosoccer
[14.367s] -- Installing: /home/eric/wjg/elong_ws_fps/install/gui_robosoccer/share/ament_index/resource_index/parent_prefix_path/gui_robosoccer
[14.367s] -- Installing: /home/eric/wjg/elong_ws_fps/install/gui_robosoccer/share/gui_robosoccer/environment/ament_prefix_path.sh
[14.367s] -- Installing: /home/eric/wjg/elong_ws_fps/install/gui_robosoccer/share/gui_robosoccer/environment/ament_prefix_path.dsv
[14.367s] -- Installing: /home/eric/wjg/elong_ws_fps/install/gui_robosoccer/share/gui_robosoccer/environment/path.sh
[14.367s] -- Installing: /home/eric/wjg/elong_ws_fps/install/gui_robosoccer/share/gui_robosoccer/environment/path.dsv
[14.367s] -- Installing: /home/eric/wjg/elong_ws_fps/install/gui_robosoccer/share/gui_robosoccer/local_setup.bash
[14.367s] -- Installing: /home/eric/wjg/elong_ws_fps/install/gui_robosoccer/share/gui_robosoccer/local_setup.sh
[14.367s] -- Installing: /home/eric/wjg/elong_ws_fps/install/gui_robosoccer/share/gui_robosoccer/local_setup.zsh
[14.367s] -- Installing: /home/eric/wjg/elong_ws_fps/install/gui_robosoccer/share/gui_robosoccer/local_setup.dsv
[14.367s] -- Installing: /home/eric/wjg/elong_ws_fps/install/gui_robosoccer/share/gui_robosoccer/package.dsv
[14.367s] -- Installing: /home/eric/wjg/elong_ws_fps/install/gui_robosoccer/share/ament_index/resource_index/packages/gui_robosoccer
[14.368s] -- Installing: /home/eric/wjg/elong_ws_fps/install/gui_robosoccer/share/gui_robosoccer/cmake/gui_robosoccerConfig.cmake
[14.368s] -- Installing: /home/eric/wjg/elong_ws_fps/install/gui_robosoccer/share/gui_robosoccer/cmake/gui_robosoccerConfig-version.cmake
[14.368s] -- Installing: /home/eric/wjg/elong_ws_fps/install/gui_robosoccer/share/gui_robosoccer/package.xml
[14.369s] Invoked command in '/home/eric/wjg/elong_ws_fps/build/gui_robosoccer' returned '0': AMENT_PREFIX_PATH=/home/eric/wjg/elong_ws_fps/install/message_interface_robosoccer:${AMENT_PREFIX_PATH} CMAKE_PREFIX_PATH=/home/eric/wjg/elong_ws_fps/install/message_interface_robosoccer:/opt/ros/humble LD_LIBRARY_PATH=/home/eric/wjg/elong_ws_fps/install/message_interface_robosoccer/lib:${LD_LIBRARY_PATH} PYTHONPATH=/home/eric/wjg/elong_ws_fps/install/message_interface_robosoccer/local/lib/python3.10/dist-packages:${PYTHONPATH} /usr/bin/cmake --install /home/eric/wjg/elong_ws_fps/build/gui_robosoccer
