[35m[1mConsolidate compiler generated dependencies of target communication_test[0m
[35m[1mConsolidate compiler generated dependencies of target single_vel_pub[0m
[35m[1mConsolidate compiler generated dependencies of target communication[0m
[ 25%] Built target single_vel_pub
[ 62%] Built target communication_test
[100%] Built target communication
-- Install configuration: ""
-- Up-to-date: /home/eric/wjg/elong_ws_fps/install/communication_robosoccer/share/ament_index/resource_index/package_run_dependencies/communication_robosoccer
-- Up-to-date: /home/eric/wjg/elong_ws_fps/install/communication_robosoccer/share/ament_index/resource_index/parent_prefix_path/communication_robosoccer
-- Up-to-date: /home/eric/wjg/elong_ws_fps/install/communication_robosoccer/share/communication_robosoccer/environment/ament_prefix_path.sh
-- Up-to-date: /home/eric/wjg/elong_ws_fps/install/communication_robosoccer/share/communication_robosoccer/environment/ament_prefix_path.dsv
-- Up-to-date: /home/eric/wjg/elong_ws_fps/install/communication_robosoccer/share/communication_robosoccer/environment/path.sh
-- Up-to-date: /home/eric/wjg/elong_ws_fps/install/communication_robosoccer/share/communication_robosoccer/environment/path.dsv
-- Up-to-date: /home/eric/wjg/elong_ws_fps/install/communication_robosoccer/share/communication_robosoccer/local_setup.bash
-- Up-to-date: /home/eric/wjg/elong_ws_fps/install/communication_robosoccer/share/communication_robosoccer/local_setup.sh
-- Up-to-date: /home/eric/wjg/elong_ws_fps/install/communication_robosoccer/share/communication_robosoccer/local_setup.zsh
-- Up-to-date: /home/eric/wjg/elong_ws_fps/install/communication_robosoccer/share/communication_robosoccer/local_setup.dsv
-- Installing: /home/eric/wjg/elong_ws_fps/install/communication_robosoccer/share/communication_robosoccer/package.dsv
-- Up-to-date: /home/eric/wjg/elong_ws_fps/install/communication_robosoccer/share/ament_index/resource_index/packages/communication_robosoccer
-- Up-to-date: /home/eric/wjg/elong_ws_fps/install/communication_robosoccer/share/communication_robosoccer/cmake/communication_robosoccerConfig.cmake
-- Up-to-date: /home/eric/wjg/elong_ws_fps/install/communication_robosoccer/share/communication_robosoccer/cmake/communication_robosoccerConfig-version.cmake
-- Up-to-date: /home/eric/wjg/elong_ws_fps/install/communication_robosoccer/share/communication_robosoccer/package.xml
-- Up-to-date: /home/eric/wjg/elong_ws_fps/install/communication_robosoccer/lib/communication_robosoccer/communication
-- Up-to-date: /home/eric/wjg/elong_ws_fps/install/communication_robosoccer/lib/communication_robosoccer/single_vel_pub
-- Up-to-date: /home/eric/wjg/elong_ws_fps/install/communication_robosoccer/lib/communication_robosoccer/communication_test
