[0.006s] Invoking command in '/home/eric/wjg/elong_ws_fps/build/message_interface_robosoccer': CMAKE_PREFIX_PATH=/opt/ros/humble /usr/bin/cmake /home/eric/wjg/elong_ws_fps/src/message_interface_robosoccer -DCMAKE_INSTALL_PREFIX=/home/eric/wjg/elong_ws_fps/install/message_interface_robosoccer
[0.070s] -- The C compiler identification is GNU 9.5.0
[0.121s] -- The CXX compiler identification is GNU 9.5.0
[0.126s] -- Detecting C compiler ABI info
[0.164s] -- Detecting C compiler ABI info - done
[0.168s] -- Check for working C compiler: /usr/bin/cc - skipped
[0.168s] -- Detecting C compile features
[0.169s] -- Detecting C compile features - done
[0.171s] -- Detecting CXX compiler ABI info
[0.215s] -- Detecting CXX compiler ABI info - done
[0.219s] -- Check for working CXX compiler: /usr/bin/c++ - skipped
[0.220s] -- Detecting CXX compile features
[0.220s] -- Detecting CXX compile features - done
[0.221s] -- Found ament_cmake: 1.3.10 (/opt/ros/humble/share/ament_cmake/cmake)
[0.495s] -- Found Python3: /usr/bin/python3 (found version "3.10.12") found components: Interpreter 
[0.547s] -- Found rosidl_default_generators: 1.2.0 (/opt/ros/humble/share/rosidl_default_generators/cmake)
[0.549s] -- Using all available rosidl_typesupport_c: rosidl_typesupport_fastrtps_c;rosidl_typesupport_introspection_c
[0.552s] -- Found rosidl_adapter: 3.1.5 (/opt/ros/humble/share/rosidl_adapter/cmake)
[0.579s] -- Using all available rosidl_typesupport_cpp: rosidl_typesupport_fastrtps_cpp;rosidl_typesupport_introspection_cpp
[0.598s] -- Found sensor_msgs: 4.2.4 (/opt/ros/humble/share/sensor_msgs/cmake)
[0.637s] -- Found ament_lint_auto: 0.12.11 (/opt/ros/humble/share/ament_lint_auto/cmake)
[0.819s] -- Found ament_cmake_ros: 0.10.0 (/opt/ros/humble/share/ament_cmake_ros/cmake)
[0.970s] -- Using all available rosidl_typesupport_c: rosidl_typesupport_fastrtps_c;rosidl_typesupport_introspection_c
[1.172s] -- Using all available rosidl_typesupport_cpp: rosidl_typesupport_fastrtps_cpp;rosidl_typesupport_introspection_cpp
[1.186s] -- Found PythonInterp: /usr/bin/python3 (found suitable version "3.10.12", minimum required is "3.6") 
[1.187s] -- Found python_cmake_module: 0.10.0 (/opt/ros/humble/share/python_cmake_module/cmake)
[1.203s] -- Found PythonLibs: /usr/lib/x86_64-linux-gnu/libpython3.10.so (found suitable version "3.10.12", minimum required is "3.5") 
[1.203s] -- Using PYTHON_EXECUTABLE: /usr/bin/python3
[1.203s] -- Using PYTHON_INCLUDE_DIRS: /usr/include/python3.10
[1.203s] -- Using PYTHON_LIBRARIES: /usr/lib/x86_64-linux-gnu/libpython3.10.so
[1.217s] -- Found PythonExtra: .so  
[1.260s] -- Added test 'lint_cmake' to check CMake code style
[1.261s] -- Added test 'xmllint' to check XML markup files
[1.264s] -- Configuring done
[1.287s] -- Generating done
[1.293s] -- Build files have been written to: /home/eric/wjg/elong_ws_fps/build/message_interface_robosoccer
[1.298s] Invoked command in '/home/eric/wjg/elong_ws_fps/build/message_interface_robosoccer' returned '0': CMAKE_PREFIX_PATH=/opt/ros/humble /usr/bin/cmake /home/eric/wjg/elong_ws_fps/src/message_interface_robosoccer -DCMAKE_INSTALL_PREFIX=/home/eric/wjg/elong_ws_fps/install/message_interface_robosoccer
[1.299s] Invoking command in '/home/eric/wjg/elong_ws_fps/build/message_interface_robosoccer': CMAKE_PREFIX_PATH=/opt/ros/humble /usr/bin/cmake --build /home/eric/wjg/elong_ws_fps/build/message_interface_robosoccer -- -j24 -l24
[1.321s] [  1%] [34m[1mGenerating C code for ROS interfaces[0m
[1.326s] [  2%] [34m[1mGenerating C++ code for ROS interfaces[0m
[1.329s] [  2%] Built target ament_cmake_python_copy_message_interface_robosoccer
[1.455s] running egg_info
[1.456s] creating message_interface_robosoccer.egg-info
[1.456s] writing manifest file 'message_interface_robosoccer.egg-info/SOURCES.txt'
[1.457s] writing manifest file 'message_interface_robosoccer.egg-info/SOURCES.txt'
[1.473s] [  2%] Built target ament_cmake_python_build_message_interface_robosoccer_egg
[1.616s] [  2%] Built target message_interface_robosoccer__cpp
[1.622s] [  3%] [34m[1mGenerating C++ type support dispatch for ROS interfaces[0m
[1.622s] [  4%] [34m[1mGenerating C++ type support for eProsima Fast-RTPS[0m
[1.622s] [  5%] [34m[1mGenerating C++ introspection for ROS interfaces[0m
[1.644s] [  6%] [32mBuilding C object CMakeFiles/message_interface_robosoccer__rosidl_generator_c.dir/rosidl_generator_c/message_interface_robosoccer/msg/detail/image__functions.c.o[0m
[1.644s] [  8%] [32mBuilding C object CMakeFiles/message_interface_robosoccer__rosidl_generator_c.dir/rosidl_generator_c/message_interface_robosoccer/msg/detail/point__functions.c.o[0m
[1.644s] [  8%] [32mBuilding C object CMakeFiles/message_interface_robosoccer__rosidl_generator_c.dir/rosidl_generator_c/message_interface_robosoccer/msg/detail/array_threshold__functions.c.o[0m
[1.644s] [  9%] [32mBuilding C object CMakeFiles/message_interface_robosoccer__rosidl_generator_c.dir/rosidl_generator_c/message_interface_robosoccer/msg/detail/decision_var__functions.c.o[0m
[1.644s] [ 10%] [32mBuilding C object CMakeFiles/message_interface_robosoccer__rosidl_generator_c.dir/rosidl_generator_c/message_interface_robosoccer/msg/detail/pose_robots__functions.c.o[0m
[1.644s] [ 11%] [32mBuilding C object CMakeFiles/message_interface_robosoccer__rosidl_generator_c.dir/rosidl_generator_c/message_interface_robosoccer/msg/detail/pose__functions.c.o[0m
[1.645s] [ 12%] [32mBuilding C object CMakeFiles/message_interface_robosoccer__rosidl_generator_c.dir/rosidl_generator_c/message_interface_robosoccer/msg/detail/point_calibration__functions.c.o[0m
[1.645s] [ 13%] [32mBuilding C object CMakeFiles/message_interface_robosoccer__rosidl_generator_c.dir/rosidl_generator_c/message_interface_robosoccer/msg/detail/velocity__functions.c.o[0m
[1.645s] [ 14%] [32mBuilding C object CMakeFiles/message_interface_robosoccer__rosidl_generator_c.dir/rosidl_generator_c/message_interface_robosoccer/msg/detail/velocity_robots__functions.c.o[0m
[1.677s] [ 15%] [32m[1mLinking C shared library libmessage_interface_robosoccer__rosidl_generator_c.so[0m
[1.699s] [ 15%] Built target message_interface_robosoccer__rosidl_generator_c
[1.704s] [ 16%] [34m[1mGenerating C type support for eProsima Fast-RTPS[0m
[1.704s] [ 17%] [34m[1mGenerating C type support dispatch for ROS interfaces[0m
[1.704s] [ 18%] [34m[1mGenerating C introspection for ROS interfaces[0m
[1.831s] [ 20%] [32mBuilding CXX object CMakeFiles/message_interface_robosoccer__rosidl_typesupport_cpp.dir/rosidl_typesupport_cpp/message_interface_robosoccer/msg/velocity_robots__type_support.cpp.o[0m
[1.831s] [ 21%] [32mBuilding CXX object CMakeFiles/message_interface_robosoccer__rosidl_typesupport_cpp.dir/rosidl_typesupport_cpp/message_interface_robosoccer/msg/point_calibration__type_support.cpp.o[0m
[1.831s] [ 22%] [32mBuilding CXX object CMakeFiles/message_interface_robosoccer__rosidl_typesupport_cpp.dir/rosidl_typesupport_cpp/message_interface_robosoccer/msg/array_threshold__type_support.cpp.o[0m
[1.832s] [ 25%] [32mBuilding CXX object CMakeFiles/message_interface_robosoccer__rosidl_typesupport_cpp.dir/rosidl_typesupport_cpp/message_interface_robosoccer/msg/image__type_support.cpp.o[0m
[1.832s] [ 25%] [32mBuilding CXX object CMakeFiles/message_interface_robosoccer__rosidl_typesupport_cpp.dir/rosidl_typesupport_cpp/message_interface_robosoccer/msg/point__type_support.cpp.o[0m
[1.832s] [ 25%] [32mBuilding CXX object CMakeFiles/message_interface_robosoccer__rosidl_typesupport_cpp.dir/rosidl_typesupport_cpp/message_interface_robosoccer/msg/pose_robots__type_support.cpp.o[0m
[1.832s] [ 26%] [32mBuilding CXX object CMakeFiles/message_interface_robosoccer__rosidl_typesupport_cpp.dir/rosidl_typesupport_cpp/message_interface_robosoccer/msg/velocity__type_support.cpp.o[0m
[1.832s] [ 27%] [32mBuilding CXX object CMakeFiles/message_interface_robosoccer__rosidl_typesupport_cpp.dir/rosidl_typesupport_cpp/message_interface_robosoccer/msg/pose__type_support.cpp.o[0m
[1.832s] [ 28%] [32mBuilding CXX object CMakeFiles/message_interface_robosoccer__rosidl_typesupport_cpp.dir/rosidl_typesupport_cpp/message_interface_robosoccer/msg/decision_var__type_support.cpp.o[0m
[1.880s] [ 29%] [32mBuilding CXX object CMakeFiles/message_interface_robosoccer__rosidl_typesupport_introspection_cpp.dir/rosidl_typesupport_introspection_cpp/message_interface_robosoccer/msg/detail/velocity_robots__type_support.cpp.o[0m
[1.880s] [ 32%] [32mBuilding CXX object CMakeFiles/message_interface_robosoccer__rosidl_typesupport_introspection_cpp.dir/rosidl_typesupport_introspection_cpp/message_interface_robosoccer/msg/detail/image__type_support.cpp.o[0m
[1.880s] [ 33%] [32mBuilding CXX object CMakeFiles/message_interface_robosoccer__rosidl_typesupport_introspection_cpp.dir/rosidl_typesupport_introspection_cpp/message_interface_robosoccer/msg/detail/point__type_support.cpp.o[0m
[1.880s] [ 32%] [32mBuilding CXX object CMakeFiles/message_interface_robosoccer__rosidl_typesupport_introspection_cpp.dir/rosidl_typesupport_introspection_cpp/message_interface_robosoccer/msg/detail/point_calibration__type_support.cpp.o[0m
[1.880s] [ 34%] [32mBuilding CXX object CMakeFiles/message_interface_robosoccer__rosidl_typesupport_introspection_cpp.dir/rosidl_typesupport_introspection_cpp/message_interface_robosoccer/msg/detail/pose__type_support.cpp.o[0m
[1.880s] [ 32%] [32mBuilding CXX object CMakeFiles/message_interface_robosoccer__rosidl_typesupport_introspection_cpp.dir/rosidl_typesupport_introspection_cpp/message_interface_robosoccer/msg/detail/array_threshold__type_support.cpp.o[0m
[1.880s] [ 35%] [32mBuilding CXX object CMakeFiles/message_interface_robosoccer__rosidl_typesupport_introspection_cpp.dir/rosidl_typesupport_introspection_cpp/message_interface_robosoccer/msg/detail/pose_robots__type_support.cpp.o[0m
[1.880s] [ 36%] [32mBuilding CXX object CMakeFiles/message_interface_robosoccer__rosidl_typesupport_introspection_cpp.dir/rosidl_typesupport_introspection_cpp/message_interface_robosoccer/msg/detail/velocity__type_support.cpp.o[0m
[1.880s] [ 37%] [32mBuilding CXX object CMakeFiles/message_interface_robosoccer__rosidl_typesupport_introspection_cpp.dir/rosidl_typesupport_introspection_cpp/message_interface_robosoccer/msg/detail/decision_var__type_support.cpp.o[0m
[1.965s] [ 38%] [32mBuilding CXX object CMakeFiles/message_interface_robosoccer__rosidl_typesupport_c.dir/rosidl_typesupport_c/message_interface_robosoccer/msg/array_threshold__type_support.cpp.o[0m
[1.966s] [ 40%] [32mBuilding CXX object CMakeFiles/message_interface_robosoccer__rosidl_typesupport_c.dir/rosidl_typesupport_c/message_interface_robosoccer/msg/point_calibration__type_support.cpp.o[0m
[1.969s] [ 41%] [32mBuilding CXX object CMakeFiles/message_interface_robosoccer__rosidl_typesupport_c.dir/rosidl_typesupport_c/message_interface_robosoccer/msg/point__type_support.cpp.o[0m
[1.975s] [ 42%] [32mBuilding CXX object CMakeFiles/message_interface_robosoccer__rosidl_typesupport_fastrtps_cpp.dir/rosidl_typesupport_fastrtps_cpp/message_interface_robosoccer/msg/detail/dds_fastrtps/array_threshold__type_support.cpp.o[0m
[1.993s] [ 43%] [32mBuilding CXX object CMakeFiles/message_interface_robosoccer__rosidl_typesupport_fastrtps_cpp.dir/rosidl_typesupport_fastrtps_cpp/message_interface_robosoccer/msg/detail/dds_fastrtps/point__type_support.cpp.o[0m
[1.995s] [ 45%] [32mBuilding CXX object CMakeFiles/message_interface_robosoccer__rosidl_typesupport_fastrtps_cpp.dir/rosidl_typesupport_fastrtps_cpp/message_interface_robosoccer/msg/detail/dds_fastrtps/point_calibration__type_support.cpp.o[0m
[1.995s] [ 45%] [32mBuilding CXX object CMakeFiles/message_interface_robosoccer__rosidl_typesupport_c.dir/rosidl_typesupport_c/message_interface_robosoccer/msg/image__type_support.cpp.o[0m
[2.015s] [ 46%] [32mBuilding CXX object CMakeFiles/message_interface_robosoccer__rosidl_typesupport_c.dir/rosidl_typesupport_c/message_interface_robosoccer/msg/pose_robots__type_support.cpp.o[0m
[2.023s] [ 47%] [32mBuilding CXX object CMakeFiles/message_interface_robosoccer__rosidl_typesupport_fastrtps_cpp.dir/rosidl_typesupport_fastrtps_cpp/message_interface_robosoccer/msg/detail/dds_fastrtps/image__type_support.cpp.o[0m
[2.031s] [ 48%] [32mBuilding CXX object CMakeFiles/message_interface_robosoccer__rosidl_typesupport_fastrtps_cpp.dir/rosidl_typesupport_fastrtps_cpp/message_interface_robosoccer/msg/detail/dds_fastrtps/pose__type_support.cpp.o[0m
[2.033s] [ 49%] [32mBuilding CXX object CMakeFiles/message_interface_robosoccer__rosidl_typesupport_fastrtps_cpp.dir/rosidl_typesupport_fastrtps_cpp/message_interface_robosoccer/msg/detail/dds_fastrtps/pose_robots__type_support.cpp.o[0m
[2.038s] [ 50%] [32mBuilding CXX object CMakeFiles/message_interface_robosoccer__rosidl_typesupport_fastrtps_cpp.dir/rosidl_typesupport_fastrtps_cpp/message_interface_robosoccer/msg/detail/dds_fastrtps/velocity__type_support.cpp.o[0m
[2.040s] [ 51%] [32mBuilding CXX object CMakeFiles/message_interface_robosoccer__rosidl_typesupport_c.dir/rosidl_typesupport_c/message_interface_robosoccer/msg/pose__type_support.cpp.o[0m
[2.046s] [ 52%] [32mBuilding CXX object CMakeFiles/message_interface_robosoccer__rosidl_typesupport_c.dir/rosidl_typesupport_c/message_interface_robosoccer/msg/velocity_robots__type_support.cpp.o[0m
[2.046s] [ 53%] [32mBuilding CXX object CMakeFiles/message_interface_robosoccer__rosidl_typesupport_c.dir/rosidl_typesupport_c/message_interface_robosoccer/msg/velocity__type_support.cpp.o[0m
[2.057s] [ 54%] [32m[1mLinking CXX shared library libmessage_interface_robosoccer__rosidl_typesupport_cpp.so[0m
[2.059s] [ 55%] [32mBuilding CXX object CMakeFiles/message_interface_robosoccer__rosidl_typesupport_fastrtps_cpp.dir/rosidl_typesupport_fastrtps_cpp/message_interface_robosoccer/msg/detail/dds_fastrtps/velocity_robots__type_support.cpp.o[0m
[2.062s] [ 56%] [32mBuilding CXX object CMakeFiles/message_interface_robosoccer__rosidl_typesupport_c.dir/rosidl_typesupport_c/message_interface_robosoccer/msg/decision_var__type_support.cpp.o[0m
[2.069s] [ 57%] [32mBuilding CXX object CMakeFiles/message_interface_robosoccer__rosidl_typesupport_fastrtps_cpp.dir/rosidl_typesupport_fastrtps_cpp/message_interface_robosoccer/msg/detail/dds_fastrtps/decision_var__type_support.cpp.o[0m
[2.087s] [ 58%] [32m[1mLinking CXX shared library libmessage_interface_robosoccer__rosidl_typesupport_c.so[0m
[2.094s] [ 58%] Built target message_interface_robosoccer__rosidl_typesupport_cpp
[2.098s] [ 60%] [32mBuilding CXX object CMakeFiles/message_interface_robosoccer__rosidl_typesupport_fastrtps_c.dir/rosidl_typesupport_fastrtps_c/message_interface_robosoccer/msg/detail/array_threshold__type_support_c.cpp.o[0m
[2.098s] [ 61%] [32mBuilding CXX object CMakeFiles/message_interface_robosoccer__rosidl_typesupport_fastrtps_c.dir/rosidl_typesupport_fastrtps_c/message_interface_robosoccer/msg/detail/point__type_support_c.cpp.o[0m
[2.104s] [ 62%] [32mBuilding CXX object CMakeFiles/message_interface_robosoccer__rosidl_typesupport_fastrtps_c.dir/rosidl_typesupport_fastrtps_c/message_interface_robosoccer/msg/detail/point_calibration__type_support_c.cpp.o[0m
[2.104s] [ 63%] [32mBuilding C object CMakeFiles/message_interface_robosoccer__rosidl_typesupport_introspection_c.dir/rosidl_typesupport_introspection_c/message_interface_robosoccer/msg/detail/array_threshold__type_support.c.o[0m
[2.106s] [ 64%] [32mBuilding CXX object CMakeFiles/message_interface_robosoccer__rosidl_typesupport_fastrtps_c.dir/rosidl_typesupport_fastrtps_c/message_interface_robosoccer/msg/detail/image__type_support_c.cpp.o[0m
[2.128s] [ 64%] Built target message_interface_robosoccer__rosidl_typesupport_c
[2.134s] [ 65%] [32mBuilding C object CMakeFiles/message_interface_robosoccer__rosidl_typesupport_introspection_c.dir/rosidl_typesupport_introspection_c/message_interface_robosoccer/msg/detail/point_calibration__type_support.c.o[0m
[2.141s] [ 66%] [32mBuilding C object CMakeFiles/message_interface_robosoccer__rosidl_typesupport_introspection_c.dir/rosidl_typesupport_introspection_c/message_interface_robosoccer/msg/detail/point__type_support.c.o[0m
[2.145s] [ 67%] [32mBuilding CXX object CMakeFiles/message_interface_robosoccer__rosidl_typesupport_fastrtps_c.dir/rosidl_typesupport_fastrtps_c/message_interface_robosoccer/msg/detail/pose_robots__type_support_c.cpp.o[0m
[2.147s] [ 69%] [32mBuilding C object CMakeFiles/message_interface_robosoccer__rosidl_typesupport_introspection_c.dir/rosidl_typesupport_introspection_c/message_interface_robosoccer/msg/detail/pose_robots__type_support.c.o[0m
[2.147s] [ 70%] [32mBuilding C object CMakeFiles/message_interface_robosoccer__rosidl_typesupport_introspection_c.dir/rosidl_typesupport_introspection_c/message_interface_robosoccer/msg/detail/image__type_support.c.o[0m
[2.148s] [ 70%] [32mBuilding CXX object CMakeFiles/message_interface_robosoccer__rosidl_typesupport_fastrtps_c.dir/rosidl_typesupport_fastrtps_c/message_interface_robosoccer/msg/detail/pose__type_support_c.cpp.o[0m
[2.153s] [ 71%] [32mBuilding CXX object CMakeFiles/message_interface_robosoccer__rosidl_typesupport_fastrtps_c.dir/rosidl_typesupport_fastrtps_c/message_interface_robosoccer/msg/detail/velocity__type_support_c.cpp.o[0m
[2.157s] [ 72%] [32mBuilding CXX object CMakeFiles/message_interface_robosoccer__rosidl_typesupport_fastrtps_c.dir/rosidl_typesupport_fastrtps_c/message_interface_robosoccer/msg/detail/velocity_robots__type_support_c.cpp.o[0m
[2.166s] [ 73%] [32mBuilding C object CMakeFiles/message_interface_robosoccer__rosidl_typesupport_introspection_c.dir/rosidl_typesupport_introspection_c/message_interface_robosoccer/msg/detail/pose__type_support.c.o[0m
[2.167s] [ 74%] [32mBuilding CXX object CMakeFiles/message_interface_robosoccer__rosidl_typesupport_fastrtps_c.dir/rosidl_typesupport_fastrtps_c/message_interface_robosoccer/msg/detail/decision_var__type_support_c.cpp.o[0m
[2.168s] [ 75%] [32mBuilding C object CMakeFiles/message_interface_robosoccer__rosidl_typesupport_introspection_c.dir/rosidl_typesupport_introspection_c/message_interface_robosoccer/msg/detail/velocity__type_support.c.o[0m
[2.171s] [ 76%] [32mBuilding C object CMakeFiles/message_interface_robosoccer__rosidl_typesupport_introspection_c.dir/rosidl_typesupport_introspection_c/message_interface_robosoccer/msg/detail/velocity_robots__type_support.c.o[0m
[2.187s] [ 77%] [32mBuilding C object CMakeFiles/message_interface_robosoccer__rosidl_typesupport_introspection_c.dir/rosidl_typesupport_introspection_c/message_interface_robosoccer/msg/detail/decision_var__type_support.c.o[0m
[2.215s] [ 78%] [32m[1mLinking C shared library libmessage_interface_robosoccer__rosidl_typesupport_introspection_c.so[0m
[2.219s] [ 80%] [32m[1mLinking CXX shared library libmessage_interface_robosoccer__rosidl_typesupport_introspection_cpp.so[0m
[2.242s] [ 80%] Built target message_interface_robosoccer__rosidl_typesupport_introspection_c
[2.298s] [ 80%] Built target message_interface_robosoccer__rosidl_typesupport_introspection_cpp
[2.349s] [ 81%] [32m[1mLinking CXX shared library libmessage_interface_robosoccer__rosidl_typesupport_fastrtps_cpp.so[0m
[2.383s] [ 82%] [32m[1mLinking CXX shared library libmessage_interface_robosoccer__rosidl_typesupport_fastrtps_c.so[0m
[2.392s] [ 82%] Built target message_interface_robosoccer__rosidl_typesupport_fastrtps_cpp
[2.422s] [ 82%] Built target message_interface_robosoccer__rosidl_typesupport_fastrtps_c
[2.432s] [ 82%] Built target message_interface_robosoccer
[2.443s] [ 83%] [34m[1mGenerating Python code for ROS interfaces[0m
[2.896s] [ 83%] Built target message_interface_robosoccer__py
[2.907s] [ 84%] [32mBuilding C object CMakeFiles/message_interface_robosoccer__rosidl_generator_py.dir/rosidl_generator_py/message_interface_robosoccer/msg/_point_s.c.o[0m
[2.907s] [ 86%] [32mBuilding C object CMakeFiles/message_interface_robosoccer__rosidl_generator_py.dir/rosidl_generator_py/message_interface_robosoccer/msg/_pose_s.c.o[0m
[2.907s] [ 86%] [32mBuilding C object CMakeFiles/message_interface_robosoccer__rosidl_generator_py.dir/rosidl_generator_py/message_interface_robosoccer/msg/_velocity_s.c.o[0m
[2.907s] [ 87%] [32mBuilding C object CMakeFiles/message_interface_robosoccer__rosidl_generator_py.dir/rosidl_generator_py/message_interface_robosoccer/msg/_decision_var_s.c.o[0m
[2.908s] [ 88%] [32mBuilding C object CMakeFiles/message_interface_robosoccer__rosidl_generator_py.dir/rosidl_generator_py/message_interface_robosoccer/msg/_image_s.c.o[0m
[2.908s] [ 89%] [32mBuilding C object CMakeFiles/message_interface_robosoccer__rosidl_generator_py.dir/rosidl_generator_py/message_interface_robosoccer/msg/_point_calibration_s.c.o[0m
[2.908s] [ 90%] [32mBuilding C object CMakeFiles/message_interface_robosoccer__rosidl_generator_py.dir/rosidl_generator_py/message_interface_robosoccer/msg/_array_threshold_s.c.o[0m
[2.909s] [ 92%] [32mBuilding C object CMakeFiles/message_interface_robosoccer__rosidl_generator_py.dir/rosidl_generator_py/message_interface_robosoccer/msg/_velocity_robots_s.c.o[0m
[2.909s] [ 92%] [32mBuilding C object CMakeFiles/message_interface_robosoccer__rosidl_generator_py.dir/rosidl_generator_py/message_interface_robosoccer/msg/_pose_robots_s.c.o[0m
[2.969s] [ 93%] [32m[1mLinking C shared library rosidl_generator_py/message_interface_robosoccer/libmessage_interface_robosoccer__rosidl_generator_py.so[0m
[2.991s] [ 93%] Built target message_interface_robosoccer__rosidl_generator_py
[3.001s] [ 96%] [32mBuilding C object CMakeFiles/message_interface_robosoccer__rosidl_typesupport_introspection_c__pyext.dir/rosidl_generator_py/message_interface_robosoccer/_message_interface_robosoccer_s.ep.rosidl_typesupport_introspection_c.c.o[0m
[3.001s] [ 96%] [32mBuilding C object CMakeFiles/message_interface_robosoccer__rosidl_typesupport_fastrtps_c__pyext.dir/rosidl_generator_py/message_interface_robosoccer/_message_interface_robosoccer_s.ep.rosidl_typesupport_fastrtps_c.c.o[0m
[3.001s] [ 96%] [32mBuilding C object CMakeFiles/message_interface_robosoccer__rosidl_typesupport_c__pyext.dir/rosidl_generator_py/message_interface_robosoccer/_message_interface_robosoccer_s.ep.rosidl_typesupport_c.c.o[0m
[3.053s] [ 98%] [32m[1mLinking C shared library rosidl_generator_py/message_interface_robosoccer/message_interface_robosoccer_s__rosidl_typesupport_introspection_c.cpython-310-x86_64-linux-gnu.so[0m
[3.053s] [ 98%] [32m[1mLinking C shared library rosidl_generator_py/message_interface_robosoccer/message_interface_robosoccer_s__rosidl_typesupport_c.cpython-310-x86_64-linux-gnu.so[0m
[3.053s] [100%] [32m[1mLinking C shared library rosidl_generator_py/message_interface_robosoccer/message_interface_robosoccer_s__rosidl_typesupport_fastrtps_c.cpython-310-x86_64-linux-gnu.so[0m
[3.076s] [100%] Built target message_interface_robosoccer__rosidl_typesupport_fastrtps_c__pyext
[3.076s] [100%] Built target message_interface_robosoccer__rosidl_typesupport_c__pyext
[3.076s] [100%] Built target message_interface_robosoccer__rosidl_typesupport_introspection_c__pyext
[3.082s] Invoked command in '/home/eric/wjg/elong_ws_fps/build/message_interface_robosoccer' returned '0': CMAKE_PREFIX_PATH=/opt/ros/humble /usr/bin/cmake --build /home/eric/wjg/elong_ws_fps/build/message_interface_robosoccer -- -j24 -l24
[3.086s] Invoking command in '/home/eric/wjg/elong_ws_fps/build/message_interface_robosoccer': CMAKE_PREFIX_PATH=/opt/ros/humble /usr/bin/cmake --install /home/eric/wjg/elong_ws_fps/build/message_interface_robosoccer
[3.090s] -- Install configuration: ""
[3.090s] -- Installing: /home/eric/wjg/elong_ws_fps/install/message_interface_robosoccer/share/ament_index/resource_index/rosidl_interfaces/message_interface_robosoccer
[3.090s] -- Installing: /home/eric/wjg/elong_ws_fps/install/message_interface_robosoccer/include/message_interface_robosoccer/message_interface_robosoccer
[3.090s] -- Installing: /home/eric/wjg/elong_ws_fps/install/message_interface_robosoccer/include/message_interface_robosoccer/message_interface_robosoccer/msg
[3.090s] -- Installing: /home/eric/wjg/elong_ws_fps/install/message_interface_robosoccer/include/message_interface_robosoccer/message_interface_robosoccer/msg/rosidl_generator_c__visibility_control.h
[3.091s] -- Installing: /home/eric/wjg/elong_ws_fps/install/message_interface_robosoccer/include/message_interface_robosoccer/message_interface_robosoccer/msg/pose.h
[3.091s] -- Installing: /home/eric/wjg/elong_ws_fps/install/message_interface_robosoccer/include/message_interface_robosoccer/message_interface_robosoccer/msg/velocity.h
[3.091s] -- Installing: /home/eric/wjg/elong_ws_fps/install/message_interface_robosoccer/include/message_interface_robosoccer/message_interface_robosoccer/msg/detail
[3.091s] -- Installing: /home/eric/wjg/elong_ws_fps/install/message_interface_robosoccer/include/message_interface_robosoccer/message_interface_robosoccer/msg/detail/pose__functions.h
[3.091s] -- Installing: /home/eric/wjg/elong_ws_fps/install/message_interface_robosoccer/include/message_interface_robosoccer/message_interface_robosoccer/msg/detail/image__functions.c
[3.091s] -- Installing: /home/eric/wjg/elong_ws_fps/install/message_interface_robosoccer/include/message_interface_robosoccer/message_interface_robosoccer/msg/detail/point_calibration__struct.h
[3.091s] -- Installing: /home/eric/wjg/elong_ws_fps/install/message_interface_robosoccer/include/message_interface_robosoccer/message_interface_robosoccer/msg/detail/image__functions.h
[3.091s] -- Installing: /home/eric/wjg/elong_ws_fps/install/message_interface_robosoccer/include/message_interface_robosoccer/message_interface_robosoccer/msg/detail/decision_var__struct.h
[3.091s] -- Installing: /home/eric/wjg/elong_ws_fps/install/message_interface_robosoccer/include/message_interface_robosoccer/message_interface_robosoccer/msg/detail/point__functions.c
[3.091s] -- Installing: /home/eric/wjg/elong_ws_fps/install/message_interface_robosoccer/include/message_interface_robosoccer/message_interface_robosoccer/msg/detail/pose_robots__functions.c
[3.091s] -- Installing: /home/eric/wjg/elong_ws_fps/install/message_interface_robosoccer/include/message_interface_robosoccer/message_interface_robosoccer/msg/detail/velocity__functions.h
[3.091s] -- Installing: /home/eric/wjg/elong_ws_fps/install/message_interface_robosoccer/include/message_interface_robosoccer/message_interface_robosoccer/msg/detail/array_threshold__functions.c
[3.091s] -- Installing: /home/eric/wjg/elong_ws_fps/install/message_interface_robosoccer/include/message_interface_robosoccer/message_interface_robosoccer/msg/detail/decision_var__functions.h
[3.091s] -- Installing: /home/eric/wjg/elong_ws_fps/install/message_interface_robosoccer/include/message_interface_robosoccer/message_interface_robosoccer/msg/detail/point_calibration__functions.h
[3.091s] -- Installing: /home/eric/wjg/elong_ws_fps/install/message_interface_robosoccer/include/message_interface_robosoccer/message_interface_robosoccer/msg/detail/array_threshold__type_support.h
[3.091s] -- Installing: /home/eric/wjg/elong_ws_fps/install/message_interface_robosoccer/include/message_interface_robosoccer/message_interface_robosoccer/msg/detail/pose_robots__type_support.h
[3.091s] -- Installing: /home/eric/wjg/elong_ws_fps/install/message_interface_robosoccer/include/message_interface_robosoccer/message_interface_robosoccer/msg/detail/image__type_support.h
[3.091s] -- Installing: /home/eric/wjg/elong_ws_fps/install/message_interface_robosoccer/include/message_interface_robosoccer/message_interface_robosoccer/msg/detail/velocity_robots__functions.c
[3.091s] -- Installing: /home/eric/wjg/elong_ws_fps/install/message_interface_robosoccer/include/message_interface_robosoccer/message_interface_robosoccer/msg/detail/pose_robots__functions.h
[3.091s] -- Installing: /home/eric/wjg/elong_ws_fps/install/message_interface_robosoccer/include/message_interface_robosoccer/message_interface_robosoccer/msg/detail/pose__functions.c
[3.091s] -- Installing: /home/eric/wjg/elong_ws_fps/install/message_interface_robosoccer/include/message_interface_robosoccer/message_interface_robosoccer/msg/detail/velocity__struct.h
[3.091s] -- Installing: /home/eric/wjg/elong_ws_fps/install/message_interface_robosoccer/include/message_interface_robosoccer/message_interface_robosoccer/msg/detail/velocity_robots__struct.h
[3.091s] -- Installing: /home/eric/wjg/elong_ws_fps/install/message_interface_robosoccer/include/message_interface_robosoccer/message_interface_robosoccer/msg/detail/point__type_support.h
[3.091s] -- Installing: /home/eric/wjg/elong_ws_fps/install/message_interface_robosoccer/include/message_interface_robosoccer/message_interface_robosoccer/msg/detail/pose_robots__struct.h
[3.091s] -- Installing: /home/eric/wjg/elong_ws_fps/install/message_interface_robosoccer/include/message_interface_robosoccer/message_interface_robosoccer/msg/detail/pose__type_support.h
[3.091s] -- Installing: /home/eric/wjg/elong_ws_fps/install/message_interface_robosoccer/include/message_interface_robosoccer/message_interface_robosoccer/msg/detail/velocity__type_support.h
[3.091s] -- Installing: /home/eric/wjg/elong_ws_fps/install/message_interface_robosoccer/include/message_interface_robosoccer/message_interface_robosoccer/msg/detail/array_threshold__functions.h
[3.091s] -- Installing: /home/eric/wjg/elong_ws_fps/install/message_interface_robosoccer/include/message_interface_robosoccer/message_interface_robosoccer/msg/detail/point__functions.h
[3.091s] -- Installing: /home/eric/wjg/elong_ws_fps/install/message_interface_robosoccer/include/message_interface_robosoccer/message_interface_robosoccer/msg/detail/velocity__functions.c
[3.092s] -- Installing: /home/eric/wjg/elong_ws_fps/install/message_interface_robosoccer/include/message_interface_robosoccer/message_interface_robosoccer/msg/detail/velocity_robots__functions.h
[3.092s] -- Installing: /home/eric/wjg/elong_ws_fps/install/message_interface_robosoccer/include/message_interface_robosoccer/message_interface_robosoccer/msg/detail/image__struct.h
[3.092s] -- Installing: /home/eric/wjg/elong_ws_fps/install/message_interface_robosoccer/include/message_interface_robosoccer/message_interface_robosoccer/msg/detail/pose__struct.h
[3.092s] -- Installing: /home/eric/wjg/elong_ws_fps/install/message_interface_robosoccer/include/message_interface_robosoccer/message_interface_robosoccer/msg/detail/velocity_robots__type_support.h
[3.092s] -- Installing: /home/eric/wjg/elong_ws_fps/install/message_interface_robosoccer/include/message_interface_robosoccer/message_interface_robosoccer/msg/detail/point_calibration__type_support.h
[3.092s] -- Installing: /home/eric/wjg/elong_ws_fps/install/message_interface_robosoccer/include/message_interface_robosoccer/message_interface_robosoccer/msg/detail/point__struct.h
[3.092s] -- Installing: /home/eric/wjg/elong_ws_fps/install/message_interface_robosoccer/include/message_interface_robosoccer/message_interface_robosoccer/msg/detail/array_threshold__struct.h
[3.092s] -- Installing: /home/eric/wjg/elong_ws_fps/install/message_interface_robosoccer/include/message_interface_robosoccer/message_interface_robosoccer/msg/detail/decision_var__type_support.h
[3.092s] -- Installing: /home/eric/wjg/elong_ws_fps/install/message_interface_robosoccer/include/message_interface_robosoccer/message_interface_robosoccer/msg/detail/decision_var__functions.c
[3.092s] -- Installing: /home/eric/wjg/elong_ws_fps/install/message_interface_robosoccer/include/message_interface_robosoccer/message_interface_robosoccer/msg/detail/point_calibration__functions.c
[3.092s] -- Installing: /home/eric/wjg/elong_ws_fps/install/message_interface_robosoccer/include/message_interface_robosoccer/message_interface_robosoccer/msg/array_threshold.h
[3.092s] -- Installing: /home/eric/wjg/elong_ws_fps/install/message_interface_robosoccer/include/message_interface_robosoccer/message_interface_robosoccer/msg/pose_robots.h
[3.092s] -- Installing: /home/eric/wjg/elong_ws_fps/install/message_interface_robosoccer/include/message_interface_robosoccer/message_interface_robosoccer/msg/velocity_robots.h
[3.092s] -- Installing: /home/eric/wjg/elong_ws_fps/install/message_interface_robosoccer/include/message_interface_robosoccer/message_interface_robosoccer/msg/decision_var.h
[3.092s] -- Installing: /home/eric/wjg/elong_ws_fps/install/message_interface_robosoccer/include/message_interface_robosoccer/message_interface_robosoccer/msg/image.h
[3.092s] -- Installing: /home/eric/wjg/elong_ws_fps/install/message_interface_robosoccer/include/message_interface_robosoccer/message_interface_robosoccer/msg/point_calibration.h
[3.092s] -- Installing: /home/eric/wjg/elong_ws_fps/install/message_interface_robosoccer/include/message_interface_robosoccer/message_interface_robosoccer/msg/point.h
[3.092s] -- Installing: /home/eric/wjg/elong_ws_fps/install/message_interface_robosoccer/share/message_interface_robosoccer/environment/library_path.sh
[3.092s] -- Installing: /home/eric/wjg/elong_ws_fps/install/message_interface_robosoccer/share/message_interface_robosoccer/environment/library_path.dsv
[3.092s] -- Installing: /home/eric/wjg/elong_ws_fps/install/message_interface_robosoccer/lib/libmessage_interface_robosoccer__rosidl_generator_c.so
[3.092s] -- Set runtime path of "/home/eric/wjg/elong_ws_fps/install/message_interface_robosoccer/lib/libmessage_interface_robosoccer__rosidl_generator_c.so" to ""
[3.092s] -- Up-to-date: /home/eric/wjg/elong_ws_fps/install/message_interface_robosoccer/include/message_interface_robosoccer/message_interface_robosoccer
[3.092s] -- Up-to-date: /home/eric/wjg/elong_ws_fps/install/message_interface_robosoccer/include/message_interface_robosoccer/message_interface_robosoccer/msg
[3.092s] -- Up-to-date: /home/eric/wjg/elong_ws_fps/install/message_interface_robosoccer/include/message_interface_robosoccer/message_interface_robosoccer/msg/detail
[3.092s] -- Installing: /home/eric/wjg/elong_ws_fps/install/message_interface_robosoccer/include/message_interface_robosoccer/message_interface_robosoccer/msg/detail/velocity__rosidl_typesupport_fastrtps_c.h
[3.092s] -- Installing: /home/eric/wjg/elong_ws_fps/install/message_interface_robosoccer/include/message_interface_robosoccer/message_interface_robosoccer/msg/detail/decision_var__rosidl_typesupport_fastrtps_c.h
[3.092s] -- Installing: /home/eric/wjg/elong_ws_fps/install/message_interface_robosoccer/include/message_interface_robosoccer/message_interface_robosoccer/msg/detail/point_calibration__rosidl_typesupport_fastrtps_c.h
[3.092s] -- Installing: /home/eric/wjg/elong_ws_fps/install/message_interface_robosoccer/include/message_interface_robosoccer/message_interface_robosoccer/msg/detail/array_threshold__rosidl_typesupport_fastrtps_c.h
[3.092s] -- Installing: /home/eric/wjg/elong_ws_fps/install/message_interface_robosoccer/include/message_interface_robosoccer/message_interface_robosoccer/msg/detail/pose__rosidl_typesupport_fastrtps_c.h
[3.092s] -- Installing: /home/eric/wjg/elong_ws_fps/install/message_interface_robosoccer/include/message_interface_robosoccer/message_interface_robosoccer/msg/detail/image__rosidl_typesupport_fastrtps_c.h
[3.092s] -- Installing: /home/eric/wjg/elong_ws_fps/install/message_interface_robosoccer/include/message_interface_robosoccer/message_interface_robosoccer/msg/detail/pose_robots__rosidl_typesupport_fastrtps_c.h
[3.093s] -- Installing: /home/eric/wjg/elong_ws_fps/install/message_interface_robosoccer/include/message_interface_robosoccer/message_interface_robosoccer/msg/detail/velocity_robots__rosidl_typesupport_fastrtps_c.h
[3.093s] -- Installing: /home/eric/wjg/elong_ws_fps/install/message_interface_robosoccer/include/message_interface_robosoccer/message_interface_robosoccer/msg/detail/point__rosidl_typesupport_fastrtps_c.h
[3.093s] -- Installing: /home/eric/wjg/elong_ws_fps/install/message_interface_robosoccer/include/message_interface_robosoccer/message_interface_robosoccer/msg/rosidl_typesupport_fastrtps_c__visibility_control.h
[3.093s] -- Installing: /home/eric/wjg/elong_ws_fps/install/message_interface_robosoccer/lib/libmessage_interface_robosoccer__rosidl_typesupport_fastrtps_c.so
[3.093s] -- Set runtime path of "/home/eric/wjg/elong_ws_fps/install/message_interface_robosoccer/lib/libmessage_interface_robosoccer__rosidl_typesupport_fastrtps_c.so" to ""
[3.093s] -- Up-to-date: /home/eric/wjg/elong_ws_fps/install/message_interface_robosoccer/include/message_interface_robosoccer/message_interface_robosoccer
[3.093s] -- Up-to-date: /home/eric/wjg/elong_ws_fps/install/message_interface_robosoccer/include/message_interface_robosoccer/message_interface_robosoccer/msg
[3.093s] -- Up-to-date: /home/eric/wjg/elong_ws_fps/install/message_interface_robosoccer/include/message_interface_robosoccer/message_interface_robosoccer/msg/detail
[3.093s] -- Installing: /home/eric/wjg/elong_ws_fps/install/message_interface_robosoccer/include/message_interface_robosoccer/message_interface_robosoccer/msg/detail/point_calibration__rosidl_typesupport_introspection_c.h
[3.093s] -- Installing: /home/eric/wjg/elong_ws_fps/install/message_interface_robosoccer/include/message_interface_robosoccer/message_interface_robosoccer/msg/detail/decision_var__rosidl_typesupport_introspection_c.h
[3.093s] -- Installing: /home/eric/wjg/elong_ws_fps/install/message_interface_robosoccer/include/message_interface_robosoccer/message_interface_robosoccer/msg/detail/velocity__rosidl_typesupport_introspection_c.h
[3.093s] -- Installing: /home/eric/wjg/elong_ws_fps/install/message_interface_robosoccer/include/message_interface_robosoccer/message_interface_robosoccer/msg/detail/decision_var__type_support.c
[3.093s] -- Installing: /home/eric/wjg/elong_ws_fps/install/message_interface_robosoccer/include/message_interface_robosoccer/message_interface_robosoccer/msg/detail/image__rosidl_typesupport_introspection_c.h
[3.093s] -- Installing: /home/eric/wjg/elong_ws_fps/install/message_interface_robosoccer/include/message_interface_robosoccer/message_interface_robosoccer/msg/detail/point__type_support.c
[3.093s] -- Installing: /home/eric/wjg/elong_ws_fps/install/message_interface_robosoccer/include/message_interface_robosoccer/message_interface_robosoccer/msg/detail/point_calibration__type_support.c
[3.093s] -- Installing: /home/eric/wjg/elong_ws_fps/install/message_interface_robosoccer/include/message_interface_robosoccer/message_interface_robosoccer/msg/detail/image__type_support.c
[3.093s] -- Installing: /home/eric/wjg/elong_ws_fps/install/message_interface_robosoccer/include/message_interface_robosoccer/message_interface_robosoccer/msg/detail/pose_robots__rosidl_typesupport_introspection_c.h
[3.093s] -- Installing: /home/eric/wjg/elong_ws_fps/install/message_interface_robosoccer/include/message_interface_robosoccer/message_interface_robosoccer/msg/detail/point__rosidl_typesupport_introspection_c.h
[3.093s] -- Installing: /home/eric/wjg/elong_ws_fps/install/message_interface_robosoccer/include/message_interface_robosoccer/message_interface_robosoccer/msg/detail/array_threshold__rosidl_typesupport_introspection_c.h
[3.093s] -- Installing: /home/eric/wjg/elong_ws_fps/install/message_interface_robosoccer/include/message_interface_robosoccer/message_interface_robosoccer/msg/detail/velocity_robots__rosidl_typesupport_introspection_c.h
[3.093s] -- Installing: /home/eric/wjg/elong_ws_fps/install/message_interface_robosoccer/include/message_interface_robosoccer/message_interface_robosoccer/msg/detail/pose_robots__type_support.c
[3.093s] -- Installing: /home/eric/wjg/elong_ws_fps/install/message_interface_robosoccer/include/message_interface_robosoccer/message_interface_robosoccer/msg/detail/array_threshold__type_support.c
[3.093s] -- Installing: /home/eric/wjg/elong_ws_fps/install/message_interface_robosoccer/include/message_interface_robosoccer/message_interface_robosoccer/msg/detail/pose__rosidl_typesupport_introspection_c.h
[3.093s] -- Installing: /home/eric/wjg/elong_ws_fps/install/message_interface_robosoccer/include/message_interface_robosoccer/message_interface_robosoccer/msg/detail/velocity__type_support.c
[3.093s] -- Installing: /home/eric/wjg/elong_ws_fps/install/message_interface_robosoccer/include/message_interface_robosoccer/message_interface_robosoccer/msg/detail/pose__type_support.c
[3.093s] -- Installing: /home/eric/wjg/elong_ws_fps/install/message_interface_robosoccer/include/message_interface_robosoccer/message_interface_robosoccer/msg/detail/velocity_robots__type_support.c
[3.093s] -- Installing: /home/eric/wjg/elong_ws_fps/install/message_interface_robosoccer/include/message_interface_robosoccer/message_interface_robosoccer/msg/rosidl_typesupport_introspection_c__visibility_control.h
[3.094s] -- Installing: /home/eric/wjg/elong_ws_fps/install/message_interface_robosoccer/lib/libmessage_interface_robosoccer__rosidl_typesupport_introspection_c.so
[3.094s] -- Set runtime path of "/home/eric/wjg/elong_ws_fps/install/message_interface_robosoccer/lib/libmessage_interface_robosoccer__rosidl_typesupport_introspection_c.so" to ""
[3.094s] -- Installing: /home/eric/wjg/elong_ws_fps/install/message_interface_robosoccer/lib/libmessage_interface_robosoccer__rosidl_typesupport_c.so
[3.094s] -- Set runtime path of "/home/eric/wjg/elong_ws_fps/install/message_interface_robosoccer/lib/libmessage_interface_robosoccer__rosidl_typesupport_c.so" to ""
[3.094s] -- Up-to-date: /home/eric/wjg/elong_ws_fps/install/message_interface_robosoccer/include/message_interface_robosoccer/message_interface_robosoccer
[3.094s] -- Up-to-date: /home/eric/wjg/elong_ws_fps/install/message_interface_robosoccer/include/message_interface_robosoccer/message_interface_robosoccer/msg
[3.094s] -- Installing: /home/eric/wjg/elong_ws_fps/install/message_interface_robosoccer/include/message_interface_robosoccer/message_interface_robosoccer/msg/decision_var.hpp
[3.094s] -- Installing: /home/eric/wjg/elong_ws_fps/install/message_interface_robosoccer/include/message_interface_robosoccer/message_interface_robosoccer/msg/velocity_robots.hpp
[3.094s] -- Up-to-date: /home/eric/wjg/elong_ws_fps/install/message_interface_robosoccer/include/message_interface_robosoccer/message_interface_robosoccer/msg/detail
[3.094s] -- Installing: /home/eric/wjg/elong_ws_fps/install/message_interface_robosoccer/include/message_interface_robosoccer/message_interface_robosoccer/msg/detail/pose_robots__builder.hpp
[3.094s] -- Installing: /home/eric/wjg/elong_ws_fps/install/message_interface_robosoccer/include/message_interface_robosoccer/message_interface_robosoccer/msg/detail/point_calibration__builder.hpp
[3.094s] -- Installing: /home/eric/wjg/elong_ws_fps/install/message_interface_robosoccer/include/message_interface_robosoccer/message_interface_robosoccer/msg/detail/decision_var__traits.hpp
[3.094s] -- Installing: /home/eric/wjg/elong_ws_fps/install/message_interface_robosoccer/include/message_interface_robosoccer/message_interface_robosoccer/msg/detail/point__builder.hpp
[3.094s] -- Installing: /home/eric/wjg/elong_ws_fps/install/message_interface_robosoccer/include/message_interface_robosoccer/message_interface_robosoccer/msg/detail/pose__traits.hpp
[3.094s] -- Installing: /home/eric/wjg/elong_ws_fps/install/message_interface_robosoccer/include/message_interface_robosoccer/message_interface_robosoccer/msg/detail/point__struct.hpp
[3.094s] -- Installing: /home/eric/wjg/elong_ws_fps/install/message_interface_robosoccer/include/message_interface_robosoccer/message_interface_robosoccer/msg/detail/array_threshold__traits.hpp
[3.094s] -- Installing: /home/eric/wjg/elong_ws_fps/install/message_interface_robosoccer/include/message_interface_robosoccer/message_interface_robosoccer/msg/detail/velocity_robots__builder.hpp
[3.094s] -- Installing: /home/eric/wjg/elong_ws_fps/install/message_interface_robosoccer/include/message_interface_robosoccer/message_interface_robosoccer/msg/detail/point__traits.hpp
[3.094s] -- Installing: /home/eric/wjg/elong_ws_fps/install/message_interface_robosoccer/include/message_interface_robosoccer/message_interface_robosoccer/msg/detail/velocity__struct.hpp
[3.094s] -- Installing: /home/eric/wjg/elong_ws_fps/install/message_interface_robosoccer/include/message_interface_robosoccer/message_interface_robosoccer/msg/detail/image__traits.hpp
[3.094s] -- Installing: /home/eric/wjg/elong_ws_fps/install/message_interface_robosoccer/include/message_interface_robosoccer/message_interface_robosoccer/msg/detail/pose_robots__traits.hpp
[3.094s] -- Installing: /home/eric/wjg/elong_ws_fps/install/message_interface_robosoccer/include/message_interface_robosoccer/message_interface_robosoccer/msg/detail/decision_var__struct.hpp
[3.094s] -- Installing: /home/eric/wjg/elong_ws_fps/install/message_interface_robosoccer/include/message_interface_robosoccer/message_interface_robosoccer/msg/detail/image__builder.hpp
[3.094s] -- Installing: /home/eric/wjg/elong_ws_fps/install/message_interface_robosoccer/include/message_interface_robosoccer/message_interface_robosoccer/msg/detail/velocity_robots__traits.hpp
[3.094s] -- Installing: /home/eric/wjg/elong_ws_fps/install/message_interface_robosoccer/include/message_interface_robosoccer/message_interface_robosoccer/msg/detail/velocity__builder.hpp
[3.094s] -- Installing: /home/eric/wjg/elong_ws_fps/install/message_interface_robosoccer/include/message_interface_robosoccer/message_interface_robosoccer/msg/detail/point_calibration__traits.hpp
[3.094s] -- Installing: /home/eric/wjg/elong_ws_fps/install/message_interface_robosoccer/include/message_interface_robosoccer/message_interface_robosoccer/msg/detail/pose__struct.hpp
[3.094s] -- Installing: /home/eric/wjg/elong_ws_fps/install/message_interface_robosoccer/include/message_interface_robosoccer/message_interface_robosoccer/msg/detail/decision_var__builder.hpp
[3.094s] -- Installing: /home/eric/wjg/elong_ws_fps/install/message_interface_robosoccer/include/message_interface_robosoccer/message_interface_robosoccer/msg/detail/array_threshold__builder.hpp
[3.094s] -- Installing: /home/eric/wjg/elong_ws_fps/install/message_interface_robosoccer/include/message_interface_robosoccer/message_interface_robosoccer/msg/detail/pose_robots__struct.hpp
[3.095s] -- Installing: /home/eric/wjg/elong_ws_fps/install/message_interface_robosoccer/include/message_interface_robosoccer/message_interface_robosoccer/msg/detail/velocity__traits.hpp
[3.095s] -- Installing: /home/eric/wjg/elong_ws_fps/install/message_interface_robosoccer/include/message_interface_robosoccer/message_interface_robosoccer/msg/detail/pose__builder.hpp
[3.095s] -- Installing: /home/eric/wjg/elong_ws_fps/install/message_interface_robosoccer/include/message_interface_robosoccer/message_interface_robosoccer/msg/detail/array_threshold__struct.hpp
[3.095s] -- Installing: /home/eric/wjg/elong_ws_fps/install/message_interface_robosoccer/include/message_interface_robosoccer/message_interface_robosoccer/msg/detail/velocity_robots__struct.hpp
[3.095s] -- Installing: /home/eric/wjg/elong_ws_fps/install/message_interface_robosoccer/include/message_interface_robosoccer/message_interface_robosoccer/msg/detail/image__struct.hpp
[3.095s] -- Installing: /home/eric/wjg/elong_ws_fps/install/message_interface_robosoccer/include/message_interface_robosoccer/message_interface_robosoccer/msg/detail/point_calibration__struct.hpp
[3.095s] -- Installing: /home/eric/wjg/elong_ws_fps/install/message_interface_robosoccer/include/message_interface_robosoccer/message_interface_robosoccer/msg/image.hpp
[3.095s] -- Installing: /home/eric/wjg/elong_ws_fps/install/message_interface_robosoccer/include/message_interface_robosoccer/message_interface_robosoccer/msg/point.hpp
[3.095s] -- Installing: /home/eric/wjg/elong_ws_fps/install/message_interface_robosoccer/include/message_interface_robosoccer/message_interface_robosoccer/msg/array_threshold.hpp
[3.095s] -- Installing: /home/eric/wjg/elong_ws_fps/install/message_interface_robosoccer/include/message_interface_robosoccer/message_interface_robosoccer/msg/point_calibration.hpp
[3.095s] -- Installing: /home/eric/wjg/elong_ws_fps/install/message_interface_robosoccer/include/message_interface_robosoccer/message_interface_robosoccer/msg/pose.hpp
[3.095s] -- Installing: /home/eric/wjg/elong_ws_fps/install/message_interface_robosoccer/include/message_interface_robosoccer/message_interface_robosoccer/msg/velocity.hpp
[3.095s] -- Installing: /home/eric/wjg/elong_ws_fps/install/message_interface_robosoccer/include/message_interface_robosoccer/message_interface_robosoccer/msg/pose_robots.hpp
[3.095s] -- Up-to-date: /home/eric/wjg/elong_ws_fps/install/message_interface_robosoccer/include/message_interface_robosoccer/message_interface_robosoccer
[3.095s] -- Up-to-date: /home/eric/wjg/elong_ws_fps/install/message_interface_robosoccer/include/message_interface_robosoccer/message_interface_robosoccer/msg
[3.095s] -- Up-to-date: /home/eric/wjg/elong_ws_fps/install/message_interface_robosoccer/include/message_interface_robosoccer/message_interface_robosoccer/msg/detail
[3.095s] -- Installing: /home/eric/wjg/elong_ws_fps/install/message_interface_robosoccer/include/message_interface_robosoccer/message_interface_robosoccer/msg/detail/dds_fastrtps
[3.095s] -- Installing: /home/eric/wjg/elong_ws_fps/install/message_interface_robosoccer/include/message_interface_robosoccer/message_interface_robosoccer/msg/detail/point_calibration__rosidl_typesupport_fastrtps_cpp.hpp
[3.095s] -- Installing: /home/eric/wjg/elong_ws_fps/install/message_interface_robosoccer/include/message_interface_robosoccer/message_interface_robosoccer/msg/detail/velocity_robots__rosidl_typesupport_fastrtps_cpp.hpp
[3.095s] -- Installing: /home/eric/wjg/elong_ws_fps/install/message_interface_robosoccer/include/message_interface_robosoccer/message_interface_robosoccer/msg/detail/image__rosidl_typesupport_fastrtps_cpp.hpp
[3.095s] -- Installing: /home/eric/wjg/elong_ws_fps/install/message_interface_robosoccer/include/message_interface_robosoccer/message_interface_robosoccer/msg/detail/velocity__rosidl_typesupport_fastrtps_cpp.hpp
[3.095s] -- Installing: /home/eric/wjg/elong_ws_fps/install/message_interface_robosoccer/include/message_interface_robosoccer/message_interface_robosoccer/msg/detail/decision_var__rosidl_typesupport_fastrtps_cpp.hpp
[3.095s] -- Installing: /home/eric/wjg/elong_ws_fps/install/message_interface_robosoccer/include/message_interface_robosoccer/message_interface_robosoccer/msg/detail/point__rosidl_typesupport_fastrtps_cpp.hpp
[3.095s] -- Installing: /home/eric/wjg/elong_ws_fps/install/message_interface_robosoccer/include/message_interface_robosoccer/message_interface_robosoccer/msg/detail/pose_robots__rosidl_typesupport_fastrtps_cpp.hpp
[3.095s] -- Installing: /home/eric/wjg/elong_ws_fps/install/message_interface_robosoccer/include/message_interface_robosoccer/message_interface_robosoccer/msg/detail/array_threshold__rosidl_typesupport_fastrtps_cpp.hpp
[3.095s] -- Installing: /home/eric/wjg/elong_ws_fps/install/message_interface_robosoccer/include/message_interface_robosoccer/message_interface_robosoccer/msg/detail/pose__rosidl_typesupport_fastrtps_cpp.hpp
[3.095s] -- Installing: /home/eric/wjg/elong_ws_fps/install/message_interface_robosoccer/include/message_interface_robosoccer/message_interface_robosoccer/msg/rosidl_typesupport_fastrtps_cpp__visibility_control.h
[3.095s] -- Installing: /home/eric/wjg/elong_ws_fps/install/message_interface_robosoccer/lib/libmessage_interface_robosoccer__rosidl_typesupport_fastrtps_cpp.so
[3.096s] -- Set runtime path of "/home/eric/wjg/elong_ws_fps/install/message_interface_robosoccer/lib/libmessage_interface_robosoccer__rosidl_typesupport_fastrtps_cpp.so" to ""
[3.096s] -- Up-to-date: /home/eric/wjg/elong_ws_fps/install/message_interface_robosoccer/include/message_interface_robosoccer/message_interface_robosoccer
[3.096s] -- Up-to-date: /home/eric/wjg/elong_ws_fps/install/message_interface_robosoccer/include/message_interface_robosoccer/message_interface_robosoccer/msg
[3.096s] -- Up-to-date: /home/eric/wjg/elong_ws_fps/install/message_interface_robosoccer/include/message_interface_robosoccer/message_interface_robosoccer/msg/detail
[3.096s] -- Installing: /home/eric/wjg/elong_ws_fps/install/message_interface_robosoccer/include/message_interface_robosoccer/message_interface_robosoccer/msg/detail/point__rosidl_typesupport_introspection_cpp.hpp
[3.096s] -- Installing: /home/eric/wjg/elong_ws_fps/install/message_interface_robosoccer/include/message_interface_robosoccer/message_interface_robosoccer/msg/detail/velocity__rosidl_typesupport_introspection_cpp.hpp
[3.096s] -- Installing: /home/eric/wjg/elong_ws_fps/install/message_interface_robosoccer/include/message_interface_robosoccer/message_interface_robosoccer/msg/detail/point__type_support.cpp
[3.096s] -- Installing: /home/eric/wjg/elong_ws_fps/install/message_interface_robosoccer/include/message_interface_robosoccer/message_interface_robosoccer/msg/detail/image__type_support.cpp
[3.096s] -- Installing: /home/eric/wjg/elong_ws_fps/install/message_interface_robosoccer/include/message_interface_robosoccer/message_interface_robosoccer/msg/detail/image__rosidl_typesupport_introspection_cpp.hpp
[3.096s] -- Installing: /home/eric/wjg/elong_ws_fps/install/message_interface_robosoccer/include/message_interface_robosoccer/message_interface_robosoccer/msg/detail/decision_var__type_support.cpp
[3.096s] -- Installing: /home/eric/wjg/elong_ws_fps/install/message_interface_robosoccer/include/message_interface_robosoccer/message_interface_robosoccer/msg/detail/pose__type_support.cpp
[3.096s] -- Installing: /home/eric/wjg/elong_ws_fps/install/message_interface_robosoccer/include/message_interface_robosoccer/message_interface_robosoccer/msg/detail/array_threshold__type_support.cpp
[3.096s] -- Installing: /home/eric/wjg/elong_ws_fps/install/message_interface_robosoccer/include/message_interface_robosoccer/message_interface_robosoccer/msg/detail/decision_var__rosidl_typesupport_introspection_cpp.hpp
[3.096s] -- Installing: /home/eric/wjg/elong_ws_fps/install/message_interface_robosoccer/include/message_interface_robosoccer/message_interface_robosoccer/msg/detail/point_calibration__rosidl_typesupport_introspection_cpp.hpp
[3.096s] -- Installing: /home/eric/wjg/elong_ws_fps/install/message_interface_robosoccer/include/message_interface_robosoccer/message_interface_robosoccer/msg/detail/velocity_robots__rosidl_typesupport_introspection_cpp.hpp
[3.096s] -- Installing: /home/eric/wjg/elong_ws_fps/install/message_interface_robosoccer/include/message_interface_robosoccer/message_interface_robosoccer/msg/detail/pose_robots__type_support.cpp
[3.096s] -- Installing: /home/eric/wjg/elong_ws_fps/install/message_interface_robosoccer/include/message_interface_robosoccer/message_interface_robosoccer/msg/detail/pose_robots__rosidl_typesupport_introspection_cpp.hpp
[3.096s] -- Installing: /home/eric/wjg/elong_ws_fps/install/message_interface_robosoccer/include/message_interface_robosoccer/message_interface_robosoccer/msg/detail/pose__rosidl_typesupport_introspection_cpp.hpp
[3.096s] -- Installing: /home/eric/wjg/elong_ws_fps/install/message_interface_robosoccer/include/message_interface_robosoccer/message_interface_robosoccer/msg/detail/array_threshold__rosidl_typesupport_introspection_cpp.hpp
[3.096s] -- Installing: /home/eric/wjg/elong_ws_fps/install/message_interface_robosoccer/include/message_interface_robosoccer/message_interface_robosoccer/msg/detail/point_calibration__type_support.cpp
[3.096s] -- Installing: /home/eric/wjg/elong_ws_fps/install/message_interface_robosoccer/include/message_interface_robosoccer/message_interface_robosoccer/msg/detail/velocity__type_support.cpp
[3.096s] -- Installing: /home/eric/wjg/elong_ws_fps/install/message_interface_robosoccer/include/message_interface_robosoccer/message_interface_robosoccer/msg/detail/velocity_robots__type_support.cpp
[3.096s] -- Installing: /home/eric/wjg/elong_ws_fps/install/message_interface_robosoccer/lib/libmessage_interface_robosoccer__rosidl_typesupport_introspection_cpp.so
[3.096s] -- Set runtime path of "/home/eric/wjg/elong_ws_fps/install/message_interface_robosoccer/lib/libmessage_interface_robosoccer__rosidl_typesupport_introspection_cpp.so" to ""
[3.096s] -- Installing: /home/eric/wjg/elong_ws_fps/install/message_interface_robosoccer/lib/libmessage_interface_robosoccer__rosidl_typesupport_cpp.so
[3.096s] -- Set runtime path of "/home/eric/wjg/elong_ws_fps/install/message_interface_robosoccer/lib/libmessage_interface_robosoccer__rosidl_typesupport_cpp.so" to ""
[3.097s] -- Installing: /home/eric/wjg/elong_ws_fps/install/message_interface_robosoccer/share/message_interface_robosoccer/environment/pythonpath.sh
[3.097s] -- Installing: /home/eric/wjg/elong_ws_fps/install/message_interface_robosoccer/share/message_interface_robosoccer/environment/pythonpath.dsv
[3.097s] -- Installing: /home/eric/wjg/elong_ws_fps/install/message_interface_robosoccer/local/lib/python3.10/dist-packages/message_interface_robosoccer-0.0.0-py3.10.egg-info
[3.097s] -- Installing: /home/eric/wjg/elong_ws_fps/install/message_interface_robosoccer/local/lib/python3.10/dist-packages/message_interface_robosoccer-0.0.0-py3.10.egg-info/top_level.txt
[3.097s] -- Installing: /home/eric/wjg/elong_ws_fps/install/message_interface_robosoccer/local/lib/python3.10/dist-packages/message_interface_robosoccer-0.0.0-py3.10.egg-info/dependency_links.txt
[3.097s] -- Installing: /home/eric/wjg/elong_ws_fps/install/message_interface_robosoccer/local/lib/python3.10/dist-packages/message_interface_robosoccer-0.0.0-py3.10.egg-info/SOURCES.txt
[3.097s] -- Installing: /home/eric/wjg/elong_ws_fps/install/message_interface_robosoccer/local/lib/python3.10/dist-packages/message_interface_robosoccer-0.0.0-py3.10.egg-info/PKG-INFO
[3.097s] -- Installing: /home/eric/wjg/elong_ws_fps/install/message_interface_robosoccer/local/lib/python3.10/dist-packages/message_interface_robosoccer
[3.097s] -- Installing: /home/eric/wjg/elong_ws_fps/install/message_interface_robosoccer/local/lib/python3.10/dist-packages/message_interface_robosoccer/libmessage_interface_robosoccer__rosidl_generator_py.so
[3.097s] -- Installing: /home/eric/wjg/elong_ws_fps/install/message_interface_robosoccer/local/lib/python3.10/dist-packages/message_interface_robosoccer/message_interface_robosoccer_s__rosidl_typesupport_introspection_c.cpython-310-x86_64-linux-gnu.so
[3.097s] -- Installing: /home/eric/wjg/elong_ws_fps/install/message_interface_robosoccer/local/lib/python3.10/dist-packages/message_interface_robosoccer/message_interface_robosoccer_s__rosidl_typesupport_fastrtps_c.cpython-310-x86_64-linux-gnu.so
[3.097s] -- Installing: /home/eric/wjg/elong_ws_fps/install/message_interface_robosoccer/local/lib/python3.10/dist-packages/message_interface_robosoccer/_message_interface_robosoccer_s.ep.rosidl_typesupport_c.c
[3.097s] -- Installing: /home/eric/wjg/elong_ws_fps/install/message_interface_robosoccer/local/lib/python3.10/dist-packages/message_interface_robosoccer/_message_interface_robosoccer_s.ep.rosidl_typesupport_fastrtps_c.c
[3.097s] -- Installing: /home/eric/wjg/elong_ws_fps/install/message_interface_robosoccer/local/lib/python3.10/dist-packages/message_interface_robosoccer/_message_interface_robosoccer_s.ep.rosidl_typesupport_introspection_c.c
[3.097s] -- Installing: /home/eric/wjg/elong_ws_fps/install/message_interface_robosoccer/local/lib/python3.10/dist-packages/message_interface_robosoccer/__init__.py
[3.097s] -- Installing: /home/eric/wjg/elong_ws_fps/install/message_interface_robosoccer/local/lib/python3.10/dist-packages/message_interface_robosoccer/msg
[3.097s] -- Installing: /home/eric/wjg/elong_ws_fps/install/message_interface_robosoccer/local/lib/python3.10/dist-packages/message_interface_robosoccer/msg/_image_s.c
[3.097s] -- Installing: /home/eric/wjg/elong_ws_fps/install/message_interface_robosoccer/local/lib/python3.10/dist-packages/message_interface_robosoccer/msg/_decision_var.py
[3.097s] -- Installing: /home/eric/wjg/elong_ws_fps/install/message_interface_robosoccer/local/lib/python3.10/dist-packages/message_interface_robosoccer/msg/_pose.py
[3.097s] -- Installing: /home/eric/wjg/elong_ws_fps/install/message_interface_robosoccer/local/lib/python3.10/dist-packages/message_interface_robosoccer/msg/_velocity_robots.py
[3.097s] -- Installing: /home/eric/wjg/elong_ws_fps/install/message_interface_robosoccer/local/lib/python3.10/dist-packages/message_interface_robosoccer/msg/_point.py
[3.097s] -- Installing: /home/eric/wjg/elong_ws_fps/install/message_interface_robosoccer/local/lib/python3.10/dist-packages/message_interface_robosoccer/msg/_array_threshold.py
[3.097s] -- Installing: /home/eric/wjg/elong_ws_fps/install/message_interface_robosoccer/local/lib/python3.10/dist-packages/message_interface_robosoccer/msg/_pose_robots_s.c
[3.097s] -- Installing: /home/eric/wjg/elong_ws_fps/install/message_interface_robosoccer/local/lib/python3.10/dist-packages/message_interface_robosoccer/msg/_point_calibration.py
[3.097s] -- Installing: /home/eric/wjg/elong_ws_fps/install/message_interface_robosoccer/local/lib/python3.10/dist-packages/message_interface_robosoccer/msg/_point_s.c
[3.098s] -- Installing: /home/eric/wjg/elong_ws_fps/install/message_interface_robosoccer/local/lib/python3.10/dist-packages/message_interface_robosoccer/msg/_velocity_s.c
[3.098s] -- Installing: /home/eric/wjg/elong_ws_fps/install/message_interface_robosoccer/local/lib/python3.10/dist-packages/message_interface_robosoccer/msg/_image.py
[3.098s] -- Installing: /home/eric/wjg/elong_ws_fps/install/message_interface_robosoccer/local/lib/python3.10/dist-packages/message_interface_robosoccer/msg/_velocity_robots_s.c
[3.098s] -- Installing: /home/eric/wjg/elong_ws_fps/install/message_interface_robosoccer/local/lib/python3.10/dist-packages/message_interface_robosoccer/msg/_pose_s.c
[3.098s] -- Installing: /home/eric/wjg/elong_ws_fps/install/message_interface_robosoccer/local/lib/python3.10/dist-packages/message_interface_robosoccer/msg/_velocity.py
[3.098s] -- Installing: /home/eric/wjg/elong_ws_fps/install/message_interface_robosoccer/local/lib/python3.10/dist-packages/message_interface_robosoccer/msg/__init__.py
[3.098s] -- Installing: /home/eric/wjg/elong_ws_fps/install/message_interface_robosoccer/local/lib/python3.10/dist-packages/message_interface_robosoccer/msg/_pose_robots.py
[3.098s] -- Installing: /home/eric/wjg/elong_ws_fps/install/message_interface_robosoccer/local/lib/python3.10/dist-packages/message_interface_robosoccer/msg/_point_calibration_s.c
[3.098s] -- Installing: /home/eric/wjg/elong_ws_fps/install/message_interface_robosoccer/local/lib/python3.10/dist-packages/message_interface_robosoccer/msg/_decision_var_s.c
[3.098s] -- Installing: /home/eric/wjg/elong_ws_fps/install/message_interface_robosoccer/local/lib/python3.10/dist-packages/message_interface_robosoccer/msg/_array_threshold_s.c
[3.098s] -- Installing: /home/eric/wjg/elong_ws_fps/install/message_interface_robosoccer/local/lib/python3.10/dist-packages/message_interface_robosoccer/message_interface_robosoccer_s__rosidl_typesupport_c.cpython-310-x86_64-linux-gnu.so
[3.117s] Listing '/home/eric/wjg/elong_ws_fps/install/message_interface_robosoccer/local/lib/python3.10/dist-packages/message_interface_robosoccer'...
[3.117s] Compiling '/home/eric/wjg/elong_ws_fps/install/message_interface_robosoccer/local/lib/python3.10/dist-packages/message_interface_robosoccer/__init__.py'...
[3.117s] Listing '/home/eric/wjg/elong_ws_fps/install/message_interface_robosoccer/local/lib/python3.10/dist-packages/message_interface_robosoccer/msg'...
[3.118s] Compiling '/home/eric/wjg/elong_ws_fps/install/message_interface_robosoccer/local/lib/python3.10/dist-packages/message_interface_robosoccer/msg/__init__.py'...
[3.118s] Compiling '/home/eric/wjg/elong_ws_fps/install/message_interface_robosoccer/local/lib/python3.10/dist-packages/message_interface_robosoccer/msg/_array_threshold.py'...
[3.118s] Compiling '/home/eric/wjg/elong_ws_fps/install/message_interface_robosoccer/local/lib/python3.10/dist-packages/message_interface_robosoccer/msg/_decision_var.py'...
[3.118s] Compiling '/home/eric/wjg/elong_ws_fps/install/message_interface_robosoccer/local/lib/python3.10/dist-packages/message_interface_robosoccer/msg/_image.py'...
[3.118s] Compiling '/home/eric/wjg/elong_ws_fps/install/message_interface_robosoccer/local/lib/python3.10/dist-packages/message_interface_robosoccer/msg/_point.py'...
[3.118s] Compiling '/home/eric/wjg/elong_ws_fps/install/message_interface_robosoccer/local/lib/python3.10/dist-packages/message_interface_robosoccer/msg/_point_calibration.py'...
[3.118s] Compiling '/home/eric/wjg/elong_ws_fps/install/message_interface_robosoccer/local/lib/python3.10/dist-packages/message_interface_robosoccer/msg/_pose.py'...
[3.118s] Compiling '/home/eric/wjg/elong_ws_fps/install/message_interface_robosoccer/local/lib/python3.10/dist-packages/message_interface_robosoccer/msg/_pose_robots.py'...
[3.118s] Compiling '/home/eric/wjg/elong_ws_fps/install/message_interface_robosoccer/local/lib/python3.10/dist-packages/message_interface_robosoccer/msg/_velocity.py'...
[3.118s] Compiling '/home/eric/wjg/elong_ws_fps/install/message_interface_robosoccer/local/lib/python3.10/dist-packages/message_interface_robosoccer/msg/_velocity_robots.py'...
[3.120s] -- Installing: /home/eric/wjg/elong_ws_fps/install/message_interface_robosoccer/local/lib/python3.10/dist-packages/message_interface_robosoccer/message_interface_robosoccer_s__rosidl_typesupport_fastrtps_c.cpython-310-x86_64-linux-gnu.so
[3.120s] -- Set runtime path of "/home/eric/wjg/elong_ws_fps/install/message_interface_robosoccer/local/lib/python3.10/dist-packages/message_interface_robosoccer/message_interface_robosoccer_s__rosidl_typesupport_fastrtps_c.cpython-310-x86_64-linux-gnu.so" to ""
[3.120s] -- Installing: /home/eric/wjg/elong_ws_fps/install/message_interface_robosoccer/local/lib/python3.10/dist-packages/message_interface_robosoccer/message_interface_robosoccer_s__rosidl_typesupport_introspection_c.cpython-310-x86_64-linux-gnu.so
[3.120s] -- Set runtime path of "/home/eric/wjg/elong_ws_fps/install/message_interface_robosoccer/local/lib/python3.10/dist-packages/message_interface_robosoccer/message_interface_robosoccer_s__rosidl_typesupport_introspection_c.cpython-310-x86_64-linux-gnu.so" to ""
[3.120s] -- Installing: /home/eric/wjg/elong_ws_fps/install/message_interface_robosoccer/local/lib/python3.10/dist-packages/message_interface_robosoccer/message_interface_robosoccer_s__rosidl_typesupport_c.cpython-310-x86_64-linux-gnu.so
[3.120s] -- Set runtime path of "/home/eric/wjg/elong_ws_fps/install/message_interface_robosoccer/local/lib/python3.10/dist-packages/message_interface_robosoccer/message_interface_robosoccer_s__rosidl_typesupport_c.cpython-310-x86_64-linux-gnu.so" to ""
[3.120s] -- Installing: /home/eric/wjg/elong_ws_fps/install/message_interface_robosoccer/lib/libmessage_interface_robosoccer__rosidl_generator_py.so
[3.120s] -- Set runtime path of "/home/eric/wjg/elong_ws_fps/install/message_interface_robosoccer/lib/libmessage_interface_robosoccer__rosidl_generator_py.so" to ""
[3.120s] -- Installing: /home/eric/wjg/elong_ws_fps/install/message_interface_robosoccer/share/message_interface_robosoccer/msg/ArrayThreshold.idl
[3.120s] -- Installing: /home/eric/wjg/elong_ws_fps/install/message_interface_robosoccer/share/message_interface_robosoccer/msg/PointCalibration.idl
[3.120s] -- Installing: /home/eric/wjg/elong_ws_fps/install/message_interface_robosoccer/share/message_interface_robosoccer/msg/Point.idl
[3.120s] -- Installing: /home/eric/wjg/elong_ws_fps/install/message_interface_robosoccer/share/message_interface_robosoccer/msg/Image.idl
[3.120s] -- Installing: /home/eric/wjg/elong_ws_fps/install/message_interface_robosoccer/share/message_interface_robosoccer/msg/PoseRobots.idl
[3.120s] -- Installing: /home/eric/wjg/elong_ws_fps/install/message_interface_robosoccer/share/message_interface_robosoccer/msg/Pose.idl
[3.120s] -- Installing: /home/eric/wjg/elong_ws_fps/install/message_interface_robosoccer/share/message_interface_robosoccer/msg/Velocity.idl
[3.121s] -- Installing: /home/eric/wjg/elong_ws_fps/install/message_interface_robosoccer/share/message_interface_robosoccer/msg/VelocityRobots.idl
[3.121s] -- Installing: /home/eric/wjg/elong_ws_fps/install/message_interface_robosoccer/share/message_interface_robosoccer/msg/DecisionVar.idl
[3.121s] -- Installing: /home/eric/wjg/elong_ws_fps/install/message_interface_robosoccer/share/message_interface_robosoccer/msg/ArrayThreshold.msg
[3.121s] -- Installing: /home/eric/wjg/elong_ws_fps/install/message_interface_robosoccer/share/message_interface_robosoccer/msg/PointCalibration.msg
[3.121s] -- Installing: /home/eric/wjg/elong_ws_fps/install/message_interface_robosoccer/share/message_interface_robosoccer/msg/Point.msg
[3.121s] -- Installing: /home/eric/wjg/elong_ws_fps/install/message_interface_robosoccer/share/message_interface_robosoccer/msg/Image.msg
[3.121s] -- Installing: /home/eric/wjg/elong_ws_fps/install/message_interface_robosoccer/share/message_interface_robosoccer/msg/PoseRobots.msg
[3.121s] -- Installing: /home/eric/wjg/elong_ws_fps/install/message_interface_robosoccer/share/message_interface_robosoccer/msg/Pose.msg
[3.121s] -- Installing: /home/eric/wjg/elong_ws_fps/install/message_interface_robosoccer/share/message_interface_robosoccer/msg/Velocity.msg
[3.121s] -- Installing: /home/eric/wjg/elong_ws_fps/install/message_interface_robosoccer/share/message_interface_robosoccer/msg/VelocityRobots.msg
[3.121s] -- Installing: /home/eric/wjg/elong_ws_fps/install/message_interface_robosoccer/share/message_interface_robosoccer/msg/DecisionVar.msg
[3.121s] -- Installing: /home/eric/wjg/elong_ws_fps/install/message_interface_robosoccer/share/ament_index/resource_index/package_run_dependencies/message_interface_robosoccer
[3.121s] -- Installing: /home/eric/wjg/elong_ws_fps/install/message_interface_robosoccer/share/ament_index/resource_index/parent_prefix_path/message_interface_robosoccer
[3.121s] -- Installing: /home/eric/wjg/elong_ws_fps/install/message_interface_robosoccer/share/message_interface_robosoccer/environment/ament_prefix_path.sh
[3.121s] -- Installing: /home/eric/wjg/elong_ws_fps/install/message_interface_robosoccer/share/message_interface_robosoccer/environment/ament_prefix_path.dsv
[3.121s] -- Installing: /home/eric/wjg/elong_ws_fps/install/message_interface_robosoccer/share/message_interface_robosoccer/environment/path.sh
[3.121s] -- Installing: /home/eric/wjg/elong_ws_fps/install/message_interface_robosoccer/share/message_interface_robosoccer/environment/path.dsv
[3.121s] -- Installing: /home/eric/wjg/elong_ws_fps/install/message_interface_robosoccer/share/message_interface_robosoccer/local_setup.bash
[3.121s] -- Installing: /home/eric/wjg/elong_ws_fps/install/message_interface_robosoccer/share/message_interface_robosoccer/local_setup.sh
[3.121s] -- Installing: /home/eric/wjg/elong_ws_fps/install/message_interface_robosoccer/share/message_interface_robosoccer/local_setup.zsh
[3.121s] -- Installing: /home/eric/wjg/elong_ws_fps/install/message_interface_robosoccer/share/message_interface_robosoccer/local_setup.dsv
[3.121s] -- Installing: /home/eric/wjg/elong_ws_fps/install/message_interface_robosoccer/share/message_interface_robosoccer/package.dsv
[3.121s] -- Installing: /home/eric/wjg/elong_ws_fps/install/message_interface_robosoccer/share/ament_index/resource_index/packages/message_interface_robosoccer
[3.121s] -- Installing: /home/eric/wjg/elong_ws_fps/install/message_interface_robosoccer/share/message_interface_robosoccer/cmake/export_message_interface_robosoccer__rosidl_generator_cExport.cmake
[3.122s] -- Installing: /home/eric/wjg/elong_ws_fps/install/message_interface_robosoccer/share/message_interface_robosoccer/cmake/export_message_interface_robosoccer__rosidl_generator_cExport-noconfig.cmake
[3.122s] -- Installing: /home/eric/wjg/elong_ws_fps/install/message_interface_robosoccer/share/message_interface_robosoccer/cmake/export_message_interface_robosoccer__rosidl_typesupport_fastrtps_cExport.cmake
[3.122s] -- Installing: /home/eric/wjg/elong_ws_fps/install/message_interface_robosoccer/share/message_interface_robosoccer/cmake/export_message_interface_robosoccer__rosidl_typesupport_fastrtps_cExport-noconfig.cmake
[3.122s] -- Installing: /home/eric/wjg/elong_ws_fps/install/message_interface_robosoccer/share/message_interface_robosoccer/cmake/message_interface_robosoccer__rosidl_typesupport_introspection_cExport.cmake
[3.122s] -- Installing: /home/eric/wjg/elong_ws_fps/install/message_interface_robosoccer/share/message_interface_robosoccer/cmake/message_interface_robosoccer__rosidl_typesupport_introspection_cExport-noconfig.cmake
[3.122s] -- Installing: /home/eric/wjg/elong_ws_fps/install/message_interface_robosoccer/share/message_interface_robosoccer/cmake/message_interface_robosoccer__rosidl_typesupport_cExport.cmake
[3.122s] -- Installing: /home/eric/wjg/elong_ws_fps/install/message_interface_robosoccer/share/message_interface_robosoccer/cmake/message_interface_robosoccer__rosidl_typesupport_cExport-noconfig.cmake
[3.122s] -- Installing: /home/eric/wjg/elong_ws_fps/install/message_interface_robosoccer/share/message_interface_robosoccer/cmake/export_message_interface_robosoccer__rosidl_generator_cppExport.cmake
[3.122s] -- Installing: /home/eric/wjg/elong_ws_fps/install/message_interface_robosoccer/share/message_interface_robosoccer/cmake/export_message_interface_robosoccer__rosidl_typesupport_fastrtps_cppExport.cmake
[3.122s] -- Installing: /home/eric/wjg/elong_ws_fps/install/message_interface_robosoccer/share/message_interface_robosoccer/cmake/export_message_interface_robosoccer__rosidl_typesupport_fastrtps_cppExport-noconfig.cmake
[3.122s] -- Installing: /home/eric/wjg/elong_ws_fps/install/message_interface_robosoccer/share/message_interface_robosoccer/cmake/message_interface_robosoccer__rosidl_typesupport_introspection_cppExport.cmake
[3.122s] -- Installing: /home/eric/wjg/elong_ws_fps/install/message_interface_robosoccer/share/message_interface_robosoccer/cmake/message_interface_robosoccer__rosidl_typesupport_introspection_cppExport-noconfig.cmake
[3.122s] -- Installing: /home/eric/wjg/elong_ws_fps/install/message_interface_robosoccer/share/message_interface_robosoccer/cmake/message_interface_robosoccer__rosidl_typesupport_cppExport.cmake
[3.122s] -- Installing: /home/eric/wjg/elong_ws_fps/install/message_interface_robosoccer/share/message_interface_robosoccer/cmake/message_interface_robosoccer__rosidl_typesupport_cppExport-noconfig.cmake
[3.122s] -- Installing: /home/eric/wjg/elong_ws_fps/install/message_interface_robosoccer/share/message_interface_robosoccer/cmake/export_message_interface_robosoccer__rosidl_generator_pyExport.cmake
[3.122s] -- Installing: /home/eric/wjg/elong_ws_fps/install/message_interface_robosoccer/share/message_interface_robosoccer/cmake/export_message_interface_robosoccer__rosidl_generator_pyExport-noconfig.cmake
[3.122s] -- Installing: /home/eric/wjg/elong_ws_fps/install/message_interface_robosoccer/share/message_interface_robosoccer/cmake/rosidl_cmake-extras.cmake
[3.122s] -- Installing: /home/eric/wjg/elong_ws_fps/install/message_interface_robosoccer/share/message_interface_robosoccer/cmake/ament_cmake_export_dependencies-extras.cmake
[3.122s] -- Installing: /home/eric/wjg/elong_ws_fps/install/message_interface_robosoccer/share/message_interface_robosoccer/cmake/ament_cmake_export_include_directories-extras.cmake
[3.122s] -- Installing: /home/eric/wjg/elong_ws_fps/install/message_interface_robosoccer/share/message_interface_robosoccer/cmake/ament_cmake_export_libraries-extras.cmake
[3.122s] -- Installing: /home/eric/wjg/elong_ws_fps/install/message_interface_robosoccer/share/message_interface_robosoccer/cmake/ament_cmake_export_targets-extras.cmake
[3.122s] -- Installing: /home/eric/wjg/elong_ws_fps/install/message_interface_robosoccer/share/message_interface_robosoccer/cmake/rosidl_cmake_export_typesupport_targets-extras.cmake
[3.122s] -- Installing: /home/eric/wjg/elong_ws_fps/install/message_interface_robosoccer/share/message_interface_robosoccer/cmake/rosidl_cmake_export_typesupport_libraries-extras.cmake
[3.123s] -- Installing: /home/eric/wjg/elong_ws_fps/install/message_interface_robosoccer/share/message_interface_robosoccer/cmake/message_interface_robosoccerConfig.cmake
[3.123s] -- Installing: /home/eric/wjg/elong_ws_fps/install/message_interface_robosoccer/share/message_interface_robosoccer/cmake/message_interface_robosoccerConfig-version.cmake
[3.123s] -- Installing: /home/eric/wjg/elong_ws_fps/install/message_interface_robosoccer/share/message_interface_robosoccer/package.xml
[3.124s] Invoked command in '/home/eric/wjg/elong_ws_fps/build/message_interface_robosoccer' returned '0': CMAKE_PREFIX_PATH=/opt/ros/humble /usr/bin/cmake --install /home/eric/wjg/elong_ws_fps/build/message_interface_robosoccer
