-- The C compiler identification is GNU 9.5.0
-- The CXX compiler identification is GNU 9.5.0
-- Detecting C compiler ABI info
-- Detecting C compiler ABI info - done
-- Check for working C compiler: /usr/bin/cc - skipped
-- Detecting C compile features
-- Detecting C compile features - done
-- Detecting CXX compiler ABI info
-- Detecting CXX compiler ABI info - done
-- Check for working CXX compiler: /usr/bin/c++ - skipped
-- Detecting CXX compile features
-- Detecting CXX compile features - done
-- Found ament_cmake: 1.3.10 (/opt/ros/humble/share/ament_cmake/cmake)
-- Found Python3: /usr/bin/python3 (found version "3.10.12") found components: Interpreter 
-- Found rclcpp: 16.0.10 (/opt/ros/humble/share/rclcpp/cmake)
-- Found rosidl_generator_c: 3.1.5 (/opt/ros/humble/share/rosidl_generator_c/cmake)
-- Found rosidl_adapter: 3.1.5 (/opt/ros/humble/share/rosidl_adapter/cmake)
-- Found rosidl_generator_cpp: 3.1.5 (/opt/ros/humble/share/rosidl_generator_cpp/cmake)
-- Using all available rosidl_typesupport_c: rosidl_typesupport_fastrtps_c;rosidl_typesupport_introspection_c
-- Using all available rosidl_typesupport_cpp: rosidl_typesupport_fastrtps_cpp;rosidl_typesupport_introspection_cpp
-- Found rmw_implementation_cmake: 6.1.2 (/opt/ros/humble/share/rmw_implementation_cmake/cmake)
-- Found rmw_fastrtps_cpp: 6.2.7 (/opt/ros/humble/share/rmw_fastrtps_cpp/cmake)
-- Found OpenSSL: /usr/lib/x86_64-linux-gnu/libcrypto.so (found version "3.0.2")  
-- Found FastRTPS: /opt/ros/humble/include  
-- Using RMW implementation 'rmw_fastrtps_cpp' as default
-- Looking for pthread.h
-- Looking for pthread.h - found
-- Performing Test CMAKE_HAVE_LIBC_PTHREAD
-- Performing Test CMAKE_HAVE_LIBC_PTHREAD - Success
-- Found Threads: TRUE  
-- Found message_interface_robosoccer: 0.0.0 (/home/eric/wjg/elong_ws_fps/install/message_interface_robosoccer/share/message_interface_robosoccer/cmake)
-- Found ament_lint_auto: 0.12.11 (/opt/ros/humble/share/ament_lint_auto/cmake)
-- Added test 'cppcheck' to perform static code analysis on C / C++ code
-- Configured cppcheck include dirs: 
-- Configured cppcheck exclude dirs and/or files: 
-- Added test 'lint_cmake' to check CMake code style
-- Added test 'uncrustify' to check C / C++ code style
-- Configured uncrustify additional arguments: 
-- Added test 'xmllint' to check XML markup files
-- Configuring done
-- Generating done
-- Build files have been written to: /home/eric/wjg/elong_ws_fps/build/communication_robosoccer
[ 12%] [32mBuilding CXX object CMakeFiles/communication_test.dir/src/communication_test.cpp.o[0m
[ 25%] [32mBuilding C object CMakeFiles/communication.dir/src/hid-libusb.c.o[0m
[ 37%] [32mBuilding C object CMakeFiles/communication_test.dir/src/hid-libusb.c.o[0m
[ 50%] [32mBuilding CXX object CMakeFiles/communication.dir/src/communication.cpp.o[0m
[ 62%] [32mBuilding CXX object CMakeFiles/single_vel_pub.dir/src/vel_pub_test.cpp.o[0m
[01m[K/home/eric/wjg/elong_ws_fps/src/communication_robosoccer/src/hid-libusb.c:[m[K In function ‘[01m[Khid_error[m[K’:
[01m[K/home/eric/wjg/elong_ws_fps/src/communication_robosoccer/src/hid-libusb.c:1299:68:[m[K [01;35m[Kwarning: [m[Kunused parameter ‘[01m[Kdev[m[K’ [[01;35m[K-Wunused-parameter[m[K]
 1299 | HID_API_EXPORT const wchar_t * HID_API_CALL  hid_error([01;35m[Khid_device *dev[m[K)
      |                                                        [01;35m[K~~~~~~~~~~~~^~~[m[K
[01m[K/home/eric/wjg/elong_ws_fps/src/communication_robosoccer/src/hid-libusb.c:[m[K In function ‘[01m[Khid_error[m[K’:
[01m[K/home/eric/wjg/elong_ws_fps/src/communication_robosoccer/src/hid-libusb.c:1299:68:[m[K [01;35m[Kwarning: [m[Kunused parameter ‘[01m[Kdev[m[K’ [[01;35m[K-Wunused-parameter[m[K]
 1299 | HID_API_EXPORT const wchar_t * HID_API_CALL  hid_error([01;35m[Khid_device *dev[m[K)
      |                                                        [01;35m[K~~~~~~~~~~~~^~~[m[K
[01m[K/home/eric/wjg/elong_ws_fps/src/communication_robosoccer/src/communication.cpp:[m[K In member function ‘[01m[Kint Communication::initUSB()[m[K’:
[01m[K/home/eric/wjg/elong_ws_fps/src/communication_robosoccer/src/communication.cpp:112:13:[m[K [01;35m[Kwarning: [m[Kthis ‘[01m[Kelse[m[K’ clause does not guard... [[01;35m[K-Wmisleading-indentation[m[K]
  112 |             [01;35m[Kelse[m[K
      |             [01;35m[K^~~~[m[K
[01m[K/home/eric/wjg/elong_ws_fps/src/communication_robosoccer/src/communication.cpp:118:10:[m[K [01;36m[Knote: [m[K...this statement, but the latter is misleadingly indented as if it were guarded by the ‘[01m[Kelse[m[K’
  118 |          [01;36m[Kint[m[K r = hid_write(dev_handle,USB_Buffer,33);
      |          [01;36m[K^~~[m[K
[ 75%] [32m[1mLinking CXX executable communication_test[0m
[ 75%] Built target communication_test
[ 87%] [32m[1mLinking CXX executable single_vel_pub[0m
[ 87%] Built target single_vel_pub
[100%] [32m[1mLinking CXX executable communication[0m
[100%] Built target communication
-- Install configuration: ""
-- Installing: /home/eric/wjg/elong_ws_fps/install/communication_robosoccer/share/ament_index/resource_index/package_run_dependencies/communication_robosoccer
-- Installing: /home/eric/wjg/elong_ws_fps/install/communication_robosoccer/share/ament_index/resource_index/parent_prefix_path/communication_robosoccer
-- Installing: /home/eric/wjg/elong_ws_fps/install/communication_robosoccer/share/communication_robosoccer/environment/ament_prefix_path.sh
-- Installing: /home/eric/wjg/elong_ws_fps/install/communication_robosoccer/share/communication_robosoccer/environment/ament_prefix_path.dsv
-- Installing: /home/eric/wjg/elong_ws_fps/install/communication_robosoccer/share/communication_robosoccer/environment/path.sh
-- Installing: /home/eric/wjg/elong_ws_fps/install/communication_robosoccer/share/communication_robosoccer/environment/path.dsv
-- Installing: /home/eric/wjg/elong_ws_fps/install/communication_robosoccer/share/communication_robosoccer/local_setup.bash
-- Installing: /home/eric/wjg/elong_ws_fps/install/communication_robosoccer/share/communication_robosoccer/local_setup.sh
-- Installing: /home/eric/wjg/elong_ws_fps/install/communication_robosoccer/share/communication_robosoccer/local_setup.zsh
-- Installing: /home/eric/wjg/elong_ws_fps/install/communication_robosoccer/share/communication_robosoccer/local_setup.dsv
-- Installing: /home/eric/wjg/elong_ws_fps/install/communication_robosoccer/share/communication_robosoccer/package.dsv
-- Installing: /home/eric/wjg/elong_ws_fps/install/communication_robosoccer/share/ament_index/resource_index/packages/communication_robosoccer
-- Installing: /home/eric/wjg/elong_ws_fps/install/communication_robosoccer/share/communication_robosoccer/cmake/communication_robosoccerConfig.cmake
-- Installing: /home/eric/wjg/elong_ws_fps/install/communication_robosoccer/share/communication_robosoccer/cmake/communication_robosoccerConfig-version.cmake
-- Installing: /home/eric/wjg/elong_ws_fps/install/communication_robosoccer/share/communication_robosoccer/package.xml
-- Installing: /home/eric/wjg/elong_ws_fps/install/communication_robosoccer/lib/communication_robosoccer/communication
-- Set runtime path of "/home/eric/wjg/elong_ws_fps/install/communication_robosoccer/lib/communication_robosoccer/communication" to ""
-- Installing: /home/eric/wjg/elong_ws_fps/install/communication_robosoccer/lib/communication_robosoccer/single_vel_pub
-- Set runtime path of "/home/eric/wjg/elong_ws_fps/install/communication_robosoccer/lib/communication_robosoccer/single_vel_pub" to ""
-- Installing: /home/eric/wjg/elong_ws_fps/install/communication_robosoccer/lib/communication_robosoccer/communication_test
-- Set runtime path of "/home/eric/wjg/elong_ws_fps/install/communication_robosoccer/lib/communication_robosoccer/communication_test" to ""
