[0.057s] [34mcolcon[0m [1;30mDEBUG[0m [32mCommand line arguments: ['/usr/bin/colcon', 'build'][0m
[0.057s] [34mcolcon[0m [1;30mDEBUG[0m [32mParsed command line arguments: Namespace(log_base=None, log_level=None, verb_name='build', build_base='build', install_base='install', merge_install=False, symlink_install=False, test_result_base=None, continue_on_error=False, executor='parallel', parallel_workers=24, event_handlers=None, ignore_user_meta=False, metas=['./colcon.meta'], base_paths=['.'], packages_ignore=None, packages_ignore_regex=None, paths=None, packages_up_to=None, packages_up_to_regex=None, packages_above=None, packages_above_and_dependencies=None, packages_above_depth=None, packages_select_by_dep=None, packages_skip_by_dep=None, packages_skip_up_to=None, packages_select_build_failed=False, packages_skip_build_finished=False, packages_select_test_failures=False, packages_skip_test_passed=False, packages_select=None, packages_skip=None, packages_select_regex=None, packages_skip_regex=None, packages_start=None, packages_end=None, allow_overriding=[], cmake_args=None, cmake_target=None, cmake_target_skip_unavailable=False, cmake_clean_cache=False, cmake_clean_first=False, cmake_force_configure=False, ament_cmake_args=None, catkin_cmake_args=None, catkin_skip_building_tests=False, verb_parser=<colcon_defaults.argument_parser.defaults.DefaultArgumentsDecorator object at 0x786f8502acb0>, verb_extension=<colcon_core.verb.build.BuildVerb object at 0x786f8502a7a0>, main=<bound method BuildVerb.main of <colcon_core.verb.build.BuildVerb object at 0x786f8502a7a0>>)[0m
[0.078s] [34mcolcon.colcon_core.package_discovery[0m [1;30mLevel 1[0m discover_packages(colcon_meta) check parameters
[0.078s] [34mcolcon.colcon_core.package_discovery[0m [1;30mLevel 1[0m discover_packages(recursive) check parameters
[0.078s] [34mcolcon.colcon_core.package_discovery[0m [1;30mLevel 1[0m discover_packages(ignore) check parameters
[0.078s] [34mcolcon.colcon_core.package_discovery[0m [1;30mLevel 1[0m discover_packages(path) check parameters
[0.078s] [34mcolcon.colcon_core.package_discovery[0m [1;30mLevel 1[0m discover_packages(colcon_meta) discover
[0.078s] [34mcolcon.colcon_core.package_discovery[0m [1;30mLevel 1[0m discover_packages(recursive) discover
[0.078s] [34mcolcon.colcon_core.package_discovery[0m [1;30mINFO[0m Crawling recursively for packages in '/home/eric/wjg/elong_ws_fps'
[0.078s] [34mcolcon.colcon_core.package_identification[0m [1;30mLevel 1[0m _identify(.) by extensions ['ignore', 'ignore_ament_install']
[0.078s] [34mcolcon.colcon_core.package_identification[0m [1;30mLevel 1[0m _identify(.) by extension 'ignore'
[0.078s] [34mcolcon.colcon_core.package_identification[0m [1;30mLevel 1[0m _identify(.) by extension 'ignore_ament_install'
[0.078s] [34mcolcon.colcon_core.package_identification[0m [1;30mLevel 1[0m _identify(.) by extensions ['colcon_pkg']
[0.078s] [34mcolcon.colcon_core.package_identification[0m [1;30mLevel 1[0m _identify(.) by extension 'colcon_pkg'
[0.078s] [34mcolcon.colcon_core.package_identification[0m [1;30mLevel 1[0m _identify(.) by extensions ['colcon_meta']
[0.078s] [34mcolcon.colcon_core.package_identification[0m [1;30mLevel 1[0m _identify(.) by extension 'colcon_meta'
[0.078s] [34mcolcon.colcon_core.package_identification[0m [1;30mLevel 1[0m _identify(.) by extensions ['ros']
[0.078s] [34mcolcon.colcon_core.package_identification[0m [1;30mLevel 1[0m _identify(.) by extension 'ros'
[0.090s] [34mcolcon.colcon_core.package_identification[0m [1;30mLevel 1[0m _identify(.) by extensions ['cmake', 'python']
[0.090s] [34mcolcon.colcon_core.package_identification[0m [1;30mLevel 1[0m _identify(.) by extension 'cmake'
[0.090s] [34mcolcon.colcon_core.package_identification[0m [1;30mLevel 1[0m _identify(.) by extension 'python'
[0.090s] [34mcolcon.colcon_core.package_identification[0m [1;30mLevel 1[0m _identify(.) by extensions ['python_setup_py']
[0.090s] [34mcolcon.colcon_core.package_identification[0m [1;30mLevel 1[0m _identify(.) by extension 'python_setup_py'
[0.090s] [34mcolcon.colcon_core.package_identification[0m [1;30mLevel 1[0m _identify(build) by extensions ['ignore', 'ignore_ament_install']
[0.090s] [34mcolcon.colcon_core.package_identification[0m [1;30mLevel 1[0m _identify(build) by extension 'ignore'
[0.090s] [34mcolcon.colcon_core.package_identification[0m [1;30mLevel 1[0m _identify(build) ignored
[0.091s] [34mcolcon.colcon_core.package_identification[0m [1;30mLevel 1[0m _identify(install) by extensions ['ignore', 'ignore_ament_install']
[0.091s] [34mcolcon.colcon_core.package_identification[0m [1;30mLevel 1[0m _identify(install) by extension 'ignore'
[0.091s] [34mcolcon.colcon_core.package_identification[0m [1;30mLevel 1[0m _identify(install) ignored
[0.091s] [34mcolcon.colcon_core.package_identification[0m [1;30mLevel 1[0m _identify(log) by extensions ['ignore', 'ignore_ament_install']
[0.091s] [34mcolcon.colcon_core.package_identification[0m [1;30mLevel 1[0m _identify(log) by extension 'ignore'
[0.091s] [34mcolcon.colcon_core.package_identification[0m [1;30mLevel 1[0m _identify(log) ignored
[0.091s] [34mcolcon.colcon_core.package_identification[0m [1;30mLevel 1[0m _identify(robodata) by extensions ['ignore', 'ignore_ament_install']
[0.091s] [34mcolcon.colcon_core.package_identification[0m [1;30mLevel 1[0m _identify(robodata) by extension 'ignore'
[0.091s] [34mcolcon.colcon_core.package_identification[0m [1;30mLevel 1[0m _identify(robodata) by extension 'ignore_ament_install'
[0.091s] [34mcolcon.colcon_core.package_identification[0m [1;30mLevel 1[0m _identify(robodata) by extensions ['colcon_pkg']
[0.091s] [34mcolcon.colcon_core.package_identification[0m [1;30mLevel 1[0m _identify(robodata) by extension 'colcon_pkg'
[0.091s] [34mcolcon.colcon_core.package_identification[0m [1;30mLevel 1[0m _identify(robodata) by extensions ['colcon_meta']
[0.091s] [34mcolcon.colcon_core.package_identification[0m [1;30mLevel 1[0m _identify(robodata) by extension 'colcon_meta'
[0.091s] [34mcolcon.colcon_core.package_identification[0m [1;30mLevel 1[0m _identify(robodata) by extensions ['ros']
[0.091s] [34mcolcon.colcon_core.package_identification[0m [1;30mLevel 1[0m _identify(robodata) by extension 'ros'
[0.091s] [34mcolcon.colcon_core.package_identification[0m [1;30mLevel 1[0m _identify(robodata) by extensions ['cmake', 'python']
[0.091s] [34mcolcon.colcon_core.package_identification[0m [1;30mLevel 1[0m _identify(robodata) by extension 'cmake'
[0.091s] [34mcolcon.colcon_core.package_identification[0m [1;30mLevel 1[0m _identify(robodata) by extension 'python'
[0.091s] [34mcolcon.colcon_core.package_identification[0m [1;30mLevel 1[0m _identify(robodata) by extensions ['python_setup_py']
[0.091s] [34mcolcon.colcon_core.package_identification[0m [1;30mLevel 1[0m _identify(robodata) by extension 'python_setup_py'
[0.091s] [34mcolcon.colcon_core.package_identification[0m [1;30mLevel 1[0m _identify(src) by extensions ['ignore', 'ignore_ament_install']
[0.091s] [34mcolcon.colcon_core.package_identification[0m [1;30mLevel 1[0m _identify(src) by extension 'ignore'
[0.091s] [34mcolcon.colcon_core.package_identification[0m [1;30mLevel 1[0m _identify(src) by extension 'ignore_ament_install'
[0.091s] [34mcolcon.colcon_core.package_identification[0m [1;30mLevel 1[0m _identify(src) by extensions ['colcon_pkg']
[0.091s] [34mcolcon.colcon_core.package_identification[0m [1;30mLevel 1[0m _identify(src) by extension 'colcon_pkg'
[0.091s] [34mcolcon.colcon_core.package_identification[0m [1;30mLevel 1[0m _identify(src) by extensions ['colcon_meta']
[0.091s] [34mcolcon.colcon_core.package_identification[0m [1;30mLevel 1[0m _identify(src) by extension 'colcon_meta'
[0.091s] [34mcolcon.colcon_core.package_identification[0m [1;30mLevel 1[0m _identify(src) by extensions ['ros']
[0.091s] [34mcolcon.colcon_core.package_identification[0m [1;30mLevel 1[0m _identify(src) by extension 'ros'
[0.091s] [34mcolcon.colcon_core.package_identification[0m [1;30mLevel 1[0m _identify(src) by extensions ['cmake', 'python']
[0.091s] [34mcolcon.colcon_core.package_identification[0m [1;30mLevel 1[0m _identify(src) by extension 'cmake'
[0.091s] [34mcolcon.colcon_core.package_identification[0m [1;30mLevel 1[0m _identify(src) by extension 'python'
[0.091s] [34mcolcon.colcon_core.package_identification[0m [1;30mLevel 1[0m _identify(src) by extensions ['python_setup_py']
[0.091s] [34mcolcon.colcon_core.package_identification[0m [1;30mLevel 1[0m _identify(src) by extension 'python_setup_py'
[0.091s] [34mcolcon.colcon_core.package_identification[0m [1;30mLevel 1[0m _identify(src/communication_robosoccer) by extensions ['ignore', 'ignore_ament_install']
[0.091s] [34mcolcon.colcon_core.package_identification[0m [1;30mLevel 1[0m _identify(src/communication_robosoccer) by extension 'ignore'
[0.091s] [34mcolcon.colcon_core.package_identification[0m [1;30mLevel 1[0m _identify(src/communication_robosoccer) by extension 'ignore_ament_install'
[0.091s] [34mcolcon.colcon_core.package_identification[0m [1;30mLevel 1[0m _identify(src/communication_robosoccer) by extensions ['colcon_pkg']
[0.091s] [34mcolcon.colcon_core.package_identification[0m [1;30mLevel 1[0m _identify(src/communication_robosoccer) by extension 'colcon_pkg'
[0.091s] [34mcolcon.colcon_core.package_identification[0m [1;30mLevel 1[0m _identify(src/communication_robosoccer) by extensions ['colcon_meta']
[0.091s] [34mcolcon.colcon_core.package_identification[0m [1;30mLevel 1[0m _identify(src/communication_robosoccer) by extension 'colcon_meta'
[0.091s] [34mcolcon.colcon_core.package_identification[0m [1;30mLevel 1[0m _identify(src/communication_robosoccer) by extensions ['ros']
[0.091s] [34mcolcon.colcon_core.package_identification[0m [1;30mLevel 1[0m _identify(src/communication_robosoccer) by extension 'ros'
[0.093s] [34mcolcon.colcon_core.package_identification[0m [1;30mDEBUG[0m [32mPackage 'src/communication_robosoccer' with type 'ros.ament_cmake' and name 'communication_robosoccer'[0m
[0.093s] [34mcolcon.colcon_core.package_identification[0m [1;30mLevel 1[0m _identify(src/gui_robosoccer) by extensions ['ignore', 'ignore_ament_install']
[0.093s] [34mcolcon.colcon_core.package_identification[0m [1;30mLevel 1[0m _identify(src/gui_robosoccer) by extension 'ignore'
[0.093s] [34mcolcon.colcon_core.package_identification[0m [1;30mLevel 1[0m _identify(src/gui_robosoccer) by extension 'ignore_ament_install'
[0.093s] [34mcolcon.colcon_core.package_identification[0m [1;30mLevel 1[0m _identify(src/gui_robosoccer) by extensions ['colcon_pkg']
[0.093s] [34mcolcon.colcon_core.package_identification[0m [1;30mLevel 1[0m _identify(src/gui_robosoccer) by extension 'colcon_pkg'
[0.093s] [34mcolcon.colcon_core.package_identification[0m [1;30mLevel 1[0m _identify(src/gui_robosoccer) by extensions ['colcon_meta']
[0.093s] [34mcolcon.colcon_core.package_identification[0m [1;30mLevel 1[0m _identify(src/gui_robosoccer) by extension 'colcon_meta'
[0.093s] [34mcolcon.colcon_core.package_identification[0m [1;30mLevel 1[0m _identify(src/gui_robosoccer) by extensions ['ros']
[0.093s] [34mcolcon.colcon_core.package_identification[0m [1;30mLevel 1[0m _identify(src/gui_robosoccer) by extension 'ros'
[0.094s] [34mcolcon.colcon_core.package_identification[0m [1;30mDEBUG[0m [32mPackage 'src/gui_robosoccer' with type 'ros.ament_cmake' and name 'gui_robosoccer'[0m
[0.094s] [34mcolcon.colcon_core.package_identification[0m [1;30mLevel 1[0m _identify(src/message_interface_robosoccer) by extensions ['ignore', 'ignore_ament_install']
[0.094s] [34mcolcon.colcon_core.package_identification[0m [1;30mLevel 1[0m _identify(src/message_interface_robosoccer) by extension 'ignore'
[0.094s] [34mcolcon.colcon_core.package_identification[0m [1;30mLevel 1[0m _identify(src/message_interface_robosoccer) by extension 'ignore_ament_install'
[0.094s] [34mcolcon.colcon_core.package_identification[0m [1;30mLevel 1[0m _identify(src/message_interface_robosoccer) by extensions ['colcon_pkg']
[0.094s] [34mcolcon.colcon_core.package_identification[0m [1;30mLevel 1[0m _identify(src/message_interface_robosoccer) by extension 'colcon_pkg'
[0.094s] [34mcolcon.colcon_core.package_identification[0m [1;30mLevel 1[0m _identify(src/message_interface_robosoccer) by extensions ['colcon_meta']
[0.094s] [34mcolcon.colcon_core.package_identification[0m [1;30mLevel 1[0m _identify(src/message_interface_robosoccer) by extension 'colcon_meta'
[0.094s] [34mcolcon.colcon_core.package_identification[0m [1;30mLevel 1[0m _identify(src/message_interface_robosoccer) by extensions ['ros']
[0.094s] [34mcolcon.colcon_core.package_identification[0m [1;30mLevel 1[0m _identify(src/message_interface_robosoccer) by extension 'ros'
[0.094s] [34mcolcon.colcon_core.package_identification[0m [1;30mDEBUG[0m [32mPackage 'src/message_interface_robosoccer' with type 'ros.ament_cmake' and name 'message_interface_robosoccer'[0m
[0.094s] [34mcolcon.colcon_core.package_identification[0m [1;30mLevel 1[0m _identify(src/strategy_robosoccer) by extensions ['ignore', 'ignore_ament_install']
[0.094s] [34mcolcon.colcon_core.package_identification[0m [1;30mLevel 1[0m _identify(src/strategy_robosoccer) by extension 'ignore'
[0.094s] [34mcolcon.colcon_core.package_identification[0m [1;30mLevel 1[0m _identify(src/strategy_robosoccer) by extension 'ignore_ament_install'
[0.094s] [34mcolcon.colcon_core.package_identification[0m [1;30mLevel 1[0m _identify(src/strategy_robosoccer) by extensions ['colcon_pkg']
[0.094s] [34mcolcon.colcon_core.package_identification[0m [1;30mLevel 1[0m _identify(src/strategy_robosoccer) by extension 'colcon_pkg'
[0.094s] [34mcolcon.colcon_core.package_identification[0m [1;30mLevel 1[0m _identify(src/strategy_robosoccer) by extensions ['colcon_meta']
[0.094s] [34mcolcon.colcon_core.package_identification[0m [1;30mLevel 1[0m _identify(src/strategy_robosoccer) by extension 'colcon_meta'
[0.094s] [34mcolcon.colcon_core.package_identification[0m [1;30mLevel 1[0m _identify(src/strategy_robosoccer) by extensions ['ros']
[0.094s] [34mcolcon.colcon_core.package_identification[0m [1;30mLevel 1[0m _identify(src/strategy_robosoccer) by extension 'ros'
[0.095s] [34mcolcon.colcon_core.package_identification[0m [1;30mDEBUG[0m [32mPackage 'src/strategy_robosoccer' with type 'ros.ament_cmake' and name 'strategy_robosoccer'[0m
[0.095s] [34mcolcon.colcon_core.package_identification[0m [1;30mLevel 1[0m _identify(src/vision_robosoccer) by extensions ['ignore', 'ignore_ament_install']
[0.095s] [34mcolcon.colcon_core.package_identification[0m [1;30mLevel 1[0m _identify(src/vision_robosoccer) by extension 'ignore'
[0.095s] [34mcolcon.colcon_core.package_identification[0m [1;30mLevel 1[0m _identify(src/vision_robosoccer) by extension 'ignore_ament_install'
[0.095s] [34mcolcon.colcon_core.package_identification[0m [1;30mLevel 1[0m _identify(src/vision_robosoccer) by extensions ['colcon_pkg']
[0.095s] [34mcolcon.colcon_core.package_identification[0m [1;30mLevel 1[0m _identify(src/vision_robosoccer) by extension 'colcon_pkg'
[0.095s] [34mcolcon.colcon_core.package_identification[0m [1;30mLevel 1[0m _identify(src/vision_robosoccer) by extensions ['colcon_meta']
[0.095s] [34mcolcon.colcon_core.package_identification[0m [1;30mLevel 1[0m _identify(src/vision_robosoccer) by extension 'colcon_meta'
[0.095s] [34mcolcon.colcon_core.package_identification[0m [1;30mLevel 1[0m _identify(src/vision_robosoccer) by extensions ['ros']
[0.095s] [34mcolcon.colcon_core.package_identification[0m [1;30mLevel 1[0m _identify(src/vision_robosoccer) by extension 'ros'
[0.095s] [34mcolcon.colcon_core.package_identification[0m [1;30mDEBUG[0m [32mPackage 'src/vision_robosoccer' with type 'ros.ament_cmake' and name 'vision_robosoccer'[0m
[0.095s] [34mcolcon.colcon_core.package_discovery[0m [1;30mLevel 1[0m discover_packages(recursive) using defaults
[0.095s] [34mcolcon.colcon_core.package_discovery[0m [1;30mLevel 1[0m discover_packages(ignore) discover
[0.095s] [34mcolcon.colcon_core.package_discovery[0m [1;30mLevel 1[0m discover_packages(ignore) using defaults
[0.095s] [34mcolcon.colcon_core.package_discovery[0m [1;30mLevel 1[0m discover_packages(path) discover
[0.095s] [34mcolcon.colcon_core.package_discovery[0m [1;30mLevel 1[0m discover_packages(path) using defaults
[0.104s] [34mcolcon.colcon_core.package_discovery[0m [1;30mLevel 1[0m discover_packages(prefix_path) check parameters
[0.104s] [34mcolcon.colcon_core.package_discovery[0m [1;30mLevel 1[0m discover_packages(prefix_path) discover
[0.105s] [34mcolcon.colcon_installed_package_information.package_discovery[0m [1;30mDEBUG[0m [32mFound 5 installed packages in /home/eric/wjg/elong_ws_fps/install[0m
[0.105s] [34mcolcon.colcon_installed_package_information.package_discovery[0m [1;30mDEBUG[0m [32mFound 2 installed packages in /home/eric/wjg/MultiAgent-Isaacsim/ros_msg/install[0m
[0.106s] [34mcolcon.colcon_installed_package_information.package_discovery[0m [1;30mDEBUG[0m [32mFound 417 installed packages in /opt/ros/humble[0m
[0.107s] [34mcolcon.colcon_core.package_discovery[0m [1;30mLevel 1[0m discover_packages(prefix_path) using defaults
[0.135s] [34mcolcon.colcon_core.verb[0m [1;30mLevel 5[0m set package 'message_interface_robosoccer' build argument 'cmake_args' from command line to 'None'
[0.135s] [34mcolcon.colcon_core.verb[0m [1;30mLevel 5[0m set package 'message_interface_robosoccer' build argument 'cmake_target' from command line to 'None'
[0.135s] [34mcolcon.colcon_core.verb[0m [1;30mLevel 5[0m set package 'message_interface_robosoccer' build argument 'cmake_target_skip_unavailable' from command line to 'False'
[0.135s] [34mcolcon.colcon_core.verb[0m [1;30mLevel 5[0m set package 'message_interface_robosoccer' build argument 'cmake_clean_cache' from command line to 'False'
[0.135s] [34mcolcon.colcon_core.verb[0m [1;30mLevel 5[0m set package 'message_interface_robosoccer' build argument 'cmake_clean_first' from command line to 'False'
[0.135s] [34mcolcon.colcon_core.verb[0m [1;30mLevel 5[0m set package 'message_interface_robosoccer' build argument 'cmake_force_configure' from command line to 'False'
[0.135s] [34mcolcon.colcon_core.verb[0m [1;30mLevel 5[0m set package 'message_interface_robosoccer' build argument 'ament_cmake_args' from command line to 'None'
[0.135s] [34mcolcon.colcon_core.verb[0m [1;30mLevel 5[0m set package 'message_interface_robosoccer' build argument 'catkin_cmake_args' from command line to 'None'
[0.135s] [34mcolcon.colcon_core.verb[0m [1;30mLevel 5[0m set package 'message_interface_robosoccer' build argument 'catkin_skip_building_tests' from command line to 'False'
[0.135s] [34mcolcon.colcon_core.verb[0m [1;30mDEBUG[0m [32mBuilding package 'message_interface_robosoccer' with the following arguments: {'ament_cmake_args': None, 'build_base': '/home/eric/wjg/elong_ws_fps/build/message_interface_robosoccer', 'catkin_cmake_args': None, 'catkin_skip_building_tests': False, 'cmake_args': None, 'cmake_clean_cache': False, 'cmake_clean_first': False, 'cmake_force_configure': False, 'cmake_target': None, 'cmake_target_skip_unavailable': False, 'install_base': '/home/eric/wjg/elong_ws_fps/install/message_interface_robosoccer', 'merge_install': False, 'path': '/home/eric/wjg/elong_ws_fps/src/message_interface_robosoccer', 'symlink_install': False, 'test_result_base': None}[0m
[0.136s] [34mcolcon.colcon_core.verb[0m [1;30mLevel 5[0m set package 'communication_robosoccer' build argument 'cmake_args' from command line to 'None'
[0.136s] [34mcolcon.colcon_core.verb[0m [1;30mLevel 5[0m set package 'communication_robosoccer' build argument 'cmake_target' from command line to 'None'
[0.136s] [34mcolcon.colcon_core.verb[0m [1;30mLevel 5[0m set package 'communication_robosoccer' build argument 'cmake_target_skip_unavailable' from command line to 'False'
[0.136s] [34mcolcon.colcon_core.verb[0m [1;30mLevel 5[0m set package 'communication_robosoccer' build argument 'cmake_clean_cache' from command line to 'False'
[0.136s] [34mcolcon.colcon_core.verb[0m [1;30mLevel 5[0m set package 'communication_robosoccer' build argument 'cmake_clean_first' from command line to 'False'
[0.136s] [34mcolcon.colcon_core.verb[0m [1;30mLevel 5[0m set package 'communication_robosoccer' build argument 'cmake_force_configure' from command line to 'False'
[0.136s] [34mcolcon.colcon_core.verb[0m [1;30mLevel 5[0m set package 'communication_robosoccer' build argument 'ament_cmake_args' from command line to 'None'
[0.136s] [34mcolcon.colcon_core.verb[0m [1;30mLevel 5[0m set package 'communication_robosoccer' build argument 'catkin_cmake_args' from command line to 'None'
[0.136s] [34mcolcon.colcon_core.verb[0m [1;30mLevel 5[0m set package 'communication_robosoccer' build argument 'catkin_skip_building_tests' from command line to 'False'
[0.136s] [34mcolcon.colcon_core.verb[0m [1;30mDEBUG[0m [32mBuilding package 'communication_robosoccer' with the following arguments: {'ament_cmake_args': None, 'build_base': '/home/eric/wjg/elong_ws_fps/build/communication_robosoccer', 'catkin_cmake_args': None, 'catkin_skip_building_tests': False, 'cmake_args': None, 'cmake_clean_cache': False, 'cmake_clean_first': False, 'cmake_force_configure': False, 'cmake_target': None, 'cmake_target_skip_unavailable': False, 'install_base': '/home/eric/wjg/elong_ws_fps/install/communication_robosoccer', 'merge_install': False, 'path': '/home/eric/wjg/elong_ws_fps/src/communication_robosoccer', 'symlink_install': False, 'test_result_base': None}[0m
[0.136s] [34mcolcon.colcon_core.verb[0m [1;30mLevel 5[0m set package 'gui_robosoccer' build argument 'cmake_args' from command line to 'None'
[0.136s] [34mcolcon.colcon_core.verb[0m [1;30mLevel 5[0m set package 'gui_robosoccer' build argument 'cmake_target' from command line to 'None'
[0.136s] [34mcolcon.colcon_core.verb[0m [1;30mLevel 5[0m set package 'gui_robosoccer' build argument 'cmake_target_skip_unavailable' from command line to 'False'
[0.136s] [34mcolcon.colcon_core.verb[0m [1;30mLevel 5[0m set package 'gui_robosoccer' build argument 'cmake_clean_cache' from command line to 'False'
[0.136s] [34mcolcon.colcon_core.verb[0m [1;30mLevel 5[0m set package 'gui_robosoccer' build argument 'cmake_clean_first' from command line to 'False'
[0.136s] [34mcolcon.colcon_core.verb[0m [1;30mLevel 5[0m set package 'gui_robosoccer' build argument 'cmake_force_configure' from command line to 'False'
[0.136s] [34mcolcon.colcon_core.verb[0m [1;30mLevel 5[0m set package 'gui_robosoccer' build argument 'ament_cmake_args' from command line to 'None'
[0.136s] [34mcolcon.colcon_core.verb[0m [1;30mLevel 5[0m set package 'gui_robosoccer' build argument 'catkin_cmake_args' from command line to 'None'
[0.136s] [34mcolcon.colcon_core.verb[0m [1;30mLevel 5[0m set package 'gui_robosoccer' build argument 'catkin_skip_building_tests' from command line to 'False'
[0.136s] [34mcolcon.colcon_core.verb[0m [1;30mDEBUG[0m [32mBuilding package 'gui_robosoccer' with the following arguments: {'ament_cmake_args': None, 'build_base': '/home/eric/wjg/elong_ws_fps/build/gui_robosoccer', 'catkin_cmake_args': None, 'catkin_skip_building_tests': False, 'cmake_args': None, 'cmake_clean_cache': False, 'cmake_clean_first': False, 'cmake_force_configure': False, 'cmake_target': None, 'cmake_target_skip_unavailable': False, 'install_base': '/home/eric/wjg/elong_ws_fps/install/gui_robosoccer', 'merge_install': False, 'path': '/home/eric/wjg/elong_ws_fps/src/gui_robosoccer', 'symlink_install': False, 'test_result_base': None}[0m
[0.136s] [34mcolcon.colcon_core.verb[0m [1;30mLevel 5[0m set package 'strategy_robosoccer' build argument 'cmake_args' from command line to 'None'
[0.136s] [34mcolcon.colcon_core.verb[0m [1;30mLevel 5[0m set package 'strategy_robosoccer' build argument 'cmake_target' from command line to 'None'
[0.136s] [34mcolcon.colcon_core.verb[0m [1;30mLevel 5[0m set package 'strategy_robosoccer' build argument 'cmake_target_skip_unavailable' from command line to 'False'
[0.136s] [34mcolcon.colcon_core.verb[0m [1;30mLevel 5[0m set package 'strategy_robosoccer' build argument 'cmake_clean_cache' from command line to 'False'
[0.136s] [34mcolcon.colcon_core.verb[0m [1;30mLevel 5[0m set package 'strategy_robosoccer' build argument 'cmake_clean_first' from command line to 'False'
[0.136s] [34mcolcon.colcon_core.verb[0m [1;30mLevel 5[0m set package 'strategy_robosoccer' build argument 'cmake_force_configure' from command line to 'False'
[0.136s] [34mcolcon.colcon_core.verb[0m [1;30mLevel 5[0m set package 'strategy_robosoccer' build argument 'ament_cmake_args' from command line to 'None'
[0.136s] [34mcolcon.colcon_core.verb[0m [1;30mLevel 5[0m set package 'strategy_robosoccer' build argument 'catkin_cmake_args' from command line to 'None'
[0.136s] [34mcolcon.colcon_core.verb[0m [1;30mLevel 5[0m set package 'strategy_robosoccer' build argument 'catkin_skip_building_tests' from command line to 'False'
[0.136s] [34mcolcon.colcon_core.verb[0m [1;30mDEBUG[0m [32mBuilding package 'strategy_robosoccer' with the following arguments: {'ament_cmake_args': None, 'build_base': '/home/eric/wjg/elong_ws_fps/build/strategy_robosoccer', 'catkin_cmake_args': None, 'catkin_skip_building_tests': False, 'cmake_args': None, 'cmake_clean_cache': False, 'cmake_clean_first': False, 'cmake_force_configure': False, 'cmake_target': None, 'cmake_target_skip_unavailable': False, 'install_base': '/home/eric/wjg/elong_ws_fps/install/strategy_robosoccer', 'merge_install': False, 'path': '/home/eric/wjg/elong_ws_fps/src/strategy_robosoccer', 'symlink_install': False, 'test_result_base': None}[0m
[0.136s] [34mcolcon.colcon_core.verb[0m [1;30mLevel 5[0m set package 'vision_robosoccer' build argument 'cmake_args' from command line to 'None'
[0.136s] [34mcolcon.colcon_core.verb[0m [1;30mLevel 5[0m set package 'vision_robosoccer' build argument 'cmake_target' from command line to 'None'
[0.136s] [34mcolcon.colcon_core.verb[0m [1;30mLevel 5[0m set package 'vision_robosoccer' build argument 'cmake_target_skip_unavailable' from command line to 'False'
[0.136s] [34mcolcon.colcon_core.verb[0m [1;30mLevel 5[0m set package 'vision_robosoccer' build argument 'cmake_clean_cache' from command line to 'False'
[0.136s] [34mcolcon.colcon_core.verb[0m [1;30mLevel 5[0m set package 'vision_robosoccer' build argument 'cmake_clean_first' from command line to 'False'
[0.136s] [34mcolcon.colcon_core.verb[0m [1;30mLevel 5[0m set package 'vision_robosoccer' build argument 'cmake_force_configure' from command line to 'False'
[0.136s] [34mcolcon.colcon_core.verb[0m [1;30mLevel 5[0m set package 'vision_robosoccer' build argument 'ament_cmake_args' from command line to 'None'
[0.136s] [34mcolcon.colcon_core.verb[0m [1;30mLevel 5[0m set package 'vision_robosoccer' build argument 'catkin_cmake_args' from command line to 'None'
[0.136s] [34mcolcon.colcon_core.verb[0m [1;30mLevel 5[0m set package 'vision_robosoccer' build argument 'catkin_skip_building_tests' from command line to 'False'
[0.136s] [34mcolcon.colcon_core.verb[0m [1;30mDEBUG[0m [32mBuilding package 'vision_robosoccer' with the following arguments: {'ament_cmake_args': None, 'build_base': '/home/eric/wjg/elong_ws_fps/build/vision_robosoccer', 'catkin_cmake_args': None, 'catkin_skip_building_tests': False, 'cmake_args': None, 'cmake_clean_cache': False, 'cmake_clean_first': False, 'cmake_force_configure': False, 'cmake_target': None, 'cmake_target_skip_unavailable': False, 'install_base': '/home/eric/wjg/elong_ws_fps/install/vision_robosoccer', 'merge_install': False, 'path': '/home/eric/wjg/elong_ws_fps/src/vision_robosoccer', 'symlink_install': False, 'test_result_base': None}[0m
[0.136s] [34mcolcon.colcon_core.executor[0m [1;30mINFO[0m Executing jobs using 'parallel' executor
[0.137s] [34mcolcon.colcon_parallel_executor.executor.parallel[0m [1;30mDEBUG[0m [32mrun_until_complete[0m
[0.137s] [34mcolcon.colcon_ros.task.ament_cmake.build[0m [1;30mINFO[0m Building ROS package in '/home/eric/wjg/elong_ws_fps/src/message_interface_robosoccer' with build type 'ament_cmake'
[0.137s] [34mcolcon.colcon_cmake.task.cmake.build[0m [1;30mINFO[0m Building CMake package in '/home/eric/wjg/elong_ws_fps/src/message_interface_robosoccer'
[0.138s] [34mcolcon.colcon_core.plugin_system[0m [1;30mINFO[0m Skipping extension 'colcon_core.shell.bat': Not used on non-Windows systems
[0.139s] [34mcolcon.colcon_core.shell[0m [1;30mINFO[0m Skip shell extension 'powershell' for command environment: Not usable outside of PowerShell
[0.139s] [34mcolcon.colcon_core.shell[0m [1;30mDEBUG[0m [32mSkip shell extension 'dsv' for command environment[0m
[0.144s] [34mcolcon.colcon_core.event_handler.log_command[0m [1;30mDEBUG[0m [32mInvoking command in '/home/eric/wjg/elong_ws_fps/build/message_interface_robosoccer': CMAKE_PREFIX_PATH=/home/eric/wjg/elong_ws_fps/install/vision_robosoccer:/home/eric/wjg/elong_ws_fps/install/strategy_robosoccer:/home/eric/wjg/elong_ws_fps/install/gui_robosoccer:/home/eric/wjg/elong_ws_fps/install/communication_robosoccer:/home/eric/wjg/elong_ws_fps/install/message_interface_robosoccer:/opt/ros/humble:/home/eric/wjg/MultiAgent-Isaacsim/ros_msg/install/scene_msgs:/home/eric/wjg/MultiAgent-Isaacsim/ros_msg/install/plan_msgs /usr/bin/cmake --build /home/eric/wjg/elong_ws_fps/build/message_interface_robosoccer -- -j24 -l24[0m
[0.436s] [34mcolcon.colcon_core.event_handler.log_command[0m [1;30mDEBUG[0m [32mInvoked command in '/home/eric/wjg/elong_ws_fps/build/message_interface_robosoccer' returned '0': CMAKE_PREFIX_PATH=/home/eric/wjg/elong_ws_fps/install/vision_robosoccer:/home/eric/wjg/elong_ws_fps/install/strategy_robosoccer:/home/eric/wjg/elong_ws_fps/install/gui_robosoccer:/home/eric/wjg/elong_ws_fps/install/communication_robosoccer:/home/eric/wjg/elong_ws_fps/install/message_interface_robosoccer:/opt/ros/humble:/home/eric/wjg/MultiAgent-Isaacsim/ros_msg/install/scene_msgs:/home/eric/wjg/MultiAgent-Isaacsim/ros_msg/install/plan_msgs /usr/bin/cmake --build /home/eric/wjg/elong_ws_fps/build/message_interface_robosoccer -- -j24 -l24[0m
[0.442s] [34mcolcon.colcon_core.event_handler.log_command[0m [1;30mDEBUG[0m [32mInvoking command in '/home/eric/wjg/elong_ws_fps/build/message_interface_robosoccer': CMAKE_PREFIX_PATH=/home/eric/wjg/elong_ws_fps/install/vision_robosoccer:/home/eric/wjg/elong_ws_fps/install/strategy_robosoccer:/home/eric/wjg/elong_ws_fps/install/gui_robosoccer:/home/eric/wjg/elong_ws_fps/install/communication_robosoccer:/home/eric/wjg/elong_ws_fps/install/message_interface_robosoccer:/opt/ros/humble:/home/eric/wjg/MultiAgent-Isaacsim/ros_msg/install/scene_msgs:/home/eric/wjg/MultiAgent-Isaacsim/ros_msg/install/plan_msgs /usr/bin/cmake --install /home/eric/wjg/elong_ws_fps/build/message_interface_robosoccer[0m
[0.475s] [34mcolcon.colcon_core.environment[0m [1;30mLevel 1[0m create_environment_scripts_only(message_interface_robosoccer)
[0.476s] [34mcolcon.colcon_core.event_handler.log_command[0m [1;30mDEBUG[0m [32mInvoked command in '/home/eric/wjg/elong_ws_fps/build/message_interface_robosoccer' returned '0': CMAKE_PREFIX_PATH=/home/eric/wjg/elong_ws_fps/install/vision_robosoccer:/home/eric/wjg/elong_ws_fps/install/strategy_robosoccer:/home/eric/wjg/elong_ws_fps/install/gui_robosoccer:/home/eric/wjg/elong_ws_fps/install/communication_robosoccer:/home/eric/wjg/elong_ws_fps/install/message_interface_robosoccer:/opt/ros/humble:/home/eric/wjg/MultiAgent-Isaacsim/ros_msg/install/scene_msgs:/home/eric/wjg/MultiAgent-Isaacsim/ros_msg/install/plan_msgs /usr/bin/cmake --install /home/eric/wjg/elong_ws_fps/build/message_interface_robosoccer[0m
[0.476s] [34mcolcon.colcon_core.environment[0m [1;30mLevel 1[0m checking '/home/eric/wjg/elong_ws_fps/install/message_interface_robosoccer' for CMake module files
[0.477s] [34mcolcon.colcon_core.environment[0m [1;30mLevel 1[0m checking '/home/eric/wjg/elong_ws_fps/install/message_interface_robosoccer' for CMake config files
[0.477s] [34mcolcon.colcon_core.shell[0m [1;30mLevel 1[0m create_environment_hook('message_interface_robosoccer', 'cmake_prefix_path')
[0.477s] [34mcolcon.colcon_core.shell[0m [1;30mINFO[0m Creating environment hook '/home/eric/wjg/elong_ws_fps/install/message_interface_robosoccer/share/message_interface_robosoccer/hook/cmake_prefix_path.ps1'
[0.477s] [34mcolcon.colcon_core.shell[0m [1;30mINFO[0m Creating environment descriptor '/home/eric/wjg/elong_ws_fps/install/message_interface_robosoccer/share/message_interface_robosoccer/hook/cmake_prefix_path.dsv'
[0.478s] [34mcolcon.colcon_core.shell[0m [1;30mINFO[0m Creating environment hook '/home/eric/wjg/elong_ws_fps/install/message_interface_robosoccer/share/message_interface_robosoccer/hook/cmake_prefix_path.sh'
[0.478s] [34mcolcon.colcon_core.environment[0m [1;30mLevel 1[0m checking '/home/eric/wjg/elong_ws_fps/install/message_interface_robosoccer/lib'
[0.478s] [34mcolcon.colcon_core.shell[0m [1;30mLevel 1[0m create_environment_hook('message_interface_robosoccer', 'ld_library_path_lib')
[0.478s] [34mcolcon.colcon_core.shell[0m [1;30mINFO[0m Creating environment hook '/home/eric/wjg/elong_ws_fps/install/message_interface_robosoccer/share/message_interface_robosoccer/hook/ld_library_path_lib.ps1'
[0.478s] [34mcolcon.colcon_core.shell[0m [1;30mINFO[0m Creating environment descriptor '/home/eric/wjg/elong_ws_fps/install/message_interface_robosoccer/share/message_interface_robosoccer/hook/ld_library_path_lib.dsv'
[0.478s] [34mcolcon.colcon_core.shell[0m [1;30mINFO[0m Creating environment hook '/home/eric/wjg/elong_ws_fps/install/message_interface_robosoccer/share/message_interface_robosoccer/hook/ld_library_path_lib.sh'
[0.479s] [34mcolcon.colcon_core.environment[0m [1;30mLevel 1[0m checking '/home/eric/wjg/elong_ws_fps/install/message_interface_robosoccer/bin'
[0.479s] [34mcolcon.colcon_core.environment[0m [1;30mLevel 1[0m checking '/home/eric/wjg/elong_ws_fps/install/message_interface_robosoccer/lib/pkgconfig/message_interface_robosoccer.pc'
[0.479s] [34mcolcon.colcon_core.environment[0m [1;30mLevel 1[0m checking '/home/eric/wjg/elong_ws_fps/install/message_interface_robosoccer/lib/python3.10/site-packages'
[0.479s] [34mcolcon.colcon_core.environment[0m [1;30mLevel 1[0m checking '/home/eric/wjg/elong_ws_fps/install/message_interface_robosoccer/bin'
[0.479s] [34mcolcon.colcon_core.shell[0m [1;30mINFO[0m Creating package script '/home/eric/wjg/elong_ws_fps/install/message_interface_robosoccer/share/message_interface_robosoccer/package.ps1'
[0.479s] [34mcolcon.colcon_core.shell[0m [1;30mINFO[0m Creating package descriptor '/home/eric/wjg/elong_ws_fps/install/message_interface_robosoccer/share/message_interface_robosoccer/package.dsv'
[0.479s] [34mcolcon.colcon_core.shell[0m [1;30mINFO[0m Creating package script '/home/eric/wjg/elong_ws_fps/install/message_interface_robosoccer/share/message_interface_robosoccer/package.sh'
[0.480s] [34mcolcon.colcon_core.shell[0m [1;30mINFO[0m Creating package script '/home/eric/wjg/elong_ws_fps/install/message_interface_robosoccer/share/message_interface_robosoccer/package.bash'
[0.480s] [34mcolcon.colcon_core.shell[0m [1;30mINFO[0m Creating package script '/home/eric/wjg/elong_ws_fps/install/message_interface_robosoccer/share/message_interface_robosoccer/package.zsh'
[0.480s] [34mcolcon.colcon_core.environment[0m [1;30mLevel 1[0m create_file_with_runtime_dependencies(/home/eric/wjg/elong_ws_fps/install/message_interface_robosoccer/share/colcon-core/packages/message_interface_robosoccer)
[0.481s] [34mcolcon.colcon_core.environment[0m [1;30mLevel 1[0m create_environment_scripts_only(message_interface_robosoccer)
[0.481s] [34mcolcon.colcon_core.environment[0m [1;30mLevel 1[0m checking '/home/eric/wjg/elong_ws_fps/install/message_interface_robosoccer' for CMake module files
[0.481s] [34mcolcon.colcon_core.environment[0m [1;30mLevel 1[0m checking '/home/eric/wjg/elong_ws_fps/install/message_interface_robosoccer' for CMake config files
[0.481s] [34mcolcon.colcon_core.shell[0m [1;30mLevel 1[0m create_environment_hook('message_interface_robosoccer', 'cmake_prefix_path')
[0.481s] [34mcolcon.colcon_core.shell[0m [1;30mINFO[0m Creating environment hook '/home/eric/wjg/elong_ws_fps/install/message_interface_robosoccer/share/message_interface_robosoccer/hook/cmake_prefix_path.ps1'
[0.481s] [34mcolcon.colcon_core.shell[0m [1;30mINFO[0m Creating environment descriptor '/home/eric/wjg/elong_ws_fps/install/message_interface_robosoccer/share/message_interface_robosoccer/hook/cmake_prefix_path.dsv'
[0.482s] [34mcolcon.colcon_core.shell[0m [1;30mINFO[0m Creating environment hook '/home/eric/wjg/elong_ws_fps/install/message_interface_robosoccer/share/message_interface_robosoccer/hook/cmake_prefix_path.sh'
[0.482s] [34mcolcon.colcon_core.environment[0m [1;30mLevel 1[0m checking '/home/eric/wjg/elong_ws_fps/install/message_interface_robosoccer/lib'
[0.482s] [34mcolcon.colcon_core.shell[0m [1;30mLevel 1[0m create_environment_hook('message_interface_robosoccer', 'ld_library_path_lib')
[0.482s] [34mcolcon.colcon_core.shell[0m [1;30mINFO[0m Creating environment hook '/home/eric/wjg/elong_ws_fps/install/message_interface_robosoccer/share/message_interface_robosoccer/hook/ld_library_path_lib.ps1'
[0.482s] [34mcolcon.colcon_core.shell[0m [1;30mINFO[0m Creating environment descriptor '/home/eric/wjg/elong_ws_fps/install/message_interface_robosoccer/share/message_interface_robosoccer/hook/ld_library_path_lib.dsv'
[0.482s] [34mcolcon.colcon_core.shell[0m [1;30mINFO[0m Creating environment hook '/home/eric/wjg/elong_ws_fps/install/message_interface_robosoccer/share/message_interface_robosoccer/hook/ld_library_path_lib.sh'
[0.482s] [34mcolcon.colcon_core.environment[0m [1;30mLevel 1[0m checking '/home/eric/wjg/elong_ws_fps/install/message_interface_robosoccer/bin'
[0.482s] [34mcolcon.colcon_core.environment[0m [1;30mLevel 1[0m checking '/home/eric/wjg/elong_ws_fps/install/message_interface_robosoccer/lib/pkgconfig/message_interface_robosoccer.pc'
[0.482s] [34mcolcon.colcon_core.environment[0m [1;30mLevel 1[0m checking '/home/eric/wjg/elong_ws_fps/install/message_interface_robosoccer/lib/python3.10/site-packages'
[0.483s] [34mcolcon.colcon_core.environment[0m [1;30mLevel 1[0m checking '/home/eric/wjg/elong_ws_fps/install/message_interface_robosoccer/bin'
[0.483s] [34mcolcon.colcon_core.shell[0m [1;30mINFO[0m Creating package script '/home/eric/wjg/elong_ws_fps/install/message_interface_robosoccer/share/message_interface_robosoccer/package.ps1'
[0.483s] [34mcolcon.colcon_core.shell[0m [1;30mINFO[0m Creating package descriptor '/home/eric/wjg/elong_ws_fps/install/message_interface_robosoccer/share/message_interface_robosoccer/package.dsv'
[0.483s] [34mcolcon.colcon_core.shell[0m [1;30mINFO[0m Creating package script '/home/eric/wjg/elong_ws_fps/install/message_interface_robosoccer/share/message_interface_robosoccer/package.sh'
[0.483s] [34mcolcon.colcon_core.shell[0m [1;30mINFO[0m Creating package script '/home/eric/wjg/elong_ws_fps/install/message_interface_robosoccer/share/message_interface_robosoccer/package.bash'
[0.483s] [34mcolcon.colcon_core.shell[0m [1;30mINFO[0m Creating package script '/home/eric/wjg/elong_ws_fps/install/message_interface_robosoccer/share/message_interface_robosoccer/package.zsh'
[0.483s] [34mcolcon.colcon_core.environment[0m [1;30mLevel 1[0m create_file_with_runtime_dependencies(/home/eric/wjg/elong_ws_fps/install/message_interface_robosoccer/share/colcon-core/packages/message_interface_robosoccer)
[0.484s] [34mcolcon.colcon_ros.task.ament_cmake.build[0m [1;30mINFO[0m Building ROS package in '/home/eric/wjg/elong_ws_fps/src/communication_robosoccer' with build type 'ament_cmake'
[0.484s] [34mcolcon.colcon_cmake.task.cmake.build[0m [1;30mINFO[0m Building CMake package in '/home/eric/wjg/elong_ws_fps/src/communication_robosoccer'
[0.484s] [34mcolcon.colcon_core.shell[0m [1;30mINFO[0m Skip shell extension 'powershell' for command environment: Not usable outside of PowerShell
[0.484s] [34mcolcon.colcon_core.shell[0m [1;30mDEBUG[0m [32mSkip shell extension 'dsv' for command environment[0m
[0.486s] [34mcolcon.colcon_ros.task.ament_cmake.build[0m [1;30mINFO[0m Building ROS package in '/home/eric/wjg/elong_ws_fps/src/gui_robosoccer' with build type 'ament_cmake'
[0.486s] [34mcolcon.colcon_cmake.task.cmake.build[0m [1;30mINFO[0m Building CMake package in '/home/eric/wjg/elong_ws_fps/src/gui_robosoccer'
[0.486s] [34mcolcon.colcon_core.shell[0m [1;30mINFO[0m Skip shell extension 'powershell' for command environment: Not usable outside of PowerShell
[0.486s] [34mcolcon.colcon_core.shell[0m [1;30mDEBUG[0m [32mSkip shell extension 'dsv' for command environment[0m
[0.488s] [34mcolcon.colcon_ros.task.ament_cmake.build[0m [1;30mINFO[0m Building ROS package in '/home/eric/wjg/elong_ws_fps/src/strategy_robosoccer' with build type 'ament_cmake'
[0.488s] [34mcolcon.colcon_cmake.task.cmake.build[0m [1;30mINFO[0m Building CMake package in '/home/eric/wjg/elong_ws_fps/src/strategy_robosoccer'
[0.489s] [34mcolcon.colcon_core.shell[0m [1;30mINFO[0m Skip shell extension 'powershell' for command environment: Not usable outside of PowerShell
[0.489s] [34mcolcon.colcon_core.shell[0m [1;30mDEBUG[0m [32mSkip shell extension 'dsv' for command environment[0m
[0.490s] [34mcolcon.colcon_ros.task.ament_cmake.build[0m [1;30mINFO[0m Building ROS package in '/home/eric/wjg/elong_ws_fps/src/vision_robosoccer' with build type 'ament_cmake'
[0.491s] [34mcolcon.colcon_cmake.task.cmake.build[0m [1;30mINFO[0m Building CMake package in '/home/eric/wjg/elong_ws_fps/src/vision_robosoccer'
[0.491s] [34mcolcon.colcon_core.shell[0m [1;30mINFO[0m Skip shell extension 'powershell' for command environment: Not usable outside of PowerShell
[0.491s] [34mcolcon.colcon_core.shell[0m [1;30mDEBUG[0m [32mSkip shell extension 'dsv' for command environment[0m
[0.495s] [34mcolcon.colcon_core.event_handler.log_command[0m [1;30mDEBUG[0m [32mInvoking command in '/home/eric/wjg/elong_ws_fps/build/communication_robosoccer': CMAKE_PREFIX_PATH=/home/eric/wjg/elong_ws_fps/install/message_interface_robosoccer:/home/eric/wjg/elong_ws_fps/install/vision_robosoccer:/home/eric/wjg/elong_ws_fps/install/strategy_robosoccer:/home/eric/wjg/elong_ws_fps/install/gui_robosoccer:/home/eric/wjg/elong_ws_fps/install/communication_robosoccer:/opt/ros/humble:/home/eric/wjg/MultiAgent-Isaacsim/ros_msg/install/scene_msgs:/home/eric/wjg/MultiAgent-Isaacsim/ros_msg/install/plan_msgs /usr/bin/cmake --build /home/eric/wjg/elong_ws_fps/build/communication_robosoccer -- -j24 -l24[0m
[0.497s] [34mcolcon.colcon_core.event_handler.log_command[0m [1;30mDEBUG[0m [32mInvoking command in '/home/eric/wjg/elong_ws_fps/build/gui_robosoccer': CMAKE_PREFIX_PATH=/home/eric/wjg/elong_ws_fps/install/message_interface_robosoccer:/home/eric/wjg/elong_ws_fps/install/vision_robosoccer:/home/eric/wjg/elong_ws_fps/install/strategy_robosoccer:/home/eric/wjg/elong_ws_fps/install/gui_robosoccer:/home/eric/wjg/elong_ws_fps/install/communication_robosoccer:/opt/ros/humble:/home/eric/wjg/MultiAgent-Isaacsim/ros_msg/install/scene_msgs:/home/eric/wjg/MultiAgent-Isaacsim/ros_msg/install/plan_msgs /usr/bin/cmake --build /home/eric/wjg/elong_ws_fps/build/gui_robosoccer -- -j24 -l24[0m
[0.497s] [34mcolcon.colcon_core.event_handler.log_command[0m [1;30mDEBUG[0m [32mInvoking command in '/home/eric/wjg/elong_ws_fps/build/strategy_robosoccer': CMAKE_PREFIX_PATH=/home/eric/wjg/elong_ws_fps/install/message_interface_robosoccer:/home/eric/wjg/elong_ws_fps/install/vision_robosoccer:/home/eric/wjg/elong_ws_fps/install/strategy_robosoccer:/home/eric/wjg/elong_ws_fps/install/gui_robosoccer:/home/eric/wjg/elong_ws_fps/install/communication_robosoccer:/opt/ros/humble:/home/eric/wjg/MultiAgent-Isaacsim/ros_msg/install/scene_msgs:/home/eric/wjg/MultiAgent-Isaacsim/ros_msg/install/plan_msgs /usr/bin/cmake --build /home/eric/wjg/elong_ws_fps/build/strategy_robosoccer -- -j24 -l24[0m
[0.500s] [34mcolcon.colcon_core.event_handler.log_command[0m [1;30mDEBUG[0m [32mInvoking command in '/home/eric/wjg/elong_ws_fps/build/vision_robosoccer': CMAKE_PREFIX_PATH=/home/eric/wjg/elong_ws_fps/install/message_interface_robosoccer:/home/eric/wjg/elong_ws_fps/install/vision_robosoccer:/home/eric/wjg/elong_ws_fps/install/strategy_robosoccer:/home/eric/wjg/elong_ws_fps/install/gui_robosoccer:/home/eric/wjg/elong_ws_fps/install/communication_robosoccer:/opt/ros/humble:/home/eric/wjg/MultiAgent-Isaacsim/ros_msg/install/scene_msgs:/home/eric/wjg/MultiAgent-Isaacsim/ros_msg/install/plan_msgs /usr/bin/cmake --build /home/eric/wjg/elong_ws_fps/build/vision_robosoccer -- -j24 -l24[0m
[0.533s] [34mcolcon.colcon_core.event_handler.log_command[0m [1;30mDEBUG[0m [32mInvoked command in '/home/eric/wjg/elong_ws_fps/build/strategy_robosoccer' returned '0': CMAKE_PREFIX_PATH=/home/eric/wjg/elong_ws_fps/install/message_interface_robosoccer:/home/eric/wjg/elong_ws_fps/install/vision_robosoccer:/home/eric/wjg/elong_ws_fps/install/strategy_robosoccer:/home/eric/wjg/elong_ws_fps/install/gui_robosoccer:/home/eric/wjg/elong_ws_fps/install/communication_robosoccer:/opt/ros/humble:/home/eric/wjg/MultiAgent-Isaacsim/ros_msg/install/scene_msgs:/home/eric/wjg/MultiAgent-Isaacsim/ros_msg/install/plan_msgs /usr/bin/cmake --build /home/eric/wjg/elong_ws_fps/build/strategy_robosoccer -- -j24 -l24[0m
[0.535s] [34mcolcon.colcon_core.event_handler.log_command[0m [1;30mDEBUG[0m [32mInvoking command in '/home/eric/wjg/elong_ws_fps/build/strategy_robosoccer': CMAKE_PREFIX_PATH=/home/eric/wjg/elong_ws_fps/install/message_interface_robosoccer:/home/eric/wjg/elong_ws_fps/install/vision_robosoccer:/home/eric/wjg/elong_ws_fps/install/strategy_robosoccer:/home/eric/wjg/elong_ws_fps/install/gui_robosoccer:/home/eric/wjg/elong_ws_fps/install/communication_robosoccer:/opt/ros/humble:/home/eric/wjg/MultiAgent-Isaacsim/ros_msg/install/scene_msgs:/home/eric/wjg/MultiAgent-Isaacsim/ros_msg/install/plan_msgs /usr/bin/cmake --install /home/eric/wjg/elong_ws_fps/build/strategy_robosoccer[0m
[0.535s] [34mcolcon.colcon_core.event_handler.log_command[0m [1;30mDEBUG[0m [32mInvoked command in '/home/eric/wjg/elong_ws_fps/build/communication_robosoccer' returned '0': CMAKE_PREFIX_PATH=/home/eric/wjg/elong_ws_fps/install/message_interface_robosoccer:/home/eric/wjg/elong_ws_fps/install/vision_robosoccer:/home/eric/wjg/elong_ws_fps/install/strategy_robosoccer:/home/eric/wjg/elong_ws_fps/install/gui_robosoccer:/home/eric/wjg/elong_ws_fps/install/communication_robosoccer:/opt/ros/humble:/home/eric/wjg/MultiAgent-Isaacsim/ros_msg/install/scene_msgs:/home/eric/wjg/MultiAgent-Isaacsim/ros_msg/install/plan_msgs /usr/bin/cmake --build /home/eric/wjg/elong_ws_fps/build/communication_robosoccer -- -j24 -l24[0m
[0.536s] [34mcolcon.colcon_core.event_handler.log_command[0m [1;30mDEBUG[0m [32mInvoking command in '/home/eric/wjg/elong_ws_fps/build/communication_robosoccer': CMAKE_PREFIX_PATH=/home/eric/wjg/elong_ws_fps/install/message_interface_robosoccer:/home/eric/wjg/elong_ws_fps/install/vision_robosoccer:/home/eric/wjg/elong_ws_fps/install/strategy_robosoccer:/home/eric/wjg/elong_ws_fps/install/gui_robosoccer:/home/eric/wjg/elong_ws_fps/install/communication_robosoccer:/opt/ros/humble:/home/eric/wjg/MultiAgent-Isaacsim/ros_msg/install/scene_msgs:/home/eric/wjg/MultiAgent-Isaacsim/ros_msg/install/plan_msgs /usr/bin/cmake --install /home/eric/wjg/elong_ws_fps/build/communication_robosoccer[0m
[0.539s] [34mcolcon.colcon_core.environment[0m [1;30mLevel 1[0m create_environment_scripts_only(strategy_robosoccer)
[0.540s] [34mcolcon.colcon_core.environment[0m [1;30mLevel 1[0m checking '/home/eric/wjg/elong_ws_fps/install/strategy_robosoccer' for CMake module files
[0.540s] [34mcolcon.colcon_core.event_handler.log_command[0m [1;30mDEBUG[0m [32mInvoked command in '/home/eric/wjg/elong_ws_fps/build/strategy_robosoccer' returned '0': CMAKE_PREFIX_PATH=/home/eric/wjg/elong_ws_fps/install/message_interface_robosoccer:/home/eric/wjg/elong_ws_fps/install/vision_robosoccer:/home/eric/wjg/elong_ws_fps/install/strategy_robosoccer:/home/eric/wjg/elong_ws_fps/install/gui_robosoccer:/home/eric/wjg/elong_ws_fps/install/communication_robosoccer:/opt/ros/humble:/home/eric/wjg/MultiAgent-Isaacsim/ros_msg/install/scene_msgs:/home/eric/wjg/MultiAgent-Isaacsim/ros_msg/install/plan_msgs /usr/bin/cmake --install /home/eric/wjg/elong_ws_fps/build/strategy_robosoccer[0m
[0.541s] [34mcolcon.colcon_core.environment[0m [1;30mLevel 1[0m checking '/home/eric/wjg/elong_ws_fps/install/strategy_robosoccer' for CMake config files
[0.542s] [34mcolcon.colcon_core.shell[0m [1;30mLevel 1[0m create_environment_hook('strategy_robosoccer', 'cmake_prefix_path')
[0.542s] [34mcolcon.colcon_core.shell[0m [1;30mINFO[0m Creating environment hook '/home/eric/wjg/elong_ws_fps/install/strategy_robosoccer/share/strategy_robosoccer/hook/cmake_prefix_path.ps1'
[0.543s] [34mcolcon.colcon_core.shell[0m [1;30mINFO[0m Creating environment descriptor '/home/eric/wjg/elong_ws_fps/install/strategy_robosoccer/share/strategy_robosoccer/hook/cmake_prefix_path.dsv'
[0.543s] [34mcolcon.colcon_core.shell[0m [1;30mINFO[0m Creating environment hook '/home/eric/wjg/elong_ws_fps/install/strategy_robosoccer/share/strategy_robosoccer/hook/cmake_prefix_path.sh'
[0.543s] [34mcolcon.colcon_core.environment[0m [1;30mLevel 1[0m checking '/home/eric/wjg/elong_ws_fps/install/strategy_robosoccer/lib'
[0.544s] [34mcolcon.colcon_core.environment[0m [1;30mLevel 1[0m checking '/home/eric/wjg/elong_ws_fps/install/strategy_robosoccer/bin'
[0.544s] [34mcolcon.colcon_core.environment[0m [1;30mLevel 1[0m checking '/home/eric/wjg/elong_ws_fps/install/strategy_robosoccer/lib/pkgconfig/strategy_robosoccer.pc'
[0.544s] [34mcolcon.colcon_core.environment[0m [1;30mLevel 1[0m checking '/home/eric/wjg/elong_ws_fps/install/strategy_robosoccer/lib/python3.10/site-packages'
[0.544s] [34mcolcon.colcon_core.environment[0m [1;30mLevel 1[0m checking '/home/eric/wjg/elong_ws_fps/install/strategy_robosoccer/bin'
[0.544s] [34mcolcon.colcon_core.shell[0m [1;30mINFO[0m Creating package script '/home/eric/wjg/elong_ws_fps/install/strategy_robosoccer/share/strategy_robosoccer/package.ps1'
[0.545s] [34mcolcon.colcon_core.shell[0m [1;30mINFO[0m Creating package descriptor '/home/eric/wjg/elong_ws_fps/install/strategy_robosoccer/share/strategy_robosoccer/package.dsv'
[0.545s] [34mcolcon.colcon_core.shell[0m [1;30mINFO[0m Creating package script '/home/eric/wjg/elong_ws_fps/install/strategy_robosoccer/share/strategy_robosoccer/package.sh'
[0.545s] [34mcolcon.colcon_core.shell[0m [1;30mINFO[0m Creating package script '/home/eric/wjg/elong_ws_fps/install/strategy_robosoccer/share/strategy_robosoccer/package.bash'
[0.546s] [34mcolcon.colcon_core.shell[0m [1;30mINFO[0m Creating package script '/home/eric/wjg/elong_ws_fps/install/strategy_robosoccer/share/strategy_robosoccer/package.zsh'
[0.546s] [34mcolcon.colcon_core.environment[0m [1;30mLevel 1[0m create_file_with_runtime_dependencies(/home/eric/wjg/elong_ws_fps/install/strategy_robosoccer/share/colcon-core/packages/strategy_robosoccer)
[0.546s] [34mcolcon.colcon_core.environment[0m [1;30mLevel 1[0m create_environment_scripts_only(strategy_robosoccer)
[0.546s] [34mcolcon.colcon_core.environment[0m [1;30mLevel 1[0m checking '/home/eric/wjg/elong_ws_fps/install/strategy_robosoccer' for CMake module files
[0.547s] [34mcolcon.colcon_core.environment[0m [1;30mLevel 1[0m checking '/home/eric/wjg/elong_ws_fps/install/strategy_robosoccer' for CMake config files
[0.547s] [34mcolcon.colcon_core.shell[0m [1;30mLevel 1[0m create_environment_hook('strategy_robosoccer', 'cmake_prefix_path')
[0.547s] [34mcolcon.colcon_core.shell[0m [1;30mINFO[0m Creating environment hook '/home/eric/wjg/elong_ws_fps/install/strategy_robosoccer/share/strategy_robosoccer/hook/cmake_prefix_path.ps1'
[0.547s] [34mcolcon.colcon_core.shell[0m [1;30mINFO[0m Creating environment descriptor '/home/eric/wjg/elong_ws_fps/install/strategy_robosoccer/share/strategy_robosoccer/hook/cmake_prefix_path.dsv'
[0.547s] [34mcolcon.colcon_core.shell[0m [1;30mINFO[0m Creating environment hook '/home/eric/wjg/elong_ws_fps/install/strategy_robosoccer/share/strategy_robosoccer/hook/cmake_prefix_path.sh'
[0.547s] [34mcolcon.colcon_core.environment[0m [1;30mLevel 1[0m checking '/home/eric/wjg/elong_ws_fps/install/strategy_robosoccer/lib'
[0.547s] [34mcolcon.colcon_core.environment[0m [1;30mLevel 1[0m checking '/home/eric/wjg/elong_ws_fps/install/strategy_robosoccer/bin'
[0.547s] [34mcolcon.colcon_core.environment[0m [1;30mLevel 1[0m checking '/home/eric/wjg/elong_ws_fps/install/strategy_robosoccer/lib/pkgconfig/strategy_robosoccer.pc'
[0.548s] [34mcolcon.colcon_core.environment[0m [1;30mLevel 1[0m checking '/home/eric/wjg/elong_ws_fps/install/strategy_robosoccer/lib/python3.10/site-packages'
[0.548s] [34mcolcon.colcon_core.environment[0m [1;30mLevel 1[0m checking '/home/eric/wjg/elong_ws_fps/install/strategy_robosoccer/bin'
[0.548s] [34mcolcon.colcon_core.shell[0m [1;30mINFO[0m Creating package script '/home/eric/wjg/elong_ws_fps/install/strategy_robosoccer/share/strategy_robosoccer/package.ps1'
[0.548s] [34mcolcon.colcon_core.shell[0m [1;30mINFO[0m Creating package descriptor '/home/eric/wjg/elong_ws_fps/install/strategy_robosoccer/share/strategy_robosoccer/package.dsv'
[0.548s] [34mcolcon.colcon_core.shell[0m [1;30mINFO[0m Creating package script '/home/eric/wjg/elong_ws_fps/install/strategy_robosoccer/share/strategy_robosoccer/package.sh'
[0.548s] [34mcolcon.colcon_core.shell[0m [1;30mINFO[0m Creating package script '/home/eric/wjg/elong_ws_fps/install/strategy_robosoccer/share/strategy_robosoccer/package.bash'
[0.549s] [34mcolcon.colcon_core.shell[0m [1;30mINFO[0m Creating package script '/home/eric/wjg/elong_ws_fps/install/strategy_robosoccer/share/strategy_robosoccer/package.zsh'
[0.549s] [34mcolcon.colcon_core.environment[0m [1;30mLevel 1[0m create_file_with_runtime_dependencies(/home/eric/wjg/elong_ws_fps/install/strategy_robosoccer/share/colcon-core/packages/strategy_robosoccer)
[0.549s] [34mcolcon.colcon_core.environment[0m [1;30mLevel 1[0m create_environment_scripts_only(communication_robosoccer)
[0.549s] [34mcolcon.colcon_core.environment[0m [1;30mLevel 1[0m checking '/home/eric/wjg/elong_ws_fps/install/communication_robosoccer' for CMake module files
[0.550s] [34mcolcon.colcon_core.event_handler.log_command[0m [1;30mDEBUG[0m [32mInvoked command in '/home/eric/wjg/elong_ws_fps/build/communication_robosoccer' returned '0': CMAKE_PREFIX_PATH=/home/eric/wjg/elong_ws_fps/install/message_interface_robosoccer:/home/eric/wjg/elong_ws_fps/install/vision_robosoccer:/home/eric/wjg/elong_ws_fps/install/strategy_robosoccer:/home/eric/wjg/elong_ws_fps/install/gui_robosoccer:/home/eric/wjg/elong_ws_fps/install/communication_robosoccer:/opt/ros/humble:/home/eric/wjg/MultiAgent-Isaacsim/ros_msg/install/scene_msgs:/home/eric/wjg/MultiAgent-Isaacsim/ros_msg/install/plan_msgs /usr/bin/cmake --install /home/eric/wjg/elong_ws_fps/build/communication_robosoccer[0m
[0.550s] [34mcolcon.colcon_core.environment[0m [1;30mLevel 1[0m checking '/home/eric/wjg/elong_ws_fps/install/communication_robosoccer' for CMake config files
[0.550s] [34mcolcon.colcon_core.shell[0m [1;30mLevel 1[0m create_environment_hook('communication_robosoccer', 'cmake_prefix_path')
[0.550s] [34mcolcon.colcon_core.shell[0m [1;30mINFO[0m Creating environment hook '/home/eric/wjg/elong_ws_fps/install/communication_robosoccer/share/communication_robosoccer/hook/cmake_prefix_path.ps1'
[0.550s] [34mcolcon.colcon_core.shell[0m [1;30mINFO[0m Creating environment descriptor '/home/eric/wjg/elong_ws_fps/install/communication_robosoccer/share/communication_robosoccer/hook/cmake_prefix_path.dsv'
[0.550s] [34mcolcon.colcon_core.shell[0m [1;30mINFO[0m Creating environment hook '/home/eric/wjg/elong_ws_fps/install/communication_robosoccer/share/communication_robosoccer/hook/cmake_prefix_path.sh'
[0.551s] [34mcolcon.colcon_core.environment[0m [1;30mLevel 1[0m checking '/home/eric/wjg/elong_ws_fps/install/communication_robosoccer/lib'
[0.551s] [34mcolcon.colcon_core.environment[0m [1;30mLevel 1[0m checking '/home/eric/wjg/elong_ws_fps/install/communication_robosoccer/bin'
[0.551s] [34mcolcon.colcon_core.environment[0m [1;30mLevel 1[0m checking '/home/eric/wjg/elong_ws_fps/install/communication_robosoccer/lib/pkgconfig/communication_robosoccer.pc'
[0.551s] [34mcolcon.colcon_core.environment[0m [1;30mLevel 1[0m checking '/home/eric/wjg/elong_ws_fps/install/communication_robosoccer/lib/python3.10/site-packages'
[0.551s] [34mcolcon.colcon_core.environment[0m [1;30mLevel 1[0m checking '/home/eric/wjg/elong_ws_fps/install/communication_robosoccer/bin'
[0.551s] [34mcolcon.colcon_core.shell[0m [1;30mINFO[0m Creating package script '/home/eric/wjg/elong_ws_fps/install/communication_robosoccer/share/communication_robosoccer/package.ps1'
[0.551s] [34mcolcon.colcon_core.shell[0m [1;30mINFO[0m Creating package descriptor '/home/eric/wjg/elong_ws_fps/install/communication_robosoccer/share/communication_robosoccer/package.dsv'
[0.551s] [34mcolcon.colcon_core.shell[0m [1;30mINFO[0m Creating package script '/home/eric/wjg/elong_ws_fps/install/communication_robosoccer/share/communication_robosoccer/package.sh'
[0.552s] [34mcolcon.colcon_core.shell[0m [1;30mINFO[0m Creating package script '/home/eric/wjg/elong_ws_fps/install/communication_robosoccer/share/communication_robosoccer/package.bash'
[0.552s] [34mcolcon.colcon_core.shell[0m [1;30mINFO[0m Creating package script '/home/eric/wjg/elong_ws_fps/install/communication_robosoccer/share/communication_robosoccer/package.zsh'
[0.552s] [34mcolcon.colcon_core.environment[0m [1;30mLevel 1[0m create_file_with_runtime_dependencies(/home/eric/wjg/elong_ws_fps/install/communication_robosoccer/share/colcon-core/packages/communication_robosoccer)
[0.552s] [34mcolcon.colcon_core.environment[0m [1;30mLevel 1[0m create_environment_scripts_only(communication_robosoccer)
[0.552s] [34mcolcon.colcon_core.environment[0m [1;30mLevel 1[0m checking '/home/eric/wjg/elong_ws_fps/install/communication_robosoccer' for CMake module files
[0.552s] [34mcolcon.colcon_core.environment[0m [1;30mLevel 1[0m checking '/home/eric/wjg/elong_ws_fps/install/communication_robosoccer' for CMake config files
[0.552s] [34mcolcon.colcon_core.shell[0m [1;30mLevel 1[0m create_environment_hook('communication_robosoccer', 'cmake_prefix_path')
[0.552s] [34mcolcon.colcon_core.shell[0m [1;30mINFO[0m Creating environment hook '/home/eric/wjg/elong_ws_fps/install/communication_robosoccer/share/communication_robosoccer/hook/cmake_prefix_path.ps1'
[0.553s] [34mcolcon.colcon_core.shell[0m [1;30mINFO[0m Creating environment descriptor '/home/eric/wjg/elong_ws_fps/install/communication_robosoccer/share/communication_robosoccer/hook/cmake_prefix_path.dsv'
[0.553s] [34mcolcon.colcon_core.shell[0m [1;30mINFO[0m Creating environment hook '/home/eric/wjg/elong_ws_fps/install/communication_robosoccer/share/communication_robosoccer/hook/cmake_prefix_path.sh'
[0.553s] [34mcolcon.colcon_core.environment[0m [1;30mLevel 1[0m checking '/home/eric/wjg/elong_ws_fps/install/communication_robosoccer/lib'
[0.553s] [34mcolcon.colcon_core.environment[0m [1;30mLevel 1[0m checking '/home/eric/wjg/elong_ws_fps/install/communication_robosoccer/bin'
[0.553s] [34mcolcon.colcon_core.environment[0m [1;30mLevel 1[0m checking '/home/eric/wjg/elong_ws_fps/install/communication_robosoccer/lib/pkgconfig/communication_robosoccer.pc'
[0.553s] [34mcolcon.colcon_core.environment[0m [1;30mLevel 1[0m checking '/home/eric/wjg/elong_ws_fps/install/communication_robosoccer/lib/python3.10/site-packages'
[0.553s] [34mcolcon.colcon_core.environment[0m [1;30mLevel 1[0m checking '/home/eric/wjg/elong_ws_fps/install/communication_robosoccer/bin'
[0.553s] [34mcolcon.colcon_core.shell[0m [1;30mINFO[0m Creating package script '/home/eric/wjg/elong_ws_fps/install/communication_robosoccer/share/communication_robosoccer/package.ps1'
[0.554s] [34mcolcon.colcon_core.shell[0m [1;30mINFO[0m Creating package descriptor '/home/eric/wjg/elong_ws_fps/install/communication_robosoccer/share/communication_robosoccer/package.dsv'
[0.554s] [34mcolcon.colcon_core.shell[0m [1;30mINFO[0m Creating package script '/home/eric/wjg/elong_ws_fps/install/communication_robosoccer/share/communication_robosoccer/package.sh'
[0.554s] [34mcolcon.colcon_core.shell[0m [1;30mINFO[0m Creating package script '/home/eric/wjg/elong_ws_fps/install/communication_robosoccer/share/communication_robosoccer/package.bash'
[0.554s] [34mcolcon.colcon_core.shell[0m [1;30mINFO[0m Creating package script '/home/eric/wjg/elong_ws_fps/install/communication_robosoccer/share/communication_robosoccer/package.zsh'
[0.554s] [34mcolcon.colcon_core.environment[0m [1;30mLevel 1[0m create_file_with_runtime_dependencies(/home/eric/wjg/elong_ws_fps/install/communication_robosoccer/share/colcon-core/packages/communication_robosoccer)
[0.569s] [34mcolcon.colcon_core.event_handler.log_command[0m [1;30mDEBUG[0m [32mInvoked command in '/home/eric/wjg/elong_ws_fps/build/gui_robosoccer' returned '0': CMAKE_PREFIX_PATH=/home/eric/wjg/elong_ws_fps/install/message_interface_robosoccer:/home/eric/wjg/elong_ws_fps/install/vision_robosoccer:/home/eric/wjg/elong_ws_fps/install/strategy_robosoccer:/home/eric/wjg/elong_ws_fps/install/gui_robosoccer:/home/eric/wjg/elong_ws_fps/install/communication_robosoccer:/opt/ros/humble:/home/eric/wjg/MultiAgent-Isaacsim/ros_msg/install/scene_msgs:/home/eric/wjg/MultiAgent-Isaacsim/ros_msg/install/plan_msgs /usr/bin/cmake --build /home/eric/wjg/elong_ws_fps/build/gui_robosoccer -- -j24 -l24[0m
[0.570s] [34mcolcon.colcon_core.event_handler.log_command[0m [1;30mDEBUG[0m [32mInvoking command in '/home/eric/wjg/elong_ws_fps/build/gui_robosoccer': CMAKE_PREFIX_PATH=/home/eric/wjg/elong_ws_fps/install/message_interface_robosoccer:/home/eric/wjg/elong_ws_fps/install/vision_robosoccer:/home/eric/wjg/elong_ws_fps/install/strategy_robosoccer:/home/eric/wjg/elong_ws_fps/install/gui_robosoccer:/home/eric/wjg/elong_ws_fps/install/communication_robosoccer:/opt/ros/humble:/home/eric/wjg/MultiAgent-Isaacsim/ros_msg/install/scene_msgs:/home/eric/wjg/MultiAgent-Isaacsim/ros_msg/install/plan_msgs /usr/bin/cmake --install /home/eric/wjg/elong_ws_fps/build/gui_robosoccer[0m
[0.575s] [34mcolcon.colcon_core.environment[0m [1;30mLevel 1[0m create_environment_scripts_only(gui_robosoccer)
[0.576s] [34mcolcon.colcon_core.environment[0m [1;30mLevel 1[0m checking '/home/eric/wjg/elong_ws_fps/install/gui_robosoccer' for CMake module files
[0.576s] [34mcolcon.colcon_core.event_handler.log_command[0m [1;30mDEBUG[0m [32mInvoked command in '/home/eric/wjg/elong_ws_fps/build/gui_robosoccer' returned '0': CMAKE_PREFIX_PATH=/home/eric/wjg/elong_ws_fps/install/message_interface_robosoccer:/home/eric/wjg/elong_ws_fps/install/vision_robosoccer:/home/eric/wjg/elong_ws_fps/install/strategy_robosoccer:/home/eric/wjg/elong_ws_fps/install/gui_robosoccer:/home/eric/wjg/elong_ws_fps/install/communication_robosoccer:/opt/ros/humble:/home/eric/wjg/MultiAgent-Isaacsim/ros_msg/install/scene_msgs:/home/eric/wjg/MultiAgent-Isaacsim/ros_msg/install/plan_msgs /usr/bin/cmake --install /home/eric/wjg/elong_ws_fps/build/gui_robosoccer[0m
[0.577s] [34mcolcon.colcon_core.environment[0m [1;30mLevel 1[0m checking '/home/eric/wjg/elong_ws_fps/install/gui_robosoccer' for CMake config files
[0.577s] [34mcolcon.colcon_core.shell[0m [1;30mLevel 1[0m create_environment_hook('gui_robosoccer', 'cmake_prefix_path')
[0.577s] [34mcolcon.colcon_core.shell[0m [1;30mINFO[0m Creating environment hook '/home/eric/wjg/elong_ws_fps/install/gui_robosoccer/share/gui_robosoccer/hook/cmake_prefix_path.ps1'
[0.578s] [34mcolcon.colcon_core.shell[0m [1;30mINFO[0m Creating environment descriptor '/home/eric/wjg/elong_ws_fps/install/gui_robosoccer/share/gui_robosoccer/hook/cmake_prefix_path.dsv'
[0.578s] [34mcolcon.colcon_core.shell[0m [1;30mINFO[0m Creating environment hook '/home/eric/wjg/elong_ws_fps/install/gui_robosoccer/share/gui_robosoccer/hook/cmake_prefix_path.sh'
[0.579s] [34mcolcon.colcon_core.environment[0m [1;30mLevel 1[0m checking '/home/eric/wjg/elong_ws_fps/install/gui_robosoccer/lib'
[0.579s] [34mcolcon.colcon_core.environment[0m [1;30mLevel 1[0m checking '/home/eric/wjg/elong_ws_fps/install/gui_robosoccer/bin'
[0.579s] [34mcolcon.colcon_core.environment[0m [1;30mLevel 1[0m checking '/home/eric/wjg/elong_ws_fps/install/gui_robosoccer/lib/pkgconfig/gui_robosoccer.pc'
[0.579s] [34mcolcon.colcon_core.environment[0m [1;30mLevel 1[0m checking '/home/eric/wjg/elong_ws_fps/install/gui_robosoccer/lib/python3.10/site-packages'
[0.579s] [34mcolcon.colcon_core.environment[0m [1;30mLevel 1[0m checking '/home/eric/wjg/elong_ws_fps/install/gui_robosoccer/bin'
[0.579s] [34mcolcon.colcon_core.shell[0m [1;30mINFO[0m Creating package script '/home/eric/wjg/elong_ws_fps/install/gui_robosoccer/share/gui_robosoccer/package.ps1'
[0.580s] [34mcolcon.colcon_core.shell[0m [1;30mINFO[0m Creating package descriptor '/home/eric/wjg/elong_ws_fps/install/gui_robosoccer/share/gui_robosoccer/package.dsv'
[0.580s] [34mcolcon.colcon_core.shell[0m [1;30mINFO[0m Creating package script '/home/eric/wjg/elong_ws_fps/install/gui_robosoccer/share/gui_robosoccer/package.sh'
[0.580s] [34mcolcon.colcon_core.shell[0m [1;30mINFO[0m Creating package script '/home/eric/wjg/elong_ws_fps/install/gui_robosoccer/share/gui_robosoccer/package.bash'
[0.581s] [34mcolcon.colcon_core.shell[0m [1;30mINFO[0m Creating package script '/home/eric/wjg/elong_ws_fps/install/gui_robosoccer/share/gui_robosoccer/package.zsh'
[0.581s] [34mcolcon.colcon_core.environment[0m [1;30mLevel 1[0m create_file_with_runtime_dependencies(/home/eric/wjg/elong_ws_fps/install/gui_robosoccer/share/colcon-core/packages/gui_robosoccer)
[0.581s] [34mcolcon.colcon_core.environment[0m [1;30mLevel 1[0m create_environment_scripts_only(gui_robosoccer)
[0.582s] [34mcolcon.colcon_core.environment[0m [1;30mLevel 1[0m checking '/home/eric/wjg/elong_ws_fps/install/gui_robosoccer' for CMake module files
[0.582s] [34mcolcon.colcon_core.environment[0m [1;30mLevel 1[0m checking '/home/eric/wjg/elong_ws_fps/install/gui_robosoccer' for CMake config files
[0.582s] [34mcolcon.colcon_core.shell[0m [1;30mLevel 1[0m create_environment_hook('gui_robosoccer', 'cmake_prefix_path')
[0.583s] [34mcolcon.colcon_core.shell[0m [1;30mINFO[0m Creating environment hook '/home/eric/wjg/elong_ws_fps/install/gui_robosoccer/share/gui_robosoccer/hook/cmake_prefix_path.ps1'
[0.583s] [34mcolcon.colcon_core.shell[0m [1;30mINFO[0m Creating environment descriptor '/home/eric/wjg/elong_ws_fps/install/gui_robosoccer/share/gui_robosoccer/hook/cmake_prefix_path.dsv'
[0.583s] [34mcolcon.colcon_core.shell[0m [1;30mINFO[0m Creating environment hook '/home/eric/wjg/elong_ws_fps/install/gui_robosoccer/share/gui_robosoccer/hook/cmake_prefix_path.sh'
[0.584s] [34mcolcon.colcon_core.environment[0m [1;30mLevel 1[0m checking '/home/eric/wjg/elong_ws_fps/install/gui_robosoccer/lib'
[0.584s] [34mcolcon.colcon_core.environment[0m [1;30mLevel 1[0m checking '/home/eric/wjg/elong_ws_fps/install/gui_robosoccer/bin'
[0.584s] [34mcolcon.colcon_core.environment[0m [1;30mLevel 1[0m checking '/home/eric/wjg/elong_ws_fps/install/gui_robosoccer/lib/pkgconfig/gui_robosoccer.pc'
[0.584s] [34mcolcon.colcon_core.environment[0m [1;30mLevel 1[0m checking '/home/eric/wjg/elong_ws_fps/install/gui_robosoccer/lib/python3.10/site-packages'
[0.584s] [34mcolcon.colcon_core.environment[0m [1;30mLevel 1[0m checking '/home/eric/wjg/elong_ws_fps/install/gui_robosoccer/bin'
[0.584s] [34mcolcon.colcon_core.shell[0m [1;30mINFO[0m Creating package script '/home/eric/wjg/elong_ws_fps/install/gui_robosoccer/share/gui_robosoccer/package.ps1'
[0.585s] [34mcolcon.colcon_core.shell[0m [1;30mINFO[0m Creating package descriptor '/home/eric/wjg/elong_ws_fps/install/gui_robosoccer/share/gui_robosoccer/package.dsv'
[0.585s] [34mcolcon.colcon_core.shell[0m [1;30mINFO[0m Creating package script '/home/eric/wjg/elong_ws_fps/install/gui_robosoccer/share/gui_robosoccer/package.sh'
[0.585s] [34mcolcon.colcon_core.shell[0m [1;30mINFO[0m Creating package script '/home/eric/wjg/elong_ws_fps/install/gui_robosoccer/share/gui_robosoccer/package.bash'
[0.586s] [34mcolcon.colcon_core.shell[0m [1;30mINFO[0m Creating package script '/home/eric/wjg/elong_ws_fps/install/gui_robosoccer/share/gui_robosoccer/package.zsh'
[0.586s] [34mcolcon.colcon_core.environment[0m [1;30mLevel 1[0m create_file_with_runtime_dependencies(/home/eric/wjg/elong_ws_fps/install/gui_robosoccer/share/colcon-core/packages/gui_robosoccer)
[6.881s] [34mcolcon.colcon_core.event_handler.log_command[0m [1;30mDEBUG[0m [32mInvoked command in '/home/eric/wjg/elong_ws_fps/build/vision_robosoccer' returned '0': CMAKE_PREFIX_PATH=/home/eric/wjg/elong_ws_fps/install/message_interface_robosoccer:/home/eric/wjg/elong_ws_fps/install/vision_robosoccer:/home/eric/wjg/elong_ws_fps/install/strategy_robosoccer:/home/eric/wjg/elong_ws_fps/install/gui_robosoccer:/home/eric/wjg/elong_ws_fps/install/communication_robosoccer:/opt/ros/humble:/home/eric/wjg/MultiAgent-Isaacsim/ros_msg/install/scene_msgs:/home/eric/wjg/MultiAgent-Isaacsim/ros_msg/install/plan_msgs /usr/bin/cmake --build /home/eric/wjg/elong_ws_fps/build/vision_robosoccer -- -j24 -l24[0m
[6.882s] [34mcolcon.colcon_core.event_handler.log_command[0m [1;30mDEBUG[0m [32mInvoking command in '/home/eric/wjg/elong_ws_fps/build/vision_robosoccer': CMAKE_PREFIX_PATH=/home/eric/wjg/elong_ws_fps/install/message_interface_robosoccer:/home/eric/wjg/elong_ws_fps/install/vision_robosoccer:/home/eric/wjg/elong_ws_fps/install/strategy_robosoccer:/home/eric/wjg/elong_ws_fps/install/gui_robosoccer:/home/eric/wjg/elong_ws_fps/install/communication_robosoccer:/opt/ros/humble:/home/eric/wjg/MultiAgent-Isaacsim/ros_msg/install/scene_msgs:/home/eric/wjg/MultiAgent-Isaacsim/ros_msg/install/plan_msgs /usr/bin/cmake --install /home/eric/wjg/elong_ws_fps/build/vision_robosoccer[0m
[6.891s] [34mcolcon.colcon_core.environment[0m [1;30mLevel 1[0m create_environment_scripts_only(vision_robosoccer)
[6.891s] [34mcolcon.colcon_core.environment[0m [1;30mLevel 1[0m checking '/home/eric/wjg/elong_ws_fps/install/vision_robosoccer' for CMake module files
[6.891s] [34mcolcon.colcon_core.event_handler.log_command[0m [1;30mDEBUG[0m [32mInvoked command in '/home/eric/wjg/elong_ws_fps/build/vision_robosoccer' returned '0': CMAKE_PREFIX_PATH=/home/eric/wjg/elong_ws_fps/install/message_interface_robosoccer:/home/eric/wjg/elong_ws_fps/install/vision_robosoccer:/home/eric/wjg/elong_ws_fps/install/strategy_robosoccer:/home/eric/wjg/elong_ws_fps/install/gui_robosoccer:/home/eric/wjg/elong_ws_fps/install/communication_robosoccer:/opt/ros/humble:/home/eric/wjg/MultiAgent-Isaacsim/ros_msg/install/scene_msgs:/home/eric/wjg/MultiAgent-Isaacsim/ros_msg/install/plan_msgs /usr/bin/cmake --install /home/eric/wjg/elong_ws_fps/build/vision_robosoccer[0m
[6.891s] [34mcolcon.colcon_core.environment[0m [1;30mLevel 1[0m checking '/home/eric/wjg/elong_ws_fps/install/vision_robosoccer' for CMake config files
[6.891s] [34mcolcon.colcon_core.shell[0m [1;30mLevel 1[0m create_environment_hook('vision_robosoccer', 'cmake_prefix_path')
[6.892s] [34mcolcon.colcon_core.shell[0m [1;30mINFO[0m Creating environment hook '/home/eric/wjg/elong_ws_fps/install/vision_robosoccer/share/vision_robosoccer/hook/cmake_prefix_path.ps1'
[6.892s] [34mcolcon.colcon_core.shell[0m [1;30mINFO[0m Creating environment descriptor '/home/eric/wjg/elong_ws_fps/install/vision_robosoccer/share/vision_robosoccer/hook/cmake_prefix_path.dsv'
[6.892s] [34mcolcon.colcon_core.shell[0m [1;30mINFO[0m Creating environment hook '/home/eric/wjg/elong_ws_fps/install/vision_robosoccer/share/vision_robosoccer/hook/cmake_prefix_path.sh'
[6.892s] [34mcolcon.colcon_core.environment[0m [1;30mLevel 1[0m checking '/home/eric/wjg/elong_ws_fps/install/vision_robosoccer/lib'
[6.892s] [34mcolcon.colcon_core.environment[0m [1;30mLevel 1[0m checking '/home/eric/wjg/elong_ws_fps/install/vision_robosoccer/bin'
[6.892s] [34mcolcon.colcon_core.environment[0m [1;30mLevel 1[0m checking '/home/eric/wjg/elong_ws_fps/install/vision_robosoccer/lib/pkgconfig/vision_robosoccer.pc'
[6.892s] [34mcolcon.colcon_core.environment[0m [1;30mLevel 1[0m checking '/home/eric/wjg/elong_ws_fps/install/vision_robosoccer/lib/python3.10/site-packages'
[6.892s] [34mcolcon.colcon_core.environment[0m [1;30mLevel 1[0m checking '/home/eric/wjg/elong_ws_fps/install/vision_robosoccer/bin'
[6.893s] [34mcolcon.colcon_core.shell[0m [1;30mINFO[0m Creating package script '/home/eric/wjg/elong_ws_fps/install/vision_robosoccer/share/vision_robosoccer/package.ps1'
[6.893s] [34mcolcon.colcon_core.shell[0m [1;30mINFO[0m Creating package descriptor '/home/eric/wjg/elong_ws_fps/install/vision_robosoccer/share/vision_robosoccer/package.dsv'
[6.893s] [34mcolcon.colcon_core.shell[0m [1;30mINFO[0m Creating package script '/home/eric/wjg/elong_ws_fps/install/vision_robosoccer/share/vision_robosoccer/package.sh'
[6.893s] [34mcolcon.colcon_core.shell[0m [1;30mINFO[0m Creating package script '/home/eric/wjg/elong_ws_fps/install/vision_robosoccer/share/vision_robosoccer/package.bash'
[6.893s] [34mcolcon.colcon_core.shell[0m [1;30mINFO[0m Creating package script '/home/eric/wjg/elong_ws_fps/install/vision_robosoccer/share/vision_robosoccer/package.zsh'
[6.893s] [34mcolcon.colcon_core.environment[0m [1;30mLevel 1[0m create_file_with_runtime_dependencies(/home/eric/wjg/elong_ws_fps/install/vision_robosoccer/share/colcon-core/packages/vision_robosoccer)
[6.894s] [34mcolcon.colcon_core.environment[0m [1;30mLevel 1[0m create_environment_scripts_only(vision_robosoccer)
[6.894s] [34mcolcon.colcon_core.environment[0m [1;30mLevel 1[0m checking '/home/eric/wjg/elong_ws_fps/install/vision_robosoccer' for CMake module files
[6.894s] [34mcolcon.colcon_core.environment[0m [1;30mLevel 1[0m checking '/home/eric/wjg/elong_ws_fps/install/vision_robosoccer' for CMake config files
[6.894s] [34mcolcon.colcon_core.shell[0m [1;30mLevel 1[0m create_environment_hook('vision_robosoccer', 'cmake_prefix_path')
[6.894s] [34mcolcon.colcon_core.shell[0m [1;30mINFO[0m Creating environment hook '/home/eric/wjg/elong_ws_fps/install/vision_robosoccer/share/vision_robosoccer/hook/cmake_prefix_path.ps1'
[6.894s] [34mcolcon.colcon_core.shell[0m [1;30mINFO[0m Creating environment descriptor '/home/eric/wjg/elong_ws_fps/install/vision_robosoccer/share/vision_robosoccer/hook/cmake_prefix_path.dsv'
[6.894s] [34mcolcon.colcon_core.shell[0m [1;30mINFO[0m Creating environment hook '/home/eric/wjg/elong_ws_fps/install/vision_robosoccer/share/vision_robosoccer/hook/cmake_prefix_path.sh'
[6.895s] [34mcolcon.colcon_core.environment[0m [1;30mLevel 1[0m checking '/home/eric/wjg/elong_ws_fps/install/vision_robosoccer/lib'
[6.895s] [34mcolcon.colcon_core.environment[0m [1;30mLevel 1[0m checking '/home/eric/wjg/elong_ws_fps/install/vision_robosoccer/bin'
[6.895s] [34mcolcon.colcon_core.environment[0m [1;30mLevel 1[0m checking '/home/eric/wjg/elong_ws_fps/install/vision_robosoccer/lib/pkgconfig/vision_robosoccer.pc'
[6.895s] [34mcolcon.colcon_core.environment[0m [1;30mLevel 1[0m checking '/home/eric/wjg/elong_ws_fps/install/vision_robosoccer/lib/python3.10/site-packages'
[6.895s] [34mcolcon.colcon_core.environment[0m [1;30mLevel 1[0m checking '/home/eric/wjg/elong_ws_fps/install/vision_robosoccer/bin'
[6.895s] [34mcolcon.colcon_core.shell[0m [1;30mINFO[0m Creating package script '/home/eric/wjg/elong_ws_fps/install/vision_robosoccer/share/vision_robosoccer/package.ps1'
[6.895s] [34mcolcon.colcon_core.shell[0m [1;30mINFO[0m Creating package descriptor '/home/eric/wjg/elong_ws_fps/install/vision_robosoccer/share/vision_robosoccer/package.dsv'
[6.895s] [34mcolcon.colcon_core.shell[0m [1;30mINFO[0m Creating package script '/home/eric/wjg/elong_ws_fps/install/vision_robosoccer/share/vision_robosoccer/package.sh'
[6.895s] [34mcolcon.colcon_core.shell[0m [1;30mINFO[0m Creating package script '/home/eric/wjg/elong_ws_fps/install/vision_robosoccer/share/vision_robosoccer/package.bash'
[6.896s] [34mcolcon.colcon_core.shell[0m [1;30mINFO[0m Creating package script '/home/eric/wjg/elong_ws_fps/install/vision_robosoccer/share/vision_robosoccer/package.zsh'
[6.896s] [34mcolcon.colcon_core.environment[0m [1;30mLevel 1[0m create_file_with_runtime_dependencies(/home/eric/wjg/elong_ws_fps/install/vision_robosoccer/share/colcon-core/packages/vision_robosoccer)
[6.896s] [34mcolcon.colcon_parallel_executor.executor.parallel[0m [1;30mDEBUG[0m [32mclosing loop[0m
[6.896s] [34mcolcon.colcon_parallel_executor.executor.parallel[0m [1;30mDEBUG[0m [32mloop closed[0m
[6.896s] [34mcolcon.colcon_parallel_executor.executor.parallel[0m [1;30mDEBUG[0m [32mrun_until_complete finished with '0'[0m
[6.896s] [34mcolcon.colcon_core.event_reactor[0m [1;30mDEBUG[0m [32mjoining thread[0m
[6.899s] [34mcolcon.colcon_core.plugin_system[0m [1;30mINFO[0m Skipping extension 'colcon_notification.desktop_notification.terminal_notifier': Not used on non-Darwin systems
[6.899s] [34mcolcon.colcon_core.plugin_system[0m [1;30mINFO[0m Skipping extension 'colcon_notification.desktop_notification.win32': Not used on non-Windows systems
[6.899s] [34mcolcon.colcon_notification.desktop_notification[0m [1;30mINFO[0m Sending desktop notification using 'notify2'
[6.906s] [34mcolcon.colcon_core.event_reactor[0m [1;30mDEBUG[0m [32mjoined thread[0m
[6.906s] [34mcolcon.colcon_core.shell[0m [1;30mINFO[0m Creating prefix script '/home/eric/wjg/elong_ws_fps/install/local_setup.ps1'
[6.907s] [34mcolcon.colcon_core.shell[0m [1;30mINFO[0m Creating prefix util module '/home/eric/wjg/elong_ws_fps/install/_local_setup_util_ps1.py'
[6.907s] [34mcolcon.colcon_core.shell[0m [1;30mINFO[0m Creating prefix chain script '/home/eric/wjg/elong_ws_fps/install/setup.ps1'
[6.908s] [34mcolcon.colcon_core.shell[0m [1;30mINFO[0m Creating prefix script '/home/eric/wjg/elong_ws_fps/install/local_setup.sh'
[6.908s] [34mcolcon.colcon_core.shell[0m [1;30mINFO[0m Creating prefix util module '/home/eric/wjg/elong_ws_fps/install/_local_setup_util_sh.py'
[6.908s] [34mcolcon.colcon_core.shell[0m [1;30mINFO[0m Creating prefix chain script '/home/eric/wjg/elong_ws_fps/install/setup.sh'
[6.909s] [34mcolcon.colcon_core.shell[0m [1;30mINFO[0m Creating prefix script '/home/eric/wjg/elong_ws_fps/install/local_setup.bash'
[6.909s] [34mcolcon.colcon_core.shell[0m [1;30mINFO[0m Creating prefix chain script '/home/eric/wjg/elong_ws_fps/install/setup.bash'
[6.910s] [34mcolcon.colcon_core.shell[0m [1;30mINFO[0m Creating prefix script '/home/eric/wjg/elong_ws_fps/install/local_setup.zsh'
[6.910s] [34mcolcon.colcon_core.shell[0m [1;30mINFO[0m Creating prefix chain script '/home/eric/wjg/elong_ws_fps/install/setup.zsh'
