[35m[1mConsolidate compiler generated dependencies of target message_interface_robosoccer__rosidl_generator_c[0m
[  1%] Built target message_interface_robosoccer__cpp
[ 12%] Built target message_interface_robosoccer__rosidl_generator_c
[35m[1mConsolidate compiler generated dependencies of target message_interface_robosoccer__rosidl_typesupport_fastrtps_cpp[0m
[35m[1mConsolidate compiler generated dependencies of target message_interface_robosoccer__rosidl_typesupport_cpp[0m
[ 12%] Built target ament_cmake_python_copy_message_interface_robosoccer
[35m[1mConsolidate compiler generated dependencies of target message_interface_robosoccer__rosidl_typesupport_introspection_cpp[0m
[35m[1mConsolidate compiler generated dependencies of target message_interface_robosoccer__rosidl_typesupport_c[0m
[35m[1mConsolidate compiler generated dependencies of target message_interface_robosoccer__rosidl_typesupport_introspection_c[0m
[35m[1mConsolidate compiler generated dependencies of target message_interface_robosoccer__rosidl_typesupport_fastrtps_c[0m
[ 32%] Built target message_interface_robosoccer__rosidl_typesupport_fastrtps_cpp
[ 35%] Built target message_interface_robosoccer__rosidl_typesupport_c
[ 47%] Built target message_interface_robosoccer__rosidl_typesupport_cpp
[ 64%] Built target message_interface_robosoccer__rosidl_typesupport_introspection_cpp
[ 70%] Built target message_interface_robosoccer__rosidl_typesupport_introspection_c
[ 82%] Built target message_interface_robosoccer__rosidl_typesupport_fastrtps_c
[ 82%] Built target message_interface_robosoccer
[ 83%] Built target message_interface_robosoccer__py
[35m[1mConsolidate compiler generated dependencies of target message_interface_robosoccer__rosidl_generator_py[0m
[ 93%] Built target message_interface_robosoccer__rosidl_generator_py
[35m[1mConsolidate compiler generated dependencies of target message_interface_robosoccer__rosidl_typesupport_c__pyext[0m
[35m[1mConsolidate compiler generated dependencies of target message_interface_robosoccer__rosidl_typesupport_introspection_c__pyext[0m
[35m[1mConsolidate compiler generated dependencies of target message_interface_robosoccer__rosidl_typesupport_fastrtps_c__pyext[0m
[ 96%] Built target message_interface_robosoccer__rosidl_typesupport_introspection_c__pyext
[ 97%] Built target message_interface_robosoccer__rosidl_typesupport_fastrtps_c__pyext
[100%] Built target message_interface_robosoccer__rosidl_typesupport_c__pyext
running egg_info
writing manifest file 'message_interface_robosoccer.egg-info/SOURCES.txt'
[100%] Built target ament_cmake_python_build_message_interface_robosoccer_egg
-- Install configuration: ""
-- Up-to-date: /home/eric/wjg/elong_ws_fps/install/message_interface_robosoccer/share/ament_index/resource_index/rosidl_interfaces/message_interface_robosoccer
-- Up-to-date: /home/eric/wjg/elong_ws_fps/install/message_interface_robosoccer/include/message_interface_robosoccer/message_interface_robosoccer
-- Up-to-date: /home/eric/wjg/elong_ws_fps/install/message_interface_robosoccer/include/message_interface_robosoccer/message_interface_robosoccer/msg
-- Up-to-date: /home/eric/wjg/elong_ws_fps/install/message_interface_robosoccer/include/message_interface_robosoccer/message_interface_robosoccer/msg/rosidl_generator_c__visibility_control.h
-- Up-to-date: /home/eric/wjg/elong_ws_fps/install/message_interface_robosoccer/include/message_interface_robosoccer/message_interface_robosoccer/msg/pose.h
-- Up-to-date: /home/eric/wjg/elong_ws_fps/install/message_interface_robosoccer/include/message_interface_robosoccer/message_interface_robosoccer/msg/velocity.h
-- Up-to-date: /home/eric/wjg/elong_ws_fps/install/message_interface_robosoccer/include/message_interface_robosoccer/message_interface_robosoccer/msg/detail
-- Up-to-date: /home/eric/wjg/elong_ws_fps/install/message_interface_robosoccer/include/message_interface_robosoccer/message_interface_robosoccer/msg/detail/pose__functions.h
-- Up-to-date: /home/eric/wjg/elong_ws_fps/install/message_interface_robosoccer/include/message_interface_robosoccer/message_interface_robosoccer/msg/detail/image__functions.c
-- Up-to-date: /home/eric/wjg/elong_ws_fps/install/message_interface_robosoccer/include/message_interface_robosoccer/message_interface_robosoccer/msg/detail/point_calibration__struct.h
-- Up-to-date: /home/eric/wjg/elong_ws_fps/install/message_interface_robosoccer/include/message_interface_robosoccer/message_interface_robosoccer/msg/detail/image__functions.h
-- Up-to-date: /home/eric/wjg/elong_ws_fps/install/message_interface_robosoccer/include/message_interface_robosoccer/message_interface_robosoccer/msg/detail/decision_var__struct.h
-- Up-to-date: /home/eric/wjg/elong_ws_fps/install/message_interface_robosoccer/include/message_interface_robosoccer/message_interface_robosoccer/msg/detail/point__functions.c
-- Up-to-date: /home/eric/wjg/elong_ws_fps/install/message_interface_robosoccer/include/message_interface_robosoccer/message_interface_robosoccer/msg/detail/pose_robots__functions.c
-- Up-to-date: /home/eric/wjg/elong_ws_fps/install/message_interface_robosoccer/include/message_interface_robosoccer/message_interface_robosoccer/msg/detail/velocity__functions.h
-- Up-to-date: /home/eric/wjg/elong_ws_fps/install/message_interface_robosoccer/include/message_interface_robosoccer/message_interface_robosoccer/msg/detail/array_threshold__functions.c
-- Up-to-date: /home/eric/wjg/elong_ws_fps/install/message_interface_robosoccer/include/message_interface_robosoccer/message_interface_robosoccer/msg/detail/decision_var__functions.h
-- Up-to-date: /home/eric/wjg/elong_ws_fps/install/message_interface_robosoccer/include/message_interface_robosoccer/message_interface_robosoccer/msg/detail/point_calibration__functions.h
-- Up-to-date: /home/eric/wjg/elong_ws_fps/install/message_interface_robosoccer/include/message_interface_robosoccer/message_interface_robosoccer/msg/detail/array_threshold__type_support.h
-- Up-to-date: /home/eric/wjg/elong_ws_fps/install/message_interface_robosoccer/include/message_interface_robosoccer/message_interface_robosoccer/msg/detail/pose_robots__type_support.h
-- Up-to-date: /home/eric/wjg/elong_ws_fps/install/message_interface_robosoccer/include/message_interface_robosoccer/message_interface_robosoccer/msg/detail/image__type_support.h
-- Up-to-date: /home/eric/wjg/elong_ws_fps/install/message_interface_robosoccer/include/message_interface_robosoccer/message_interface_robosoccer/msg/detail/velocity_robots__functions.c
-- Up-to-date: /home/eric/wjg/elong_ws_fps/install/message_interface_robosoccer/include/message_interface_robosoccer/message_interface_robosoccer/msg/detail/pose_robots__functions.h
-- Up-to-date: /home/eric/wjg/elong_ws_fps/install/message_interface_robosoccer/include/message_interface_robosoccer/message_interface_robosoccer/msg/detail/pose__functions.c
-- Up-to-date: /home/eric/wjg/elong_ws_fps/install/message_interface_robosoccer/include/message_interface_robosoccer/message_interface_robosoccer/msg/detail/velocity__struct.h
-- Up-to-date: /home/eric/wjg/elong_ws_fps/install/message_interface_robosoccer/include/message_interface_robosoccer/message_interface_robosoccer/msg/detail/velocity_robots__struct.h
-- Up-to-date: /home/eric/wjg/elong_ws_fps/install/message_interface_robosoccer/include/message_interface_robosoccer/message_interface_robosoccer/msg/detail/point__type_support.h
-- Up-to-date: /home/eric/wjg/elong_ws_fps/install/message_interface_robosoccer/include/message_interface_robosoccer/message_interface_robosoccer/msg/detail/pose_robots__struct.h
-- Up-to-date: /home/eric/wjg/elong_ws_fps/install/message_interface_robosoccer/include/message_interface_robosoccer/message_interface_robosoccer/msg/detail/pose__type_support.h
-- Up-to-date: /home/eric/wjg/elong_ws_fps/install/message_interface_robosoccer/include/message_interface_robosoccer/message_interface_robosoccer/msg/detail/velocity__type_support.h
-- Up-to-date: /home/eric/wjg/elong_ws_fps/install/message_interface_robosoccer/include/message_interface_robosoccer/message_interface_robosoccer/msg/detail/array_threshold__functions.h
-- Up-to-date: /home/eric/wjg/elong_ws_fps/install/message_interface_robosoccer/include/message_interface_robosoccer/message_interface_robosoccer/msg/detail/point__functions.h
-- Up-to-date: /home/eric/wjg/elong_ws_fps/install/message_interface_robosoccer/include/message_interface_robosoccer/message_interface_robosoccer/msg/detail/velocity__functions.c
-- Up-to-date: /home/eric/wjg/elong_ws_fps/install/message_interface_robosoccer/include/message_interface_robosoccer/message_interface_robosoccer/msg/detail/velocity_robots__functions.h
-- Up-to-date: /home/eric/wjg/elong_ws_fps/install/message_interface_robosoccer/include/message_interface_robosoccer/message_interface_robosoccer/msg/detail/image__struct.h
-- Up-to-date: /home/eric/wjg/elong_ws_fps/install/message_interface_robosoccer/include/message_interface_robosoccer/message_interface_robosoccer/msg/detail/pose__struct.h
-- Up-to-date: /home/eric/wjg/elong_ws_fps/install/message_interface_robosoccer/include/message_interface_robosoccer/message_interface_robosoccer/msg/detail/velocity_robots__type_support.h
-- Up-to-date: /home/eric/wjg/elong_ws_fps/install/message_interface_robosoccer/include/message_interface_robosoccer/message_interface_robosoccer/msg/detail/point_calibration__type_support.h
-- Up-to-date: /home/eric/wjg/elong_ws_fps/install/message_interface_robosoccer/include/message_interface_robosoccer/message_interface_robosoccer/msg/detail/point__struct.h
-- Up-to-date: /home/eric/wjg/elong_ws_fps/install/message_interface_robosoccer/include/message_interface_robosoccer/message_interface_robosoccer/msg/detail/array_threshold__struct.h
-- Up-to-date: /home/eric/wjg/elong_ws_fps/install/message_interface_robosoccer/include/message_interface_robosoccer/message_interface_robosoccer/msg/detail/decision_var__type_support.h
-- Up-to-date: /home/eric/wjg/elong_ws_fps/install/message_interface_robosoccer/include/message_interface_robosoccer/message_interface_robosoccer/msg/detail/decision_var__functions.c
-- Up-to-date: /home/eric/wjg/elong_ws_fps/install/message_interface_robosoccer/include/message_interface_robosoccer/message_interface_robosoccer/msg/detail/point_calibration__functions.c
-- Up-to-date: /home/eric/wjg/elong_ws_fps/install/message_interface_robosoccer/include/message_interface_robosoccer/message_interface_robosoccer/msg/array_threshold.h
-- Up-to-date: /home/eric/wjg/elong_ws_fps/install/message_interface_robosoccer/include/message_interface_robosoccer/message_interface_robosoccer/msg/pose_robots.h
-- Up-to-date: /home/eric/wjg/elong_ws_fps/install/message_interface_robosoccer/include/message_interface_robosoccer/message_interface_robosoccer/msg/velocity_robots.h
-- Up-to-date: /home/eric/wjg/elong_ws_fps/install/message_interface_robosoccer/include/message_interface_robosoccer/message_interface_robosoccer/msg/decision_var.h
-- Up-to-date: /home/eric/wjg/elong_ws_fps/install/message_interface_robosoccer/include/message_interface_robosoccer/message_interface_robosoccer/msg/image.h
-- Up-to-date: /home/eric/wjg/elong_ws_fps/install/message_interface_robosoccer/include/message_interface_robosoccer/message_interface_robosoccer/msg/point_calibration.h
-- Up-to-date: /home/eric/wjg/elong_ws_fps/install/message_interface_robosoccer/include/message_interface_robosoccer/message_interface_robosoccer/msg/point.h
-- Up-to-date: /home/eric/wjg/elong_ws_fps/install/message_interface_robosoccer/share/message_interface_robosoccer/environment/library_path.sh
-- Up-to-date: /home/eric/wjg/elong_ws_fps/install/message_interface_robosoccer/share/message_interface_robosoccer/environment/library_path.dsv
-- Up-to-date: /home/eric/wjg/elong_ws_fps/install/message_interface_robosoccer/lib/libmessage_interface_robosoccer__rosidl_generator_c.so
-- Up-to-date: /home/eric/wjg/elong_ws_fps/install/message_interface_robosoccer/include/message_interface_robosoccer/message_interface_robosoccer
-- Up-to-date: /home/eric/wjg/elong_ws_fps/install/message_interface_robosoccer/include/message_interface_robosoccer/message_interface_robosoccer/msg
-- Up-to-date: /home/eric/wjg/elong_ws_fps/install/message_interface_robosoccer/include/message_interface_robosoccer/message_interface_robosoccer/msg/detail
-- Up-to-date: /home/eric/wjg/elong_ws_fps/install/message_interface_robosoccer/include/message_interface_robosoccer/message_interface_robosoccer/msg/detail/velocity__rosidl_typesupport_fastrtps_c.h
-- Up-to-date: /home/eric/wjg/elong_ws_fps/install/message_interface_robosoccer/include/message_interface_robosoccer/message_interface_robosoccer/msg/detail/decision_var__rosidl_typesupport_fastrtps_c.h
-- Up-to-date: /home/eric/wjg/elong_ws_fps/install/message_interface_robosoccer/include/message_interface_robosoccer/message_interface_robosoccer/msg/detail/point_calibration__rosidl_typesupport_fastrtps_c.h
-- Up-to-date: /home/eric/wjg/elong_ws_fps/install/message_interface_robosoccer/include/message_interface_robosoccer/message_interface_robosoccer/msg/detail/array_threshold__rosidl_typesupport_fastrtps_c.h
-- Up-to-date: /home/eric/wjg/elong_ws_fps/install/message_interface_robosoccer/include/message_interface_robosoccer/message_interface_robosoccer/msg/detail/pose__rosidl_typesupport_fastrtps_c.h
-- Up-to-date: /home/eric/wjg/elong_ws_fps/install/message_interface_robosoccer/include/message_interface_robosoccer/message_interface_robosoccer/msg/detail/image__rosidl_typesupport_fastrtps_c.h
-- Up-to-date: /home/eric/wjg/elong_ws_fps/install/message_interface_robosoccer/include/message_interface_robosoccer/message_interface_robosoccer/msg/detail/pose_robots__rosidl_typesupport_fastrtps_c.h
-- Up-to-date: /home/eric/wjg/elong_ws_fps/install/message_interface_robosoccer/include/message_interface_robosoccer/message_interface_robosoccer/msg/detail/velocity_robots__rosidl_typesupport_fastrtps_c.h
-- Up-to-date: /home/eric/wjg/elong_ws_fps/install/message_interface_robosoccer/include/message_interface_robosoccer/message_interface_robosoccer/msg/detail/point__rosidl_typesupport_fastrtps_c.h
-- Up-to-date: /home/eric/wjg/elong_ws_fps/install/message_interface_robosoccer/include/message_interface_robosoccer/message_interface_robosoccer/msg/rosidl_typesupport_fastrtps_c__visibility_control.h
-- Up-to-date: /home/eric/wjg/elong_ws_fps/install/message_interface_robosoccer/lib/libmessage_interface_robosoccer__rosidl_typesupport_fastrtps_c.so
-- Up-to-date: /home/eric/wjg/elong_ws_fps/install/message_interface_robosoccer/include/message_interface_robosoccer/message_interface_robosoccer
-- Up-to-date: /home/eric/wjg/elong_ws_fps/install/message_interface_robosoccer/include/message_interface_robosoccer/message_interface_robosoccer/msg
-- Up-to-date: /home/eric/wjg/elong_ws_fps/install/message_interface_robosoccer/include/message_interface_robosoccer/message_interface_robosoccer/msg/detail
-- Up-to-date: /home/eric/wjg/elong_ws_fps/install/message_interface_robosoccer/include/message_interface_robosoccer/message_interface_robosoccer/msg/detail/point_calibration__rosidl_typesupport_introspection_c.h
-- Up-to-date: /home/eric/wjg/elong_ws_fps/install/message_interface_robosoccer/include/message_interface_robosoccer/message_interface_robosoccer/msg/detail/decision_var__rosidl_typesupport_introspection_c.h
-- Up-to-date: /home/eric/wjg/elong_ws_fps/install/message_interface_robosoccer/include/message_interface_robosoccer/message_interface_robosoccer/msg/detail/velocity__rosidl_typesupport_introspection_c.h
-- Up-to-date: /home/eric/wjg/elong_ws_fps/install/message_interface_robosoccer/include/message_interface_robosoccer/message_interface_robosoccer/msg/detail/decision_var__type_support.c
-- Up-to-date: /home/eric/wjg/elong_ws_fps/install/message_interface_robosoccer/include/message_interface_robosoccer/message_interface_robosoccer/msg/detail/image__rosidl_typesupport_introspection_c.h
-- Up-to-date: /home/eric/wjg/elong_ws_fps/install/message_interface_robosoccer/include/message_interface_robosoccer/message_interface_robosoccer/msg/detail/point__type_support.c
-- Up-to-date: /home/eric/wjg/elong_ws_fps/install/message_interface_robosoccer/include/message_interface_robosoccer/message_interface_robosoccer/msg/detail/point_calibration__type_support.c
-- Up-to-date: /home/eric/wjg/elong_ws_fps/install/message_interface_robosoccer/include/message_interface_robosoccer/message_interface_robosoccer/msg/detail/image__type_support.c
-- Up-to-date: /home/eric/wjg/elong_ws_fps/install/message_interface_robosoccer/include/message_interface_robosoccer/message_interface_robosoccer/msg/detail/pose_robots__rosidl_typesupport_introspection_c.h
-- Up-to-date: /home/eric/wjg/elong_ws_fps/install/message_interface_robosoccer/include/message_interface_robosoccer/message_interface_robosoccer/msg/detail/point__rosidl_typesupport_introspection_c.h
-- Up-to-date: /home/eric/wjg/elong_ws_fps/install/message_interface_robosoccer/include/message_interface_robosoccer/message_interface_robosoccer/msg/detail/array_threshold__rosidl_typesupport_introspection_c.h
-- Up-to-date: /home/eric/wjg/elong_ws_fps/install/message_interface_robosoccer/include/message_interface_robosoccer/message_interface_robosoccer/msg/detail/velocity_robots__rosidl_typesupport_introspection_c.h
-- Up-to-date: /home/eric/wjg/elong_ws_fps/install/message_interface_robosoccer/include/message_interface_robosoccer/message_interface_robosoccer/msg/detail/pose_robots__type_support.c
-- Up-to-date: /home/eric/wjg/elong_ws_fps/install/message_interface_robosoccer/include/message_interface_robosoccer/message_interface_robosoccer/msg/detail/array_threshold__type_support.c
-- Up-to-date: /home/eric/wjg/elong_ws_fps/install/message_interface_robosoccer/include/message_interface_robosoccer/message_interface_robosoccer/msg/detail/pose__rosidl_typesupport_introspection_c.h
-- Up-to-date: /home/eric/wjg/elong_ws_fps/install/message_interface_robosoccer/include/message_interface_robosoccer/message_interface_robosoccer/msg/detail/velocity__type_support.c
-- Up-to-date: /home/eric/wjg/elong_ws_fps/install/message_interface_robosoccer/include/message_interface_robosoccer/message_interface_robosoccer/msg/detail/pose__type_support.c
-- Up-to-date: /home/eric/wjg/elong_ws_fps/install/message_interface_robosoccer/include/message_interface_robosoccer/message_interface_robosoccer/msg/detail/velocity_robots__type_support.c
-- Up-to-date: /home/eric/wjg/elong_ws_fps/install/message_interface_robosoccer/include/message_interface_robosoccer/message_interface_robosoccer/msg/rosidl_typesupport_introspection_c__visibility_control.h
-- Up-to-date: /home/eric/wjg/elong_ws_fps/install/message_interface_robosoccer/lib/libmessage_interface_robosoccer__rosidl_typesupport_introspection_c.so
-- Up-to-date: /home/eric/wjg/elong_ws_fps/install/message_interface_robosoccer/lib/libmessage_interface_robosoccer__rosidl_typesupport_c.so
-- Up-to-date: /home/eric/wjg/elong_ws_fps/install/message_interface_robosoccer/include/message_interface_robosoccer/message_interface_robosoccer
-- Up-to-date: /home/eric/wjg/elong_ws_fps/install/message_interface_robosoccer/include/message_interface_robosoccer/message_interface_robosoccer/msg
-- Up-to-date: /home/eric/wjg/elong_ws_fps/install/message_interface_robosoccer/include/message_interface_robosoccer/message_interface_robosoccer/msg/decision_var.hpp
-- Up-to-date: /home/eric/wjg/elong_ws_fps/install/message_interface_robosoccer/include/message_interface_robosoccer/message_interface_robosoccer/msg/velocity_robots.hpp
-- Up-to-date: /home/eric/wjg/elong_ws_fps/install/message_interface_robosoccer/include/message_interface_robosoccer/message_interface_robosoccer/msg/detail
-- Up-to-date: /home/eric/wjg/elong_ws_fps/install/message_interface_robosoccer/include/message_interface_robosoccer/message_interface_robosoccer/msg/detail/pose_robots__builder.hpp
-- Up-to-date: /home/eric/wjg/elong_ws_fps/install/message_interface_robosoccer/include/message_interface_robosoccer/message_interface_robosoccer/msg/detail/point_calibration__builder.hpp
-- Up-to-date: /home/eric/wjg/elong_ws_fps/install/message_interface_robosoccer/include/message_interface_robosoccer/message_interface_robosoccer/msg/detail/decision_var__traits.hpp
-- Up-to-date: /home/eric/wjg/elong_ws_fps/install/message_interface_robosoccer/include/message_interface_robosoccer/message_interface_robosoccer/msg/detail/point__builder.hpp
-- Up-to-date: /home/eric/wjg/elong_ws_fps/install/message_interface_robosoccer/include/message_interface_robosoccer/message_interface_robosoccer/msg/detail/pose__traits.hpp
-- Up-to-date: /home/eric/wjg/elong_ws_fps/install/message_interface_robosoccer/include/message_interface_robosoccer/message_interface_robosoccer/msg/detail/point__struct.hpp
-- Up-to-date: /home/eric/wjg/elong_ws_fps/install/message_interface_robosoccer/include/message_interface_robosoccer/message_interface_robosoccer/msg/detail/array_threshold__traits.hpp
-- Up-to-date: /home/eric/wjg/elong_ws_fps/install/message_interface_robosoccer/include/message_interface_robosoccer/message_interface_robosoccer/msg/detail/velocity_robots__builder.hpp
-- Up-to-date: /home/eric/wjg/elong_ws_fps/install/message_interface_robosoccer/include/message_interface_robosoccer/message_interface_robosoccer/msg/detail/point__traits.hpp
-- Up-to-date: /home/eric/wjg/elong_ws_fps/install/message_interface_robosoccer/include/message_interface_robosoccer/message_interface_robosoccer/msg/detail/velocity__struct.hpp
-- Up-to-date: /home/eric/wjg/elong_ws_fps/install/message_interface_robosoccer/include/message_interface_robosoccer/message_interface_robosoccer/msg/detail/image__traits.hpp
-- Up-to-date: /home/eric/wjg/elong_ws_fps/install/message_interface_robosoccer/include/message_interface_robosoccer/message_interface_robosoccer/msg/detail/pose_robots__traits.hpp
-- Up-to-date: /home/eric/wjg/elong_ws_fps/install/message_interface_robosoccer/include/message_interface_robosoccer/message_interface_robosoccer/msg/detail/decision_var__struct.hpp
-- Up-to-date: /home/eric/wjg/elong_ws_fps/install/message_interface_robosoccer/include/message_interface_robosoccer/message_interface_robosoccer/msg/detail/image__builder.hpp
-- Up-to-date: /home/eric/wjg/elong_ws_fps/install/message_interface_robosoccer/include/message_interface_robosoccer/message_interface_robosoccer/msg/detail/velocity_robots__traits.hpp
-- Up-to-date: /home/eric/wjg/elong_ws_fps/install/message_interface_robosoccer/include/message_interface_robosoccer/message_interface_robosoccer/msg/detail/velocity__builder.hpp
-- Up-to-date: /home/eric/wjg/elong_ws_fps/install/message_interface_robosoccer/include/message_interface_robosoccer/message_interface_robosoccer/msg/detail/point_calibration__traits.hpp
-- Up-to-date: /home/eric/wjg/elong_ws_fps/install/message_interface_robosoccer/include/message_interface_robosoccer/message_interface_robosoccer/msg/detail/pose__struct.hpp
-- Up-to-date: /home/eric/wjg/elong_ws_fps/install/message_interface_robosoccer/include/message_interface_robosoccer/message_interface_robosoccer/msg/detail/decision_var__builder.hpp
-- Up-to-date: /home/eric/wjg/elong_ws_fps/install/message_interface_robosoccer/include/message_interface_robosoccer/message_interface_robosoccer/msg/detail/array_threshold__builder.hpp
-- Up-to-date: /home/eric/wjg/elong_ws_fps/install/message_interface_robosoccer/include/message_interface_robosoccer/message_interface_robosoccer/msg/detail/pose_robots__struct.hpp
-- Up-to-date: /home/eric/wjg/elong_ws_fps/install/message_interface_robosoccer/include/message_interface_robosoccer/message_interface_robosoccer/msg/detail/velocity__traits.hpp
-- Up-to-date: /home/eric/wjg/elong_ws_fps/install/message_interface_robosoccer/include/message_interface_robosoccer/message_interface_robosoccer/msg/detail/pose__builder.hpp
-- Up-to-date: /home/eric/wjg/elong_ws_fps/install/message_interface_robosoccer/include/message_interface_robosoccer/message_interface_robosoccer/msg/detail/array_threshold__struct.hpp
-- Up-to-date: /home/eric/wjg/elong_ws_fps/install/message_interface_robosoccer/include/message_interface_robosoccer/message_interface_robosoccer/msg/detail/velocity_robots__struct.hpp
-- Up-to-date: /home/eric/wjg/elong_ws_fps/install/message_interface_robosoccer/include/message_interface_robosoccer/message_interface_robosoccer/msg/detail/image__struct.hpp
-- Up-to-date: /home/eric/wjg/elong_ws_fps/install/message_interface_robosoccer/include/message_interface_robosoccer/message_interface_robosoccer/msg/detail/point_calibration__struct.hpp
-- Up-to-date: /home/eric/wjg/elong_ws_fps/install/message_interface_robosoccer/include/message_interface_robosoccer/message_interface_robosoccer/msg/image.hpp
-- Up-to-date: /home/eric/wjg/elong_ws_fps/install/message_interface_robosoccer/include/message_interface_robosoccer/message_interface_robosoccer/msg/point.hpp
-- Up-to-date: /home/eric/wjg/elong_ws_fps/install/message_interface_robosoccer/include/message_interface_robosoccer/message_interface_robosoccer/msg/array_threshold.hpp
-- Up-to-date: /home/eric/wjg/elong_ws_fps/install/message_interface_robosoccer/include/message_interface_robosoccer/message_interface_robosoccer/msg/point_calibration.hpp
-- Up-to-date: /home/eric/wjg/elong_ws_fps/install/message_interface_robosoccer/include/message_interface_robosoccer/message_interface_robosoccer/msg/pose.hpp
-- Up-to-date: /home/eric/wjg/elong_ws_fps/install/message_interface_robosoccer/include/message_interface_robosoccer/message_interface_robosoccer/msg/velocity.hpp
-- Up-to-date: /home/eric/wjg/elong_ws_fps/install/message_interface_robosoccer/include/message_interface_robosoccer/message_interface_robosoccer/msg/pose_robots.hpp
-- Up-to-date: /home/eric/wjg/elong_ws_fps/install/message_interface_robosoccer/include/message_interface_robosoccer/message_interface_robosoccer
-- Up-to-date: /home/eric/wjg/elong_ws_fps/install/message_interface_robosoccer/include/message_interface_robosoccer/message_interface_robosoccer/msg
-- Up-to-date: /home/eric/wjg/elong_ws_fps/install/message_interface_robosoccer/include/message_interface_robosoccer/message_interface_robosoccer/msg/detail
-- Up-to-date: /home/eric/wjg/elong_ws_fps/install/message_interface_robosoccer/include/message_interface_robosoccer/message_interface_robosoccer/msg/detail/dds_fastrtps
-- Up-to-date: /home/eric/wjg/elong_ws_fps/install/message_interface_robosoccer/include/message_interface_robosoccer/message_interface_robosoccer/msg/detail/point_calibration__rosidl_typesupport_fastrtps_cpp.hpp
-- Up-to-date: /home/eric/wjg/elong_ws_fps/install/message_interface_robosoccer/include/message_interface_robosoccer/message_interface_robosoccer/msg/detail/velocity_robots__rosidl_typesupport_fastrtps_cpp.hpp
-- Up-to-date: /home/eric/wjg/elong_ws_fps/install/message_interface_robosoccer/include/message_interface_robosoccer/message_interface_robosoccer/msg/detail/image__rosidl_typesupport_fastrtps_cpp.hpp
-- Up-to-date: /home/eric/wjg/elong_ws_fps/install/message_interface_robosoccer/include/message_interface_robosoccer/message_interface_robosoccer/msg/detail/velocity__rosidl_typesupport_fastrtps_cpp.hpp
-- Up-to-date: /home/eric/wjg/elong_ws_fps/install/message_interface_robosoccer/include/message_interface_robosoccer/message_interface_robosoccer/msg/detail/decision_var__rosidl_typesupport_fastrtps_cpp.hpp
-- Up-to-date: /home/eric/wjg/elong_ws_fps/install/message_interface_robosoccer/include/message_interface_robosoccer/message_interface_robosoccer/msg/detail/point__rosidl_typesupport_fastrtps_cpp.hpp
-- Up-to-date: /home/eric/wjg/elong_ws_fps/install/message_interface_robosoccer/include/message_interface_robosoccer/message_interface_robosoccer/msg/detail/pose_robots__rosidl_typesupport_fastrtps_cpp.hpp
-- Up-to-date: /home/eric/wjg/elong_ws_fps/install/message_interface_robosoccer/include/message_interface_robosoccer/message_interface_robosoccer/msg/detail/array_threshold__rosidl_typesupport_fastrtps_cpp.hpp
-- Up-to-date: /home/eric/wjg/elong_ws_fps/install/message_interface_robosoccer/include/message_interface_robosoccer/message_interface_robosoccer/msg/detail/pose__rosidl_typesupport_fastrtps_cpp.hpp
-- Up-to-date: /home/eric/wjg/elong_ws_fps/install/message_interface_robosoccer/include/message_interface_robosoccer/message_interface_robosoccer/msg/rosidl_typesupport_fastrtps_cpp__visibility_control.h
-- Up-to-date: /home/eric/wjg/elong_ws_fps/install/message_interface_robosoccer/lib/libmessage_interface_robosoccer__rosidl_typesupport_fastrtps_cpp.so
-- Up-to-date: /home/eric/wjg/elong_ws_fps/install/message_interface_robosoccer/include/message_interface_robosoccer/message_interface_robosoccer
-- Up-to-date: /home/eric/wjg/elong_ws_fps/install/message_interface_robosoccer/include/message_interface_robosoccer/message_interface_robosoccer/msg
-- Up-to-date: /home/eric/wjg/elong_ws_fps/install/message_interface_robosoccer/include/message_interface_robosoccer/message_interface_robosoccer/msg/detail
-- Up-to-date: /home/eric/wjg/elong_ws_fps/install/message_interface_robosoccer/include/message_interface_robosoccer/message_interface_robosoccer/msg/detail/point__rosidl_typesupport_introspection_cpp.hpp
-- Up-to-date: /home/eric/wjg/elong_ws_fps/install/message_interface_robosoccer/include/message_interface_robosoccer/message_interface_robosoccer/msg/detail/velocity__rosidl_typesupport_introspection_cpp.hpp
-- Up-to-date: /home/eric/wjg/elong_ws_fps/install/message_interface_robosoccer/include/message_interface_robosoccer/message_interface_robosoccer/msg/detail/point__type_support.cpp
-- Up-to-date: /home/eric/wjg/elong_ws_fps/install/message_interface_robosoccer/include/message_interface_robosoccer/message_interface_robosoccer/msg/detail/image__type_support.cpp
-- Up-to-date: /home/eric/wjg/elong_ws_fps/install/message_interface_robosoccer/include/message_interface_robosoccer/message_interface_robosoccer/msg/detail/image__rosidl_typesupport_introspection_cpp.hpp
-- Up-to-date: /home/eric/wjg/elong_ws_fps/install/message_interface_robosoccer/include/message_interface_robosoccer/message_interface_robosoccer/msg/detail/decision_var__type_support.cpp
-- Up-to-date: /home/eric/wjg/elong_ws_fps/install/message_interface_robosoccer/include/message_interface_robosoccer/message_interface_robosoccer/msg/detail/pose__type_support.cpp
-- Up-to-date: /home/eric/wjg/elong_ws_fps/install/message_interface_robosoccer/include/message_interface_robosoccer/message_interface_robosoccer/msg/detail/array_threshold__type_support.cpp
-- Up-to-date: /home/eric/wjg/elong_ws_fps/install/message_interface_robosoccer/include/message_interface_robosoccer/message_interface_robosoccer/msg/detail/decision_var__rosidl_typesupport_introspection_cpp.hpp
-- Up-to-date: /home/eric/wjg/elong_ws_fps/install/message_interface_robosoccer/include/message_interface_robosoccer/message_interface_robosoccer/msg/detail/point_calibration__rosidl_typesupport_introspection_cpp.hpp
-- Up-to-date: /home/eric/wjg/elong_ws_fps/install/message_interface_robosoccer/include/message_interface_robosoccer/message_interface_robosoccer/msg/detail/velocity_robots__rosidl_typesupport_introspection_cpp.hpp
-- Up-to-date: /home/eric/wjg/elong_ws_fps/install/message_interface_robosoccer/include/message_interface_robosoccer/message_interface_robosoccer/msg/detail/pose_robots__type_support.cpp
-- Up-to-date: /home/eric/wjg/elong_ws_fps/install/message_interface_robosoccer/include/message_interface_robosoccer/message_interface_robosoccer/msg/detail/pose_robots__rosidl_typesupport_introspection_cpp.hpp
-- Up-to-date: /home/eric/wjg/elong_ws_fps/install/message_interface_robosoccer/include/message_interface_robosoccer/message_interface_robosoccer/msg/detail/pose__rosidl_typesupport_introspection_cpp.hpp
-- Up-to-date: /home/eric/wjg/elong_ws_fps/install/message_interface_robosoccer/include/message_interface_robosoccer/message_interface_robosoccer/msg/detail/array_threshold__rosidl_typesupport_introspection_cpp.hpp
-- Up-to-date: /home/eric/wjg/elong_ws_fps/install/message_interface_robosoccer/include/message_interface_robosoccer/message_interface_robosoccer/msg/detail/point_calibration__type_support.cpp
-- Up-to-date: /home/eric/wjg/elong_ws_fps/install/message_interface_robosoccer/include/message_interface_robosoccer/message_interface_robosoccer/msg/detail/velocity__type_support.cpp
-- Up-to-date: /home/eric/wjg/elong_ws_fps/install/message_interface_robosoccer/include/message_interface_robosoccer/message_interface_robosoccer/msg/detail/velocity_robots__type_support.cpp
-- Up-to-date: /home/eric/wjg/elong_ws_fps/install/message_interface_robosoccer/lib/libmessage_interface_robosoccer__rosidl_typesupport_introspection_cpp.so
-- Up-to-date: /home/eric/wjg/elong_ws_fps/install/message_interface_robosoccer/lib/libmessage_interface_robosoccer__rosidl_typesupport_cpp.so
-- Up-to-date: /home/eric/wjg/elong_ws_fps/install/message_interface_robosoccer/share/message_interface_robosoccer/environment/pythonpath.sh
-- Up-to-date: /home/eric/wjg/elong_ws_fps/install/message_interface_robosoccer/share/message_interface_robosoccer/environment/pythonpath.dsv
-- Up-to-date: /home/eric/wjg/elong_ws_fps/install/message_interface_robosoccer/local/lib/python3.10/dist-packages/message_interface_robosoccer-0.0.0-py3.10.egg-info
-- Installing: /home/eric/wjg/elong_ws_fps/install/message_interface_robosoccer/local/lib/python3.10/dist-packages/message_interface_robosoccer-0.0.0-py3.10.egg-info/top_level.txt
-- Installing: /home/eric/wjg/elong_ws_fps/install/message_interface_robosoccer/local/lib/python3.10/dist-packages/message_interface_robosoccer-0.0.0-py3.10.egg-info/dependency_links.txt
-- Installing: /home/eric/wjg/elong_ws_fps/install/message_interface_robosoccer/local/lib/python3.10/dist-packages/message_interface_robosoccer-0.0.0-py3.10.egg-info/SOURCES.txt
-- Installing: /home/eric/wjg/elong_ws_fps/install/message_interface_robosoccer/local/lib/python3.10/dist-packages/message_interface_robosoccer-0.0.0-py3.10.egg-info/PKG-INFO
-- Up-to-date: /home/eric/wjg/elong_ws_fps/install/message_interface_robosoccer/local/lib/python3.10/dist-packages/message_interface_robosoccer
-- Up-to-date: /home/eric/wjg/elong_ws_fps/install/message_interface_robosoccer/local/lib/python3.10/dist-packages/message_interface_robosoccer/libmessage_interface_robosoccer__rosidl_generator_py.so
-- Up-to-date: /home/eric/wjg/elong_ws_fps/install/message_interface_robosoccer/local/lib/python3.10/dist-packages/message_interface_robosoccer/message_interface_robosoccer_s__rosidl_typesupport_introspection_c.cpython-310-x86_64-linux-gnu.so
-- Up-to-date: /home/eric/wjg/elong_ws_fps/install/message_interface_robosoccer/local/lib/python3.10/dist-packages/message_interface_robosoccer/message_interface_robosoccer_s__rosidl_typesupport_fastrtps_c.cpython-310-x86_64-linux-gnu.so
-- Up-to-date: /home/eric/wjg/elong_ws_fps/install/message_interface_robosoccer/local/lib/python3.10/dist-packages/message_interface_robosoccer/_message_interface_robosoccer_s.ep.rosidl_typesupport_c.c
-- Up-to-date: /home/eric/wjg/elong_ws_fps/install/message_interface_robosoccer/local/lib/python3.10/dist-packages/message_interface_robosoccer/_message_interface_robosoccer_s.ep.rosidl_typesupport_fastrtps_c.c
-- Up-to-date: /home/eric/wjg/elong_ws_fps/install/message_interface_robosoccer/local/lib/python3.10/dist-packages/message_interface_robosoccer/_message_interface_robosoccer_s.ep.rosidl_typesupport_introspection_c.c
-- Up-to-date: /home/eric/wjg/elong_ws_fps/install/message_interface_robosoccer/local/lib/python3.10/dist-packages/message_interface_robosoccer/__init__.py
-- Up-to-date: /home/eric/wjg/elong_ws_fps/install/message_interface_robosoccer/local/lib/python3.10/dist-packages/message_interface_robosoccer/msg
-- Up-to-date: /home/eric/wjg/elong_ws_fps/install/message_interface_robosoccer/local/lib/python3.10/dist-packages/message_interface_robosoccer/msg/_image_s.c
-- Up-to-date: /home/eric/wjg/elong_ws_fps/install/message_interface_robosoccer/local/lib/python3.10/dist-packages/message_interface_robosoccer/msg/_decision_var.py
-- Up-to-date: /home/eric/wjg/elong_ws_fps/install/message_interface_robosoccer/local/lib/python3.10/dist-packages/message_interface_robosoccer/msg/_pose.py
-- Up-to-date: /home/eric/wjg/elong_ws_fps/install/message_interface_robosoccer/local/lib/python3.10/dist-packages/message_interface_robosoccer/msg/_velocity_robots.py
-- Up-to-date: /home/eric/wjg/elong_ws_fps/install/message_interface_robosoccer/local/lib/python3.10/dist-packages/message_interface_robosoccer/msg/_point.py
-- Up-to-date: /home/eric/wjg/elong_ws_fps/install/message_interface_robosoccer/local/lib/python3.10/dist-packages/message_interface_robosoccer/msg/_array_threshold.py
-- Up-to-date: /home/eric/wjg/elong_ws_fps/install/message_interface_robosoccer/local/lib/python3.10/dist-packages/message_interface_robosoccer/msg/_pose_robots_s.c
-- Up-to-date: /home/eric/wjg/elong_ws_fps/install/message_interface_robosoccer/local/lib/python3.10/dist-packages/message_interface_robosoccer/msg/_point_calibration.py
-- Up-to-date: /home/eric/wjg/elong_ws_fps/install/message_interface_robosoccer/local/lib/python3.10/dist-packages/message_interface_robosoccer/msg/_point_s.c
-- Up-to-date: /home/eric/wjg/elong_ws_fps/install/message_interface_robosoccer/local/lib/python3.10/dist-packages/message_interface_robosoccer/msg/_velocity_s.c
-- Up-to-date: /home/eric/wjg/elong_ws_fps/install/message_interface_robosoccer/local/lib/python3.10/dist-packages/message_interface_robosoccer/msg/_image.py
-- Up-to-date: /home/eric/wjg/elong_ws_fps/install/message_interface_robosoccer/local/lib/python3.10/dist-packages/message_interface_robosoccer/msg/_velocity_robots_s.c
-- Up-to-date: /home/eric/wjg/elong_ws_fps/install/message_interface_robosoccer/local/lib/python3.10/dist-packages/message_interface_robosoccer/msg/_pose_s.c
-- Up-to-date: /home/eric/wjg/elong_ws_fps/install/message_interface_robosoccer/local/lib/python3.10/dist-packages/message_interface_robosoccer/msg/_velocity.py
-- Up-to-date: /home/eric/wjg/elong_ws_fps/install/message_interface_robosoccer/local/lib/python3.10/dist-packages/message_interface_robosoccer/msg/__init__.py
-- Up-to-date: /home/eric/wjg/elong_ws_fps/install/message_interface_robosoccer/local/lib/python3.10/dist-packages/message_interface_robosoccer/msg/_pose_robots.py
-- Up-to-date: /home/eric/wjg/elong_ws_fps/install/message_interface_robosoccer/local/lib/python3.10/dist-packages/message_interface_robosoccer/msg/_point_calibration_s.c
-- Up-to-date: /home/eric/wjg/elong_ws_fps/install/message_interface_robosoccer/local/lib/python3.10/dist-packages/message_interface_robosoccer/msg/_decision_var_s.c
-- Up-to-date: /home/eric/wjg/elong_ws_fps/install/message_interface_robosoccer/local/lib/python3.10/dist-packages/message_interface_robosoccer/msg/_array_threshold_s.c
-- Up-to-date: /home/eric/wjg/elong_ws_fps/install/message_interface_robosoccer/local/lib/python3.10/dist-packages/message_interface_robosoccer/message_interface_robosoccer_s__rosidl_typesupport_c.cpython-310-x86_64-linux-gnu.so
Listing '/home/eric/wjg/elong_ws_fps/install/message_interface_robosoccer/local/lib/python3.10/dist-packages/message_interface_robosoccer'...
Listing '/home/eric/wjg/elong_ws_fps/install/message_interface_robosoccer/local/lib/python3.10/dist-packages/message_interface_robosoccer/msg'...
-- Up-to-date: /home/eric/wjg/elong_ws_fps/install/message_interface_robosoccer/local/lib/python3.10/dist-packages/message_interface_robosoccer/message_interface_robosoccer_s__rosidl_typesupport_fastrtps_c.cpython-310-x86_64-linux-gnu.so
-- Up-to-date: /home/eric/wjg/elong_ws_fps/install/message_interface_robosoccer/local/lib/python3.10/dist-packages/message_interface_robosoccer/message_interface_robosoccer_s__rosidl_typesupport_introspection_c.cpython-310-x86_64-linux-gnu.so
-- Up-to-date: /home/eric/wjg/elong_ws_fps/install/message_interface_robosoccer/local/lib/python3.10/dist-packages/message_interface_robosoccer/message_interface_robosoccer_s__rosidl_typesupport_c.cpython-310-x86_64-linux-gnu.so
-- Up-to-date: /home/eric/wjg/elong_ws_fps/install/message_interface_robosoccer/lib/libmessage_interface_robosoccer__rosidl_generator_py.so
-- Up-to-date: /home/eric/wjg/elong_ws_fps/install/message_interface_robosoccer/share/message_interface_robosoccer/msg/ArrayThreshold.idl
-- Up-to-date: /home/eric/wjg/elong_ws_fps/install/message_interface_robosoccer/share/message_interface_robosoccer/msg/PointCalibration.idl
-- Up-to-date: /home/eric/wjg/elong_ws_fps/install/message_interface_robosoccer/share/message_interface_robosoccer/msg/Point.idl
-- Up-to-date: /home/eric/wjg/elong_ws_fps/install/message_interface_robosoccer/share/message_interface_robosoccer/msg/Image.idl
-- Up-to-date: /home/eric/wjg/elong_ws_fps/install/message_interface_robosoccer/share/message_interface_robosoccer/msg/PoseRobots.idl
-- Up-to-date: /home/eric/wjg/elong_ws_fps/install/message_interface_robosoccer/share/message_interface_robosoccer/msg/Pose.idl
-- Up-to-date: /home/eric/wjg/elong_ws_fps/install/message_interface_robosoccer/share/message_interface_robosoccer/msg/Velocity.idl
-- Up-to-date: /home/eric/wjg/elong_ws_fps/install/message_interface_robosoccer/share/message_interface_robosoccer/msg/VelocityRobots.idl
-- Up-to-date: /home/eric/wjg/elong_ws_fps/install/message_interface_robosoccer/share/message_interface_robosoccer/msg/DecisionVar.idl
-- Up-to-date: /home/eric/wjg/elong_ws_fps/install/message_interface_robosoccer/share/message_interface_robosoccer/msg/ArrayThreshold.msg
-- Up-to-date: /home/eric/wjg/elong_ws_fps/install/message_interface_robosoccer/share/message_interface_robosoccer/msg/PointCalibration.msg
-- Up-to-date: /home/eric/wjg/elong_ws_fps/install/message_interface_robosoccer/share/message_interface_robosoccer/msg/Point.msg
-- Up-to-date: /home/eric/wjg/elong_ws_fps/install/message_interface_robosoccer/share/message_interface_robosoccer/msg/Image.msg
-- Up-to-date: /home/eric/wjg/elong_ws_fps/install/message_interface_robosoccer/share/message_interface_robosoccer/msg/PoseRobots.msg
-- Up-to-date: /home/eric/wjg/elong_ws_fps/install/message_interface_robosoccer/share/message_interface_robosoccer/msg/Pose.msg
-- Up-to-date: /home/eric/wjg/elong_ws_fps/install/message_interface_robosoccer/share/message_interface_robosoccer/msg/Velocity.msg
-- Up-to-date: /home/eric/wjg/elong_ws_fps/install/message_interface_robosoccer/share/message_interface_robosoccer/msg/VelocityRobots.msg
-- Up-to-date: /home/eric/wjg/elong_ws_fps/install/message_interface_robosoccer/share/message_interface_robosoccer/msg/DecisionVar.msg
-- Up-to-date: /home/eric/wjg/elong_ws_fps/install/message_interface_robosoccer/share/ament_index/resource_index/package_run_dependencies/message_interface_robosoccer
-- Up-to-date: /home/eric/wjg/elong_ws_fps/install/message_interface_robosoccer/share/ament_index/resource_index/parent_prefix_path/message_interface_robosoccer
-- Up-to-date: /home/eric/wjg/elong_ws_fps/install/message_interface_robosoccer/share/message_interface_robosoccer/environment/ament_prefix_path.sh
-- Up-to-date: /home/eric/wjg/elong_ws_fps/install/message_interface_robosoccer/share/message_interface_robosoccer/environment/ament_prefix_path.dsv
-- Up-to-date: /home/eric/wjg/elong_ws_fps/install/message_interface_robosoccer/share/message_interface_robosoccer/environment/path.sh
-- Up-to-date: /home/eric/wjg/elong_ws_fps/install/message_interface_robosoccer/share/message_interface_robosoccer/environment/path.dsv
-- Up-to-date: /home/eric/wjg/elong_ws_fps/install/message_interface_robosoccer/share/message_interface_robosoccer/local_setup.bash
-- Up-to-date: /home/eric/wjg/elong_ws_fps/install/message_interface_robosoccer/share/message_interface_robosoccer/local_setup.sh
-- Up-to-date: /home/eric/wjg/elong_ws_fps/install/message_interface_robosoccer/share/message_interface_robosoccer/local_setup.zsh
-- Up-to-date: /home/eric/wjg/elong_ws_fps/install/message_interface_robosoccer/share/message_interface_robosoccer/local_setup.dsv
-- Installing: /home/eric/wjg/elong_ws_fps/install/message_interface_robosoccer/share/message_interface_robosoccer/package.dsv
-- Up-to-date: /home/eric/wjg/elong_ws_fps/install/message_interface_robosoccer/share/ament_index/resource_index/packages/message_interface_robosoccer
-- Up-to-date: /home/eric/wjg/elong_ws_fps/install/message_interface_robosoccer/share/message_interface_robosoccer/cmake/export_message_interface_robosoccer__rosidl_generator_cExport.cmake
-- Up-to-date: /home/eric/wjg/elong_ws_fps/install/message_interface_robosoccer/share/message_interface_robosoccer/cmake/export_message_interface_robosoccer__rosidl_generator_cExport-noconfig.cmake
-- Up-to-date: /home/eric/wjg/elong_ws_fps/install/message_interface_robosoccer/share/message_interface_robosoccer/cmake/export_message_interface_robosoccer__rosidl_typesupport_fastrtps_cExport.cmake
-- Up-to-date: /home/eric/wjg/elong_ws_fps/install/message_interface_robosoccer/share/message_interface_robosoccer/cmake/export_message_interface_robosoccer__rosidl_typesupport_fastrtps_cExport-noconfig.cmake
-- Up-to-date: /home/eric/wjg/elong_ws_fps/install/message_interface_robosoccer/share/message_interface_robosoccer/cmake/message_interface_robosoccer__rosidl_typesupport_introspection_cExport.cmake
-- Up-to-date: /home/eric/wjg/elong_ws_fps/install/message_interface_robosoccer/share/message_interface_robosoccer/cmake/message_interface_robosoccer__rosidl_typesupport_introspection_cExport-noconfig.cmake
-- Up-to-date: /home/eric/wjg/elong_ws_fps/install/message_interface_robosoccer/share/message_interface_robosoccer/cmake/message_interface_robosoccer__rosidl_typesupport_cExport.cmake
-- Up-to-date: /home/eric/wjg/elong_ws_fps/install/message_interface_robosoccer/share/message_interface_robosoccer/cmake/message_interface_robosoccer__rosidl_typesupport_cExport-noconfig.cmake
-- Up-to-date: /home/eric/wjg/elong_ws_fps/install/message_interface_robosoccer/share/message_interface_robosoccer/cmake/export_message_interface_robosoccer__rosidl_generator_cppExport.cmake
-- Up-to-date: /home/eric/wjg/elong_ws_fps/install/message_interface_robosoccer/share/message_interface_robosoccer/cmake/export_message_interface_robosoccer__rosidl_typesupport_fastrtps_cppExport.cmake
-- Up-to-date: /home/eric/wjg/elong_ws_fps/install/message_interface_robosoccer/share/message_interface_robosoccer/cmake/export_message_interface_robosoccer__rosidl_typesupport_fastrtps_cppExport-noconfig.cmake
-- Up-to-date: /home/eric/wjg/elong_ws_fps/install/message_interface_robosoccer/share/message_interface_robosoccer/cmake/message_interface_robosoccer__rosidl_typesupport_introspection_cppExport.cmake
-- Up-to-date: /home/eric/wjg/elong_ws_fps/install/message_interface_robosoccer/share/message_interface_robosoccer/cmake/message_interface_robosoccer__rosidl_typesupport_introspection_cppExport-noconfig.cmake
-- Up-to-date: /home/eric/wjg/elong_ws_fps/install/message_interface_robosoccer/share/message_interface_robosoccer/cmake/message_interface_robosoccer__rosidl_typesupport_cppExport.cmake
-- Up-to-date: /home/eric/wjg/elong_ws_fps/install/message_interface_robosoccer/share/message_interface_robosoccer/cmake/message_interface_robosoccer__rosidl_typesupport_cppExport-noconfig.cmake
-- Up-to-date: /home/eric/wjg/elong_ws_fps/install/message_interface_robosoccer/share/message_interface_robosoccer/cmake/export_message_interface_robosoccer__rosidl_generator_pyExport.cmake
-- Up-to-date: /home/eric/wjg/elong_ws_fps/install/message_interface_robosoccer/share/message_interface_robosoccer/cmake/export_message_interface_robosoccer__rosidl_generator_pyExport-noconfig.cmake
-- Up-to-date: /home/eric/wjg/elong_ws_fps/install/message_interface_robosoccer/share/message_interface_robosoccer/cmake/rosidl_cmake-extras.cmake
-- Up-to-date: /home/eric/wjg/elong_ws_fps/install/message_interface_robosoccer/share/message_interface_robosoccer/cmake/ament_cmake_export_dependencies-extras.cmake
-- Up-to-date: /home/eric/wjg/elong_ws_fps/install/message_interface_robosoccer/share/message_interface_robosoccer/cmake/ament_cmake_export_include_directories-extras.cmake
-- Up-to-date: /home/eric/wjg/elong_ws_fps/install/message_interface_robosoccer/share/message_interface_robosoccer/cmake/ament_cmake_export_libraries-extras.cmake
-- Up-to-date: /home/eric/wjg/elong_ws_fps/install/message_interface_robosoccer/share/message_interface_robosoccer/cmake/ament_cmake_export_targets-extras.cmake
-- Up-to-date: /home/eric/wjg/elong_ws_fps/install/message_interface_robosoccer/share/message_interface_robosoccer/cmake/rosidl_cmake_export_typesupport_targets-extras.cmake
-- Up-to-date: /home/eric/wjg/elong_ws_fps/install/message_interface_robosoccer/share/message_interface_robosoccer/cmake/rosidl_cmake_export_typesupport_libraries-extras.cmake
-- Up-to-date: /home/eric/wjg/elong_ws_fps/install/message_interface_robosoccer/share/message_interface_robosoccer/cmake/message_interface_robosoccerConfig.cmake
-- Up-to-date: /home/eric/wjg/elong_ws_fps/install/message_interface_robosoccer/share/message_interface_robosoccer/cmake/message_interface_robosoccerConfig-version.cmake
-- Up-to-date: /home/eric/wjg/elong_ws_fps/install/message_interface_robosoccer/share/message_interface_robosoccer/package.xml
