[0.007s] Invoking command in '/home/eric/wjg/elong_ws_fps/build/vision_robosoccer': AMENT_PREFIX_PATH=/home/eric/wjg/elong_ws_fps/install/message_interface_robosoccer:${AMENT_PREFIX_PATH} CMAKE_PREFIX_PATH=/home/eric/wjg/elong_ws_fps/install/message_interface_robosoccer:/opt/ros/humble LD_LIBRARY_PATH=/home/eric/wjg/elong_ws_fps/install/message_interface_robosoccer/lib:${LD_LIBRARY_PATH} PYTHONPATH=/home/eric/wjg/elong_ws_fps/install/message_interface_robosoccer/local/lib/python3.10/dist-packages:${PYTHONPATH} /usr/bin/cmake /home/eric/wjg/elong_ws_fps/src/vision_robosoccer -DCMAKE_INSTALL_PREFIX=/home/eric/wjg/elong_ws_fps/install/vision_robosoccer
[0.034s] -- The C compiler identification is GNU 9.5.0
[0.065s] -- The CXX compiler identification is GNU 9.5.0
[0.068s] -- Detecting C compiler ABI info
[0.104s] -- Detecting C compiler ABI info - done
[0.110s] -- Check for working C compiler: /usr/bin/cc - skipped
[0.110s] -- Detecting C compile features
[0.110s] -- Detecting C compile features - done
[0.112s] -- Detecting CXX compiler ABI info
[0.156s] -- Detecting CXX compiler ABI info - done
[0.160s] -- Check for working CXX compiler: /usr/bin/c++ - skipped
[0.160s] -- Detecting CXX compile features
[0.160s] -- Detecting CXX compile features - done
[0.161s] -- Found ament_cmake: 1.3.10 (/opt/ros/humble/share/ament_cmake/cmake)
[0.462s] -- Found Python3: /usr/bin/python3 (found version "3.10.12") found components: Interpreter 
[0.504s] -- Found rclcpp: 16.0.10 (/opt/ros/humble/share/rclcpp/cmake)
[0.523s] -- Found rosidl_generator_c: 3.1.5 (/opt/ros/humble/share/rosidl_generator_c/cmake)
[0.524s] -- Found rosidl_adapter: 3.1.5 (/opt/ros/humble/share/rosidl_adapter/cmake)
[0.528s] -- Found rosidl_generator_cpp: 3.1.5 (/opt/ros/humble/share/rosidl_generator_cpp/cmake)
[0.533s] -- Using all available rosidl_typesupport_c: rosidl_typesupport_fastrtps_c;rosidl_typesupport_introspection_c
[0.542s] -- Using all available rosidl_typesupport_cpp: rosidl_typesupport_fastrtps_cpp;rosidl_typesupport_introspection_cpp
[0.561s] -- Found rmw_implementation_cmake: 6.1.2 (/opt/ros/humble/share/rmw_implementation_cmake/cmake)
[0.562s] -- Found rmw_fastrtps_cpp: 6.2.7 (/opt/ros/humble/share/rmw_fastrtps_cpp/cmake)
[0.604s] -- Found OpenSSL: /usr/lib/x86_64-linux-gnu/libcrypto.so (found version "3.0.2")  
[0.619s] -- Found FastRTPS: /opt/ros/humble/include  
[0.642s] -- Using RMW implementation 'rmw_fastrtps_cpp' as default
[0.648s] -- Looking for pthread.h
[0.688s] -- Looking for pthread.h - found
[0.688s] -- Performing Test CMAKE_HAVE_LIBC_PTHREAD
[0.725s] -- Performing Test CMAKE_HAVE_LIBC_PTHREAD - Success
[0.726s] -- Found Threads: TRUE  
[0.752s] -- Found message_interface_robosoccer: 0.0.0 (/home/eric/wjg/elong_ws_fps/install/message_interface_robosoccer/share/message_interface_robosoccer/cmake)
[0.782s] -- Found OpenCV: /usr (found version "4.5.4") 
[0.782s] -- Found cv_bridge: 3.2.1 (/opt/ros/humble/share/cv_bridge/cmake)
[0.784s] -- Found image_transport: 3.1.9 (/opt/ros/humble/share/image_transport/cmake)
[0.799s] -- Found ament_lint_auto: 0.12.11 (/opt/ros/humble/share/ament_lint_auto/cmake)
[0.848s] -- Added test 'cppcheck' to perform static code analysis on C / C++ code
[0.848s] -- Configured cppcheck include dirs: 
[0.849s] -- Configured cppcheck exclude dirs and/or files: 
[0.849s] -- Added test 'lint_cmake' to check CMake code style
[0.849s] -- Added test 'uncrustify' to check C / C++ code style
[0.849s] -- Configured uncrustify additional arguments: 
[0.849s] -- Added test 'xmllint' to check XML markup files
[0.855s] -- Configuring done
[0.870s] -- Generating done
[0.874s] -- Build files have been written to: /home/eric/wjg/elong_ws_fps/build/vision_robosoccer
[0.881s] Invoked command in '/home/eric/wjg/elong_ws_fps/build/vision_robosoccer' returned '0': AMENT_PREFIX_PATH=/home/eric/wjg/elong_ws_fps/install/message_interface_robosoccer:${AMENT_PREFIX_PATH} CMAKE_PREFIX_PATH=/home/eric/wjg/elong_ws_fps/install/message_interface_robosoccer:/opt/ros/humble LD_LIBRARY_PATH=/home/eric/wjg/elong_ws_fps/install/message_interface_robosoccer/lib:${LD_LIBRARY_PATH} PYTHONPATH=/home/eric/wjg/elong_ws_fps/install/message_interface_robosoccer/local/lib/python3.10/dist-packages:${PYTHONPATH} /usr/bin/cmake /home/eric/wjg/elong_ws_fps/src/vision_robosoccer -DCMAKE_INSTALL_PREFIX=/home/eric/wjg/elong_ws_fps/install/vision_robosoccer
[0.882s] Invoking command in '/home/eric/wjg/elong_ws_fps/build/vision_robosoccer': AMENT_PREFIX_PATH=/home/eric/wjg/elong_ws_fps/install/message_interface_robosoccer:${AMENT_PREFIX_PATH} CMAKE_PREFIX_PATH=/home/eric/wjg/elong_ws_fps/install/message_interface_robosoccer:/opt/ros/humble LD_LIBRARY_PATH=/home/eric/wjg/elong_ws_fps/install/message_interface_robosoccer/lib:${LD_LIBRARY_PATH} PYTHONPATH=/home/eric/wjg/elong_ws_fps/install/message_interface_robosoccer/local/lib/python3.10/dist-packages:${PYTHONPATH} /usr/bin/cmake --build /home/eric/wjg/elong_ws_fps/build/vision_robosoccer -- -j24 -l24
[0.908s] [ 12%] [32mBuilding CXX object CMakeFiles/vision_processing.dir/src/vision_processing.cpp.o[0m
[0.909s] [ 25%] [32mBuilding CXX object CMakeFiles/vision_control_test.dir/src/vision_control_test.cpp.o[0m
[0.909s] [ 37%] [32mBuilding CXX object CMakeFiles/vision.dir/src/vision.cpp.o[0m
[0.909s] [ 50%] [32mBuilding CXX object CMakeFiles/vision_display_test.dir/src/vision_display_test.cpp.o[0m
[3.840s] [ 62%] [32m[1mLinking CXX executable vision_control_test[0m
[3.964s] [ 62%] Built target vision_control_test
[9.268s] [ 75%] [32m[1mLinking CXX executable vision[0m
[9.783s] [ 87%] [32m[1mLinking CXX executable vision_display_test[0m
[9.871s] [ 87%] Built target vision
[10.312s] [ 87%] Built target vision_display_test
[11.908s] [100%] [32m[1mLinking CXX executable vision_processing[0m
[12.369s] [100%] Built target vision_processing
[12.374s] Invoked command in '/home/eric/wjg/elong_ws_fps/build/vision_robosoccer' returned '0': AMENT_PREFIX_PATH=/home/eric/wjg/elong_ws_fps/install/message_interface_robosoccer:${AMENT_PREFIX_PATH} CMAKE_PREFIX_PATH=/home/eric/wjg/elong_ws_fps/install/message_interface_robosoccer:/opt/ros/humble LD_LIBRARY_PATH=/home/eric/wjg/elong_ws_fps/install/message_interface_robosoccer/lib:${LD_LIBRARY_PATH} PYTHONPATH=/home/eric/wjg/elong_ws_fps/install/message_interface_robosoccer/local/lib/python3.10/dist-packages:${PYTHONPATH} /usr/bin/cmake --build /home/eric/wjg/elong_ws_fps/build/vision_robosoccer -- -j24 -l24
[12.375s] Invoking command in '/home/eric/wjg/elong_ws_fps/build/vision_robosoccer': AMENT_PREFIX_PATH=/home/eric/wjg/elong_ws_fps/install/message_interface_robosoccer:${AMENT_PREFIX_PATH} CMAKE_PREFIX_PATH=/home/eric/wjg/elong_ws_fps/install/message_interface_robosoccer:/opt/ros/humble LD_LIBRARY_PATH=/home/eric/wjg/elong_ws_fps/install/message_interface_robosoccer/lib:${LD_LIBRARY_PATH} PYTHONPATH=/home/eric/wjg/elong_ws_fps/install/message_interface_robosoccer/local/lib/python3.10/dist-packages:${PYTHONPATH} /usr/bin/cmake --install /home/eric/wjg/elong_ws_fps/build/vision_robosoccer
[12.381s] -- Install configuration: ""
[12.381s] -- Installing: /home/eric/wjg/elong_ws_fps/install/vision_robosoccer/share/ament_index/resource_index/package_run_dependencies/vision_robosoccer
[12.381s] -- Installing: /home/eric/wjg/elong_ws_fps/install/vision_robosoccer/share/ament_index/resource_index/parent_prefix_path/vision_robosoccer
[12.381s] -- Installing: /home/eric/wjg/elong_ws_fps/install/vision_robosoccer/share/vision_robosoccer/environment/ament_prefix_path.sh
[12.381s] -- Installing: /home/eric/wjg/elong_ws_fps/install/vision_robosoccer/share/vision_robosoccer/environment/ament_prefix_path.dsv
[12.382s] -- Installing: /home/eric/wjg/elong_ws_fps/install/vision_robosoccer/share/vision_robosoccer/environment/path.sh
[12.382s] -- Installing: /home/eric/wjg/elong_ws_fps/install/vision_robosoccer/share/vision_robosoccer/environment/path.dsv
[12.382s] -- Installing: /home/eric/wjg/elong_ws_fps/install/vision_robosoccer/share/vision_robosoccer/local_setup.bash
[12.382s] -- Installing: /home/eric/wjg/elong_ws_fps/install/vision_robosoccer/share/vision_robosoccer/local_setup.sh
[12.382s] -- Installing: /home/eric/wjg/elong_ws_fps/install/vision_robosoccer/share/vision_robosoccer/local_setup.zsh
[12.382s] -- Installing: /home/eric/wjg/elong_ws_fps/install/vision_robosoccer/share/vision_robosoccer/local_setup.dsv
[12.382s] -- Installing: /home/eric/wjg/elong_ws_fps/install/vision_robosoccer/share/vision_robosoccer/package.dsv
[12.382s] -- Installing: /home/eric/wjg/elong_ws_fps/install/vision_robosoccer/share/ament_index/resource_index/packages/vision_robosoccer
[12.382s] -- Installing: /home/eric/wjg/elong_ws_fps/install/vision_robosoccer/share/vision_robosoccer/cmake/vision_robosoccerConfig.cmake
[12.382s] -- Installing: /home/eric/wjg/elong_ws_fps/install/vision_robosoccer/share/vision_robosoccer/cmake/vision_robosoccerConfig-version.cmake
[12.382s] -- Installing: /home/eric/wjg/elong_ws_fps/install/vision_robosoccer/share/vision_robosoccer/package.xml
[12.383s] -- Installing: /home/eric/wjg/elong_ws_fps/install/vision_robosoccer/lib/vision_robosoccer/vision
[12.385s] -- Set runtime path of "/home/eric/wjg/elong_ws_fps/install/vision_robosoccer/lib/vision_robosoccer/vision" to ""
[12.385s] -- Installing: /home/eric/wjg/elong_ws_fps/install/vision_robosoccer/lib/vision_robosoccer/vision_processing
[12.388s] -- Set runtime path of "/home/eric/wjg/elong_ws_fps/install/vision_robosoccer/lib/vision_robosoccer/vision_processing" to ""
[12.388s] -- Installing: /home/eric/wjg/elong_ws_fps/install/vision_robosoccer/lib/vision_robosoccer/vision_control_test
[12.389s] -- Set runtime path of "/home/eric/wjg/elong_ws_fps/install/vision_robosoccer/lib/vision_robosoccer/vision_control_test" to ""
[12.389s] -- Installing: /home/eric/wjg/elong_ws_fps/install/vision_robosoccer/lib/vision_robosoccer/vision_display_test
[12.391s] -- Set runtime path of "/home/eric/wjg/elong_ws_fps/install/vision_robosoccer/lib/vision_robosoccer/vision_display_test" to ""
[12.393s] Invoked command in '/home/eric/wjg/elong_ws_fps/build/vision_robosoccer' returned '0': AMENT_PREFIX_PATH=/home/eric/wjg/elong_ws_fps/install/message_interface_robosoccer:${AMENT_PREFIX_PATH} CMAKE_PREFIX_PATH=/home/eric/wjg/elong_ws_fps/install/message_interface_robosoccer:/opt/ros/humble LD_LIBRARY_PATH=/home/eric/wjg/elong_ws_fps/install/message_interface_robosoccer/lib:${LD_LIBRARY_PATH} PYTHONPATH=/home/eric/wjg/elong_ws_fps/install/message_interface_robosoccer/local/lib/python3.10/dist-packages:${PYTHONPATH} /usr/bin/cmake --install /home/eric/wjg/elong_ws_fps/build/vision_robosoccer
