[0.095s] DEBUG:colcon:Command line arguments: ['/usr/bin/colcon', 'build']
[0.095s] DEBUG:colcon:Parsed command line arguments: Namespace(log_base=None, log_level=None, verb_name='build', build_base='build', install_base='install', merge_install=False, symlink_install=False, test_result_base=None, continue_on_error=False, executor='parallel', parallel_workers=24, event_handlers=None, ignore_user_meta=False, metas=['./colcon.meta'], base_paths=['.'], packages_ignore=None, packages_ignore_regex=None, paths=None, packages_up_to=None, packages_up_to_regex=None, packages_above=None, packages_above_and_dependencies=None, packages_above_depth=None, packages_select_by_dep=None, packages_skip_by_dep=None, packages_skip_up_to=None, packages_select_build_failed=False, packages_skip_build_finished=False, packages_select_test_failures=False, packages_skip_test_passed=False, packages_select=None, packages_skip=None, packages_select_regex=None, packages_skip_regex=None, packages_start=None, packages_end=None, allow_overriding=[], cmake_args=None, cmake_target=None, cmake_target_skip_unavailable=False, cmake_clean_cache=False, cmake_clean_first=False, cmake_force_configure=False, ament_cmake_args=None, catkin_cmake_args=None, catkin_skip_building_tests=False, verb_parser=<colcon_defaults.argument_parser.defaults.DefaultArgumentsDecorator object at 0x7675f3d4a020>, verb_extension=<colcon_core.verb.build.BuildVerb object at 0x7675f3d49b10>, main=<bound method BuildVerb.main of <colcon_core.verb.build.BuildVerb object at 0x7675f3d49b10>>)
[0.228s] Level 1:colcon.colcon_core.package_discovery:discover_packages(colcon_meta) check parameters
[0.228s] Level 1:colcon.colcon_core.package_discovery:discover_packages(recursive) check parameters
[0.228s] Level 1:colcon.colcon_core.package_discovery:discover_packages(ignore) check parameters
[0.228s] Level 1:colcon.colcon_core.package_discovery:discover_packages(path) check parameters
[0.228s] Level 1:colcon.colcon_core.package_discovery:discover_packages(colcon_meta) discover
[0.228s] Level 1:colcon.colcon_core.package_discovery:discover_packages(recursive) discover
[0.228s] INFO:colcon.colcon_core.package_discovery:Crawling recursively for packages in '/home/eric/wjg/elong_ws_fps'
[0.228s] Level 1:colcon.colcon_core.package_identification:_identify(.) by extensions ['ignore', 'ignore_ament_install']
[0.228s] Level 1:colcon.colcon_core.package_identification:_identify(.) by extension 'ignore'
[0.228s] Level 1:colcon.colcon_core.package_identification:_identify(.) by extension 'ignore_ament_install'
[0.228s] Level 1:colcon.colcon_core.package_identification:_identify(.) by extensions ['colcon_pkg']
[0.228s] Level 1:colcon.colcon_core.package_identification:_identify(.) by extension 'colcon_pkg'
[0.228s] Level 1:colcon.colcon_core.package_identification:_identify(.) by extensions ['colcon_meta']
[0.229s] Level 1:colcon.colcon_core.package_identification:_identify(.) by extension 'colcon_meta'
[0.229s] Level 1:colcon.colcon_core.package_identification:_identify(.) by extensions ['ros']
[0.229s] Level 1:colcon.colcon_core.package_identification:_identify(.) by extension 'ros'
[0.241s] Level 1:colcon.colcon_core.package_identification:_identify(.) by extensions ['cmake', 'python']
[0.241s] Level 1:colcon.colcon_core.package_identification:_identify(.) by extension 'cmake'
[0.241s] Level 1:colcon.colcon_core.package_identification:_identify(.) by extension 'python'
[0.241s] Level 1:colcon.colcon_core.package_identification:_identify(.) by extensions ['python_setup_py']
[0.241s] Level 1:colcon.colcon_core.package_identification:_identify(.) by extension 'python_setup_py'
[0.241s] Level 1:colcon.colcon_core.package_identification:_identify(build) by extensions ['ignore', 'ignore_ament_install']
[0.241s] Level 1:colcon.colcon_core.package_identification:_identify(build) by extension 'ignore'
[0.241s] Level 1:colcon.colcon_core.package_identification:_identify(build) ignored
[0.241s] Level 1:colcon.colcon_core.package_identification:_identify(install) by extensions ['ignore', 'ignore_ament_install']
[0.241s] Level 1:colcon.colcon_core.package_identification:_identify(install) by extension 'ignore'
[0.241s] Level 1:colcon.colcon_core.package_identification:_identify(install) ignored
[0.241s] Level 1:colcon.colcon_core.package_identification:_identify(log) by extensions ['ignore', 'ignore_ament_install']
[0.241s] Level 1:colcon.colcon_core.package_identification:_identify(log) by extension 'ignore'
[0.241s] Level 1:colcon.colcon_core.package_identification:_identify(log) ignored
[0.241s] Level 1:colcon.colcon_core.package_identification:_identify(robodata) by extensions ['ignore', 'ignore_ament_install']
[0.242s] Level 1:colcon.colcon_core.package_identification:_identify(robodata) by extension 'ignore'
[0.242s] Level 1:colcon.colcon_core.package_identification:_identify(robodata) by extension 'ignore_ament_install'
[0.242s] Level 1:colcon.colcon_core.package_identification:_identify(robodata) by extensions ['colcon_pkg']
[0.242s] Level 1:colcon.colcon_core.package_identification:_identify(robodata) by extension 'colcon_pkg'
[0.242s] Level 1:colcon.colcon_core.package_identification:_identify(robodata) by extensions ['colcon_meta']
[0.242s] Level 1:colcon.colcon_core.package_identification:_identify(robodata) by extension 'colcon_meta'
[0.242s] Level 1:colcon.colcon_core.package_identification:_identify(robodata) by extensions ['ros']
[0.242s] Level 1:colcon.colcon_core.package_identification:_identify(robodata) by extension 'ros'
[0.242s] Level 1:colcon.colcon_core.package_identification:_identify(robodata) by extensions ['cmake', 'python']
[0.242s] Level 1:colcon.colcon_core.package_identification:_identify(robodata) by extension 'cmake'
[0.242s] Level 1:colcon.colcon_core.package_identification:_identify(robodata) by extension 'python'
[0.242s] Level 1:colcon.colcon_core.package_identification:_identify(robodata) by extensions ['python_setup_py']
[0.242s] Level 1:colcon.colcon_core.package_identification:_identify(robodata) by extension 'python_setup_py'
[0.242s] Level 1:colcon.colcon_core.package_identification:_identify(src) by extensions ['ignore', 'ignore_ament_install']
[0.242s] Level 1:colcon.colcon_core.package_identification:_identify(src) by extension 'ignore'
[0.242s] Level 1:colcon.colcon_core.package_identification:_identify(src) by extension 'ignore_ament_install'
[0.242s] Level 1:colcon.colcon_core.package_identification:_identify(src) by extensions ['colcon_pkg']
[0.242s] Level 1:colcon.colcon_core.package_identification:_identify(src) by extension 'colcon_pkg'
[0.242s] Level 1:colcon.colcon_core.package_identification:_identify(src) by extensions ['colcon_meta']
[0.242s] Level 1:colcon.colcon_core.package_identification:_identify(src) by extension 'colcon_meta'
[0.242s] Level 1:colcon.colcon_core.package_identification:_identify(src) by extensions ['ros']
[0.242s] Level 1:colcon.colcon_core.package_identification:_identify(src) by extension 'ros'
[0.242s] Level 1:colcon.colcon_core.package_identification:_identify(src) by extensions ['cmake', 'python']
[0.242s] Level 1:colcon.colcon_core.package_identification:_identify(src) by extension 'cmake'
[0.242s] Level 1:colcon.colcon_core.package_identification:_identify(src) by extension 'python'
[0.242s] Level 1:colcon.colcon_core.package_identification:_identify(src) by extensions ['python_setup_py']
[0.242s] Level 1:colcon.colcon_core.package_identification:_identify(src) by extension 'python_setup_py'
[0.242s] Level 1:colcon.colcon_core.package_identification:_identify(src/SAM_vision_test) by extensions ['ignore', 'ignore_ament_install']
[0.242s] Level 1:colcon.colcon_core.package_identification:_identify(src/SAM_vision_test) by extension 'ignore'
[0.242s] Level 1:colcon.colcon_core.package_identification:_identify(src/SAM_vision_test) by extension 'ignore_ament_install'
[0.242s] Level 1:colcon.colcon_core.package_identification:_identify(src/SAM_vision_test) by extensions ['colcon_pkg']
[0.242s] Level 1:colcon.colcon_core.package_identification:_identify(src/SAM_vision_test) by extension 'colcon_pkg'
[0.242s] Level 1:colcon.colcon_core.package_identification:_identify(src/SAM_vision_test) by extensions ['colcon_meta']
[0.242s] Level 1:colcon.colcon_core.package_identification:_identify(src/SAM_vision_test) by extension 'colcon_meta'
[0.242s] Level 1:colcon.colcon_core.package_identification:_identify(src/SAM_vision_test) by extensions ['ros']
[0.242s] Level 1:colcon.colcon_core.package_identification:_identify(src/SAM_vision_test) by extension 'ros'
[0.242s] Level 1:colcon.colcon_core.package_identification:_identify(src/SAM_vision_test) by extensions ['cmake', 'python']
[0.242s] Level 1:colcon.colcon_core.package_identification:_identify(src/SAM_vision_test) by extension 'cmake'
[0.242s] Level 1:colcon.colcon_core.package_identification:_identify(src/SAM_vision_test) by extension 'python'
[0.242s] Level 1:colcon.colcon_core.package_identification:_identify(src/SAM_vision_test) by extensions ['python_setup_py']
[0.242s] Level 1:colcon.colcon_core.package_identification:_identify(src/SAM_vision_test) by extension 'python_setup_py'
[0.242s] Level 1:colcon.colcon_core.package_identification:_identify(src/SAM_vision_test/model) by extensions ['ignore', 'ignore_ament_install']
[0.242s] Level 1:colcon.colcon_core.package_identification:_identify(src/SAM_vision_test/model) by extension 'ignore'
[0.242s] Level 1:colcon.colcon_core.package_identification:_identify(src/SAM_vision_test/model) by extension 'ignore_ament_install'
[0.242s] Level 1:colcon.colcon_core.package_identification:_identify(src/SAM_vision_test/model) by extensions ['colcon_pkg']
[0.242s] Level 1:colcon.colcon_core.package_identification:_identify(src/SAM_vision_test/model) by extension 'colcon_pkg'
[0.242s] Level 1:colcon.colcon_core.package_identification:_identify(src/SAM_vision_test/model) by extensions ['colcon_meta']
[0.242s] Level 1:colcon.colcon_core.package_identification:_identify(src/SAM_vision_test/model) by extension 'colcon_meta'
[0.243s] Level 1:colcon.colcon_core.package_identification:_identify(src/SAM_vision_test/model) by extensions ['ros']
[0.243s] Level 1:colcon.colcon_core.package_identification:_identify(src/SAM_vision_test/model) by extension 'ros'
[0.243s] Level 1:colcon.colcon_core.package_identification:_identify(src/SAM_vision_test/model) by extensions ['cmake', 'python']
[0.243s] Level 1:colcon.colcon_core.package_identification:_identify(src/SAM_vision_test/model) by extension 'cmake'
[0.243s] Level 1:colcon.colcon_core.package_identification:_identify(src/SAM_vision_test/model) by extension 'python'
[0.243s] Level 1:colcon.colcon_core.package_identification:_identify(src/SAM_vision_test/model) by extensions ['python_setup_py']
[0.243s] Level 1:colcon.colcon_core.package_identification:_identify(src/SAM_vision_test/model) by extension 'python_setup_py'
[0.243s] Level 1:colcon.colcon_core.package_identification:_identify(src/SAM_vision_test/source) by extensions ['ignore', 'ignore_ament_install']
[0.243s] Level 1:colcon.colcon_core.package_identification:_identify(src/SAM_vision_test/source) by extension 'ignore'
[0.243s] Level 1:colcon.colcon_core.package_identification:_identify(src/SAM_vision_test/source) by extension 'ignore_ament_install'
[0.243s] Level 1:colcon.colcon_core.package_identification:_identify(src/SAM_vision_test/source) by extensions ['colcon_pkg']
[0.243s] Level 1:colcon.colcon_core.package_identification:_identify(src/SAM_vision_test/source) by extension 'colcon_pkg'
[0.243s] Level 1:colcon.colcon_core.package_identification:_identify(src/SAM_vision_test/source) by extensions ['colcon_meta']
[0.243s] Level 1:colcon.colcon_core.package_identification:_identify(src/SAM_vision_test/source) by extension 'colcon_meta'
[0.243s] Level 1:colcon.colcon_core.package_identification:_identify(src/SAM_vision_test/source) by extensions ['ros']
[0.243s] Level 1:colcon.colcon_core.package_identification:_identify(src/SAM_vision_test/source) by extension 'ros'
[0.243s] Level 1:colcon.colcon_core.package_identification:_identify(src/SAM_vision_test/source) by extensions ['cmake', 'python']
[0.243s] Level 1:colcon.colcon_core.package_identification:_identify(src/SAM_vision_test/source) by extension 'cmake'
[0.243s] Level 1:colcon.colcon_core.package_identification:_identify(src/SAM_vision_test/source) by extension 'python'
[0.243s] Level 1:colcon.colcon_core.package_identification:_identify(src/SAM_vision_test/source) by extensions ['python_setup_py']
[0.243s] Level 1:colcon.colcon_core.package_identification:_identify(src/SAM_vision_test/source) by extension 'python_setup_py'
[0.243s] Level 1:colcon.colcon_core.package_identification:_identify(src/SAM_vision_test/src) by extensions ['ignore', 'ignore_ament_install']
[0.243s] Level 1:colcon.colcon_core.package_identification:_identify(src/SAM_vision_test/src) by extension 'ignore'
[0.243s] Level 1:colcon.colcon_core.package_identification:_identify(src/SAM_vision_test/src) by extension 'ignore_ament_install'
[0.243s] Level 1:colcon.colcon_core.package_identification:_identify(src/SAM_vision_test/src) by extensions ['colcon_pkg']
[0.243s] Level 1:colcon.colcon_core.package_identification:_identify(src/SAM_vision_test/src) by extension 'colcon_pkg'
[0.243s] Level 1:colcon.colcon_core.package_identification:_identify(src/SAM_vision_test/src) by extensions ['colcon_meta']
[0.243s] Level 1:colcon.colcon_core.package_identification:_identify(src/SAM_vision_test/src) by extension 'colcon_meta'
[0.243s] Level 1:colcon.colcon_core.package_identification:_identify(src/SAM_vision_test/src) by extensions ['ros']
[0.243s] Level 1:colcon.colcon_core.package_identification:_identify(src/SAM_vision_test/src) by extension 'ros'
[0.243s] Level 1:colcon.colcon_core.package_identification:_identify(src/SAM_vision_test/src) by extensions ['cmake', 'python']
[0.243s] Level 1:colcon.colcon_core.package_identification:_identify(src/SAM_vision_test/src) by extension 'cmake'
[0.243s] Level 1:colcon.colcon_core.package_identification:_identify(src/SAM_vision_test/src) by extension 'python'
[0.243s] Level 1:colcon.colcon_core.package_identification:_identify(src/SAM_vision_test/src) by extensions ['python_setup_py']
[0.243s] Level 1:colcon.colcon_core.package_identification:_identify(src/SAM_vision_test/src) by extension 'python_setup_py'
[0.243s] Level 1:colcon.colcon_core.package_identification:_identify(src/SAM_vision_test/src/runs) by extensions ['ignore', 'ignore_ament_install']
[0.243s] Level 1:colcon.colcon_core.package_identification:_identify(src/SAM_vision_test/src/runs) by extension 'ignore'
[0.243s] Level 1:colcon.colcon_core.package_identification:_identify(src/SAM_vision_test/src/runs) by extension 'ignore_ament_install'
[0.243s] Level 1:colcon.colcon_core.package_identification:_identify(src/SAM_vision_test/src/runs) by extensions ['colcon_pkg']
[0.243s] Level 1:colcon.colcon_core.package_identification:_identify(src/SAM_vision_test/src/runs) by extension 'colcon_pkg'
[0.243s] Level 1:colcon.colcon_core.package_identification:_identify(src/SAM_vision_test/src/runs) by extensions ['colcon_meta']
[0.243s] Level 1:colcon.colcon_core.package_identification:_identify(src/SAM_vision_test/src/runs) by extension 'colcon_meta'
[0.243s] Level 1:colcon.colcon_core.package_identification:_identify(src/SAM_vision_test/src/runs) by extensions ['ros']
[0.243s] Level 1:colcon.colcon_core.package_identification:_identify(src/SAM_vision_test/src/runs) by extension 'ros'
[0.243s] Level 1:colcon.colcon_core.package_identification:_identify(src/SAM_vision_test/src/runs) by extensions ['cmake', 'python']
[0.243s] Level 1:colcon.colcon_core.package_identification:_identify(src/SAM_vision_test/src/runs) by extension 'cmake'
[0.243s] Level 1:colcon.colcon_core.package_identification:_identify(src/SAM_vision_test/src/runs) by extension 'python'
[0.243s] Level 1:colcon.colcon_core.package_identification:_identify(src/SAM_vision_test/src/runs) by extensions ['python_setup_py']
[0.243s] Level 1:colcon.colcon_core.package_identification:_identify(src/SAM_vision_test/src/runs) by extension 'python_setup_py'
[0.244s] Level 1:colcon.colcon_core.package_identification:_identify(src/SAM_vision_test/src/runs/segment) by extensions ['ignore', 'ignore_ament_install']
[0.244s] Level 1:colcon.colcon_core.package_identification:_identify(src/SAM_vision_test/src/runs/segment) by extension 'ignore'
[0.244s] Level 1:colcon.colcon_core.package_identification:_identify(src/SAM_vision_test/src/runs/segment) by extension 'ignore_ament_install'
[0.244s] Level 1:colcon.colcon_core.package_identification:_identify(src/SAM_vision_test/src/runs/segment) by extensions ['colcon_pkg']
[0.244s] Level 1:colcon.colcon_core.package_identification:_identify(src/SAM_vision_test/src/runs/segment) by extension 'colcon_pkg'
[0.244s] Level 1:colcon.colcon_core.package_identification:_identify(src/SAM_vision_test/src/runs/segment) by extensions ['colcon_meta']
[0.244s] Level 1:colcon.colcon_core.package_identification:_identify(src/SAM_vision_test/src/runs/segment) by extension 'colcon_meta'
[0.244s] Level 1:colcon.colcon_core.package_identification:_identify(src/SAM_vision_test/src/runs/segment) by extensions ['ros']
[0.244s] Level 1:colcon.colcon_core.package_identification:_identify(src/SAM_vision_test/src/runs/segment) by extension 'ros'
[0.244s] Level 1:colcon.colcon_core.package_identification:_identify(src/SAM_vision_test/src/runs/segment) by extensions ['cmake', 'python']
[0.244s] Level 1:colcon.colcon_core.package_identification:_identify(src/SAM_vision_test/src/runs/segment) by extension 'cmake'
[0.244s] Level 1:colcon.colcon_core.package_identification:_identify(src/SAM_vision_test/src/runs/segment) by extension 'python'
[0.244s] Level 1:colcon.colcon_core.package_identification:_identify(src/SAM_vision_test/src/runs/segment) by extensions ['python_setup_py']
[0.244s] Level 1:colcon.colcon_core.package_identification:_identify(src/SAM_vision_test/src/runs/segment) by extension 'python_setup_py'
[0.244s] Level 1:colcon.colcon_core.package_identification:_identify(src/SAM_vision_test/src/runs/segment/predict) by extensions ['ignore', 'ignore_ament_install']
[0.244s] Level 1:colcon.colcon_core.package_identification:_identify(src/SAM_vision_test/src/runs/segment/predict) by extension 'ignore'
[0.244s] Level 1:colcon.colcon_core.package_identification:_identify(src/SAM_vision_test/src/runs/segment/predict) by extension 'ignore_ament_install'
[0.244s] Level 1:colcon.colcon_core.package_identification:_identify(src/SAM_vision_test/src/runs/segment/predict) by extensions ['colcon_pkg']
[0.244s] Level 1:colcon.colcon_core.package_identification:_identify(src/SAM_vision_test/src/runs/segment/predict) by extension 'colcon_pkg'
[0.244s] Level 1:colcon.colcon_core.package_identification:_identify(src/SAM_vision_test/src/runs/segment/predict) by extensions ['colcon_meta']
[0.244s] Level 1:colcon.colcon_core.package_identification:_identify(src/SAM_vision_test/src/runs/segment/predict) by extension 'colcon_meta'
[0.244s] Level 1:colcon.colcon_core.package_identification:_identify(src/SAM_vision_test/src/runs/segment/predict) by extensions ['ros']
[0.244s] Level 1:colcon.colcon_core.package_identification:_identify(src/SAM_vision_test/src/runs/segment/predict) by extension 'ros'
[0.244s] Level 1:colcon.colcon_core.package_identification:_identify(src/SAM_vision_test/src/runs/segment/predict) by extensions ['cmake', 'python']
[0.244s] Level 1:colcon.colcon_core.package_identification:_identify(src/SAM_vision_test/src/runs/segment/predict) by extension 'cmake'
[0.244s] Level 1:colcon.colcon_core.package_identification:_identify(src/SAM_vision_test/src/runs/segment/predict) by extension 'python'
[0.244s] Level 1:colcon.colcon_core.package_identification:_identify(src/SAM_vision_test/src/runs/segment/predict) by extensions ['python_setup_py']
[0.244s] Level 1:colcon.colcon_core.package_identification:_identify(src/SAM_vision_test/src/runs/segment/predict) by extension 'python_setup_py'
[0.244s] Level 1:colcon.colcon_core.package_identification:_identify(src/communication_robosoccer) by extensions ['ignore', 'ignore_ament_install']
[0.244s] Level 1:colcon.colcon_core.package_identification:_identify(src/communication_robosoccer) by extension 'ignore'
[0.244s] Level 1:colcon.colcon_core.package_identification:_identify(src/communication_robosoccer) by extension 'ignore_ament_install'
[0.244s] Level 1:colcon.colcon_core.package_identification:_identify(src/communication_robosoccer) by extensions ['colcon_pkg']
[0.244s] Level 1:colcon.colcon_core.package_identification:_identify(src/communication_robosoccer) by extension 'colcon_pkg'
[0.244s] Level 1:colcon.colcon_core.package_identification:_identify(src/communication_robosoccer) by extensions ['colcon_meta']
[0.244s] Level 1:colcon.colcon_core.package_identification:_identify(src/communication_robosoccer) by extension 'colcon_meta'
[0.244s] Level 1:colcon.colcon_core.package_identification:_identify(src/communication_robosoccer) by extensions ['ros']
[0.244s] Level 1:colcon.colcon_core.package_identification:_identify(src/communication_robosoccer) by extension 'ros'
[0.246s] DEBUG:colcon.colcon_core.package_identification:Package 'src/communication_robosoccer' with type 'ros.ament_cmake' and name 'communication_robosoccer'
[0.246s] Level 1:colcon.colcon_core.package_identification:_identify(src/gui_robosoccer) by extensions ['ignore', 'ignore_ament_install']
[0.246s] Level 1:colcon.colcon_core.package_identification:_identify(src/gui_robosoccer) by extension 'ignore'
[0.246s] Level 1:colcon.colcon_core.package_identification:_identify(src/gui_robosoccer) by extension 'ignore_ament_install'
[0.246s] Level 1:colcon.colcon_core.package_identification:_identify(src/gui_robosoccer) by extensions ['colcon_pkg']
[0.246s] Level 1:colcon.colcon_core.package_identification:_identify(src/gui_robosoccer) by extension 'colcon_pkg'
[0.246s] Level 1:colcon.colcon_core.package_identification:_identify(src/gui_robosoccer) by extensions ['colcon_meta']
[0.246s] Level 1:colcon.colcon_core.package_identification:_identify(src/gui_robosoccer) by extension 'colcon_meta'
[0.246s] Level 1:colcon.colcon_core.package_identification:_identify(src/gui_robosoccer) by extensions ['ros']
[0.246s] Level 1:colcon.colcon_core.package_identification:_identify(src/gui_robosoccer) by extension 'ros'
[0.247s] DEBUG:colcon.colcon_core.package_identification:Package 'src/gui_robosoccer' with type 'ros.ament_cmake' and name 'gui_robosoccer'
[0.247s] Level 1:colcon.colcon_core.package_identification:_identify(src/message_interface_robosoccer) by extensions ['ignore', 'ignore_ament_install']
[0.247s] Level 1:colcon.colcon_core.package_identification:_identify(src/message_interface_robosoccer) by extension 'ignore'
[0.247s] Level 1:colcon.colcon_core.package_identification:_identify(src/message_interface_robosoccer) by extension 'ignore_ament_install'
[0.247s] Level 1:colcon.colcon_core.package_identification:_identify(src/message_interface_robosoccer) by extensions ['colcon_pkg']
[0.247s] Level 1:colcon.colcon_core.package_identification:_identify(src/message_interface_robosoccer) by extension 'colcon_pkg'
[0.247s] Level 1:colcon.colcon_core.package_identification:_identify(src/message_interface_robosoccer) by extensions ['colcon_meta']
[0.247s] Level 1:colcon.colcon_core.package_identification:_identify(src/message_interface_robosoccer) by extension 'colcon_meta'
[0.247s] Level 1:colcon.colcon_core.package_identification:_identify(src/message_interface_robosoccer) by extensions ['ros']
[0.247s] Level 1:colcon.colcon_core.package_identification:_identify(src/message_interface_robosoccer) by extension 'ros'
[0.247s] DEBUG:colcon.colcon_core.package_identification:Package 'src/message_interface_robosoccer' with type 'ros.ament_cmake' and name 'message_interface_robosoccer'
[0.247s] Level 1:colcon.colcon_core.package_identification:_identify(src/strategy_robosoccer) by extensions ['ignore', 'ignore_ament_install']
[0.247s] Level 1:colcon.colcon_core.package_identification:_identify(src/strategy_robosoccer) by extension 'ignore'
[0.247s] Level 1:colcon.colcon_core.package_identification:_identify(src/strategy_robosoccer) by extension 'ignore_ament_install'
[0.247s] Level 1:colcon.colcon_core.package_identification:_identify(src/strategy_robosoccer) by extensions ['colcon_pkg']
[0.247s] Level 1:colcon.colcon_core.package_identification:_identify(src/strategy_robosoccer) by extension 'colcon_pkg'
[0.247s] Level 1:colcon.colcon_core.package_identification:_identify(src/strategy_robosoccer) by extensions ['colcon_meta']
[0.247s] Level 1:colcon.colcon_core.package_identification:_identify(src/strategy_robosoccer) by extension 'colcon_meta'
[0.247s] Level 1:colcon.colcon_core.package_identification:_identify(src/strategy_robosoccer) by extensions ['ros']
[0.247s] Level 1:colcon.colcon_core.package_identification:_identify(src/strategy_robosoccer) by extension 'ros'
[0.248s] DEBUG:colcon.colcon_core.package_identification:Package 'src/strategy_robosoccer' with type 'ros.ament_cmake' and name 'strategy_robosoccer'
[0.248s] Level 1:colcon.colcon_core.package_identification:_identify(src/vision_robosoccer) by extensions ['ignore', 'ignore_ament_install']
[0.248s] Level 1:colcon.colcon_core.package_identification:_identify(src/vision_robosoccer) by extension 'ignore'
[0.248s] Level 1:colcon.colcon_core.package_identification:_identify(src/vision_robosoccer) by extension 'ignore_ament_install'
[0.248s] Level 1:colcon.colcon_core.package_identification:_identify(src/vision_robosoccer) by extensions ['colcon_pkg']
[0.248s] Level 1:colcon.colcon_core.package_identification:_identify(src/vision_robosoccer) by extension 'colcon_pkg'
[0.248s] Level 1:colcon.colcon_core.package_identification:_identify(src/vision_robosoccer) by extensions ['colcon_meta']
[0.248s] Level 1:colcon.colcon_core.package_identification:_identify(src/vision_robosoccer) by extension 'colcon_meta'
[0.248s] Level 1:colcon.colcon_core.package_identification:_identify(src/vision_robosoccer) by extensions ['ros']
[0.248s] Level 1:colcon.colcon_core.package_identification:_identify(src/vision_robosoccer) by extension 'ros'
[0.248s] DEBUG:colcon.colcon_core.package_identification:Package 'src/vision_robosoccer' with type 'ros.ament_cmake' and name 'vision_robosoccer'
[0.248s] Level 1:colcon.colcon_core.package_discovery:discover_packages(recursive) using defaults
[0.248s] Level 1:colcon.colcon_core.package_discovery:discover_packages(ignore) discover
[0.248s] Level 1:colcon.colcon_core.package_discovery:discover_packages(ignore) using defaults
[0.248s] Level 1:colcon.colcon_core.package_discovery:discover_packages(path) discover
[0.248s] Level 1:colcon.colcon_core.package_discovery:discover_packages(path) using defaults
[0.260s] Level 1:colcon.colcon_core.package_discovery:discover_packages(prefix_path) check parameters
[0.260s] Level 1:colcon.colcon_core.package_discovery:discover_packages(prefix_path) discover
[0.261s] DEBUG:colcon.colcon_installed_package_information.package_discovery:Found 270 installed packages in /opt/ros/humble
[0.262s] Level 1:colcon.colcon_core.package_discovery:discover_packages(prefix_path) using defaults
[0.277s] Level 5:colcon.colcon_core.verb:set package 'message_interface_robosoccer' build argument 'cmake_args' from command line to 'None'
[0.277s] Level 5:colcon.colcon_core.verb:set package 'message_interface_robosoccer' build argument 'cmake_target' from command line to 'None'
[0.277s] Level 5:colcon.colcon_core.verb:set package 'message_interface_robosoccer' build argument 'cmake_target_skip_unavailable' from command line to 'False'
[0.277s] Level 5:colcon.colcon_core.verb:set package 'message_interface_robosoccer' build argument 'cmake_clean_cache' from command line to 'False'
[0.278s] Level 5:colcon.colcon_core.verb:set package 'message_interface_robosoccer' build argument 'cmake_clean_first' from command line to 'False'
[0.278s] Level 5:colcon.colcon_core.verb:set package 'message_interface_robosoccer' build argument 'cmake_force_configure' from command line to 'False'
[0.278s] Level 5:colcon.colcon_core.verb:set package 'message_interface_robosoccer' build argument 'ament_cmake_args' from command line to 'None'
[0.278s] Level 5:colcon.colcon_core.verb:set package 'message_interface_robosoccer' build argument 'catkin_cmake_args' from command line to 'None'
[0.278s] Level 5:colcon.colcon_core.verb:set package 'message_interface_robosoccer' build argument 'catkin_skip_building_tests' from command line to 'False'
[0.278s] DEBUG:colcon.colcon_core.verb:Building package 'message_interface_robosoccer' with the following arguments: {'ament_cmake_args': None, 'build_base': '/home/eric/wjg/elong_ws_fps/build/message_interface_robosoccer', 'catkin_cmake_args': None, 'catkin_skip_building_tests': False, 'cmake_args': None, 'cmake_clean_cache': False, 'cmake_clean_first': False, 'cmake_force_configure': False, 'cmake_target': None, 'cmake_target_skip_unavailable': False, 'install_base': '/home/eric/wjg/elong_ws_fps/install/message_interface_robosoccer', 'merge_install': False, 'path': '/home/eric/wjg/elong_ws_fps/src/message_interface_robosoccer', 'symlink_install': False, 'test_result_base': None}
[0.278s] Level 5:colcon.colcon_core.verb:set package 'communication_robosoccer' build argument 'cmake_args' from command line to 'None'
[0.278s] Level 5:colcon.colcon_core.verb:set package 'communication_robosoccer' build argument 'cmake_target' from command line to 'None'
[0.278s] Level 5:colcon.colcon_core.verb:set package 'communication_robosoccer' build argument 'cmake_target_skip_unavailable' from command line to 'False'
[0.278s] Level 5:colcon.colcon_core.verb:set package 'communication_robosoccer' build argument 'cmake_clean_cache' from command line to 'False'
[0.278s] Level 5:colcon.colcon_core.verb:set package 'communication_robosoccer' build argument 'cmake_clean_first' from command line to 'False'
[0.278s] Level 5:colcon.colcon_core.verb:set package 'communication_robosoccer' build argument 'cmake_force_configure' from command line to 'False'
[0.278s] Level 5:colcon.colcon_core.verb:set package 'communication_robosoccer' build argument 'ament_cmake_args' from command line to 'None'
[0.278s] Level 5:colcon.colcon_core.verb:set package 'communication_robosoccer' build argument 'catkin_cmake_args' from command line to 'None'
[0.278s] Level 5:colcon.colcon_core.verb:set package 'communication_robosoccer' build argument 'catkin_skip_building_tests' from command line to 'False'
[0.278s] DEBUG:colcon.colcon_core.verb:Building package 'communication_robosoccer' with the following arguments: {'ament_cmake_args': None, 'build_base': '/home/eric/wjg/elong_ws_fps/build/communication_robosoccer', 'catkin_cmake_args': None, 'catkin_skip_building_tests': False, 'cmake_args': None, 'cmake_clean_cache': False, 'cmake_clean_first': False, 'cmake_force_configure': False, 'cmake_target': None, 'cmake_target_skip_unavailable': False, 'install_base': '/home/eric/wjg/elong_ws_fps/install/communication_robosoccer', 'merge_install': False, 'path': '/home/eric/wjg/elong_ws_fps/src/communication_robosoccer', 'symlink_install': False, 'test_result_base': None}
[0.278s] Level 5:colcon.colcon_core.verb:set package 'gui_robosoccer' build argument 'cmake_args' from command line to 'None'
[0.278s] Level 5:colcon.colcon_core.verb:set package 'gui_robosoccer' build argument 'cmake_target' from command line to 'None'
[0.278s] Level 5:colcon.colcon_core.verb:set package 'gui_robosoccer' build argument 'cmake_target_skip_unavailable' from command line to 'False'
[0.278s] Level 5:colcon.colcon_core.verb:set package 'gui_robosoccer' build argument 'cmake_clean_cache' from command line to 'False'
[0.278s] Level 5:colcon.colcon_core.verb:set package 'gui_robosoccer' build argument 'cmake_clean_first' from command line to 'False'
[0.278s] Level 5:colcon.colcon_core.verb:set package 'gui_robosoccer' build argument 'cmake_force_configure' from command line to 'False'
[0.278s] Level 5:colcon.colcon_core.verb:set package 'gui_robosoccer' build argument 'ament_cmake_args' from command line to 'None'
[0.278s] Level 5:colcon.colcon_core.verb:set package 'gui_robosoccer' build argument 'catkin_cmake_args' from command line to 'None'
[0.278s] Level 5:colcon.colcon_core.verb:set package 'gui_robosoccer' build argument 'catkin_skip_building_tests' from command line to 'False'
[0.278s] DEBUG:colcon.colcon_core.verb:Building package 'gui_robosoccer' with the following arguments: {'ament_cmake_args': None, 'build_base': '/home/eric/wjg/elong_ws_fps/build/gui_robosoccer', 'catkin_cmake_args': None, 'catkin_skip_building_tests': False, 'cmake_args': None, 'cmake_clean_cache': False, 'cmake_clean_first': False, 'cmake_force_configure': False, 'cmake_target': None, 'cmake_target_skip_unavailable': False, 'install_base': '/home/eric/wjg/elong_ws_fps/install/gui_robosoccer', 'merge_install': False, 'path': '/home/eric/wjg/elong_ws_fps/src/gui_robosoccer', 'symlink_install': False, 'test_result_base': None}
[0.278s] Level 5:colcon.colcon_core.verb:set package 'strategy_robosoccer' build argument 'cmake_args' from command line to 'None'
[0.278s] Level 5:colcon.colcon_core.verb:set package 'strategy_robosoccer' build argument 'cmake_target' from command line to 'None'
[0.278s] Level 5:colcon.colcon_core.verb:set package 'strategy_robosoccer' build argument 'cmake_target_skip_unavailable' from command line to 'False'
[0.278s] Level 5:colcon.colcon_core.verb:set package 'strategy_robosoccer' build argument 'cmake_clean_cache' from command line to 'False'
[0.278s] Level 5:colcon.colcon_core.verb:set package 'strategy_robosoccer' build argument 'cmake_clean_first' from command line to 'False'
[0.278s] Level 5:colcon.colcon_core.verb:set package 'strategy_robosoccer' build argument 'cmake_force_configure' from command line to 'False'
[0.278s] Level 5:colcon.colcon_core.verb:set package 'strategy_robosoccer' build argument 'ament_cmake_args' from command line to 'None'
[0.278s] Level 5:colcon.colcon_core.verb:set package 'strategy_robosoccer' build argument 'catkin_cmake_args' from command line to 'None'
[0.278s] Level 5:colcon.colcon_core.verb:set package 'strategy_robosoccer' build argument 'catkin_skip_building_tests' from command line to 'False'
[0.278s] DEBUG:colcon.colcon_core.verb:Building package 'strategy_robosoccer' with the following arguments: {'ament_cmake_args': None, 'build_base': '/home/eric/wjg/elong_ws_fps/build/strategy_robosoccer', 'catkin_cmake_args': None, 'catkin_skip_building_tests': False, 'cmake_args': None, 'cmake_clean_cache': False, 'cmake_clean_first': False, 'cmake_force_configure': False, 'cmake_target': None, 'cmake_target_skip_unavailable': False, 'install_base': '/home/eric/wjg/elong_ws_fps/install/strategy_robosoccer', 'merge_install': False, 'path': '/home/eric/wjg/elong_ws_fps/src/strategy_robosoccer', 'symlink_install': False, 'test_result_base': None}
[0.278s] Level 5:colcon.colcon_core.verb:set package 'vision_robosoccer' build argument 'cmake_args' from command line to 'None'
[0.278s] Level 5:colcon.colcon_core.verb:set package 'vision_robosoccer' build argument 'cmake_target' from command line to 'None'
[0.278s] Level 5:colcon.colcon_core.verb:set package 'vision_robosoccer' build argument 'cmake_target_skip_unavailable' from command line to 'False'
[0.278s] Level 5:colcon.colcon_core.verb:set package 'vision_robosoccer' build argument 'cmake_clean_cache' from command line to 'False'
[0.278s] Level 5:colcon.colcon_core.verb:set package 'vision_robosoccer' build argument 'cmake_clean_first' from command line to 'False'
[0.278s] Level 5:colcon.colcon_core.verb:set package 'vision_robosoccer' build argument 'cmake_force_configure' from command line to 'False'
[0.278s] Level 5:colcon.colcon_core.verb:set package 'vision_robosoccer' build argument 'ament_cmake_args' from command line to 'None'
[0.278s] Level 5:colcon.colcon_core.verb:set package 'vision_robosoccer' build argument 'catkin_cmake_args' from command line to 'None'
[0.278s] Level 5:colcon.colcon_core.verb:set package 'vision_robosoccer' build argument 'catkin_skip_building_tests' from command line to 'False'
[0.279s] DEBUG:colcon.colcon_core.verb:Building package 'vision_robosoccer' with the following arguments: {'ament_cmake_args': None, 'build_base': '/home/eric/wjg/elong_ws_fps/build/vision_robosoccer', 'catkin_cmake_args': None, 'catkin_skip_building_tests': False, 'cmake_args': None, 'cmake_clean_cache': False, 'cmake_clean_first': False, 'cmake_force_configure': False, 'cmake_target': None, 'cmake_target_skip_unavailable': False, 'install_base': '/home/eric/wjg/elong_ws_fps/install/vision_robosoccer', 'merge_install': False, 'path': '/home/eric/wjg/elong_ws_fps/src/vision_robosoccer', 'symlink_install': False, 'test_result_base': None}
[0.279s] INFO:colcon.colcon_core.executor:Executing jobs using 'parallel' executor
[0.279s] DEBUG:colcon.colcon_parallel_executor.executor.parallel:run_until_complete
[0.279s] INFO:colcon.colcon_ros.task.ament_cmake.build:Building ROS package in '/home/eric/wjg/elong_ws_fps/src/message_interface_robosoccer' with build type 'ament_cmake'
[0.279s] INFO:colcon.colcon_cmake.task.cmake.build:Building CMake package in '/home/eric/wjg/elong_ws_fps/src/message_interface_robosoccer'
[0.281s] INFO:colcon.colcon_core.plugin_system:Skipping extension 'colcon_core.shell.bat': Not used on non-Windows systems
[0.281s] INFO:colcon.colcon_core.shell:Skip shell extension 'powershell' for command environment: Not usable outside of PowerShell
[0.281s] DEBUG:colcon.colcon_core.shell:Skip shell extension 'dsv' for command environment
[0.286s] DEBUG:colcon.colcon_core.event_handler.log_command:Invoking command in '/home/eric/wjg/elong_ws_fps/build/message_interface_robosoccer': CMAKE_PREFIX_PATH=/opt/ros/humble /usr/bin/cmake /home/eric/wjg/elong_ws_fps/src/message_interface_robosoccer -DCMAKE_INSTALL_PREFIX=/home/eric/wjg/elong_ws_fps/install/message_interface_robosoccer
[1.578s] DEBUG:colcon.colcon_core.event_handler.log_command:Invoked command in '/home/eric/wjg/elong_ws_fps/build/message_interface_robosoccer' returned '0': CMAKE_PREFIX_PATH=/opt/ros/humble /usr/bin/cmake /home/eric/wjg/elong_ws_fps/src/message_interface_robosoccer -DCMAKE_INSTALL_PREFIX=/home/eric/wjg/elong_ws_fps/install/message_interface_robosoccer
[1.578s] DEBUG:colcon.colcon_core.event_handler.log_command:Invoking command in '/home/eric/wjg/elong_ws_fps/build/message_interface_robosoccer': CMAKE_PREFIX_PATH=/opt/ros/humble /usr/bin/cmake --build /home/eric/wjg/elong_ws_fps/build/message_interface_robosoccer -- -j24 -l24
[3.361s] DEBUG:colcon.colcon_core.event_handler.log_command:Invoked command in '/home/eric/wjg/elong_ws_fps/build/message_interface_robosoccer' returned '0': CMAKE_PREFIX_PATH=/opt/ros/humble /usr/bin/cmake --build /home/eric/wjg/elong_ws_fps/build/message_interface_robosoccer -- -j24 -l24
[3.366s] DEBUG:colcon.colcon_core.event_handler.log_command:Invoking command in '/home/eric/wjg/elong_ws_fps/build/message_interface_robosoccer': CMAKE_PREFIX_PATH=/opt/ros/humble /usr/bin/cmake --install /home/eric/wjg/elong_ws_fps/build/message_interface_robosoccer
[3.404s] Level 1:colcon.colcon_core.environment:create_environment_scripts_only(message_interface_robosoccer)
[3.404s] DEBUG:colcon.colcon_core.event_handler.log_command:Invoked command in '/home/eric/wjg/elong_ws_fps/build/message_interface_robosoccer' returned '0': CMAKE_PREFIX_PATH=/opt/ros/humble /usr/bin/cmake --install /home/eric/wjg/elong_ws_fps/build/message_interface_robosoccer
[3.406s] Level 1:colcon.colcon_core.environment:checking '/home/eric/wjg/elong_ws_fps/install/message_interface_robosoccer' for CMake module files
[3.406s] Level 1:colcon.colcon_core.environment:checking '/home/eric/wjg/elong_ws_fps/install/message_interface_robosoccer' for CMake config files
[3.407s] Level 1:colcon.colcon_core.shell:create_environment_hook('message_interface_robosoccer', 'cmake_prefix_path')
[3.407s] INFO:colcon.colcon_core.shell:Creating environment hook '/home/eric/wjg/elong_ws_fps/install/message_interface_robosoccer/share/message_interface_robosoccer/hook/cmake_prefix_path.ps1'
[3.407s] INFO:colcon.colcon_core.shell:Creating environment descriptor '/home/eric/wjg/elong_ws_fps/install/message_interface_robosoccer/share/message_interface_robosoccer/hook/cmake_prefix_path.dsv'
[3.407s] INFO:colcon.colcon_core.shell:Creating environment hook '/home/eric/wjg/elong_ws_fps/install/message_interface_robosoccer/share/message_interface_robosoccer/hook/cmake_prefix_path.sh'
[3.408s] Level 1:colcon.colcon_core.environment:checking '/home/eric/wjg/elong_ws_fps/install/message_interface_robosoccer/lib'
[3.408s] Level 1:colcon.colcon_core.shell:create_environment_hook('message_interface_robosoccer', 'ld_library_path_lib')
[3.408s] INFO:colcon.colcon_core.shell:Creating environment hook '/home/eric/wjg/elong_ws_fps/install/message_interface_robosoccer/share/message_interface_robosoccer/hook/ld_library_path_lib.ps1'
[3.409s] INFO:colcon.colcon_core.shell:Creating environment descriptor '/home/eric/wjg/elong_ws_fps/install/message_interface_robosoccer/share/message_interface_robosoccer/hook/ld_library_path_lib.dsv'
[3.409s] INFO:colcon.colcon_core.shell:Creating environment hook '/home/eric/wjg/elong_ws_fps/install/message_interface_robosoccer/share/message_interface_robosoccer/hook/ld_library_path_lib.sh'
[3.409s] Level 1:colcon.colcon_core.environment:checking '/home/eric/wjg/elong_ws_fps/install/message_interface_robosoccer/bin'
[3.409s] Level 1:colcon.colcon_core.environment:checking '/home/eric/wjg/elong_ws_fps/install/message_interface_robosoccer/lib/pkgconfig/message_interface_robosoccer.pc'
[3.409s] Level 1:colcon.colcon_core.environment:checking '/home/eric/wjg/elong_ws_fps/install/message_interface_robosoccer/lib/python3.10/site-packages'
[3.409s] Level 1:colcon.colcon_core.environment:checking '/home/eric/wjg/elong_ws_fps/install/message_interface_robosoccer/bin'
[3.409s] INFO:colcon.colcon_core.shell:Creating package script '/home/eric/wjg/elong_ws_fps/install/message_interface_robosoccer/share/message_interface_robosoccer/package.ps1'
[3.410s] INFO:colcon.colcon_core.shell:Creating package descriptor '/home/eric/wjg/elong_ws_fps/install/message_interface_robosoccer/share/message_interface_robosoccer/package.dsv'
[3.410s] INFO:colcon.colcon_core.shell:Creating package script '/home/eric/wjg/elong_ws_fps/install/message_interface_robosoccer/share/message_interface_robosoccer/package.sh'
[3.410s] INFO:colcon.colcon_core.shell:Creating package script '/home/eric/wjg/elong_ws_fps/install/message_interface_robosoccer/share/message_interface_robosoccer/package.bash'
[3.411s] INFO:colcon.colcon_core.shell:Creating package script '/home/eric/wjg/elong_ws_fps/install/message_interface_robosoccer/share/message_interface_robosoccer/package.zsh'
[3.411s] Level 1:colcon.colcon_core.environment:create_file_with_runtime_dependencies(/home/eric/wjg/elong_ws_fps/install/message_interface_robosoccer/share/colcon-core/packages/message_interface_robosoccer)
[3.411s] Level 1:colcon.colcon_core.environment:create_environment_scripts_only(message_interface_robosoccer)
[3.411s] Level 1:colcon.colcon_core.environment:checking '/home/eric/wjg/elong_ws_fps/install/message_interface_robosoccer' for CMake module files
[3.412s] Level 1:colcon.colcon_core.environment:checking '/home/eric/wjg/elong_ws_fps/install/message_interface_robosoccer' for CMake config files
[3.412s] Level 1:colcon.colcon_core.shell:create_environment_hook('message_interface_robosoccer', 'cmake_prefix_path')
[3.412s] INFO:colcon.colcon_core.shell:Creating environment hook '/home/eric/wjg/elong_ws_fps/install/message_interface_robosoccer/share/message_interface_robosoccer/hook/cmake_prefix_path.ps1'
[3.412s] INFO:colcon.colcon_core.shell:Creating environment descriptor '/home/eric/wjg/elong_ws_fps/install/message_interface_robosoccer/share/message_interface_robosoccer/hook/cmake_prefix_path.dsv'
[3.412s] INFO:colcon.colcon_core.shell:Creating environment hook '/home/eric/wjg/elong_ws_fps/install/message_interface_robosoccer/share/message_interface_robosoccer/hook/cmake_prefix_path.sh'
[3.413s] Level 1:colcon.colcon_core.environment:checking '/home/eric/wjg/elong_ws_fps/install/message_interface_robosoccer/lib'
[3.413s] Level 1:colcon.colcon_core.shell:create_environment_hook('message_interface_robosoccer', 'ld_library_path_lib')
[3.413s] INFO:colcon.colcon_core.shell:Creating environment hook '/home/eric/wjg/elong_ws_fps/install/message_interface_robosoccer/share/message_interface_robosoccer/hook/ld_library_path_lib.ps1'
[3.413s] INFO:colcon.colcon_core.shell:Creating environment descriptor '/home/eric/wjg/elong_ws_fps/install/message_interface_robosoccer/share/message_interface_robosoccer/hook/ld_library_path_lib.dsv'
[3.413s] INFO:colcon.colcon_core.shell:Creating environment hook '/home/eric/wjg/elong_ws_fps/install/message_interface_robosoccer/share/message_interface_robosoccer/hook/ld_library_path_lib.sh'
[3.413s] Level 1:colcon.colcon_core.environment:checking '/home/eric/wjg/elong_ws_fps/install/message_interface_robosoccer/bin'
[3.413s] Level 1:colcon.colcon_core.environment:checking '/home/eric/wjg/elong_ws_fps/install/message_interface_robosoccer/lib/pkgconfig/message_interface_robosoccer.pc'
[3.413s] Level 1:colcon.colcon_core.environment:checking '/home/eric/wjg/elong_ws_fps/install/message_interface_robosoccer/lib/python3.10/site-packages'
[3.413s] Level 1:colcon.colcon_core.environment:checking '/home/eric/wjg/elong_ws_fps/install/message_interface_robosoccer/bin'
[3.413s] INFO:colcon.colcon_core.shell:Creating package script '/home/eric/wjg/elong_ws_fps/install/message_interface_robosoccer/share/message_interface_robosoccer/package.ps1'
[3.414s] INFO:colcon.colcon_core.shell:Creating package descriptor '/home/eric/wjg/elong_ws_fps/install/message_interface_robosoccer/share/message_interface_robosoccer/package.dsv'
[3.414s] INFO:colcon.colcon_core.shell:Creating package script '/home/eric/wjg/elong_ws_fps/install/message_interface_robosoccer/share/message_interface_robosoccer/package.sh'
[3.414s] INFO:colcon.colcon_core.shell:Creating package script '/home/eric/wjg/elong_ws_fps/install/message_interface_robosoccer/share/message_interface_robosoccer/package.bash'
[3.414s] INFO:colcon.colcon_core.shell:Creating package script '/home/eric/wjg/elong_ws_fps/install/message_interface_robosoccer/share/message_interface_robosoccer/package.zsh'
[3.414s] Level 1:colcon.colcon_core.environment:create_file_with_runtime_dependencies(/home/eric/wjg/elong_ws_fps/install/message_interface_robosoccer/share/colcon-core/packages/message_interface_robosoccer)
[3.415s] INFO:colcon.colcon_ros.task.ament_cmake.build:Building ROS package in '/home/eric/wjg/elong_ws_fps/src/communication_robosoccer' with build type 'ament_cmake'
[3.415s] INFO:colcon.colcon_cmake.task.cmake.build:Building CMake package in '/home/eric/wjg/elong_ws_fps/src/communication_robosoccer'
[3.415s] INFO:colcon.colcon_core.shell:Skip shell extension 'powershell' for command environment: Not usable outside of PowerShell
[3.415s] DEBUG:colcon.colcon_core.shell:Skip shell extension 'dsv' for command environment
[3.416s] INFO:colcon.colcon_ros.task.ament_cmake.build:Building ROS package in '/home/eric/wjg/elong_ws_fps/src/gui_robosoccer' with build type 'ament_cmake'
[3.416s] INFO:colcon.colcon_cmake.task.cmake.build:Building CMake package in '/home/eric/wjg/elong_ws_fps/src/gui_robosoccer'
[3.416s] INFO:colcon.colcon_core.shell:Skip shell extension 'powershell' for command environment: Not usable outside of PowerShell
[3.416s] DEBUG:colcon.colcon_core.shell:Skip shell extension 'dsv' for command environment
[3.418s] INFO:colcon.colcon_ros.task.ament_cmake.build:Building ROS package in '/home/eric/wjg/elong_ws_fps/src/strategy_robosoccer' with build type 'ament_cmake'
[3.418s] INFO:colcon.colcon_cmake.task.cmake.build:Building CMake package in '/home/eric/wjg/elong_ws_fps/src/strategy_robosoccer'
[3.418s] INFO:colcon.colcon_core.shell:Skip shell extension 'powershell' for command environment: Not usable outside of PowerShell
[3.418s] DEBUG:colcon.colcon_core.shell:Skip shell extension 'dsv' for command environment
[3.420s] INFO:colcon.colcon_ros.task.ament_cmake.build:Building ROS package in '/home/eric/wjg/elong_ws_fps/src/vision_robosoccer' with build type 'ament_cmake'
[3.420s] INFO:colcon.colcon_cmake.task.cmake.build:Building CMake package in '/home/eric/wjg/elong_ws_fps/src/vision_robosoccer'
[3.420s] INFO:colcon.colcon_core.shell:Skip shell extension 'powershell' for command environment: Not usable outside of PowerShell
[3.420s] DEBUG:colcon.colcon_core.shell:Skip shell extension 'dsv' for command environment
[3.424s] DEBUG:colcon.colcon_core.event_handler.log_command:Invoking command in '/home/eric/wjg/elong_ws_fps/build/communication_robosoccer': AMENT_PREFIX_PATH=/home/eric/wjg/elong_ws_fps/install/message_interface_robosoccer:${AMENT_PREFIX_PATH} CMAKE_PREFIX_PATH=/home/eric/wjg/elong_ws_fps/install/message_interface_robosoccer:/opt/ros/humble LD_LIBRARY_PATH=/home/eric/wjg/elong_ws_fps/install/message_interface_robosoccer/lib:${LD_LIBRARY_PATH} PYTHONPATH=/home/eric/wjg/elong_ws_fps/install/message_interface_robosoccer/local/lib/python3.10/dist-packages:${PYTHONPATH} /usr/bin/cmake /home/eric/wjg/elong_ws_fps/src/communication_robosoccer -DCMAKE_INSTALL_PREFIX=/home/eric/wjg/elong_ws_fps/install/communication_robosoccer
[3.425s] DEBUG:colcon.colcon_core.event_handler.log_command:Invoking command in '/home/eric/wjg/elong_ws_fps/build/gui_robosoccer': AMENT_PREFIX_PATH=/home/eric/wjg/elong_ws_fps/install/message_interface_robosoccer:${AMENT_PREFIX_PATH} CMAKE_PREFIX_PATH=/home/eric/wjg/elong_ws_fps/install/message_interface_robosoccer:/opt/ros/humble LD_LIBRARY_PATH=/home/eric/wjg/elong_ws_fps/install/message_interface_robosoccer/lib:${LD_LIBRARY_PATH} PYTHONPATH=/home/eric/wjg/elong_ws_fps/install/message_interface_robosoccer/local/lib/python3.10/dist-packages:${PYTHONPATH} /usr/bin/cmake /home/eric/wjg/elong_ws_fps/src/gui_robosoccer -DCMAKE_INSTALL_PREFIX=/home/eric/wjg/elong_ws_fps/install/gui_robosoccer
[3.426s] DEBUG:colcon.colcon_core.event_handler.log_command:Invoking command in '/home/eric/wjg/elong_ws_fps/build/strategy_robosoccer': AMENT_PREFIX_PATH=/home/eric/wjg/elong_ws_fps/install/message_interface_robosoccer:${AMENT_PREFIX_PATH} CMAKE_PREFIX_PATH=/home/eric/wjg/elong_ws_fps/install/message_interface_robosoccer:/opt/ros/humble LD_LIBRARY_PATH=/home/eric/wjg/elong_ws_fps/install/message_interface_robosoccer/lib:${LD_LIBRARY_PATH} PYTHONPATH=/home/eric/wjg/elong_ws_fps/install/message_interface_robosoccer/local/lib/python3.10/dist-packages:${PYTHONPATH} /usr/bin/cmake /home/eric/wjg/elong_ws_fps/src/strategy_robosoccer -DCMAKE_INSTALL_PREFIX=/home/eric/wjg/elong_ws_fps/install/strategy_robosoccer
[3.427s] DEBUG:colcon.colcon_core.event_handler.log_command:Invoking command in '/home/eric/wjg/elong_ws_fps/build/vision_robosoccer': AMENT_PREFIX_PATH=/home/eric/wjg/elong_ws_fps/install/message_interface_robosoccer:${AMENT_PREFIX_PATH} CMAKE_PREFIX_PATH=/home/eric/wjg/elong_ws_fps/install/message_interface_robosoccer:/opt/ros/humble LD_LIBRARY_PATH=/home/eric/wjg/elong_ws_fps/install/message_interface_robosoccer/lib:${LD_LIBRARY_PATH} PYTHONPATH=/home/eric/wjg/elong_ws_fps/install/message_interface_robosoccer/local/lib/python3.10/dist-packages:${PYTHONPATH} /usr/bin/cmake /home/eric/wjg/elong_ws_fps/src/vision_robosoccer -DCMAKE_INSTALL_PREFIX=/home/eric/wjg/elong_ws_fps/install/vision_robosoccer
[4.240s] DEBUG:colcon.colcon_core.event_handler.log_command:Invoked command in '/home/eric/wjg/elong_ws_fps/build/communication_robosoccer' returned '0': AMENT_PREFIX_PATH=/home/eric/wjg/elong_ws_fps/install/message_interface_robosoccer:${AMENT_PREFIX_PATH} CMAKE_PREFIX_PATH=/home/eric/wjg/elong_ws_fps/install/message_interface_robosoccer:/opt/ros/humble LD_LIBRARY_PATH=/home/eric/wjg/elong_ws_fps/install/message_interface_robosoccer/lib:${LD_LIBRARY_PATH} PYTHONPATH=/home/eric/wjg/elong_ws_fps/install/message_interface_robosoccer/local/lib/python3.10/dist-packages:${PYTHONPATH} /usr/bin/cmake /home/eric/wjg/elong_ws_fps/src/communication_robosoccer -DCMAKE_INSTALL_PREFIX=/home/eric/wjg/elong_ws_fps/install/communication_robosoccer
[4.241s] DEBUG:colcon.colcon_core.event_handler.log_command:Invoking command in '/home/eric/wjg/elong_ws_fps/build/communication_robosoccer': AMENT_PREFIX_PATH=/home/eric/wjg/elong_ws_fps/install/message_interface_robosoccer:${AMENT_PREFIX_PATH} CMAKE_PREFIX_PATH=/home/eric/wjg/elong_ws_fps/install/message_interface_robosoccer:/opt/ros/humble LD_LIBRARY_PATH=/home/eric/wjg/elong_ws_fps/install/message_interface_robosoccer/lib:${LD_LIBRARY_PATH} PYTHONPATH=/home/eric/wjg/elong_ws_fps/install/message_interface_robosoccer/local/lib/python3.10/dist-packages:${PYTHONPATH} /usr/bin/cmake --build /home/eric/wjg/elong_ws_fps/build/communication_robosoccer -- -j24 -l24
[4.247s] DEBUG:colcon.colcon_core.event_handler.log_command:Invoked command in '/home/eric/wjg/elong_ws_fps/build/strategy_robosoccer' returned '0': AMENT_PREFIX_PATH=/home/eric/wjg/elong_ws_fps/install/message_interface_robosoccer:${AMENT_PREFIX_PATH} CMAKE_PREFIX_PATH=/home/eric/wjg/elong_ws_fps/install/message_interface_robosoccer:/opt/ros/humble LD_LIBRARY_PATH=/home/eric/wjg/elong_ws_fps/install/message_interface_robosoccer/lib:${LD_LIBRARY_PATH} PYTHONPATH=/home/eric/wjg/elong_ws_fps/install/message_interface_robosoccer/local/lib/python3.10/dist-packages:${PYTHONPATH} /usr/bin/cmake /home/eric/wjg/elong_ws_fps/src/strategy_robosoccer -DCMAKE_INSTALL_PREFIX=/home/eric/wjg/elong_ws_fps/install/strategy_robosoccer
[4.248s] DEBUG:colcon.colcon_core.event_handler.log_command:Invoking command in '/home/eric/wjg/elong_ws_fps/build/strategy_robosoccer': AMENT_PREFIX_PATH=/home/eric/wjg/elong_ws_fps/install/message_interface_robosoccer:${AMENT_PREFIX_PATH} CMAKE_PREFIX_PATH=/home/eric/wjg/elong_ws_fps/install/message_interface_robosoccer:/opt/ros/humble LD_LIBRARY_PATH=/home/eric/wjg/elong_ws_fps/install/message_interface_robosoccer/lib:${LD_LIBRARY_PATH} PYTHONPATH=/home/eric/wjg/elong_ws_fps/install/message_interface_robosoccer/local/lib/python3.10/dist-packages:${PYTHONPATH} /usr/bin/cmake --build /home/eric/wjg/elong_ws_fps/build/strategy_robosoccer -- -j24 -l24
[4.299s] DEBUG:colcon.colcon_core.event_handler.log_command:Invoked command in '/home/eric/wjg/elong_ws_fps/build/gui_robosoccer' returned '0': AMENT_PREFIX_PATH=/home/eric/wjg/elong_ws_fps/install/message_interface_robosoccer:${AMENT_PREFIX_PATH} CMAKE_PREFIX_PATH=/home/eric/wjg/elong_ws_fps/install/message_interface_robosoccer:/opt/ros/humble LD_LIBRARY_PATH=/home/eric/wjg/elong_ws_fps/install/message_interface_robosoccer/lib:${LD_LIBRARY_PATH} PYTHONPATH=/home/eric/wjg/elong_ws_fps/install/message_interface_robosoccer/local/lib/python3.10/dist-packages:${PYTHONPATH} /usr/bin/cmake /home/eric/wjg/elong_ws_fps/src/gui_robosoccer -DCMAKE_INSTALL_PREFIX=/home/eric/wjg/elong_ws_fps/install/gui_robosoccer
[4.300s] DEBUG:colcon.colcon_core.event_handler.log_command:Invoking command in '/home/eric/wjg/elong_ws_fps/build/gui_robosoccer': AMENT_PREFIX_PATH=/home/eric/wjg/elong_ws_fps/install/message_interface_robosoccer:${AMENT_PREFIX_PATH} CMAKE_PREFIX_PATH=/home/eric/wjg/elong_ws_fps/install/message_interface_robosoccer:/opt/ros/humble LD_LIBRARY_PATH=/home/eric/wjg/elong_ws_fps/install/message_interface_robosoccer/lib:${LD_LIBRARY_PATH} PYTHONPATH=/home/eric/wjg/elong_ws_fps/install/message_interface_robosoccer/local/lib/python3.10/dist-packages:${PYTHONPATH} /usr/bin/cmake --build /home/eric/wjg/elong_ws_fps/build/gui_robosoccer -- -j24 -l24
[4.301s] DEBUG:colcon.colcon_core.event_handler.log_command:Invoked command in '/home/eric/wjg/elong_ws_fps/build/vision_robosoccer' returned '0': AMENT_PREFIX_PATH=/home/eric/wjg/elong_ws_fps/install/message_interface_robosoccer:${AMENT_PREFIX_PATH} CMAKE_PREFIX_PATH=/home/eric/wjg/elong_ws_fps/install/message_interface_robosoccer:/opt/ros/humble LD_LIBRARY_PATH=/home/eric/wjg/elong_ws_fps/install/message_interface_robosoccer/lib:${LD_LIBRARY_PATH} PYTHONPATH=/home/eric/wjg/elong_ws_fps/install/message_interface_robosoccer/local/lib/python3.10/dist-packages:${PYTHONPATH} /usr/bin/cmake /home/eric/wjg/elong_ws_fps/src/vision_robosoccer -DCMAKE_INSTALL_PREFIX=/home/eric/wjg/elong_ws_fps/install/vision_robosoccer
[4.302s] DEBUG:colcon.colcon_core.event_handler.log_command:Invoking command in '/home/eric/wjg/elong_ws_fps/build/vision_robosoccer': AMENT_PREFIX_PATH=/home/eric/wjg/elong_ws_fps/install/message_interface_robosoccer:${AMENT_PREFIX_PATH} CMAKE_PREFIX_PATH=/home/eric/wjg/elong_ws_fps/install/message_interface_robosoccer:/opt/ros/humble LD_LIBRARY_PATH=/home/eric/wjg/elong_ws_fps/install/message_interface_robosoccer/lib:${LD_LIBRARY_PATH} PYTHONPATH=/home/eric/wjg/elong_ws_fps/install/message_interface_robosoccer/local/lib/python3.10/dist-packages:${PYTHONPATH} /usr/bin/cmake --build /home/eric/wjg/elong_ws_fps/build/vision_robosoccer -- -j24 -l24
[10.679s] DEBUG:colcon.colcon_core.event_handler.log_command:Invoked command in '/home/eric/wjg/elong_ws_fps/build/communication_robosoccer' returned '0': AMENT_PREFIX_PATH=/home/eric/wjg/elong_ws_fps/install/message_interface_robosoccer:${AMENT_PREFIX_PATH} CMAKE_PREFIX_PATH=/home/eric/wjg/elong_ws_fps/install/message_interface_robosoccer:/opt/ros/humble LD_LIBRARY_PATH=/home/eric/wjg/elong_ws_fps/install/message_interface_robosoccer/lib:${LD_LIBRARY_PATH} PYTHONPATH=/home/eric/wjg/elong_ws_fps/install/message_interface_robosoccer/local/lib/python3.10/dist-packages:${PYTHONPATH} /usr/bin/cmake --build /home/eric/wjg/elong_ws_fps/build/communication_robosoccer -- -j24 -l24
[10.680s] DEBUG:colcon.colcon_core.event_handler.log_command:Invoking command in '/home/eric/wjg/elong_ws_fps/build/communication_robosoccer': AMENT_PREFIX_PATH=/home/eric/wjg/elong_ws_fps/install/message_interface_robosoccer:${AMENT_PREFIX_PATH} CMAKE_PREFIX_PATH=/home/eric/wjg/elong_ws_fps/install/message_interface_robosoccer:/opt/ros/humble LD_LIBRARY_PATH=/home/eric/wjg/elong_ws_fps/install/message_interface_robosoccer/lib:${LD_LIBRARY_PATH} PYTHONPATH=/home/eric/wjg/elong_ws_fps/install/message_interface_robosoccer/local/lib/python3.10/dist-packages:${PYTHONPATH} /usr/bin/cmake --install /home/eric/wjg/elong_ws_fps/build/communication_robosoccer
[10.688s] Level 1:colcon.colcon_core.environment:create_environment_scripts_only(communication_robosoccer)
[10.688s] Level 1:colcon.colcon_core.environment:checking '/home/eric/wjg/elong_ws_fps/install/communication_robosoccer' for CMake module files
[10.689s] DEBUG:colcon.colcon_core.event_handler.log_command:Invoked command in '/home/eric/wjg/elong_ws_fps/build/communication_robosoccer' returned '0': AMENT_PREFIX_PATH=/home/eric/wjg/elong_ws_fps/install/message_interface_robosoccer:${AMENT_PREFIX_PATH} CMAKE_PREFIX_PATH=/home/eric/wjg/elong_ws_fps/install/message_interface_robosoccer:/opt/ros/humble LD_LIBRARY_PATH=/home/eric/wjg/elong_ws_fps/install/message_interface_robosoccer/lib:${LD_LIBRARY_PATH} PYTHONPATH=/home/eric/wjg/elong_ws_fps/install/message_interface_robosoccer/local/lib/python3.10/dist-packages:${PYTHONPATH} /usr/bin/cmake --install /home/eric/wjg/elong_ws_fps/build/communication_robosoccer
[10.689s] Level 1:colcon.colcon_core.environment:checking '/home/eric/wjg/elong_ws_fps/install/communication_robosoccer' for CMake config files
[10.689s] Level 1:colcon.colcon_core.shell:create_environment_hook('communication_robosoccer', 'cmake_prefix_path')
[10.689s] INFO:colcon.colcon_core.shell:Creating environment hook '/home/eric/wjg/elong_ws_fps/install/communication_robosoccer/share/communication_robosoccer/hook/cmake_prefix_path.ps1'
[10.690s] INFO:colcon.colcon_core.shell:Creating environment descriptor '/home/eric/wjg/elong_ws_fps/install/communication_robosoccer/share/communication_robosoccer/hook/cmake_prefix_path.dsv'
[10.690s] INFO:colcon.colcon_core.shell:Creating environment hook '/home/eric/wjg/elong_ws_fps/install/communication_robosoccer/share/communication_robosoccer/hook/cmake_prefix_path.sh'
[10.690s] Level 1:colcon.colcon_core.environment:checking '/home/eric/wjg/elong_ws_fps/install/communication_robosoccer/lib'
[10.690s] Level 1:colcon.colcon_core.environment:checking '/home/eric/wjg/elong_ws_fps/install/communication_robosoccer/bin'
[10.690s] Level 1:colcon.colcon_core.environment:checking '/home/eric/wjg/elong_ws_fps/install/communication_robosoccer/lib/pkgconfig/communication_robosoccer.pc'
[10.690s] Level 1:colcon.colcon_core.environment:checking '/home/eric/wjg/elong_ws_fps/install/communication_robosoccer/lib/python3.10/site-packages'
[10.690s] Level 1:colcon.colcon_core.environment:checking '/home/eric/wjg/elong_ws_fps/install/communication_robosoccer/bin'
[10.691s] INFO:colcon.colcon_core.shell:Creating package script '/home/eric/wjg/elong_ws_fps/install/communication_robosoccer/share/communication_robosoccer/package.ps1'
[10.691s] INFO:colcon.colcon_core.shell:Creating package descriptor '/home/eric/wjg/elong_ws_fps/install/communication_robosoccer/share/communication_robosoccer/package.dsv'
[10.691s] INFO:colcon.colcon_core.shell:Creating package script '/home/eric/wjg/elong_ws_fps/install/communication_robosoccer/share/communication_robosoccer/package.sh'
[10.691s] INFO:colcon.colcon_core.shell:Creating package script '/home/eric/wjg/elong_ws_fps/install/communication_robosoccer/share/communication_robosoccer/package.bash'
[10.691s] INFO:colcon.colcon_core.shell:Creating package script '/home/eric/wjg/elong_ws_fps/install/communication_robosoccer/share/communication_robosoccer/package.zsh'
[10.691s] Level 1:colcon.colcon_core.environment:create_file_with_runtime_dependencies(/home/eric/wjg/elong_ws_fps/install/communication_robosoccer/share/colcon-core/packages/communication_robosoccer)
[10.692s] Level 1:colcon.colcon_core.environment:create_environment_scripts_only(communication_robosoccer)
[10.692s] Level 1:colcon.colcon_core.environment:checking '/home/eric/wjg/elong_ws_fps/install/communication_robosoccer' for CMake module files
[10.692s] Level 1:colcon.colcon_core.environment:checking '/home/eric/wjg/elong_ws_fps/install/communication_robosoccer' for CMake config files
[10.692s] Level 1:colcon.colcon_core.shell:create_environment_hook('communication_robosoccer', 'cmake_prefix_path')
[10.692s] INFO:colcon.colcon_core.shell:Creating environment hook '/home/eric/wjg/elong_ws_fps/install/communication_robosoccer/share/communication_robosoccer/hook/cmake_prefix_path.ps1'
[10.692s] INFO:colcon.colcon_core.shell:Creating environment descriptor '/home/eric/wjg/elong_ws_fps/install/communication_robosoccer/share/communication_robosoccer/hook/cmake_prefix_path.dsv'
[10.693s] INFO:colcon.colcon_core.shell:Creating environment hook '/home/eric/wjg/elong_ws_fps/install/communication_robosoccer/share/communication_robosoccer/hook/cmake_prefix_path.sh'
[10.693s] Level 1:colcon.colcon_core.environment:checking '/home/eric/wjg/elong_ws_fps/install/communication_robosoccer/lib'
[10.693s] Level 1:colcon.colcon_core.environment:checking '/home/eric/wjg/elong_ws_fps/install/communication_robosoccer/bin'
[10.693s] Level 1:colcon.colcon_core.environment:checking '/home/eric/wjg/elong_ws_fps/install/communication_robosoccer/lib/pkgconfig/communication_robosoccer.pc'
[10.693s] Level 1:colcon.colcon_core.environment:checking '/home/eric/wjg/elong_ws_fps/install/communication_robosoccer/lib/python3.10/site-packages'
[10.693s] Level 1:colcon.colcon_core.environment:checking '/home/eric/wjg/elong_ws_fps/install/communication_robosoccer/bin'
[10.693s] INFO:colcon.colcon_core.shell:Creating package script '/home/eric/wjg/elong_ws_fps/install/communication_robosoccer/share/communication_robosoccer/package.ps1'
[10.693s] INFO:colcon.colcon_core.shell:Creating package descriptor '/home/eric/wjg/elong_ws_fps/install/communication_robosoccer/share/communication_robosoccer/package.dsv'
[10.694s] INFO:colcon.colcon_core.shell:Creating package script '/home/eric/wjg/elong_ws_fps/install/communication_robosoccer/share/communication_robosoccer/package.sh'
[10.694s] INFO:colcon.colcon_core.shell:Creating package script '/home/eric/wjg/elong_ws_fps/install/communication_robosoccer/share/communication_robosoccer/package.bash'
[10.694s] INFO:colcon.colcon_core.shell:Creating package script '/home/eric/wjg/elong_ws_fps/install/communication_robosoccer/share/communication_robosoccer/package.zsh'
[10.694s] Level 1:colcon.colcon_core.environment:create_file_with_runtime_dependencies(/home/eric/wjg/elong_ws_fps/install/communication_robosoccer/share/colcon-core/packages/communication_robosoccer)
[14.465s] DEBUG:colcon.colcon_core.event_handler.log_command:Invoked command in '/home/eric/wjg/elong_ws_fps/build/strategy_robosoccer' returned '0': AMENT_PREFIX_PATH=/home/eric/wjg/elong_ws_fps/install/message_interface_robosoccer:${AMENT_PREFIX_PATH} CMAKE_PREFIX_PATH=/home/eric/wjg/elong_ws_fps/install/message_interface_robosoccer:/opt/ros/humble LD_LIBRARY_PATH=/home/eric/wjg/elong_ws_fps/install/message_interface_robosoccer/lib:${LD_LIBRARY_PATH} PYTHONPATH=/home/eric/wjg/elong_ws_fps/install/message_interface_robosoccer/local/lib/python3.10/dist-packages:${PYTHONPATH} /usr/bin/cmake --build /home/eric/wjg/elong_ws_fps/build/strategy_robosoccer -- -j24 -l24
[14.466s] DEBUG:colcon.colcon_core.event_handler.log_command:Invoking command in '/home/eric/wjg/elong_ws_fps/build/strategy_robosoccer': AMENT_PREFIX_PATH=/home/eric/wjg/elong_ws_fps/install/message_interface_robosoccer:${AMENT_PREFIX_PATH} CMAKE_PREFIX_PATH=/home/eric/wjg/elong_ws_fps/install/message_interface_robosoccer:/opt/ros/humble LD_LIBRARY_PATH=/home/eric/wjg/elong_ws_fps/install/message_interface_robosoccer/lib:${LD_LIBRARY_PATH} PYTHONPATH=/home/eric/wjg/elong_ws_fps/install/message_interface_robosoccer/local/lib/python3.10/dist-packages:${PYTHONPATH} /usr/bin/cmake --install /home/eric/wjg/elong_ws_fps/build/strategy_robosoccer
[14.480s] Level 1:colcon.colcon_core.environment:create_environment_scripts_only(strategy_robosoccer)
[14.481s] Level 1:colcon.colcon_core.environment:checking '/home/eric/wjg/elong_ws_fps/install/strategy_robosoccer' for CMake module files
[14.481s] DEBUG:colcon.colcon_core.event_handler.log_command:Invoked command in '/home/eric/wjg/elong_ws_fps/build/strategy_robosoccer' returned '0': AMENT_PREFIX_PATH=/home/eric/wjg/elong_ws_fps/install/message_interface_robosoccer:${AMENT_PREFIX_PATH} CMAKE_PREFIX_PATH=/home/eric/wjg/elong_ws_fps/install/message_interface_robosoccer:/opt/ros/humble LD_LIBRARY_PATH=/home/eric/wjg/elong_ws_fps/install/message_interface_robosoccer/lib:${LD_LIBRARY_PATH} PYTHONPATH=/home/eric/wjg/elong_ws_fps/install/message_interface_robosoccer/local/lib/python3.10/dist-packages:${PYTHONPATH} /usr/bin/cmake --install /home/eric/wjg/elong_ws_fps/build/strategy_robosoccer
[14.481s] Level 1:colcon.colcon_core.environment:checking '/home/eric/wjg/elong_ws_fps/install/strategy_robosoccer' for CMake config files
[14.481s] Level 1:colcon.colcon_core.shell:create_environment_hook('strategy_robosoccer', 'cmake_prefix_path')
[14.482s] INFO:colcon.colcon_core.shell:Creating environment hook '/home/eric/wjg/elong_ws_fps/install/strategy_robosoccer/share/strategy_robosoccer/hook/cmake_prefix_path.ps1'
[14.482s] INFO:colcon.colcon_core.shell:Creating environment descriptor '/home/eric/wjg/elong_ws_fps/install/strategy_robosoccer/share/strategy_robosoccer/hook/cmake_prefix_path.dsv'
[14.482s] INFO:colcon.colcon_core.shell:Creating environment hook '/home/eric/wjg/elong_ws_fps/install/strategy_robosoccer/share/strategy_robosoccer/hook/cmake_prefix_path.sh'
[14.482s] Level 1:colcon.colcon_core.environment:checking '/home/eric/wjg/elong_ws_fps/install/strategy_robosoccer/lib'
[14.482s] Level 1:colcon.colcon_core.environment:checking '/home/eric/wjg/elong_ws_fps/install/strategy_robosoccer/bin'
[14.482s] Level 1:colcon.colcon_core.environment:checking '/home/eric/wjg/elong_ws_fps/install/strategy_robosoccer/lib/pkgconfig/strategy_robosoccer.pc'
[14.482s] Level 1:colcon.colcon_core.environment:checking '/home/eric/wjg/elong_ws_fps/install/strategy_robosoccer/lib/python3.10/site-packages'
[14.482s] Level 1:colcon.colcon_core.environment:checking '/home/eric/wjg/elong_ws_fps/install/strategy_robosoccer/bin'
[14.483s] INFO:colcon.colcon_core.shell:Creating package script '/home/eric/wjg/elong_ws_fps/install/strategy_robosoccer/share/strategy_robosoccer/package.ps1'
[14.483s] INFO:colcon.colcon_core.shell:Creating package descriptor '/home/eric/wjg/elong_ws_fps/install/strategy_robosoccer/share/strategy_robosoccer/package.dsv'
[14.483s] INFO:colcon.colcon_core.shell:Creating package script '/home/eric/wjg/elong_ws_fps/install/strategy_robosoccer/share/strategy_robosoccer/package.sh'
[14.483s] INFO:colcon.colcon_core.shell:Creating package script '/home/eric/wjg/elong_ws_fps/install/strategy_robosoccer/share/strategy_robosoccer/package.bash'
[14.483s] INFO:colcon.colcon_core.shell:Creating package script '/home/eric/wjg/elong_ws_fps/install/strategy_robosoccer/share/strategy_robosoccer/package.zsh'
[14.483s] Level 1:colcon.colcon_core.environment:create_file_with_runtime_dependencies(/home/eric/wjg/elong_ws_fps/install/strategy_robosoccer/share/colcon-core/packages/strategy_robosoccer)
[14.484s] Level 1:colcon.colcon_core.environment:create_environment_scripts_only(strategy_robosoccer)
[14.484s] Level 1:colcon.colcon_core.environment:checking '/home/eric/wjg/elong_ws_fps/install/strategy_robosoccer' for CMake module files
[14.484s] Level 1:colcon.colcon_core.environment:checking '/home/eric/wjg/elong_ws_fps/install/strategy_robosoccer' for CMake config files
[14.484s] Level 1:colcon.colcon_core.shell:create_environment_hook('strategy_robosoccer', 'cmake_prefix_path')
[14.484s] INFO:colcon.colcon_core.shell:Creating environment hook '/home/eric/wjg/elong_ws_fps/install/strategy_robosoccer/share/strategy_robosoccer/hook/cmake_prefix_path.ps1'
[14.484s] INFO:colcon.colcon_core.shell:Creating environment descriptor '/home/eric/wjg/elong_ws_fps/install/strategy_robosoccer/share/strategy_robosoccer/hook/cmake_prefix_path.dsv'
[14.484s] INFO:colcon.colcon_core.shell:Creating environment hook '/home/eric/wjg/elong_ws_fps/install/strategy_robosoccer/share/strategy_robosoccer/hook/cmake_prefix_path.sh'
[14.485s] Level 1:colcon.colcon_core.environment:checking '/home/eric/wjg/elong_ws_fps/install/strategy_robosoccer/lib'
[14.485s] Level 1:colcon.colcon_core.environment:checking '/home/eric/wjg/elong_ws_fps/install/strategy_robosoccer/bin'
[14.485s] Level 1:colcon.colcon_core.environment:checking '/home/eric/wjg/elong_ws_fps/install/strategy_robosoccer/lib/pkgconfig/strategy_robosoccer.pc'
[14.485s] Level 1:colcon.colcon_core.environment:checking '/home/eric/wjg/elong_ws_fps/install/strategy_robosoccer/lib/python3.10/site-packages'
[14.485s] Level 1:colcon.colcon_core.environment:checking '/home/eric/wjg/elong_ws_fps/install/strategy_robosoccer/bin'
[14.485s] INFO:colcon.colcon_core.shell:Creating package script '/home/eric/wjg/elong_ws_fps/install/strategy_robosoccer/share/strategy_robosoccer/package.ps1'
[14.485s] INFO:colcon.colcon_core.shell:Creating package descriptor '/home/eric/wjg/elong_ws_fps/install/strategy_robosoccer/share/strategy_robosoccer/package.dsv'
[14.485s] INFO:colcon.colcon_core.shell:Creating package script '/home/eric/wjg/elong_ws_fps/install/strategy_robosoccer/share/strategy_robosoccer/package.sh'
[14.486s] INFO:colcon.colcon_core.shell:Creating package script '/home/eric/wjg/elong_ws_fps/install/strategy_robosoccer/share/strategy_robosoccer/package.bash'
[14.486s] INFO:colcon.colcon_core.shell:Creating package script '/home/eric/wjg/elong_ws_fps/install/strategy_robosoccer/share/strategy_robosoccer/package.zsh'
[14.486s] Level 1:colcon.colcon_core.environment:create_file_with_runtime_dependencies(/home/eric/wjg/elong_ws_fps/install/strategy_robosoccer/share/colcon-core/packages/strategy_robosoccer)
[15.795s] DEBUG:colcon.colcon_core.event_handler.log_command:Invoked command in '/home/eric/wjg/elong_ws_fps/build/vision_robosoccer' returned '0': AMENT_PREFIX_PATH=/home/eric/wjg/elong_ws_fps/install/message_interface_robosoccer:${AMENT_PREFIX_PATH} CMAKE_PREFIX_PATH=/home/eric/wjg/elong_ws_fps/install/message_interface_robosoccer:/opt/ros/humble LD_LIBRARY_PATH=/home/eric/wjg/elong_ws_fps/install/message_interface_robosoccer/lib:${LD_LIBRARY_PATH} PYTHONPATH=/home/eric/wjg/elong_ws_fps/install/message_interface_robosoccer/local/lib/python3.10/dist-packages:${PYTHONPATH} /usr/bin/cmake --build /home/eric/wjg/elong_ws_fps/build/vision_robosoccer -- -j24 -l24
[15.796s] DEBUG:colcon.colcon_core.event_handler.log_command:Invoking command in '/home/eric/wjg/elong_ws_fps/build/vision_robosoccer': AMENT_PREFIX_PATH=/home/eric/wjg/elong_ws_fps/install/message_interface_robosoccer:${AMENT_PREFIX_PATH} CMAKE_PREFIX_PATH=/home/eric/wjg/elong_ws_fps/install/message_interface_robosoccer:/opt/ros/humble LD_LIBRARY_PATH=/home/eric/wjg/elong_ws_fps/install/message_interface_robosoccer/lib:${LD_LIBRARY_PATH} PYTHONPATH=/home/eric/wjg/elong_ws_fps/install/message_interface_robosoccer/local/lib/python3.10/dist-packages:${PYTHONPATH} /usr/bin/cmake --install /home/eric/wjg/elong_ws_fps/build/vision_robosoccer
[15.813s] Level 1:colcon.colcon_core.environment:create_environment_scripts_only(vision_robosoccer)
[15.813s] Level 1:colcon.colcon_core.environment:checking '/home/eric/wjg/elong_ws_fps/install/vision_robosoccer' for CMake module files
[15.813s] DEBUG:colcon.colcon_core.event_handler.log_command:Invoked command in '/home/eric/wjg/elong_ws_fps/build/vision_robosoccer' returned '0': AMENT_PREFIX_PATH=/home/eric/wjg/elong_ws_fps/install/message_interface_robosoccer:${AMENT_PREFIX_PATH} CMAKE_PREFIX_PATH=/home/eric/wjg/elong_ws_fps/install/message_interface_robosoccer:/opt/ros/humble LD_LIBRARY_PATH=/home/eric/wjg/elong_ws_fps/install/message_interface_robosoccer/lib:${LD_LIBRARY_PATH} PYTHONPATH=/home/eric/wjg/elong_ws_fps/install/message_interface_robosoccer/local/lib/python3.10/dist-packages:${PYTHONPATH} /usr/bin/cmake --install /home/eric/wjg/elong_ws_fps/build/vision_robosoccer
[15.814s] Level 1:colcon.colcon_core.environment:checking '/home/eric/wjg/elong_ws_fps/install/vision_robosoccer' for CMake config files
[15.814s] Level 1:colcon.colcon_core.shell:create_environment_hook('vision_robosoccer', 'cmake_prefix_path')
[15.814s] INFO:colcon.colcon_core.shell:Creating environment hook '/home/eric/wjg/elong_ws_fps/install/vision_robosoccer/share/vision_robosoccer/hook/cmake_prefix_path.ps1'
[15.814s] INFO:colcon.colcon_core.shell:Creating environment descriptor '/home/eric/wjg/elong_ws_fps/install/vision_robosoccer/share/vision_robosoccer/hook/cmake_prefix_path.dsv'
[15.814s] INFO:colcon.colcon_core.shell:Creating environment hook '/home/eric/wjg/elong_ws_fps/install/vision_robosoccer/share/vision_robosoccer/hook/cmake_prefix_path.sh'
[15.814s] Level 1:colcon.colcon_core.environment:checking '/home/eric/wjg/elong_ws_fps/install/vision_robosoccer/lib'
[15.814s] Level 1:colcon.colcon_core.environment:checking '/home/eric/wjg/elong_ws_fps/install/vision_robosoccer/bin'
[15.814s] Level 1:colcon.colcon_core.environment:checking '/home/eric/wjg/elong_ws_fps/install/vision_robosoccer/lib/pkgconfig/vision_robosoccer.pc'
[15.815s] Level 1:colcon.colcon_core.environment:checking '/home/eric/wjg/elong_ws_fps/install/vision_robosoccer/lib/python3.10/site-packages'
[15.815s] Level 1:colcon.colcon_core.environment:checking '/home/eric/wjg/elong_ws_fps/install/vision_robosoccer/bin'
[15.815s] INFO:colcon.colcon_core.shell:Creating package script '/home/eric/wjg/elong_ws_fps/install/vision_robosoccer/share/vision_robosoccer/package.ps1'
[15.815s] INFO:colcon.colcon_core.shell:Creating package descriptor '/home/eric/wjg/elong_ws_fps/install/vision_robosoccer/share/vision_robosoccer/package.dsv'
[15.815s] INFO:colcon.colcon_core.shell:Creating package script '/home/eric/wjg/elong_ws_fps/install/vision_robosoccer/share/vision_robosoccer/package.sh'
[15.815s] INFO:colcon.colcon_core.shell:Creating package script '/home/eric/wjg/elong_ws_fps/install/vision_robosoccer/share/vision_robosoccer/package.bash'
[15.815s] INFO:colcon.colcon_core.shell:Creating package script '/home/eric/wjg/elong_ws_fps/install/vision_robosoccer/share/vision_robosoccer/package.zsh'
[15.815s] Level 1:colcon.colcon_core.environment:create_file_with_runtime_dependencies(/home/eric/wjg/elong_ws_fps/install/vision_robosoccer/share/colcon-core/packages/vision_robosoccer)
[15.816s] Level 1:colcon.colcon_core.environment:create_environment_scripts_only(vision_robosoccer)
[15.816s] Level 1:colcon.colcon_core.environment:checking '/home/eric/wjg/elong_ws_fps/install/vision_robosoccer' for CMake module files
[15.816s] Level 1:colcon.colcon_core.environment:checking '/home/eric/wjg/elong_ws_fps/install/vision_robosoccer' for CMake config files
[15.816s] Level 1:colcon.colcon_core.shell:create_environment_hook('vision_robosoccer', 'cmake_prefix_path')
[15.816s] INFO:colcon.colcon_core.shell:Creating environment hook '/home/eric/wjg/elong_ws_fps/install/vision_robosoccer/share/vision_robosoccer/hook/cmake_prefix_path.ps1'
[15.817s] INFO:colcon.colcon_core.shell:Creating environment descriptor '/home/eric/wjg/elong_ws_fps/install/vision_robosoccer/share/vision_robosoccer/hook/cmake_prefix_path.dsv'
[15.817s] INFO:colcon.colcon_core.shell:Creating environment hook '/home/eric/wjg/elong_ws_fps/install/vision_robosoccer/share/vision_robosoccer/hook/cmake_prefix_path.sh'
[15.817s] Level 1:colcon.colcon_core.environment:checking '/home/eric/wjg/elong_ws_fps/install/vision_robosoccer/lib'
[15.817s] Level 1:colcon.colcon_core.environment:checking '/home/eric/wjg/elong_ws_fps/install/vision_robosoccer/bin'
[15.817s] Level 1:colcon.colcon_core.environment:checking '/home/eric/wjg/elong_ws_fps/install/vision_robosoccer/lib/pkgconfig/vision_robosoccer.pc'
[15.817s] Level 1:colcon.colcon_core.environment:checking '/home/eric/wjg/elong_ws_fps/install/vision_robosoccer/lib/python3.10/site-packages'
[15.817s] Level 1:colcon.colcon_core.environment:checking '/home/eric/wjg/elong_ws_fps/install/vision_robosoccer/bin'
[15.817s] INFO:colcon.colcon_core.shell:Creating package script '/home/eric/wjg/elong_ws_fps/install/vision_robosoccer/share/vision_robosoccer/package.ps1'
[15.817s] INFO:colcon.colcon_core.shell:Creating package descriptor '/home/eric/wjg/elong_ws_fps/install/vision_robosoccer/share/vision_robosoccer/package.dsv'
[15.818s] INFO:colcon.colcon_core.shell:Creating package script '/home/eric/wjg/elong_ws_fps/install/vision_robosoccer/share/vision_robosoccer/package.sh'
[15.818s] INFO:colcon.colcon_core.shell:Creating package script '/home/eric/wjg/elong_ws_fps/install/vision_robosoccer/share/vision_robosoccer/package.bash'
[15.818s] INFO:colcon.colcon_core.shell:Creating package script '/home/eric/wjg/elong_ws_fps/install/vision_robosoccer/share/vision_robosoccer/package.zsh'
[15.818s] Level 1:colcon.colcon_core.environment:create_file_with_runtime_dependencies(/home/eric/wjg/elong_ws_fps/install/vision_robosoccer/share/colcon-core/packages/vision_robosoccer)
[17.756s] DEBUG:colcon.colcon_core.event_handler.log_command:Invoked command in '/home/eric/wjg/elong_ws_fps/build/gui_robosoccer' returned '0': AMENT_PREFIX_PATH=/home/eric/wjg/elong_ws_fps/install/message_interface_robosoccer:${AMENT_PREFIX_PATH} CMAKE_PREFIX_PATH=/home/eric/wjg/elong_ws_fps/install/message_interface_robosoccer:/opt/ros/humble LD_LIBRARY_PATH=/home/eric/wjg/elong_ws_fps/install/message_interface_robosoccer/lib:${LD_LIBRARY_PATH} PYTHONPATH=/home/eric/wjg/elong_ws_fps/install/message_interface_robosoccer/local/lib/python3.10/dist-packages:${PYTHONPATH} /usr/bin/cmake --build /home/eric/wjg/elong_ws_fps/build/gui_robosoccer -- -j24 -l24
[17.756s] DEBUG:colcon.colcon_core.event_handler.log_command:Invoking command in '/home/eric/wjg/elong_ws_fps/build/gui_robosoccer': AMENT_PREFIX_PATH=/home/eric/wjg/elong_ws_fps/install/message_interface_robosoccer:${AMENT_PREFIX_PATH} CMAKE_PREFIX_PATH=/home/eric/wjg/elong_ws_fps/install/message_interface_robosoccer:/opt/ros/humble LD_LIBRARY_PATH=/home/eric/wjg/elong_ws_fps/install/message_interface_robosoccer/lib:${LD_LIBRARY_PATH} PYTHONPATH=/home/eric/wjg/elong_ws_fps/install/message_interface_robosoccer/local/lib/python3.10/dist-packages:${PYTHONPATH} /usr/bin/cmake --install /home/eric/wjg/elong_ws_fps/build/gui_robosoccer
[17.785s] Level 1:colcon.colcon_core.environment:create_environment_scripts_only(gui_robosoccer)
[17.785s] Level 1:colcon.colcon_core.environment:checking '/home/eric/wjg/elong_ws_fps/install/gui_robosoccer' for CMake module files
[17.785s] DEBUG:colcon.colcon_core.event_handler.log_command:Invoked command in '/home/eric/wjg/elong_ws_fps/build/gui_robosoccer' returned '0': AMENT_PREFIX_PATH=/home/eric/wjg/elong_ws_fps/install/message_interface_robosoccer:${AMENT_PREFIX_PATH} CMAKE_PREFIX_PATH=/home/eric/wjg/elong_ws_fps/install/message_interface_robosoccer:/opt/ros/humble LD_LIBRARY_PATH=/home/eric/wjg/elong_ws_fps/install/message_interface_robosoccer/lib:${LD_LIBRARY_PATH} PYTHONPATH=/home/eric/wjg/elong_ws_fps/install/message_interface_robosoccer/local/lib/python3.10/dist-packages:${PYTHONPATH} /usr/bin/cmake --install /home/eric/wjg/elong_ws_fps/build/gui_robosoccer
[17.786s] Level 1:colcon.colcon_core.environment:checking '/home/eric/wjg/elong_ws_fps/install/gui_robosoccer' for CMake config files
[17.786s] Level 1:colcon.colcon_core.shell:create_environment_hook('gui_robosoccer', 'cmake_prefix_path')
[17.786s] INFO:colcon.colcon_core.shell:Creating environment hook '/home/eric/wjg/elong_ws_fps/install/gui_robosoccer/share/gui_robosoccer/hook/cmake_prefix_path.ps1'
[17.786s] INFO:colcon.colcon_core.shell:Creating environment descriptor '/home/eric/wjg/elong_ws_fps/install/gui_robosoccer/share/gui_robosoccer/hook/cmake_prefix_path.dsv'
[17.786s] INFO:colcon.colcon_core.shell:Creating environment hook '/home/eric/wjg/elong_ws_fps/install/gui_robosoccer/share/gui_robosoccer/hook/cmake_prefix_path.sh'
[17.787s] Level 1:colcon.colcon_core.environment:checking '/home/eric/wjg/elong_ws_fps/install/gui_robosoccer/lib'
[17.787s] Level 1:colcon.colcon_core.environment:checking '/home/eric/wjg/elong_ws_fps/install/gui_robosoccer/bin'
[17.787s] Level 1:colcon.colcon_core.environment:checking '/home/eric/wjg/elong_ws_fps/install/gui_robosoccer/lib/pkgconfig/gui_robosoccer.pc'
[17.787s] Level 1:colcon.colcon_core.environment:checking '/home/eric/wjg/elong_ws_fps/install/gui_robosoccer/lib/python3.10/site-packages'
[17.787s] Level 1:colcon.colcon_core.environment:checking '/home/eric/wjg/elong_ws_fps/install/gui_robosoccer/bin'
[17.787s] INFO:colcon.colcon_core.shell:Creating package script '/home/eric/wjg/elong_ws_fps/install/gui_robosoccer/share/gui_robosoccer/package.ps1'
[17.787s] INFO:colcon.colcon_core.shell:Creating package descriptor '/home/eric/wjg/elong_ws_fps/install/gui_robosoccer/share/gui_robosoccer/package.dsv'
[17.787s] INFO:colcon.colcon_core.shell:Creating package script '/home/eric/wjg/elong_ws_fps/install/gui_robosoccer/share/gui_robosoccer/package.sh'
[17.787s] INFO:colcon.colcon_core.shell:Creating package script '/home/eric/wjg/elong_ws_fps/install/gui_robosoccer/share/gui_robosoccer/package.bash'
[17.788s] INFO:colcon.colcon_core.shell:Creating package script '/home/eric/wjg/elong_ws_fps/install/gui_robosoccer/share/gui_robosoccer/package.zsh'
[17.788s] Level 1:colcon.colcon_core.environment:create_file_with_runtime_dependencies(/home/eric/wjg/elong_ws_fps/install/gui_robosoccer/share/colcon-core/packages/gui_robosoccer)
[17.788s] Level 1:colcon.colcon_core.environment:create_environment_scripts_only(gui_robosoccer)
[17.788s] Level 1:colcon.colcon_core.environment:checking '/home/eric/wjg/elong_ws_fps/install/gui_robosoccer' for CMake module files
[17.788s] Level 1:colcon.colcon_core.environment:checking '/home/eric/wjg/elong_ws_fps/install/gui_robosoccer' for CMake config files
[17.788s] Level 1:colcon.colcon_core.shell:create_environment_hook('gui_robosoccer', 'cmake_prefix_path')
[17.788s] INFO:colcon.colcon_core.shell:Creating environment hook '/home/eric/wjg/elong_ws_fps/install/gui_robosoccer/share/gui_robosoccer/hook/cmake_prefix_path.ps1'
[17.788s] INFO:colcon.colcon_core.shell:Creating environment descriptor '/home/eric/wjg/elong_ws_fps/install/gui_robosoccer/share/gui_robosoccer/hook/cmake_prefix_path.dsv'
[17.789s] INFO:colcon.colcon_core.shell:Creating environment hook '/home/eric/wjg/elong_ws_fps/install/gui_robosoccer/share/gui_robosoccer/hook/cmake_prefix_path.sh'
[17.789s] Level 1:colcon.colcon_core.environment:checking '/home/eric/wjg/elong_ws_fps/install/gui_robosoccer/lib'
[17.789s] Level 1:colcon.colcon_core.environment:checking '/home/eric/wjg/elong_ws_fps/install/gui_robosoccer/bin'
[17.789s] Level 1:colcon.colcon_core.environment:checking '/home/eric/wjg/elong_ws_fps/install/gui_robosoccer/lib/pkgconfig/gui_robosoccer.pc'
[17.789s] Level 1:colcon.colcon_core.environment:checking '/home/eric/wjg/elong_ws_fps/install/gui_robosoccer/lib/python3.10/site-packages'
[17.789s] Level 1:colcon.colcon_core.environment:checking '/home/eric/wjg/elong_ws_fps/install/gui_robosoccer/bin'
[17.789s] INFO:colcon.colcon_core.shell:Creating package script '/home/eric/wjg/elong_ws_fps/install/gui_robosoccer/share/gui_robosoccer/package.ps1'
[17.789s] INFO:colcon.colcon_core.shell:Creating package descriptor '/home/eric/wjg/elong_ws_fps/install/gui_robosoccer/share/gui_robosoccer/package.dsv'
[17.789s] INFO:colcon.colcon_core.shell:Creating package script '/home/eric/wjg/elong_ws_fps/install/gui_robosoccer/share/gui_robosoccer/package.sh'
[17.790s] INFO:colcon.colcon_core.shell:Creating package script '/home/eric/wjg/elong_ws_fps/install/gui_robosoccer/share/gui_robosoccer/package.bash'
[17.790s] INFO:colcon.colcon_core.shell:Creating package script '/home/eric/wjg/elong_ws_fps/install/gui_robosoccer/share/gui_robosoccer/package.zsh'
[17.790s] Level 1:colcon.colcon_core.environment:create_file_with_runtime_dependencies(/home/eric/wjg/elong_ws_fps/install/gui_robosoccer/share/colcon-core/packages/gui_robosoccer)
[17.790s] DEBUG:colcon.colcon_parallel_executor.executor.parallel:closing loop
[17.790s] DEBUG:colcon.colcon_parallel_executor.executor.parallel:loop closed
[17.790s] DEBUG:colcon.colcon_parallel_executor.executor.parallel:run_until_complete finished with '0'
[17.790s] DEBUG:colcon.colcon_core.event_reactor:joining thread
[17.794s] INFO:colcon.colcon_core.plugin_system:Skipping extension 'colcon_notification.desktop_notification.terminal_notifier': Not used on non-Darwin systems
[17.794s] INFO:colcon.colcon_core.plugin_system:Skipping extension 'colcon_notification.desktop_notification.win32': Not used on non-Windows systems
[17.794s] INFO:colcon.colcon_notification.desktop_notification:Sending desktop notification using 'notify2'
[17.800s] DEBUG:colcon.colcon_core.event_reactor:joined thread
[17.800s] INFO:colcon.colcon_core.shell:Creating prefix script '/home/eric/wjg/elong_ws_fps/install/local_setup.ps1'
[17.801s] INFO:colcon.colcon_core.shell:Creating prefix util module '/home/eric/wjg/elong_ws_fps/install/_local_setup_util_ps1.py'
[17.802s] INFO:colcon.colcon_core.shell:Creating prefix chain script '/home/eric/wjg/elong_ws_fps/install/setup.ps1'
[17.802s] INFO:colcon.colcon_core.shell:Creating prefix script '/home/eric/wjg/elong_ws_fps/install/local_setup.sh'
[17.803s] INFO:colcon.colcon_core.shell:Creating prefix util module '/home/eric/wjg/elong_ws_fps/install/_local_setup_util_sh.py'
[17.803s] INFO:colcon.colcon_core.shell:Creating prefix chain script '/home/eric/wjg/elong_ws_fps/install/setup.sh'
[17.803s] INFO:colcon.colcon_core.shell:Creating prefix script '/home/eric/wjg/elong_ws_fps/install/local_setup.bash'
[17.804s] INFO:colcon.colcon_core.shell:Creating prefix chain script '/home/eric/wjg/elong_ws_fps/install/setup.bash'
[17.804s] INFO:colcon.colcon_core.shell:Creating prefix script '/home/eric/wjg/elong_ws_fps/install/local_setup.zsh'
[17.804s] INFO:colcon.colcon_core.shell:Creating prefix chain script '/home/eric/wjg/elong_ws_fps/install/setup.zsh'
