[0.007s] Invoking command in '/home/eric/wjg/elong_ws_fps/build/strategy_robosoccer': AMENT_PREFIX_PATH=/home/eric/wjg/elong_ws_fps/install/message_interface_robosoccer:${AMENT_PREFIX_PATH} CMAKE_PREFIX_PATH=/home/eric/wjg/elong_ws_fps/install/message_interface_robosoccer:/opt/ros/humble LD_LIBRARY_PATH=/home/eric/wjg/elong_ws_fps/install/message_interface_robosoccer/lib:${LD_LIBRARY_PATH} PYTHONPATH=/home/eric/wjg/elong_ws_fps/install/message_interface_robosoccer/local/lib/python3.10/dist-packages:${PYTHONPATH} /usr/bin/cmake --build /home/eric/wjg/elong_ws_fps/build/strategy_robosoccer -- -j24 -l24
[0.029s] [35m[1mConsolidate compiler generated dependencies of target strategy[0m
[0.037s] [100%] Built target strategy
[0.044s] Invoked command in '/home/eric/wjg/elong_ws_fps/build/strategy_robosoccer' returned '0': AMENT_PREFIX_PATH=/home/eric/wjg/elong_ws_fps/install/message_interface_robosoccer:${AMENT_PREFIX_PATH} CMAKE_PREFIX_PATH=/home/eric/wjg/elong_ws_fps/install/message_interface_robosoccer:/opt/ros/humble LD_LIBRARY_PATH=/home/eric/wjg/elong_ws_fps/install/message_interface_robosoccer/lib:${LD_LIBRARY_PATH} PYTHONPATH=/home/eric/wjg/elong_ws_fps/install/message_interface_robosoccer/local/lib/python3.10/dist-packages:${PYTHONPATH} /usr/bin/cmake --build /home/eric/wjg/elong_ws_fps/build/strategy_robosoccer -- -j24 -l24
[0.045s] Invoking command in '/home/eric/wjg/elong_ws_fps/build/strategy_robosoccer': AMENT_PREFIX_PATH=/home/eric/wjg/elong_ws_fps/install/message_interface_robosoccer:${AMENT_PREFIX_PATH} CMAKE_PREFIX_PATH=/home/eric/wjg/elong_ws_fps/install/message_interface_robosoccer:/opt/ros/humble LD_LIBRARY_PATH=/home/eric/wjg/elong_ws_fps/install/message_interface_robosoccer/lib:${LD_LIBRARY_PATH} PYTHONPATH=/home/eric/wjg/elong_ws_fps/install/message_interface_robosoccer/local/lib/python3.10/dist-packages:${PYTHONPATH} /usr/bin/cmake --install /home/eric/wjg/elong_ws_fps/build/strategy_robosoccer
[0.050s] -- Install configuration: ""
[0.050s] -- Up-to-date: /home/eric/wjg/elong_ws_fps/install/strategy_robosoccer/share/ament_index/resource_index/package_run_dependencies/strategy_robosoccer
[0.050s] -- Up-to-date: /home/eric/wjg/elong_ws_fps/install/strategy_robosoccer/share/ament_index/resource_index/parent_prefix_path/strategy_robosoccer
[0.050s] -- Up-to-date: /home/eric/wjg/elong_ws_fps/install/strategy_robosoccer/share/strategy_robosoccer/environment/ament_prefix_path.sh
[0.050s] -- Up-to-date: /home/eric/wjg/elong_ws_fps/install/strategy_robosoccer/share/strategy_robosoccer/environment/ament_prefix_path.dsv
[0.050s] -- Up-to-date: /home/eric/wjg/elong_ws_fps/install/strategy_robosoccer/share/strategy_robosoccer/environment/path.sh
[0.050s] -- Up-to-date: /home/eric/wjg/elong_ws_fps/install/strategy_robosoccer/share/strategy_robosoccer/environment/path.dsv
[0.050s] -- Up-to-date: /home/eric/wjg/elong_ws_fps/install/strategy_robosoccer/share/strategy_robosoccer/local_setup.bash
[0.050s] -- Up-to-date: /home/eric/wjg/elong_ws_fps/install/strategy_robosoccer/share/strategy_robosoccer/local_setup.sh
[0.050s] -- Up-to-date: /home/eric/wjg/elong_ws_fps/install/strategy_robosoccer/share/strategy_robosoccer/local_setup.zsh
[0.050s] -- Up-to-date: /home/eric/wjg/elong_ws_fps/install/strategy_robosoccer/share/strategy_robosoccer/local_setup.dsv
[0.050s] -- Installing: /home/eric/wjg/elong_ws_fps/install/strategy_robosoccer/share/strategy_robosoccer/package.dsv
[0.050s] -- Up-to-date: /home/eric/wjg/elong_ws_fps/install/strategy_robosoccer/share/ament_index/resource_index/packages/strategy_robosoccer
[0.050s] -- Up-to-date: /home/eric/wjg/elong_ws_fps/install/strategy_robosoccer/share/strategy_robosoccer/cmake/strategy_robosoccerConfig.cmake
[0.050s] -- Up-to-date: /home/eric/wjg/elong_ws_fps/install/strategy_robosoccer/share/strategy_robosoccer/cmake/strategy_robosoccerConfig-version.cmake
[0.050s] -- Up-to-date: /home/eric/wjg/elong_ws_fps/install/strategy_robosoccer/share/strategy_robosoccer/package.xml
[0.050s] -- Up-to-date: /home/eric/wjg/elong_ws_fps/install/strategy_robosoccer/lib/strategy_robosoccer/strategy
[0.063s] Invoked command in '/home/eric/wjg/elong_ws_fps/build/strategy_robosoccer' returned '0': AMENT_PREFIX_PATH=/home/eric/wjg/elong_ws_fps/install/message_interface_robosoccer:${AMENT_PREFIX_PATH} CMAKE_PREFIX_PATH=/home/eric/wjg/elong_ws_fps/install/message_interface_robosoccer:/opt/ros/humble LD_LIBRARY_PATH=/home/eric/wjg/elong_ws_fps/install/message_interface_robosoccer/lib:${LD_LIBRARY_PATH} PYTHONPATH=/home/eric/wjg/elong_ws_fps/install/message_interface_robosoccer/local/lib/python3.10/dist-packages:${PYTHONPATH} /usr/bin/cmake --install /home/eric/wjg/elong_ws_fps/build/strategy_robosoccer
