[0.010s] Invoking command in '/home/eric/wjg/elong_ws_fps/build/communication_robosoccer': CMAKE_PREFIX_PATH=/home/eric/wjg/elong_ws_fps/install/message_interface_robosoccer:/home/eric/wjg/elong_ws_fps/install/vision_robosoccer:/home/eric/wjg/elong_ws_fps/install/strategy_robosoccer:/home/eric/wjg/elong_ws_fps/install/gui_robosoccer:/home/eric/wjg/elong_ws_fps/install/communication_robosoccer:/opt/ros/humble:/home/eric/wjg/MultiAgent-Isaacsim/ros_msg/install/scene_msgs:/home/eric/wjg/MultiAgent-Isaacsim/ros_msg/install/plan_msgs /usr/bin/cmake --build /home/eric/wjg/elong_ws_fps/build/communication_robosoccer -- -j24 -l24
[0.040s] [ 37%] Built target communication_test
[0.041s] [ 75%] Built target communication
[0.041s] [100%] Built target single_vel_pub
[0.047s] Invoked command in '/home/eric/wjg/elong_ws_fps/build/communication_robosoccer' returned '0': CMAKE_PREFIX_PATH=/home/eric/wjg/elong_ws_fps/install/message_interface_robosoccer:/home/eric/wjg/elong_ws_fps/install/vision_robosoccer:/home/eric/wjg/elong_ws_fps/install/strategy_robosoccer:/home/eric/wjg/elong_ws_fps/install/gui_robosoccer:/home/eric/wjg/elong_ws_fps/install/communication_robosoccer:/opt/ros/humble:/home/eric/wjg/MultiAgent-Isaacsim/ros_msg/install/scene_msgs:/home/eric/wjg/MultiAgent-Isaacsim/ros_msg/install/plan_msgs /usr/bin/cmake --build /home/eric/wjg/elong_ws_fps/build/communication_robosoccer -- -j24 -l24
[0.048s] Invoking command in '/home/eric/wjg/elong_ws_fps/build/communication_robosoccer': CMAKE_PREFIX_PATH=/home/eric/wjg/elong_ws_fps/install/message_interface_robosoccer:/home/eric/wjg/elong_ws_fps/install/vision_robosoccer:/home/eric/wjg/elong_ws_fps/install/strategy_robosoccer:/home/eric/wjg/elong_ws_fps/install/gui_robosoccer:/home/eric/wjg/elong_ws_fps/install/communication_robosoccer:/opt/ros/humble:/home/eric/wjg/MultiAgent-Isaacsim/ros_msg/install/scene_msgs:/home/eric/wjg/MultiAgent-Isaacsim/ros_msg/install/plan_msgs /usr/bin/cmake --install /home/eric/wjg/elong_ws_fps/build/communication_robosoccer
[0.052s] -- Install configuration: ""
[0.052s] -- Up-to-date: /home/eric/wjg/elong_ws_fps/install/communication_robosoccer/share/ament_index/resource_index/package_run_dependencies/communication_robosoccer
[0.052s] -- Up-to-date: /home/eric/wjg/elong_ws_fps/install/communication_robosoccer/share/ament_index/resource_index/parent_prefix_path/communication_robosoccer
[0.052s] -- Up-to-date: /home/eric/wjg/elong_ws_fps/install/communication_robosoccer/share/communication_robosoccer/environment/ament_prefix_path.sh
[0.052s] -- Up-to-date: /home/eric/wjg/elong_ws_fps/install/communication_robosoccer/share/communication_robosoccer/environment/ament_prefix_path.dsv
[0.052s] -- Up-to-date: /home/eric/wjg/elong_ws_fps/install/communication_robosoccer/share/communication_robosoccer/environment/path.sh
[0.052s] -- Up-to-date: /home/eric/wjg/elong_ws_fps/install/communication_robosoccer/share/communication_robosoccer/environment/path.dsv
[0.052s] -- Up-to-date: /home/eric/wjg/elong_ws_fps/install/communication_robosoccer/share/communication_robosoccer/local_setup.bash
[0.052s] -- Up-to-date: /home/eric/wjg/elong_ws_fps/install/communication_robosoccer/share/communication_robosoccer/local_setup.sh
[0.052s] -- Up-to-date: /home/eric/wjg/elong_ws_fps/install/communication_robosoccer/share/communication_robosoccer/local_setup.zsh
[0.052s] -- Up-to-date: /home/eric/wjg/elong_ws_fps/install/communication_robosoccer/share/communication_robosoccer/local_setup.dsv
[0.052s] -- Installing: /home/eric/wjg/elong_ws_fps/install/communication_robosoccer/share/communication_robosoccer/package.dsv
[0.052s] -- Up-to-date: /home/eric/wjg/elong_ws_fps/install/communication_robosoccer/share/ament_index/resource_index/packages/communication_robosoccer
[0.052s] -- Up-to-date: /home/eric/wjg/elong_ws_fps/install/communication_robosoccer/share/communication_robosoccer/cmake/communication_robosoccerConfig.cmake
[0.052s] -- Up-to-date: /home/eric/wjg/elong_ws_fps/install/communication_robosoccer/share/communication_robosoccer/cmake/communication_robosoccerConfig-version.cmake
[0.052s] -- Up-to-date: /home/eric/wjg/elong_ws_fps/install/communication_robosoccer/share/communication_robosoccer/package.xml
[0.052s] -- Up-to-date: /home/eric/wjg/elong_ws_fps/install/communication_robosoccer/lib/communication_robosoccer/communication
[0.052s] -- Up-to-date: /home/eric/wjg/elong_ws_fps/install/communication_robosoccer/lib/communication_robosoccer/single_vel_pub
[0.052s] -- Up-to-date: /home/eric/wjg/elong_ws_fps/install/communication_robosoccer/lib/communication_robosoccer/communication_test
[0.054s] Invoked command in '/home/eric/wjg/elong_ws_fps/build/communication_robosoccer' returned '0': CMAKE_PREFIX_PATH=/home/eric/wjg/elong_ws_fps/install/message_interface_robosoccer:/home/eric/wjg/elong_ws_fps/install/vision_robosoccer:/home/eric/wjg/elong_ws_fps/install/strategy_robosoccer:/home/eric/wjg/elong_ws_fps/install/gui_robosoccer:/home/eric/wjg/elong_ws_fps/install/communication_robosoccer:/opt/ros/humble:/home/eric/wjg/MultiAgent-Isaacsim/ros_msg/install/scene_msgs:/home/eric/wjg/MultiAgent-Isaacsim/ros_msg/install/plan_msgs /usr/bin/cmake --install /home/eric/wjg/elong_ws_fps/build/communication_robosoccer
