[0.072s] DEBUG:colcon:Command line arguments: ['/usr/bin/colcon', 'build']
[0.072s] DEBUG:colcon:Parsed command line arguments: Namespace(log_base=None, log_level=None, verb_name='build', build_base='build', install_base='install', merge_install=False, symlink_install=False, test_result_base=None, continue_on_error=False, executor='parallel', parallel_workers=24, event_handlers=None, ignore_user_meta=False, metas=['./colcon.meta'], base_paths=['.'], packages_ignore=None, packages_ignore_regex=None, paths=None, packages_up_to=None, packages_up_to_regex=None, packages_above=None, packages_above_and_dependencies=None, packages_above_depth=None, packages_select_by_dep=None, packages_skip_by_dep=None, packages_skip_up_to=None, packages_select_build_failed=False, packages_skip_build_finished=False, packages_select_test_failures=False, packages_skip_test_passed=False, packages_select=None, packages_skip=None, packages_select_regex=None, packages_skip_regex=None, packages_start=None, packages_end=None, allow_overriding=[], cmake_args=None, cmake_target=None, cmake_target_skip_unavailable=False, cmake_clean_cache=False, cmake_clean_first=False, cmake_force_configure=False, ament_cmake_args=None, catkin_cmake_args=None, catkin_skip_building_tests=False, verb_parser=<colcon_defaults.argument_parser.defaults.DefaultArgumentsDecorator object at 0x73237804a020>, verb_extension=<colcon_core.verb.build.BuildVerb object at 0x732378049b10>, main=<bound method BuildVerb.main of <colcon_core.verb.build.BuildVerb object at 0x732378049b10>>)
[0.179s] Level 1:colcon.colcon_core.package_discovery:discover_packages(colcon_meta) check parameters
[0.179s] Level 1:colcon.colcon_core.package_discovery:discover_packages(recursive) check parameters
[0.179s] Level 1:colcon.colcon_core.package_discovery:discover_packages(ignore) check parameters
[0.179s] Level 1:colcon.colcon_core.package_discovery:discover_packages(path) check parameters
[0.179s] Level 1:colcon.colcon_core.package_discovery:discover_packages(colcon_meta) discover
[0.179s] Level 1:colcon.colcon_core.package_discovery:discover_packages(recursive) discover
[0.179s] INFO:colcon.colcon_core.package_discovery:Crawling recursively for packages in '/home/eric/wjg/elong_ws_fps'
[0.179s] Level 1:colcon.colcon_core.package_identification:_identify(.) by extensions ['ignore', 'ignore_ament_install']
[0.180s] Level 1:colcon.colcon_core.package_identification:_identify(.) by extension 'ignore'
[0.180s] Level 1:colcon.colcon_core.package_identification:_identify(.) by extension 'ignore_ament_install'
[0.180s] Level 1:colcon.colcon_core.package_identification:_identify(.) by extensions ['colcon_pkg']
[0.180s] Level 1:colcon.colcon_core.package_identification:_identify(.) by extension 'colcon_pkg'
[0.180s] Level 1:colcon.colcon_core.package_identification:_identify(.) by extensions ['colcon_meta']
[0.180s] Level 1:colcon.colcon_core.package_identification:_identify(.) by extension 'colcon_meta'
[0.180s] Level 1:colcon.colcon_core.package_identification:_identify(.) by extensions ['ros']
[0.180s] Level 1:colcon.colcon_core.package_identification:_identify(.) by extension 'ros'
[0.192s] Level 1:colcon.colcon_core.package_identification:_identify(.) by extensions ['cmake', 'python']
[0.192s] Level 1:colcon.colcon_core.package_identification:_identify(.) by extension 'cmake'
[0.192s] Level 1:colcon.colcon_core.package_identification:_identify(.) by extension 'python'
[0.192s] Level 1:colcon.colcon_core.package_identification:_identify(.) by extensions ['python_setup_py']
[0.192s] Level 1:colcon.colcon_core.package_identification:_identify(.) by extension 'python_setup_py'
[0.192s] Level 1:colcon.colcon_core.package_identification:_identify(build) by extensions ['ignore', 'ignore_ament_install']
[0.192s] Level 1:colcon.colcon_core.package_identification:_identify(build) by extension 'ignore'
[0.192s] Level 1:colcon.colcon_core.package_identification:_identify(build) ignored
[0.192s] Level 1:colcon.colcon_core.package_identification:_identify(install) by extensions ['ignore', 'ignore_ament_install']
[0.192s] Level 1:colcon.colcon_core.package_identification:_identify(install) by extension 'ignore'
[0.192s] Level 1:colcon.colcon_core.package_identification:_identify(install) ignored
[0.192s] Level 1:colcon.colcon_core.package_identification:_identify(log) by extensions ['ignore', 'ignore_ament_install']
[0.192s] Level 1:colcon.colcon_core.package_identification:_identify(log) by extension 'ignore'
[0.192s] Level 1:colcon.colcon_core.package_identification:_identify(log) ignored
[0.192s] Level 1:colcon.colcon_core.package_identification:_identify(robodata) by extensions ['ignore', 'ignore_ament_install']
[0.192s] Level 1:colcon.colcon_core.package_identification:_identify(robodata) by extension 'ignore'
[0.192s] Level 1:colcon.colcon_core.package_identification:_identify(robodata) by extension 'ignore_ament_install'
[0.192s] Level 1:colcon.colcon_core.package_identification:_identify(robodata) by extensions ['colcon_pkg']
[0.192s] Level 1:colcon.colcon_core.package_identification:_identify(robodata) by extension 'colcon_pkg'
[0.192s] Level 1:colcon.colcon_core.package_identification:_identify(robodata) by extensions ['colcon_meta']
[0.192s] Level 1:colcon.colcon_core.package_identification:_identify(robodata) by extension 'colcon_meta'
[0.192s] Level 1:colcon.colcon_core.package_identification:_identify(robodata) by extensions ['ros']
[0.192s] Level 1:colcon.colcon_core.package_identification:_identify(robodata) by extension 'ros'
[0.192s] Level 1:colcon.colcon_core.package_identification:_identify(robodata) by extensions ['cmake', 'python']
[0.192s] Level 1:colcon.colcon_core.package_identification:_identify(robodata) by extension 'cmake'
[0.193s] Level 1:colcon.colcon_core.package_identification:_identify(robodata) by extension 'python'
[0.193s] Level 1:colcon.colcon_core.package_identification:_identify(robodata) by extensions ['python_setup_py']
[0.193s] Level 1:colcon.colcon_core.package_identification:_identify(robodata) by extension 'python_setup_py'
[0.193s] Level 1:colcon.colcon_core.package_identification:_identify(src) by extensions ['ignore', 'ignore_ament_install']
[0.193s] Level 1:colcon.colcon_core.package_identification:_identify(src) by extension 'ignore'
[0.193s] Level 1:colcon.colcon_core.package_identification:_identify(src) by extension 'ignore_ament_install'
[0.193s] Level 1:colcon.colcon_core.package_identification:_identify(src) by extensions ['colcon_pkg']
[0.193s] Level 1:colcon.colcon_core.package_identification:_identify(src) by extension 'colcon_pkg'
[0.193s] Level 1:colcon.colcon_core.package_identification:_identify(src) by extensions ['colcon_meta']
[0.193s] Level 1:colcon.colcon_core.package_identification:_identify(src) by extension 'colcon_meta'
[0.193s] Level 1:colcon.colcon_core.package_identification:_identify(src) by extensions ['ros']
[0.193s] Level 1:colcon.colcon_core.package_identification:_identify(src) by extension 'ros'
[0.193s] Level 1:colcon.colcon_core.package_identification:_identify(src) by extensions ['cmake', 'python']
[0.193s] Level 1:colcon.colcon_core.package_identification:_identify(src) by extension 'cmake'
[0.193s] Level 1:colcon.colcon_core.package_identification:_identify(src) by extension 'python'
[0.193s] Level 1:colcon.colcon_core.package_identification:_identify(src) by extensions ['python_setup_py']
[0.193s] Level 1:colcon.colcon_core.package_identification:_identify(src) by extension 'python_setup_py'
[0.193s] Level 1:colcon.colcon_core.package_identification:_identify(src/SAM_vision_test) by extensions ['ignore', 'ignore_ament_install']
[0.193s] Level 1:colcon.colcon_core.package_identification:_identify(src/SAM_vision_test) by extension 'ignore'
[0.193s] Level 1:colcon.colcon_core.package_identification:_identify(src/SAM_vision_test) by extension 'ignore_ament_install'
[0.193s] Level 1:colcon.colcon_core.package_identification:_identify(src/SAM_vision_test) by extensions ['colcon_pkg']
[0.193s] Level 1:colcon.colcon_core.package_identification:_identify(src/SAM_vision_test) by extension 'colcon_pkg'
[0.193s] Level 1:colcon.colcon_core.package_identification:_identify(src/SAM_vision_test) by extensions ['colcon_meta']
[0.193s] Level 1:colcon.colcon_core.package_identification:_identify(src/SAM_vision_test) by extension 'colcon_meta'
[0.193s] Level 1:colcon.colcon_core.package_identification:_identify(src/SAM_vision_test) by extensions ['ros']
[0.193s] Level 1:colcon.colcon_core.package_identification:_identify(src/SAM_vision_test) by extension 'ros'
[0.193s] Level 1:colcon.colcon_core.package_identification:_identify(src/SAM_vision_test) by extensions ['cmake', 'python']
[0.193s] Level 1:colcon.colcon_core.package_identification:_identify(src/SAM_vision_test) by extension 'cmake'
[0.193s] Level 1:colcon.colcon_core.package_identification:_identify(src/SAM_vision_test) by extension 'python'
[0.193s] Level 1:colcon.colcon_core.package_identification:_identify(src/SAM_vision_test) by extensions ['python_setup_py']
[0.193s] Level 1:colcon.colcon_core.package_identification:_identify(src/SAM_vision_test) by extension 'python_setup_py'
[0.193s] Level 1:colcon.colcon_core.package_identification:_identify(src/SAM_vision_test/model) by extensions ['ignore', 'ignore_ament_install']
[0.193s] Level 1:colcon.colcon_core.package_identification:_identify(src/SAM_vision_test/model) by extension 'ignore'
[0.193s] Level 1:colcon.colcon_core.package_identification:_identify(src/SAM_vision_test/model) by extension 'ignore_ament_install'
[0.193s] Level 1:colcon.colcon_core.package_identification:_identify(src/SAM_vision_test/model) by extensions ['colcon_pkg']
[0.194s] Level 1:colcon.colcon_core.package_identification:_identify(src/SAM_vision_test/model) by extension 'colcon_pkg'
[0.194s] Level 1:colcon.colcon_core.package_identification:_identify(src/SAM_vision_test/model) by extensions ['colcon_meta']
[0.194s] Level 1:colcon.colcon_core.package_identification:_identify(src/SAM_vision_test/model) by extension 'colcon_meta'
[0.194s] Level 1:colcon.colcon_core.package_identification:_identify(src/SAM_vision_test/model) by extensions ['ros']
[0.194s] Level 1:colcon.colcon_core.package_identification:_identify(src/SAM_vision_test/model) by extension 'ros'
[0.194s] Level 1:colcon.colcon_core.package_identification:_identify(src/SAM_vision_test/model) by extensions ['cmake', 'python']
[0.194s] Level 1:colcon.colcon_core.package_identification:_identify(src/SAM_vision_test/model) by extension 'cmake'
[0.194s] Level 1:colcon.colcon_core.package_identification:_identify(src/SAM_vision_test/model) by extension 'python'
[0.194s] Level 1:colcon.colcon_core.package_identification:_identify(src/SAM_vision_test/model) by extensions ['python_setup_py']
[0.194s] Level 1:colcon.colcon_core.package_identification:_identify(src/SAM_vision_test/model) by extension 'python_setup_py'
[0.194s] Level 1:colcon.colcon_core.package_identification:_identify(src/SAM_vision_test/source) by extensions ['ignore', 'ignore_ament_install']
[0.194s] Level 1:colcon.colcon_core.package_identification:_identify(src/SAM_vision_test/source) by extension 'ignore'
[0.194s] Level 1:colcon.colcon_core.package_identification:_identify(src/SAM_vision_test/source) by extension 'ignore_ament_install'
[0.194s] Level 1:colcon.colcon_core.package_identification:_identify(src/SAM_vision_test/source) by extensions ['colcon_pkg']
[0.194s] Level 1:colcon.colcon_core.package_identification:_identify(src/SAM_vision_test/source) by extension 'colcon_pkg'
[0.194s] Level 1:colcon.colcon_core.package_identification:_identify(src/SAM_vision_test/source) by extensions ['colcon_meta']
[0.194s] Level 1:colcon.colcon_core.package_identification:_identify(src/SAM_vision_test/source) by extension 'colcon_meta'
[0.194s] Level 1:colcon.colcon_core.package_identification:_identify(src/SAM_vision_test/source) by extensions ['ros']
[0.194s] Level 1:colcon.colcon_core.package_identification:_identify(src/SAM_vision_test/source) by extension 'ros'
[0.194s] Level 1:colcon.colcon_core.package_identification:_identify(src/SAM_vision_test/source) by extensions ['cmake', 'python']
[0.194s] Level 1:colcon.colcon_core.package_identification:_identify(src/SAM_vision_test/source) by extension 'cmake'
[0.194s] Level 1:colcon.colcon_core.package_identification:_identify(src/SAM_vision_test/source) by extension 'python'
[0.194s] Level 1:colcon.colcon_core.package_identification:_identify(src/SAM_vision_test/source) by extensions ['python_setup_py']
[0.194s] Level 1:colcon.colcon_core.package_identification:_identify(src/SAM_vision_test/source) by extension 'python_setup_py'
[0.194s] Level 1:colcon.colcon_core.package_identification:_identify(src/SAM_vision_test/src) by extensions ['ignore', 'ignore_ament_install']
[0.194s] Level 1:colcon.colcon_core.package_identification:_identify(src/SAM_vision_test/src) by extension 'ignore'
[0.194s] Level 1:colcon.colcon_core.package_identification:_identify(src/SAM_vision_test/src) by extension 'ignore_ament_install'
[0.194s] Level 1:colcon.colcon_core.package_identification:_identify(src/SAM_vision_test/src) by extensions ['colcon_pkg']
[0.194s] Level 1:colcon.colcon_core.package_identification:_identify(src/SAM_vision_test/src) by extension 'colcon_pkg'
[0.194s] Level 1:colcon.colcon_core.package_identification:_identify(src/SAM_vision_test/src) by extensions ['colcon_meta']
[0.194s] Level 1:colcon.colcon_core.package_identification:_identify(src/SAM_vision_test/src) by extension 'colcon_meta'
[0.194s] Level 1:colcon.colcon_core.package_identification:_identify(src/SAM_vision_test/src) by extensions ['ros']
[0.194s] Level 1:colcon.colcon_core.package_identification:_identify(src/SAM_vision_test/src) by extension 'ros'
[0.194s] Level 1:colcon.colcon_core.package_identification:_identify(src/SAM_vision_test/src) by extensions ['cmake', 'python']
[0.194s] Level 1:colcon.colcon_core.package_identification:_identify(src/SAM_vision_test/src) by extension 'cmake'
[0.194s] Level 1:colcon.colcon_core.package_identification:_identify(src/SAM_vision_test/src) by extension 'python'
[0.194s] Level 1:colcon.colcon_core.package_identification:_identify(src/SAM_vision_test/src) by extensions ['python_setup_py']
[0.194s] Level 1:colcon.colcon_core.package_identification:_identify(src/SAM_vision_test/src) by extension 'python_setup_py'
[0.194s] Level 1:colcon.colcon_core.package_identification:_identify(src/SAM_vision_test/src/runs) by extensions ['ignore', 'ignore_ament_install']
[0.194s] Level 1:colcon.colcon_core.package_identification:_identify(src/SAM_vision_test/src/runs) by extension 'ignore'
[0.194s] Level 1:colcon.colcon_core.package_identification:_identify(src/SAM_vision_test/src/runs) by extension 'ignore_ament_install'
[0.194s] Level 1:colcon.colcon_core.package_identification:_identify(src/SAM_vision_test/src/runs) by extensions ['colcon_pkg']
[0.194s] Level 1:colcon.colcon_core.package_identification:_identify(src/SAM_vision_test/src/runs) by extension 'colcon_pkg'
[0.194s] Level 1:colcon.colcon_core.package_identification:_identify(src/SAM_vision_test/src/runs) by extensions ['colcon_meta']
[0.194s] Level 1:colcon.colcon_core.package_identification:_identify(src/SAM_vision_test/src/runs) by extension 'colcon_meta'
[0.194s] Level 1:colcon.colcon_core.package_identification:_identify(src/SAM_vision_test/src/runs) by extensions ['ros']
[0.194s] Level 1:colcon.colcon_core.package_identification:_identify(src/SAM_vision_test/src/runs) by extension 'ros'
[0.194s] Level 1:colcon.colcon_core.package_identification:_identify(src/SAM_vision_test/src/runs) by extensions ['cmake', 'python']
[0.194s] Level 1:colcon.colcon_core.package_identification:_identify(src/SAM_vision_test/src/runs) by extension 'cmake'
[0.194s] Level 1:colcon.colcon_core.package_identification:_identify(src/SAM_vision_test/src/runs) by extension 'python'
[0.194s] Level 1:colcon.colcon_core.package_identification:_identify(src/SAM_vision_test/src/runs) by extensions ['python_setup_py']
[0.194s] Level 1:colcon.colcon_core.package_identification:_identify(src/SAM_vision_test/src/runs) by extension 'python_setup_py'
[0.194s] Level 1:colcon.colcon_core.package_identification:_identify(src/SAM_vision_test/src/runs/segment) by extensions ['ignore', 'ignore_ament_install']
[0.194s] Level 1:colcon.colcon_core.package_identification:_identify(src/SAM_vision_test/src/runs/segment) by extension 'ignore'
[0.195s] Level 1:colcon.colcon_core.package_identification:_identify(src/SAM_vision_test/src/runs/segment) by extension 'ignore_ament_install'
[0.195s] Level 1:colcon.colcon_core.package_identification:_identify(src/SAM_vision_test/src/runs/segment) by extensions ['colcon_pkg']
[0.195s] Level 1:colcon.colcon_core.package_identification:_identify(src/SAM_vision_test/src/runs/segment) by extension 'colcon_pkg'
[0.195s] Level 1:colcon.colcon_core.package_identification:_identify(src/SAM_vision_test/src/runs/segment) by extensions ['colcon_meta']
[0.195s] Level 1:colcon.colcon_core.package_identification:_identify(src/SAM_vision_test/src/runs/segment) by extension 'colcon_meta'
[0.195s] Level 1:colcon.colcon_core.package_identification:_identify(src/SAM_vision_test/src/runs/segment) by extensions ['ros']
[0.195s] Level 1:colcon.colcon_core.package_identification:_identify(src/SAM_vision_test/src/runs/segment) by extension 'ros'
[0.195s] Level 1:colcon.colcon_core.package_identification:_identify(src/SAM_vision_test/src/runs/segment) by extensions ['cmake', 'python']
[0.195s] Level 1:colcon.colcon_core.package_identification:_identify(src/SAM_vision_test/src/runs/segment) by extension 'cmake'
[0.195s] Level 1:colcon.colcon_core.package_identification:_identify(src/SAM_vision_test/src/runs/segment) by extension 'python'
[0.195s] Level 1:colcon.colcon_core.package_identification:_identify(src/SAM_vision_test/src/runs/segment) by extensions ['python_setup_py']
[0.195s] Level 1:colcon.colcon_core.package_identification:_identify(src/SAM_vision_test/src/runs/segment) by extension 'python_setup_py'
[0.195s] Level 1:colcon.colcon_core.package_identification:_identify(src/SAM_vision_test/src/runs/segment/predict) by extensions ['ignore', 'ignore_ament_install']
[0.195s] Level 1:colcon.colcon_core.package_identification:_identify(src/SAM_vision_test/src/runs/segment/predict) by extension 'ignore'
[0.195s] Level 1:colcon.colcon_core.package_identification:_identify(src/SAM_vision_test/src/runs/segment/predict) by extension 'ignore_ament_install'
[0.195s] Level 1:colcon.colcon_core.package_identification:_identify(src/SAM_vision_test/src/runs/segment/predict) by extensions ['colcon_pkg']
[0.195s] Level 1:colcon.colcon_core.package_identification:_identify(src/SAM_vision_test/src/runs/segment/predict) by extension 'colcon_pkg'
[0.195s] Level 1:colcon.colcon_core.package_identification:_identify(src/SAM_vision_test/src/runs/segment/predict) by extensions ['colcon_meta']
[0.195s] Level 1:colcon.colcon_core.package_identification:_identify(src/SAM_vision_test/src/runs/segment/predict) by extension 'colcon_meta'
[0.195s] Level 1:colcon.colcon_core.package_identification:_identify(src/SAM_vision_test/src/runs/segment/predict) by extensions ['ros']
[0.195s] Level 1:colcon.colcon_core.package_identification:_identify(src/SAM_vision_test/src/runs/segment/predict) by extension 'ros'
[0.195s] Level 1:colcon.colcon_core.package_identification:_identify(src/SAM_vision_test/src/runs/segment/predict) by extensions ['cmake', 'python']
[0.195s] Level 1:colcon.colcon_core.package_identification:_identify(src/SAM_vision_test/src/runs/segment/predict) by extension 'cmake'
[0.195s] Level 1:colcon.colcon_core.package_identification:_identify(src/SAM_vision_test/src/runs/segment/predict) by extension 'python'
[0.195s] Level 1:colcon.colcon_core.package_identification:_identify(src/SAM_vision_test/src/runs/segment/predict) by extensions ['python_setup_py']
[0.195s] Level 1:colcon.colcon_core.package_identification:_identify(src/SAM_vision_test/src/runs/segment/predict) by extension 'python_setup_py'
[0.195s] Level 1:colcon.colcon_core.package_identification:_identify(src/communication_robosoccer) by extensions ['ignore', 'ignore_ament_install']
[0.195s] Level 1:colcon.colcon_core.package_identification:_identify(src/communication_robosoccer) by extension 'ignore'
[0.195s] Level 1:colcon.colcon_core.package_identification:_identify(src/communication_robosoccer) by extension 'ignore_ament_install'
[0.195s] Level 1:colcon.colcon_core.package_identification:_identify(src/communication_robosoccer) by extensions ['colcon_pkg']
[0.195s] Level 1:colcon.colcon_core.package_identification:_identify(src/communication_robosoccer) by extension 'colcon_pkg'
[0.195s] Level 1:colcon.colcon_core.package_identification:_identify(src/communication_robosoccer) by extensions ['colcon_meta']
[0.195s] Level 1:colcon.colcon_core.package_identification:_identify(src/communication_robosoccer) by extension 'colcon_meta'
[0.195s] Level 1:colcon.colcon_core.package_identification:_identify(src/communication_robosoccer) by extensions ['ros']
[0.195s] Level 1:colcon.colcon_core.package_identification:_identify(src/communication_robosoccer) by extension 'ros'
[0.196s] DEBUG:colcon.colcon_core.package_identification:Package 'src/communication_robosoccer' with type 'ros.ament_cmake' and name 'communication_robosoccer'
[0.196s] Level 1:colcon.colcon_core.package_identification:_identify(src/gui_robosoccer) by extensions ['ignore', 'ignore_ament_install']
[0.196s] Level 1:colcon.colcon_core.package_identification:_identify(src/gui_robosoccer) by extension 'ignore'
[0.197s] Level 1:colcon.colcon_core.package_identification:_identify(src/gui_robosoccer) by extension 'ignore_ament_install'
[0.197s] Level 1:colcon.colcon_core.package_identification:_identify(src/gui_robosoccer) by extensions ['colcon_pkg']
[0.197s] Level 1:colcon.colcon_core.package_identification:_identify(src/gui_robosoccer) by extension 'colcon_pkg'
[0.197s] Level 1:colcon.colcon_core.package_identification:_identify(src/gui_robosoccer) by extensions ['colcon_meta']
[0.197s] Level 1:colcon.colcon_core.package_identification:_identify(src/gui_robosoccer) by extension 'colcon_meta'
[0.197s] Level 1:colcon.colcon_core.package_identification:_identify(src/gui_robosoccer) by extensions ['ros']
[0.197s] Level 1:colcon.colcon_core.package_identification:_identify(src/gui_robosoccer) by extension 'ros'
[0.197s] DEBUG:colcon.colcon_core.package_identification:Package 'src/gui_robosoccer' with type 'ros.ament_cmake' and name 'gui_robosoccer'
[0.197s] Level 1:colcon.colcon_core.package_identification:_identify(src/message_interface_robosoccer) by extensions ['ignore', 'ignore_ament_install']
[0.197s] Level 1:colcon.colcon_core.package_identification:_identify(src/message_interface_robosoccer) by extension 'ignore'
[0.197s] Level 1:colcon.colcon_core.package_identification:_identify(src/message_interface_robosoccer) by extension 'ignore_ament_install'
[0.197s] Level 1:colcon.colcon_core.package_identification:_identify(src/message_interface_robosoccer) by extensions ['colcon_pkg']
[0.197s] Level 1:colcon.colcon_core.package_identification:_identify(src/message_interface_robosoccer) by extension 'colcon_pkg'
[0.197s] Level 1:colcon.colcon_core.package_identification:_identify(src/message_interface_robosoccer) by extensions ['colcon_meta']
[0.197s] Level 1:colcon.colcon_core.package_identification:_identify(src/message_interface_robosoccer) by extension 'colcon_meta'
[0.197s] Level 1:colcon.colcon_core.package_identification:_identify(src/message_interface_robosoccer) by extensions ['ros']
[0.197s] Level 1:colcon.colcon_core.package_identification:_identify(src/message_interface_robosoccer) by extension 'ros'
[0.198s] DEBUG:colcon.colcon_core.package_identification:Package 'src/message_interface_robosoccer' with type 'ros.ament_cmake' and name 'message_interface_robosoccer'
[0.198s] Level 1:colcon.colcon_core.package_identification:_identify(src/strategy_robosoccer) by extensions ['ignore', 'ignore_ament_install']
[0.198s] Level 1:colcon.colcon_core.package_identification:_identify(src/strategy_robosoccer) by extension 'ignore'
[0.198s] Level 1:colcon.colcon_core.package_identification:_identify(src/strategy_robosoccer) by extension 'ignore_ament_install'
[0.198s] Level 1:colcon.colcon_core.package_identification:_identify(src/strategy_robosoccer) by extensions ['colcon_pkg']
[0.198s] Level 1:colcon.colcon_core.package_identification:_identify(src/strategy_robosoccer) by extension 'colcon_pkg'
[0.198s] Level 1:colcon.colcon_core.package_identification:_identify(src/strategy_robosoccer) by extensions ['colcon_meta']
[0.198s] Level 1:colcon.colcon_core.package_identification:_identify(src/strategy_robosoccer) by extension 'colcon_meta'
[0.198s] Level 1:colcon.colcon_core.package_identification:_identify(src/strategy_robosoccer) by extensions ['ros']
[0.198s] Level 1:colcon.colcon_core.package_identification:_identify(src/strategy_robosoccer) by extension 'ros'
[0.198s] DEBUG:colcon.colcon_core.package_identification:Package 'src/strategy_robosoccer' with type 'ros.ament_cmake' and name 'strategy_robosoccer'
[0.198s] Level 1:colcon.colcon_core.package_identification:_identify(src/vision_robosoccer) by extensions ['ignore', 'ignore_ament_install']
[0.198s] Level 1:colcon.colcon_core.package_identification:_identify(src/vision_robosoccer) by extension 'ignore'
[0.198s] Level 1:colcon.colcon_core.package_identification:_identify(src/vision_robosoccer) by extension 'ignore_ament_install'
[0.199s] Level 1:colcon.colcon_core.package_identification:_identify(src/vision_robosoccer) by extensions ['colcon_pkg']
[0.199s] Level 1:colcon.colcon_core.package_identification:_identify(src/vision_robosoccer) by extension 'colcon_pkg'
[0.199s] Level 1:colcon.colcon_core.package_identification:_identify(src/vision_robosoccer) by extensions ['colcon_meta']
[0.199s] Level 1:colcon.colcon_core.package_identification:_identify(src/vision_robosoccer) by extension 'colcon_meta'
[0.199s] Level 1:colcon.colcon_core.package_identification:_identify(src/vision_robosoccer) by extensions ['ros']
[0.199s] Level 1:colcon.colcon_core.package_identification:_identify(src/vision_robosoccer) by extension 'ros'
[0.199s] DEBUG:colcon.colcon_core.package_identification:Package 'src/vision_robosoccer' with type 'ros.ament_cmake' and name 'vision_robosoccer'
[0.199s] Level 1:colcon.colcon_core.package_discovery:discover_packages(recursive) using defaults
[0.199s] Level 1:colcon.colcon_core.package_discovery:discover_packages(ignore) discover
[0.199s] Level 1:colcon.colcon_core.package_discovery:discover_packages(ignore) using defaults
[0.199s] Level 1:colcon.colcon_core.package_discovery:discover_packages(path) discover
[0.199s] Level 1:colcon.colcon_core.package_discovery:discover_packages(path) using defaults
[0.210s] Level 1:colcon.colcon_core.package_discovery:discover_packages(prefix_path) check parameters
[0.210s] Level 1:colcon.colcon_core.package_discovery:discover_packages(prefix_path) discover
[0.211s] DEBUG:colcon.colcon_installed_package_information.package_discovery:Found 270 installed packages in /opt/ros/humble
[0.212s] Level 1:colcon.colcon_core.package_discovery:discover_packages(prefix_path) using defaults
[0.228s] Level 5:colcon.colcon_core.verb:set package 'message_interface_robosoccer' build argument 'cmake_args' from command line to 'None'
[0.228s] Level 5:colcon.colcon_core.verb:set package 'message_interface_robosoccer' build argument 'cmake_target' from command line to 'None'
[0.228s] Level 5:colcon.colcon_core.verb:set package 'message_interface_robosoccer' build argument 'cmake_target_skip_unavailable' from command line to 'False'
[0.228s] Level 5:colcon.colcon_core.verb:set package 'message_interface_robosoccer' build argument 'cmake_clean_cache' from command line to 'False'
[0.228s] Level 5:colcon.colcon_core.verb:set package 'message_interface_robosoccer' build argument 'cmake_clean_first' from command line to 'False'
[0.228s] Level 5:colcon.colcon_core.verb:set package 'message_interface_robosoccer' build argument 'cmake_force_configure' from command line to 'False'
[0.228s] Level 5:colcon.colcon_core.verb:set package 'message_interface_robosoccer' build argument 'ament_cmake_args' from command line to 'None'
[0.228s] Level 5:colcon.colcon_core.verb:set package 'message_interface_robosoccer' build argument 'catkin_cmake_args' from command line to 'None'
[0.228s] Level 5:colcon.colcon_core.verb:set package 'message_interface_robosoccer' build argument 'catkin_skip_building_tests' from command line to 'False'
[0.228s] DEBUG:colcon.colcon_core.verb:Building package 'message_interface_robosoccer' with the following arguments: {'ament_cmake_args': None, 'build_base': '/home/eric/wjg/elong_ws_fps/build/message_interface_robosoccer', 'catkin_cmake_args': None, 'catkin_skip_building_tests': False, 'cmake_args': None, 'cmake_clean_cache': False, 'cmake_clean_first': False, 'cmake_force_configure': False, 'cmake_target': None, 'cmake_target_skip_unavailable': False, 'install_base': '/home/eric/wjg/elong_ws_fps/install/message_interface_robosoccer', 'merge_install': False, 'path': '/home/eric/wjg/elong_ws_fps/src/message_interface_robosoccer', 'symlink_install': False, 'test_result_base': None}
[0.228s] Level 5:colcon.colcon_core.verb:set package 'communication_robosoccer' build argument 'cmake_args' from command line to 'None'
[0.228s] Level 5:colcon.colcon_core.verb:set package 'communication_robosoccer' build argument 'cmake_target' from command line to 'None'
[0.228s] Level 5:colcon.colcon_core.verb:set package 'communication_robosoccer' build argument 'cmake_target_skip_unavailable' from command line to 'False'
[0.228s] Level 5:colcon.colcon_core.verb:set package 'communication_robosoccer' build argument 'cmake_clean_cache' from command line to 'False'
[0.228s] Level 5:colcon.colcon_core.verb:set package 'communication_robosoccer' build argument 'cmake_clean_first' from command line to 'False'
[0.228s] Level 5:colcon.colcon_core.verb:set package 'communication_robosoccer' build argument 'cmake_force_configure' from command line to 'False'
[0.228s] Level 5:colcon.colcon_core.verb:set package 'communication_robosoccer' build argument 'ament_cmake_args' from command line to 'None'
[0.228s] Level 5:colcon.colcon_core.verb:set package 'communication_robosoccer' build argument 'catkin_cmake_args' from command line to 'None'
[0.228s] Level 5:colcon.colcon_core.verb:set package 'communication_robosoccer' build argument 'catkin_skip_building_tests' from command line to 'False'
[0.228s] DEBUG:colcon.colcon_core.verb:Building package 'communication_robosoccer' with the following arguments: {'ament_cmake_args': None, 'build_base': '/home/eric/wjg/elong_ws_fps/build/communication_robosoccer', 'catkin_cmake_args': None, 'catkin_skip_building_tests': False, 'cmake_args': None, 'cmake_clean_cache': False, 'cmake_clean_first': False, 'cmake_force_configure': False, 'cmake_target': None, 'cmake_target_skip_unavailable': False, 'install_base': '/home/eric/wjg/elong_ws_fps/install/communication_robosoccer', 'merge_install': False, 'path': '/home/eric/wjg/elong_ws_fps/src/communication_robosoccer', 'symlink_install': False, 'test_result_base': None}
[0.228s] Level 5:colcon.colcon_core.verb:set package 'gui_robosoccer' build argument 'cmake_args' from command line to 'None'
[0.228s] Level 5:colcon.colcon_core.verb:set package 'gui_robosoccer' build argument 'cmake_target' from command line to 'None'
[0.228s] Level 5:colcon.colcon_core.verb:set package 'gui_robosoccer' build argument 'cmake_target_skip_unavailable' from command line to 'False'
[0.228s] Level 5:colcon.colcon_core.verb:set package 'gui_robosoccer' build argument 'cmake_clean_cache' from command line to 'False'
[0.228s] Level 5:colcon.colcon_core.verb:set package 'gui_robosoccer' build argument 'cmake_clean_first' from command line to 'False'
[0.228s] Level 5:colcon.colcon_core.verb:set package 'gui_robosoccer' build argument 'cmake_force_configure' from command line to 'False'
[0.228s] Level 5:colcon.colcon_core.verb:set package 'gui_robosoccer' build argument 'ament_cmake_args' from command line to 'None'
[0.228s] Level 5:colcon.colcon_core.verb:set package 'gui_robosoccer' build argument 'catkin_cmake_args' from command line to 'None'
[0.228s] Level 5:colcon.colcon_core.verb:set package 'gui_robosoccer' build argument 'catkin_skip_building_tests' from command line to 'False'
[0.228s] DEBUG:colcon.colcon_core.verb:Building package 'gui_robosoccer' with the following arguments: {'ament_cmake_args': None, 'build_base': '/home/eric/wjg/elong_ws_fps/build/gui_robosoccer', 'catkin_cmake_args': None, 'catkin_skip_building_tests': False, 'cmake_args': None, 'cmake_clean_cache': False, 'cmake_clean_first': False, 'cmake_force_configure': False, 'cmake_target': None, 'cmake_target_skip_unavailable': False, 'install_base': '/home/eric/wjg/elong_ws_fps/install/gui_robosoccer', 'merge_install': False, 'path': '/home/eric/wjg/elong_ws_fps/src/gui_robosoccer', 'symlink_install': False, 'test_result_base': None}
[0.229s] Level 5:colcon.colcon_core.verb:set package 'strategy_robosoccer' build argument 'cmake_args' from command line to 'None'
[0.229s] Level 5:colcon.colcon_core.verb:set package 'strategy_robosoccer' build argument 'cmake_target' from command line to 'None'
[0.229s] Level 5:colcon.colcon_core.verb:set package 'strategy_robosoccer' build argument 'cmake_target_skip_unavailable' from command line to 'False'
[0.229s] Level 5:colcon.colcon_core.verb:set package 'strategy_robosoccer' build argument 'cmake_clean_cache' from command line to 'False'
[0.229s] Level 5:colcon.colcon_core.verb:set package 'strategy_robosoccer' build argument 'cmake_clean_first' from command line to 'False'
[0.229s] Level 5:colcon.colcon_core.verb:set package 'strategy_robosoccer' build argument 'cmake_force_configure' from command line to 'False'
[0.229s] Level 5:colcon.colcon_core.verb:set package 'strategy_robosoccer' build argument 'ament_cmake_args' from command line to 'None'
[0.229s] Level 5:colcon.colcon_core.verb:set package 'strategy_robosoccer' build argument 'catkin_cmake_args' from command line to 'None'
[0.229s] Level 5:colcon.colcon_core.verb:set package 'strategy_robosoccer' build argument 'catkin_skip_building_tests' from command line to 'False'
[0.229s] DEBUG:colcon.colcon_core.verb:Building package 'strategy_robosoccer' with the following arguments: {'ament_cmake_args': None, 'build_base': '/home/eric/wjg/elong_ws_fps/build/strategy_robosoccer', 'catkin_cmake_args': None, 'catkin_skip_building_tests': False, 'cmake_args': None, 'cmake_clean_cache': False, 'cmake_clean_first': False, 'cmake_force_configure': False, 'cmake_target': None, 'cmake_target_skip_unavailable': False, 'install_base': '/home/eric/wjg/elong_ws_fps/install/strategy_robosoccer', 'merge_install': False, 'path': '/home/eric/wjg/elong_ws_fps/src/strategy_robosoccer', 'symlink_install': False, 'test_result_base': None}
[0.229s] Level 5:colcon.colcon_core.verb:set package 'vision_robosoccer' build argument 'cmake_args' from command line to 'None'
[0.229s] Level 5:colcon.colcon_core.verb:set package 'vision_robosoccer' build argument 'cmake_target' from command line to 'None'
[0.229s] Level 5:colcon.colcon_core.verb:set package 'vision_robosoccer' build argument 'cmake_target_skip_unavailable' from command line to 'False'
[0.229s] Level 5:colcon.colcon_core.verb:set package 'vision_robosoccer' build argument 'cmake_clean_cache' from command line to 'False'
[0.229s] Level 5:colcon.colcon_core.verb:set package 'vision_robosoccer' build argument 'cmake_clean_first' from command line to 'False'
[0.229s] Level 5:colcon.colcon_core.verb:set package 'vision_robosoccer' build argument 'cmake_force_configure' from command line to 'False'
[0.229s] Level 5:colcon.colcon_core.verb:set package 'vision_robosoccer' build argument 'ament_cmake_args' from command line to 'None'
[0.229s] Level 5:colcon.colcon_core.verb:set package 'vision_robosoccer' build argument 'catkin_cmake_args' from command line to 'None'
[0.229s] Level 5:colcon.colcon_core.verb:set package 'vision_robosoccer' build argument 'catkin_skip_building_tests' from command line to 'False'
[0.229s] DEBUG:colcon.colcon_core.verb:Building package 'vision_robosoccer' with the following arguments: {'ament_cmake_args': None, 'build_base': '/home/eric/wjg/elong_ws_fps/build/vision_robosoccer', 'catkin_cmake_args': None, 'catkin_skip_building_tests': False, 'cmake_args': None, 'cmake_clean_cache': False, 'cmake_clean_first': False, 'cmake_force_configure': False, 'cmake_target': None, 'cmake_target_skip_unavailable': False, 'install_base': '/home/eric/wjg/elong_ws_fps/install/vision_robosoccer', 'merge_install': False, 'path': '/home/eric/wjg/elong_ws_fps/src/vision_robosoccer', 'symlink_install': False, 'test_result_base': None}
[0.229s] INFO:colcon.colcon_core.executor:Executing jobs using 'parallel' executor
[0.230s] DEBUG:colcon.colcon_parallel_executor.executor.parallel:run_until_complete
[0.230s] INFO:colcon.colcon_ros.task.ament_cmake.build:Building ROS package in '/home/eric/wjg/elong_ws_fps/src/message_interface_robosoccer' with build type 'ament_cmake'
[0.230s] INFO:colcon.colcon_cmake.task.cmake.build:Building CMake package in '/home/eric/wjg/elong_ws_fps/src/message_interface_robosoccer'
[0.231s] INFO:colcon.colcon_core.plugin_system:Skipping extension 'colcon_core.shell.bat': Not used on non-Windows systems
[0.231s] INFO:colcon.colcon_core.shell:Skip shell extension 'powershell' for command environment: Not usable outside of PowerShell
[0.231s] DEBUG:colcon.colcon_core.shell:Skip shell extension 'dsv' for command environment
[0.235s] DEBUG:colcon.colcon_core.event_handler.log_command:Invoking command in '/home/eric/wjg/elong_ws_fps/build/message_interface_robosoccer': CMAKE_PREFIX_PATH=/opt/ros/humble /usr/bin/cmake --build /home/eric/wjg/elong_ws_fps/build/message_interface_robosoccer -- -j24 -l24
[0.420s] DEBUG:colcon.colcon_core.event_handler.log_command:Invoked command in '/home/eric/wjg/elong_ws_fps/build/message_interface_robosoccer' returned '0': CMAKE_PREFIX_PATH=/opt/ros/humble /usr/bin/cmake --build /home/eric/wjg/elong_ws_fps/build/message_interface_robosoccer -- -j24 -l24
[0.425s] DEBUG:colcon.colcon_core.event_handler.log_command:Invoking command in '/home/eric/wjg/elong_ws_fps/build/message_interface_robosoccer': CMAKE_PREFIX_PATH=/opt/ros/humble /usr/bin/cmake --install /home/eric/wjg/elong_ws_fps/build/message_interface_robosoccer
[0.458s] Level 1:colcon.colcon_core.environment:create_environment_scripts_only(message_interface_robosoccer)
[0.458s] DEBUG:colcon.colcon_core.event_handler.log_command:Invoked command in '/home/eric/wjg/elong_ws_fps/build/message_interface_robosoccer' returned '0': CMAKE_PREFIX_PATH=/opt/ros/humble /usr/bin/cmake --install /home/eric/wjg/elong_ws_fps/build/message_interface_robosoccer
[0.459s] Level 1:colcon.colcon_core.environment:checking '/home/eric/wjg/elong_ws_fps/install/message_interface_robosoccer' for CMake module files
[0.460s] Level 1:colcon.colcon_core.environment:checking '/home/eric/wjg/elong_ws_fps/install/message_interface_robosoccer' for CMake config files
[0.460s] Level 1:colcon.colcon_core.shell:create_environment_hook('message_interface_robosoccer', 'cmake_prefix_path')
[0.460s] INFO:colcon.colcon_core.shell:Creating environment hook '/home/eric/wjg/elong_ws_fps/install/message_interface_robosoccer/share/message_interface_robosoccer/hook/cmake_prefix_path.ps1'
[0.460s] INFO:colcon.colcon_core.shell:Creating environment descriptor '/home/eric/wjg/elong_ws_fps/install/message_interface_robosoccer/share/message_interface_robosoccer/hook/cmake_prefix_path.dsv'
[0.460s] INFO:colcon.colcon_core.shell:Creating environment hook '/home/eric/wjg/elong_ws_fps/install/message_interface_robosoccer/share/message_interface_robosoccer/hook/cmake_prefix_path.sh'
[0.461s] Level 1:colcon.colcon_core.environment:checking '/home/eric/wjg/elong_ws_fps/install/message_interface_robosoccer/lib'
[0.461s] Level 1:colcon.colcon_core.shell:create_environment_hook('message_interface_robosoccer', 'ld_library_path_lib')
[0.461s] INFO:colcon.colcon_core.shell:Creating environment hook '/home/eric/wjg/elong_ws_fps/install/message_interface_robosoccer/share/message_interface_robosoccer/hook/ld_library_path_lib.ps1'
[0.461s] INFO:colcon.colcon_core.shell:Creating environment descriptor '/home/eric/wjg/elong_ws_fps/install/message_interface_robosoccer/share/message_interface_robosoccer/hook/ld_library_path_lib.dsv'
[0.461s] INFO:colcon.colcon_core.shell:Creating environment hook '/home/eric/wjg/elong_ws_fps/install/message_interface_robosoccer/share/message_interface_robosoccer/hook/ld_library_path_lib.sh'
[0.461s] Level 1:colcon.colcon_core.environment:checking '/home/eric/wjg/elong_ws_fps/install/message_interface_robosoccer/bin'
[0.461s] Level 1:colcon.colcon_core.environment:checking '/home/eric/wjg/elong_ws_fps/install/message_interface_robosoccer/lib/pkgconfig/message_interface_robosoccer.pc'
[0.462s] Level 1:colcon.colcon_core.environment:checking '/home/eric/wjg/elong_ws_fps/install/message_interface_robosoccer/lib/python3.10/site-packages'
[0.462s] Level 1:colcon.colcon_core.environment:checking '/home/eric/wjg/elong_ws_fps/install/message_interface_robosoccer/bin'
[0.462s] INFO:colcon.colcon_core.shell:Creating package script '/home/eric/wjg/elong_ws_fps/install/message_interface_robosoccer/share/message_interface_robosoccer/package.ps1'
[0.462s] INFO:colcon.colcon_core.shell:Creating package descriptor '/home/eric/wjg/elong_ws_fps/install/message_interface_robosoccer/share/message_interface_robosoccer/package.dsv'
[0.462s] INFO:colcon.colcon_core.shell:Creating package script '/home/eric/wjg/elong_ws_fps/install/message_interface_robosoccer/share/message_interface_robosoccer/package.sh'
[0.463s] INFO:colcon.colcon_core.shell:Creating package script '/home/eric/wjg/elong_ws_fps/install/message_interface_robosoccer/share/message_interface_robosoccer/package.bash'
[0.463s] INFO:colcon.colcon_core.shell:Creating package script '/home/eric/wjg/elong_ws_fps/install/message_interface_robosoccer/share/message_interface_robosoccer/package.zsh'
[0.463s] Level 1:colcon.colcon_core.environment:create_file_with_runtime_dependencies(/home/eric/wjg/elong_ws_fps/install/message_interface_robosoccer/share/colcon-core/packages/message_interface_robosoccer)
[0.464s] Level 1:colcon.colcon_core.environment:create_environment_scripts_only(message_interface_robosoccer)
[0.464s] Level 1:colcon.colcon_core.environment:checking '/home/eric/wjg/elong_ws_fps/install/message_interface_robosoccer' for CMake module files
[0.464s] Level 1:colcon.colcon_core.environment:checking '/home/eric/wjg/elong_ws_fps/install/message_interface_robosoccer' for CMake config files
[0.464s] Level 1:colcon.colcon_core.shell:create_environment_hook('message_interface_robosoccer', 'cmake_prefix_path')
[0.464s] INFO:colcon.colcon_core.shell:Creating environment hook '/home/eric/wjg/elong_ws_fps/install/message_interface_robosoccer/share/message_interface_robosoccer/hook/cmake_prefix_path.ps1'
[0.464s] INFO:colcon.colcon_core.shell:Creating environment descriptor '/home/eric/wjg/elong_ws_fps/install/message_interface_robosoccer/share/message_interface_robosoccer/hook/cmake_prefix_path.dsv'
[0.465s] INFO:colcon.colcon_core.shell:Creating environment hook '/home/eric/wjg/elong_ws_fps/install/message_interface_robosoccer/share/message_interface_robosoccer/hook/cmake_prefix_path.sh'
[0.465s] Level 1:colcon.colcon_core.environment:checking '/home/eric/wjg/elong_ws_fps/install/message_interface_robosoccer/lib'
[0.465s] Level 1:colcon.colcon_core.shell:create_environment_hook('message_interface_robosoccer', 'ld_library_path_lib')
[0.465s] INFO:colcon.colcon_core.shell:Creating environment hook '/home/eric/wjg/elong_ws_fps/install/message_interface_robosoccer/share/message_interface_robosoccer/hook/ld_library_path_lib.ps1'
[0.465s] INFO:colcon.colcon_core.shell:Creating environment descriptor '/home/eric/wjg/elong_ws_fps/install/message_interface_robosoccer/share/message_interface_robosoccer/hook/ld_library_path_lib.dsv'
[0.465s] INFO:colcon.colcon_core.shell:Creating environment hook '/home/eric/wjg/elong_ws_fps/install/message_interface_robosoccer/share/message_interface_robosoccer/hook/ld_library_path_lib.sh'
[0.465s] Level 1:colcon.colcon_core.environment:checking '/home/eric/wjg/elong_ws_fps/install/message_interface_robosoccer/bin'
[0.465s] Level 1:colcon.colcon_core.environment:checking '/home/eric/wjg/elong_ws_fps/install/message_interface_robosoccer/lib/pkgconfig/message_interface_robosoccer.pc'
[0.465s] Level 1:colcon.colcon_core.environment:checking '/home/eric/wjg/elong_ws_fps/install/message_interface_robosoccer/lib/python3.10/site-packages'
[0.465s] Level 1:colcon.colcon_core.environment:checking '/home/eric/wjg/elong_ws_fps/install/message_interface_robosoccer/bin'
[0.466s] INFO:colcon.colcon_core.shell:Creating package script '/home/eric/wjg/elong_ws_fps/install/message_interface_robosoccer/share/message_interface_robosoccer/package.ps1'
[0.466s] INFO:colcon.colcon_core.shell:Creating package descriptor '/home/eric/wjg/elong_ws_fps/install/message_interface_robosoccer/share/message_interface_robosoccer/package.dsv'
[0.466s] INFO:colcon.colcon_core.shell:Creating package script '/home/eric/wjg/elong_ws_fps/install/message_interface_robosoccer/share/message_interface_robosoccer/package.sh'
[0.466s] INFO:colcon.colcon_core.shell:Creating package script '/home/eric/wjg/elong_ws_fps/install/message_interface_robosoccer/share/message_interface_robosoccer/package.bash'
[0.466s] INFO:colcon.colcon_core.shell:Creating package script '/home/eric/wjg/elong_ws_fps/install/message_interface_robosoccer/share/message_interface_robosoccer/package.zsh'
[0.467s] Level 1:colcon.colcon_core.environment:create_file_with_runtime_dependencies(/home/eric/wjg/elong_ws_fps/install/message_interface_robosoccer/share/colcon-core/packages/message_interface_robosoccer)
[0.467s] INFO:colcon.colcon_ros.task.ament_cmake.build:Building ROS package in '/home/eric/wjg/elong_ws_fps/src/communication_robosoccer' with build type 'ament_cmake'
[0.467s] INFO:colcon.colcon_cmake.task.cmake.build:Building CMake package in '/home/eric/wjg/elong_ws_fps/src/communication_robosoccer'
[0.467s] INFO:colcon.colcon_core.shell:Skip shell extension 'powershell' for command environment: Not usable outside of PowerShell
[0.467s] DEBUG:colcon.colcon_core.shell:Skip shell extension 'dsv' for command environment
[0.468s] INFO:colcon.colcon_ros.task.ament_cmake.build:Building ROS package in '/home/eric/wjg/elong_ws_fps/src/gui_robosoccer' with build type 'ament_cmake'
[0.468s] INFO:colcon.colcon_cmake.task.cmake.build:Building CMake package in '/home/eric/wjg/elong_ws_fps/src/gui_robosoccer'
[0.468s] INFO:colcon.colcon_core.shell:Skip shell extension 'powershell' for command environment: Not usable outside of PowerShell
[0.468s] DEBUG:colcon.colcon_core.shell:Skip shell extension 'dsv' for command environment
[0.469s] INFO:colcon.colcon_ros.task.ament_cmake.build:Building ROS package in '/home/eric/wjg/elong_ws_fps/src/strategy_robosoccer' with build type 'ament_cmake'
[0.469s] INFO:colcon.colcon_cmake.task.cmake.build:Building CMake package in '/home/eric/wjg/elong_ws_fps/src/strategy_robosoccer'
[0.469s] INFO:colcon.colcon_core.shell:Skip shell extension 'powershell' for command environment: Not usable outside of PowerShell
[0.469s] DEBUG:colcon.colcon_core.shell:Skip shell extension 'dsv' for command environment
[0.471s] INFO:colcon.colcon_ros.task.ament_cmake.build:Building ROS package in '/home/eric/wjg/elong_ws_fps/src/vision_robosoccer' with build type 'ament_cmake'
[0.471s] INFO:colcon.colcon_cmake.task.cmake.build:Building CMake package in '/home/eric/wjg/elong_ws_fps/src/vision_robosoccer'
[0.471s] INFO:colcon.colcon_core.shell:Skip shell extension 'powershell' for command environment: Not usable outside of PowerShell
[0.471s] DEBUG:colcon.colcon_core.shell:Skip shell extension 'dsv' for command environment
[0.475s] DEBUG:colcon.colcon_core.event_handler.log_command:Invoking command in '/home/eric/wjg/elong_ws_fps/build/communication_robosoccer': AMENT_PREFIX_PATH=/home/eric/wjg/elong_ws_fps/install/message_interface_robosoccer:${AMENT_PREFIX_PATH} CMAKE_PREFIX_PATH=/home/eric/wjg/elong_ws_fps/install/message_interface_robosoccer:/opt/ros/humble LD_LIBRARY_PATH=/home/eric/wjg/elong_ws_fps/install/message_interface_robosoccer/lib:${LD_LIBRARY_PATH} PYTHONPATH=/home/eric/wjg/elong_ws_fps/install/message_interface_robosoccer/local/lib/python3.10/dist-packages:${PYTHONPATH} /usr/bin/cmake --build /home/eric/wjg/elong_ws_fps/build/communication_robosoccer -- -j24 -l24
[0.476s] DEBUG:colcon.colcon_core.event_handler.log_command:Invoking command in '/home/eric/wjg/elong_ws_fps/build/gui_robosoccer': AMENT_PREFIX_PATH=/home/eric/wjg/elong_ws_fps/install/message_interface_robosoccer:${AMENT_PREFIX_PATH} CMAKE_PREFIX_PATH=/home/eric/wjg/elong_ws_fps/install/message_interface_robosoccer:/opt/ros/humble LD_LIBRARY_PATH=/home/eric/wjg/elong_ws_fps/install/message_interface_robosoccer/lib:${LD_LIBRARY_PATH} PYTHONPATH=/home/eric/wjg/elong_ws_fps/install/message_interface_robosoccer/local/lib/python3.10/dist-packages:${PYTHONPATH} /usr/bin/cmake --build /home/eric/wjg/elong_ws_fps/build/gui_robosoccer -- -j24 -l24
[0.477s] DEBUG:colcon.colcon_core.event_handler.log_command:Invoking command in '/home/eric/wjg/elong_ws_fps/build/strategy_robosoccer': AMENT_PREFIX_PATH=/home/eric/wjg/elong_ws_fps/install/message_interface_robosoccer:${AMENT_PREFIX_PATH} CMAKE_PREFIX_PATH=/home/eric/wjg/elong_ws_fps/install/message_interface_robosoccer:/opt/ros/humble LD_LIBRARY_PATH=/home/eric/wjg/elong_ws_fps/install/message_interface_robosoccer/lib:${LD_LIBRARY_PATH} PYTHONPATH=/home/eric/wjg/elong_ws_fps/install/message_interface_robosoccer/local/lib/python3.10/dist-packages:${PYTHONPATH} /usr/bin/cmake --build /home/eric/wjg/elong_ws_fps/build/strategy_robosoccer -- -j24 -l24
[0.479s] DEBUG:colcon.colcon_core.event_handler.log_command:Invoking command in '/home/eric/wjg/elong_ws_fps/build/vision_robosoccer': AMENT_PREFIX_PATH=/home/eric/wjg/elong_ws_fps/install/message_interface_robosoccer:${AMENT_PREFIX_PATH} CMAKE_PREFIX_PATH=/home/eric/wjg/elong_ws_fps/install/message_interface_robosoccer:/opt/ros/humble LD_LIBRARY_PATH=/home/eric/wjg/elong_ws_fps/install/message_interface_robosoccer/lib:${LD_LIBRARY_PATH} PYTHONPATH=/home/eric/wjg/elong_ws_fps/install/message_interface_robosoccer/local/lib/python3.10/dist-packages:${PYTHONPATH} /usr/bin/cmake --build /home/eric/wjg/elong_ws_fps/build/vision_robosoccer -- -j24 -l24
[0.512s] DEBUG:colcon.colcon_core.event_handler.log_command:Invoked command in '/home/eric/wjg/elong_ws_fps/build/communication_robosoccer' returned '0': AMENT_PREFIX_PATH=/home/eric/wjg/elong_ws_fps/install/message_interface_robosoccer:${AMENT_PREFIX_PATH} CMAKE_PREFIX_PATH=/home/eric/wjg/elong_ws_fps/install/message_interface_robosoccer:/opt/ros/humble LD_LIBRARY_PATH=/home/eric/wjg/elong_ws_fps/install/message_interface_robosoccer/lib:${LD_LIBRARY_PATH} PYTHONPATH=/home/eric/wjg/elong_ws_fps/install/message_interface_robosoccer/local/lib/python3.10/dist-packages:${PYTHONPATH} /usr/bin/cmake --build /home/eric/wjg/elong_ws_fps/build/communication_robosoccer -- -j24 -l24
[0.513s] DEBUG:colcon.colcon_core.event_handler.log_command:Invoking command in '/home/eric/wjg/elong_ws_fps/build/communication_robosoccer': AMENT_PREFIX_PATH=/home/eric/wjg/elong_ws_fps/install/message_interface_robosoccer:${AMENT_PREFIX_PATH} CMAKE_PREFIX_PATH=/home/eric/wjg/elong_ws_fps/install/message_interface_robosoccer:/opt/ros/humble LD_LIBRARY_PATH=/home/eric/wjg/elong_ws_fps/install/message_interface_robosoccer/lib:${LD_LIBRARY_PATH} PYTHONPATH=/home/eric/wjg/elong_ws_fps/install/message_interface_robosoccer/local/lib/python3.10/dist-packages:${PYTHONPATH} /usr/bin/cmake --install /home/eric/wjg/elong_ws_fps/build/communication_robosoccer
[0.514s] DEBUG:colcon.colcon_core.event_handler.log_command:Invoked command in '/home/eric/wjg/elong_ws_fps/build/strategy_robosoccer' returned '0': AMENT_PREFIX_PATH=/home/eric/wjg/elong_ws_fps/install/message_interface_robosoccer:${AMENT_PREFIX_PATH} CMAKE_PREFIX_PATH=/home/eric/wjg/elong_ws_fps/install/message_interface_robosoccer:/opt/ros/humble LD_LIBRARY_PATH=/home/eric/wjg/elong_ws_fps/install/message_interface_robosoccer/lib:${LD_LIBRARY_PATH} PYTHONPATH=/home/eric/wjg/elong_ws_fps/install/message_interface_robosoccer/local/lib/python3.10/dist-packages:${PYTHONPATH} /usr/bin/cmake --build /home/eric/wjg/elong_ws_fps/build/strategy_robosoccer -- -j24 -l24
[0.515s] DEBUG:colcon.colcon_core.event_handler.log_command:Invoking command in '/home/eric/wjg/elong_ws_fps/build/strategy_robosoccer': AMENT_PREFIX_PATH=/home/eric/wjg/elong_ws_fps/install/message_interface_robosoccer:${AMENT_PREFIX_PATH} CMAKE_PREFIX_PATH=/home/eric/wjg/elong_ws_fps/install/message_interface_robosoccer:/opt/ros/humble LD_LIBRARY_PATH=/home/eric/wjg/elong_ws_fps/install/message_interface_robosoccer/lib:${LD_LIBRARY_PATH} PYTHONPATH=/home/eric/wjg/elong_ws_fps/install/message_interface_robosoccer/local/lib/python3.10/dist-packages:${PYTHONPATH} /usr/bin/cmake --install /home/eric/wjg/elong_ws_fps/build/strategy_robosoccer
[0.515s] DEBUG:colcon.colcon_core.event_handler.log_command:Invoked command in '/home/eric/wjg/elong_ws_fps/build/vision_robosoccer' returned '0': AMENT_PREFIX_PATH=/home/eric/wjg/elong_ws_fps/install/message_interface_robosoccer:${AMENT_PREFIX_PATH} CMAKE_PREFIX_PATH=/home/eric/wjg/elong_ws_fps/install/message_interface_robosoccer:/opt/ros/humble LD_LIBRARY_PATH=/home/eric/wjg/elong_ws_fps/install/message_interface_robosoccer/lib:${LD_LIBRARY_PATH} PYTHONPATH=/home/eric/wjg/elong_ws_fps/install/message_interface_robosoccer/local/lib/python3.10/dist-packages:${PYTHONPATH} /usr/bin/cmake --build /home/eric/wjg/elong_ws_fps/build/vision_robosoccer -- -j24 -l24
[0.516s] DEBUG:colcon.colcon_core.event_handler.log_command:Invoking command in '/home/eric/wjg/elong_ws_fps/build/vision_robosoccer': AMENT_PREFIX_PATH=/home/eric/wjg/elong_ws_fps/install/message_interface_robosoccer:${AMENT_PREFIX_PATH} CMAKE_PREFIX_PATH=/home/eric/wjg/elong_ws_fps/install/message_interface_robosoccer:/opt/ros/humble LD_LIBRARY_PATH=/home/eric/wjg/elong_ws_fps/install/message_interface_robosoccer/lib:${LD_LIBRARY_PATH} PYTHONPATH=/home/eric/wjg/elong_ws_fps/install/message_interface_robosoccer/local/lib/python3.10/dist-packages:${PYTHONPATH} /usr/bin/cmake --install /home/eric/wjg/elong_ws_fps/build/vision_robosoccer
[0.518s] Level 1:colcon.colcon_core.environment:create_environment_scripts_only(communication_robosoccer)
[0.518s] Level 1:colcon.colcon_core.environment:checking '/home/eric/wjg/elong_ws_fps/install/communication_robosoccer' for CMake module files
[0.519s] DEBUG:colcon.colcon_core.event_handler.log_command:Invoked command in '/home/eric/wjg/elong_ws_fps/build/communication_robosoccer' returned '0': AMENT_PREFIX_PATH=/home/eric/wjg/elong_ws_fps/install/message_interface_robosoccer:${AMENT_PREFIX_PATH} CMAKE_PREFIX_PATH=/home/eric/wjg/elong_ws_fps/install/message_interface_robosoccer:/opt/ros/humble LD_LIBRARY_PATH=/home/eric/wjg/elong_ws_fps/install/message_interface_robosoccer/lib:${LD_LIBRARY_PATH} PYTHONPATH=/home/eric/wjg/elong_ws_fps/install/message_interface_robosoccer/local/lib/python3.10/dist-packages:${PYTHONPATH} /usr/bin/cmake --install /home/eric/wjg/elong_ws_fps/build/communication_robosoccer
[0.520s] Level 1:colcon.colcon_core.environment:checking '/home/eric/wjg/elong_ws_fps/install/communication_robosoccer' for CMake config files
[0.520s] Level 1:colcon.colcon_core.shell:create_environment_hook('communication_robosoccer', 'cmake_prefix_path')
[0.521s] INFO:colcon.colcon_core.shell:Creating environment hook '/home/eric/wjg/elong_ws_fps/install/communication_robosoccer/share/communication_robosoccer/hook/cmake_prefix_path.ps1'
[0.521s] INFO:colcon.colcon_core.shell:Creating environment descriptor '/home/eric/wjg/elong_ws_fps/install/communication_robosoccer/share/communication_robosoccer/hook/cmake_prefix_path.dsv'
[0.521s] INFO:colcon.colcon_core.shell:Creating environment hook '/home/eric/wjg/elong_ws_fps/install/communication_robosoccer/share/communication_robosoccer/hook/cmake_prefix_path.sh'
[0.521s] Level 1:colcon.colcon_core.environment:checking '/home/eric/wjg/elong_ws_fps/install/communication_robosoccer/lib'
[0.521s] Level 1:colcon.colcon_core.environment:checking '/home/eric/wjg/elong_ws_fps/install/communication_robosoccer/bin'
[0.521s] Level 1:colcon.colcon_core.environment:checking '/home/eric/wjg/elong_ws_fps/install/communication_robosoccer/lib/pkgconfig/communication_robosoccer.pc'
[0.521s] Level 1:colcon.colcon_core.environment:checking '/home/eric/wjg/elong_ws_fps/install/communication_robosoccer/lib/python3.10/site-packages'
[0.521s] Level 1:colcon.colcon_core.environment:checking '/home/eric/wjg/elong_ws_fps/install/communication_robosoccer/bin'
[0.522s] INFO:colcon.colcon_core.shell:Creating package script '/home/eric/wjg/elong_ws_fps/install/communication_robosoccer/share/communication_robosoccer/package.ps1'
[0.522s] INFO:colcon.colcon_core.shell:Creating package descriptor '/home/eric/wjg/elong_ws_fps/install/communication_robosoccer/share/communication_robosoccer/package.dsv'
[0.522s] INFO:colcon.colcon_core.shell:Creating package script '/home/eric/wjg/elong_ws_fps/install/communication_robosoccer/share/communication_robosoccer/package.sh'
[0.522s] INFO:colcon.colcon_core.shell:Creating package script '/home/eric/wjg/elong_ws_fps/install/communication_robosoccer/share/communication_robosoccer/package.bash'
[0.522s] INFO:colcon.colcon_core.shell:Creating package script '/home/eric/wjg/elong_ws_fps/install/communication_robosoccer/share/communication_robosoccer/package.zsh'
[0.522s] Level 1:colcon.colcon_core.environment:create_file_with_runtime_dependencies(/home/eric/wjg/elong_ws_fps/install/communication_robosoccer/share/colcon-core/packages/communication_robosoccer)
[0.523s] Level 1:colcon.colcon_core.environment:create_environment_scripts_only(communication_robosoccer)
[0.523s] Level 1:colcon.colcon_core.environment:checking '/home/eric/wjg/elong_ws_fps/install/communication_robosoccer' for CMake module files
[0.523s] Level 1:colcon.colcon_core.environment:checking '/home/eric/wjg/elong_ws_fps/install/communication_robosoccer' for CMake config files
[0.523s] Level 1:colcon.colcon_core.shell:create_environment_hook('communication_robosoccer', 'cmake_prefix_path')
[0.523s] INFO:colcon.colcon_core.shell:Creating environment hook '/home/eric/wjg/elong_ws_fps/install/communication_robosoccer/share/communication_robosoccer/hook/cmake_prefix_path.ps1'
[0.523s] INFO:colcon.colcon_core.shell:Creating environment descriptor '/home/eric/wjg/elong_ws_fps/install/communication_robosoccer/share/communication_robosoccer/hook/cmake_prefix_path.dsv'
[0.524s] INFO:colcon.colcon_core.shell:Creating environment hook '/home/eric/wjg/elong_ws_fps/install/communication_robosoccer/share/communication_robosoccer/hook/cmake_prefix_path.sh'
[0.524s] Level 1:colcon.colcon_core.environment:checking '/home/eric/wjg/elong_ws_fps/install/communication_robosoccer/lib'
[0.524s] Level 1:colcon.colcon_core.environment:checking '/home/eric/wjg/elong_ws_fps/install/communication_robosoccer/bin'
[0.524s] Level 1:colcon.colcon_core.environment:checking '/home/eric/wjg/elong_ws_fps/install/communication_robosoccer/lib/pkgconfig/communication_robosoccer.pc'
[0.524s] Level 1:colcon.colcon_core.environment:checking '/home/eric/wjg/elong_ws_fps/install/communication_robosoccer/lib/python3.10/site-packages'
[0.524s] Level 1:colcon.colcon_core.environment:checking '/home/eric/wjg/elong_ws_fps/install/communication_robosoccer/bin'
[0.524s] INFO:colcon.colcon_core.shell:Creating package script '/home/eric/wjg/elong_ws_fps/install/communication_robosoccer/share/communication_robosoccer/package.ps1'
[0.524s] INFO:colcon.colcon_core.shell:Creating package descriptor '/home/eric/wjg/elong_ws_fps/install/communication_robosoccer/share/communication_robosoccer/package.dsv'
[0.525s] INFO:colcon.colcon_core.shell:Creating package script '/home/eric/wjg/elong_ws_fps/install/communication_robosoccer/share/communication_robosoccer/package.sh'
[0.525s] INFO:colcon.colcon_core.shell:Creating package script '/home/eric/wjg/elong_ws_fps/install/communication_robosoccer/share/communication_robosoccer/package.bash'
[0.525s] INFO:colcon.colcon_core.shell:Creating package script '/home/eric/wjg/elong_ws_fps/install/communication_robosoccer/share/communication_robosoccer/package.zsh'
[0.525s] Level 1:colcon.colcon_core.environment:create_file_with_runtime_dependencies(/home/eric/wjg/elong_ws_fps/install/communication_robosoccer/share/colcon-core/packages/communication_robosoccer)
[0.526s] Level 1:colcon.colcon_core.environment:create_environment_scripts_only(vision_robosoccer)
[0.526s] Level 1:colcon.colcon_core.environment:checking '/home/eric/wjg/elong_ws_fps/install/vision_robosoccer' for CMake module files
[0.527s] DEBUG:colcon.colcon_core.event_handler.log_command:Invoked command in '/home/eric/wjg/elong_ws_fps/build/vision_robosoccer' returned '0': AMENT_PREFIX_PATH=/home/eric/wjg/elong_ws_fps/install/message_interface_robosoccer:${AMENT_PREFIX_PATH} CMAKE_PREFIX_PATH=/home/eric/wjg/elong_ws_fps/install/message_interface_robosoccer:/opt/ros/humble LD_LIBRARY_PATH=/home/eric/wjg/elong_ws_fps/install/message_interface_robosoccer/lib:${LD_LIBRARY_PATH} PYTHONPATH=/home/eric/wjg/elong_ws_fps/install/message_interface_robosoccer/local/lib/python3.10/dist-packages:${PYTHONPATH} /usr/bin/cmake --install /home/eric/wjg/elong_ws_fps/build/vision_robosoccer
[0.527s] Level 1:colcon.colcon_core.environment:checking '/home/eric/wjg/elong_ws_fps/install/vision_robosoccer' for CMake config files
[0.527s] Level 1:colcon.colcon_core.shell:create_environment_hook('vision_robosoccer', 'cmake_prefix_path')
[0.527s] INFO:colcon.colcon_core.shell:Creating environment hook '/home/eric/wjg/elong_ws_fps/install/vision_robosoccer/share/vision_robosoccer/hook/cmake_prefix_path.ps1'
[0.527s] INFO:colcon.colcon_core.shell:Creating environment descriptor '/home/eric/wjg/elong_ws_fps/install/vision_robosoccer/share/vision_robosoccer/hook/cmake_prefix_path.dsv'
[0.528s] INFO:colcon.colcon_core.shell:Creating environment hook '/home/eric/wjg/elong_ws_fps/install/vision_robosoccer/share/vision_robosoccer/hook/cmake_prefix_path.sh'
[0.528s] Level 1:colcon.colcon_core.environment:checking '/home/eric/wjg/elong_ws_fps/install/vision_robosoccer/lib'
[0.528s] Level 1:colcon.colcon_core.environment:checking '/home/eric/wjg/elong_ws_fps/install/vision_robosoccer/bin'
[0.528s] Level 1:colcon.colcon_core.environment:checking '/home/eric/wjg/elong_ws_fps/install/vision_robosoccer/lib/pkgconfig/vision_robosoccer.pc'
[0.528s] Level 1:colcon.colcon_core.environment:checking '/home/eric/wjg/elong_ws_fps/install/vision_robosoccer/lib/python3.10/site-packages'
[0.528s] Level 1:colcon.colcon_core.environment:checking '/home/eric/wjg/elong_ws_fps/install/vision_robosoccer/bin'
[0.528s] INFO:colcon.colcon_core.shell:Creating package script '/home/eric/wjg/elong_ws_fps/install/vision_robosoccer/share/vision_robosoccer/package.ps1'
[0.528s] INFO:colcon.colcon_core.shell:Creating package descriptor '/home/eric/wjg/elong_ws_fps/install/vision_robosoccer/share/vision_robosoccer/package.dsv'
[0.528s] INFO:colcon.colcon_core.shell:Creating package script '/home/eric/wjg/elong_ws_fps/install/vision_robosoccer/share/vision_robosoccer/package.sh'
[0.529s] INFO:colcon.colcon_core.shell:Creating package script '/home/eric/wjg/elong_ws_fps/install/vision_robosoccer/share/vision_robosoccer/package.bash'
[0.529s] INFO:colcon.colcon_core.shell:Creating package script '/home/eric/wjg/elong_ws_fps/install/vision_robosoccer/share/vision_robosoccer/package.zsh'
[0.529s] Level 1:colcon.colcon_core.environment:create_file_with_runtime_dependencies(/home/eric/wjg/elong_ws_fps/install/vision_robosoccer/share/colcon-core/packages/vision_robosoccer)
[0.529s] Level 1:colcon.colcon_core.environment:create_environment_scripts_only(vision_robosoccer)
[0.529s] Level 1:colcon.colcon_core.environment:checking '/home/eric/wjg/elong_ws_fps/install/vision_robosoccer' for CMake module files
[0.530s] Level 1:colcon.colcon_core.environment:checking '/home/eric/wjg/elong_ws_fps/install/vision_robosoccer' for CMake config files
[0.530s] Level 1:colcon.colcon_core.shell:create_environment_hook('vision_robosoccer', 'cmake_prefix_path')
[0.530s] INFO:colcon.colcon_core.shell:Creating environment hook '/home/eric/wjg/elong_ws_fps/install/vision_robosoccer/share/vision_robosoccer/hook/cmake_prefix_path.ps1'
[0.530s] INFO:colcon.colcon_core.shell:Creating environment descriptor '/home/eric/wjg/elong_ws_fps/install/vision_robosoccer/share/vision_robosoccer/hook/cmake_prefix_path.dsv'
[0.530s] INFO:colcon.colcon_core.shell:Creating environment hook '/home/eric/wjg/elong_ws_fps/install/vision_robosoccer/share/vision_robosoccer/hook/cmake_prefix_path.sh'
[0.531s] Level 1:colcon.colcon_core.environment:checking '/home/eric/wjg/elong_ws_fps/install/vision_robosoccer/lib'
[0.531s] Level 1:colcon.colcon_core.environment:checking '/home/eric/wjg/elong_ws_fps/install/vision_robosoccer/bin'
[0.531s] Level 1:colcon.colcon_core.environment:checking '/home/eric/wjg/elong_ws_fps/install/vision_robosoccer/lib/pkgconfig/vision_robosoccer.pc'
[0.531s] Level 1:colcon.colcon_core.environment:checking '/home/eric/wjg/elong_ws_fps/install/vision_robosoccer/lib/python3.10/site-packages'
[0.531s] Level 1:colcon.colcon_core.environment:checking '/home/eric/wjg/elong_ws_fps/install/vision_robosoccer/bin'
[0.531s] INFO:colcon.colcon_core.shell:Creating package script '/home/eric/wjg/elong_ws_fps/install/vision_robosoccer/share/vision_robosoccer/package.ps1'
[0.531s] INFO:colcon.colcon_core.shell:Creating package descriptor '/home/eric/wjg/elong_ws_fps/install/vision_robosoccer/share/vision_robosoccer/package.dsv'
[0.531s] INFO:colcon.colcon_core.shell:Creating package script '/home/eric/wjg/elong_ws_fps/install/vision_robosoccer/share/vision_robosoccer/package.sh'
[0.531s] INFO:colcon.colcon_core.shell:Creating package script '/home/eric/wjg/elong_ws_fps/install/vision_robosoccer/share/vision_robosoccer/package.bash'
[0.532s] INFO:colcon.colcon_core.shell:Creating package script '/home/eric/wjg/elong_ws_fps/install/vision_robosoccer/share/vision_robosoccer/package.zsh'
[0.532s] Level 1:colcon.colcon_core.environment:create_file_with_runtime_dependencies(/home/eric/wjg/elong_ws_fps/install/vision_robosoccer/share/colcon-core/packages/vision_robosoccer)
[0.532s] Level 1:colcon.colcon_core.environment:create_environment_scripts_only(strategy_robosoccer)
[0.532s] Level 1:colcon.colcon_core.environment:checking '/home/eric/wjg/elong_ws_fps/install/strategy_robosoccer' for CMake module files
[0.532s] Level 1:colcon.colcon_core.environment:checking '/home/eric/wjg/elong_ws_fps/install/strategy_robosoccer' for CMake config files
[0.532s] DEBUG:colcon.colcon_core.event_handler.log_command:Invoked command in '/home/eric/wjg/elong_ws_fps/build/strategy_robosoccer' returned '0': AMENT_PREFIX_PATH=/home/eric/wjg/elong_ws_fps/install/message_interface_robosoccer:${AMENT_PREFIX_PATH} CMAKE_PREFIX_PATH=/home/eric/wjg/elong_ws_fps/install/message_interface_robosoccer:/opt/ros/humble LD_LIBRARY_PATH=/home/eric/wjg/elong_ws_fps/install/message_interface_robosoccer/lib:${LD_LIBRARY_PATH} PYTHONPATH=/home/eric/wjg/elong_ws_fps/install/message_interface_robosoccer/local/lib/python3.10/dist-packages:${PYTHONPATH} /usr/bin/cmake --install /home/eric/wjg/elong_ws_fps/build/strategy_robosoccer
[0.532s] Level 1:colcon.colcon_core.shell:create_environment_hook('strategy_robosoccer', 'cmake_prefix_path')
[0.532s] INFO:colcon.colcon_core.shell:Creating environment hook '/home/eric/wjg/elong_ws_fps/install/strategy_robosoccer/share/strategy_robosoccer/hook/cmake_prefix_path.ps1'
[0.533s] INFO:colcon.colcon_core.shell:Creating environment descriptor '/home/eric/wjg/elong_ws_fps/install/strategy_robosoccer/share/strategy_robosoccer/hook/cmake_prefix_path.dsv'
[0.533s] INFO:colcon.colcon_core.shell:Creating environment hook '/home/eric/wjg/elong_ws_fps/install/strategy_robosoccer/share/strategy_robosoccer/hook/cmake_prefix_path.sh'
[0.533s] Level 1:colcon.colcon_core.environment:checking '/home/eric/wjg/elong_ws_fps/install/strategy_robosoccer/lib'
[0.533s] Level 1:colcon.colcon_core.environment:checking '/home/eric/wjg/elong_ws_fps/install/strategy_robosoccer/bin'
[0.533s] Level 1:colcon.colcon_core.environment:checking '/home/eric/wjg/elong_ws_fps/install/strategy_robosoccer/lib/pkgconfig/strategy_robosoccer.pc'
[0.533s] Level 1:colcon.colcon_core.environment:checking '/home/eric/wjg/elong_ws_fps/install/strategy_robosoccer/lib/python3.10/site-packages'
[0.533s] Level 1:colcon.colcon_core.environment:checking '/home/eric/wjg/elong_ws_fps/install/strategy_robosoccer/bin'
[0.533s] INFO:colcon.colcon_core.shell:Creating package script '/home/eric/wjg/elong_ws_fps/install/strategy_robosoccer/share/strategy_robosoccer/package.ps1'
[0.533s] INFO:colcon.colcon_core.shell:Creating package descriptor '/home/eric/wjg/elong_ws_fps/install/strategy_robosoccer/share/strategy_robosoccer/package.dsv'
[0.534s] INFO:colcon.colcon_core.shell:Creating package script '/home/eric/wjg/elong_ws_fps/install/strategy_robosoccer/share/strategy_robosoccer/package.sh'
[0.534s] INFO:colcon.colcon_core.shell:Creating package script '/home/eric/wjg/elong_ws_fps/install/strategy_robosoccer/share/strategy_robosoccer/package.bash'
[0.534s] INFO:colcon.colcon_core.shell:Creating package script '/home/eric/wjg/elong_ws_fps/install/strategy_robosoccer/share/strategy_robosoccer/package.zsh'
[0.534s] Level 1:colcon.colcon_core.environment:create_file_with_runtime_dependencies(/home/eric/wjg/elong_ws_fps/install/strategy_robosoccer/share/colcon-core/packages/strategy_robosoccer)
[0.534s] Level 1:colcon.colcon_core.environment:create_environment_scripts_only(strategy_robosoccer)
[0.534s] Level 1:colcon.colcon_core.environment:checking '/home/eric/wjg/elong_ws_fps/install/strategy_robosoccer' for CMake module files
[0.535s] Level 1:colcon.colcon_core.environment:checking '/home/eric/wjg/elong_ws_fps/install/strategy_robosoccer' for CMake config files
[0.535s] Level 1:colcon.colcon_core.shell:create_environment_hook('strategy_robosoccer', 'cmake_prefix_path')
[0.535s] INFO:colcon.colcon_core.shell:Creating environment hook '/home/eric/wjg/elong_ws_fps/install/strategy_robosoccer/share/strategy_robosoccer/hook/cmake_prefix_path.ps1'
[0.535s] INFO:colcon.colcon_core.shell:Creating environment descriptor '/home/eric/wjg/elong_ws_fps/install/strategy_robosoccer/share/strategy_robosoccer/hook/cmake_prefix_path.dsv'
[0.535s] INFO:colcon.colcon_core.shell:Creating environment hook '/home/eric/wjg/elong_ws_fps/install/strategy_robosoccer/share/strategy_robosoccer/hook/cmake_prefix_path.sh'
[0.535s] Level 1:colcon.colcon_core.environment:checking '/home/eric/wjg/elong_ws_fps/install/strategy_robosoccer/lib'
[0.535s] Level 1:colcon.colcon_core.environment:checking '/home/eric/wjg/elong_ws_fps/install/strategy_robosoccer/bin'
[0.535s] Level 1:colcon.colcon_core.environment:checking '/home/eric/wjg/elong_ws_fps/install/strategy_robosoccer/lib/pkgconfig/strategy_robosoccer.pc'
[0.535s] Level 1:colcon.colcon_core.environment:checking '/home/eric/wjg/elong_ws_fps/install/strategy_robosoccer/lib/python3.10/site-packages'
[0.535s] Level 1:colcon.colcon_core.environment:checking '/home/eric/wjg/elong_ws_fps/install/strategy_robosoccer/bin'
[0.536s] INFO:colcon.colcon_core.shell:Creating package script '/home/eric/wjg/elong_ws_fps/install/strategy_robosoccer/share/strategy_robosoccer/package.ps1'
[0.536s] INFO:colcon.colcon_core.shell:Creating package descriptor '/home/eric/wjg/elong_ws_fps/install/strategy_robosoccer/share/strategy_robosoccer/package.dsv'
[0.536s] INFO:colcon.colcon_core.shell:Creating package script '/home/eric/wjg/elong_ws_fps/install/strategy_robosoccer/share/strategy_robosoccer/package.sh'
[0.536s] INFO:colcon.colcon_core.shell:Creating package script '/home/eric/wjg/elong_ws_fps/install/strategy_robosoccer/share/strategy_robosoccer/package.bash'
[0.536s] INFO:colcon.colcon_core.shell:Creating package script '/home/eric/wjg/elong_ws_fps/install/strategy_robosoccer/share/strategy_robosoccer/package.zsh'
[0.536s] Level 1:colcon.colcon_core.environment:create_file_with_runtime_dependencies(/home/eric/wjg/elong_ws_fps/install/strategy_robosoccer/share/colcon-core/packages/strategy_robosoccer)
[0.554s] DEBUG:colcon.colcon_core.event_handler.log_command:Invoked command in '/home/eric/wjg/elong_ws_fps/build/gui_robosoccer' returned '0': AMENT_PREFIX_PATH=/home/eric/wjg/elong_ws_fps/install/message_interface_robosoccer:${AMENT_PREFIX_PATH} CMAKE_PREFIX_PATH=/home/eric/wjg/elong_ws_fps/install/message_interface_robosoccer:/opt/ros/humble LD_LIBRARY_PATH=/home/eric/wjg/elong_ws_fps/install/message_interface_robosoccer/lib:${LD_LIBRARY_PATH} PYTHONPATH=/home/eric/wjg/elong_ws_fps/install/message_interface_robosoccer/local/lib/python3.10/dist-packages:${PYTHONPATH} /usr/bin/cmake --build /home/eric/wjg/elong_ws_fps/build/gui_robosoccer -- -j24 -l24
[0.555s] DEBUG:colcon.colcon_core.event_handler.log_command:Invoking command in '/home/eric/wjg/elong_ws_fps/build/gui_robosoccer': AMENT_PREFIX_PATH=/home/eric/wjg/elong_ws_fps/install/message_interface_robosoccer:${AMENT_PREFIX_PATH} CMAKE_PREFIX_PATH=/home/eric/wjg/elong_ws_fps/install/message_interface_robosoccer:/opt/ros/humble LD_LIBRARY_PATH=/home/eric/wjg/elong_ws_fps/install/message_interface_robosoccer/lib:${LD_LIBRARY_PATH} PYTHONPATH=/home/eric/wjg/elong_ws_fps/install/message_interface_robosoccer/local/lib/python3.10/dist-packages:${PYTHONPATH} /usr/bin/cmake --install /home/eric/wjg/elong_ws_fps/build/gui_robosoccer
[0.560s] Level 1:colcon.colcon_core.environment:create_environment_scripts_only(gui_robosoccer)
[0.560s] Level 1:colcon.colcon_core.environment:checking '/home/eric/wjg/elong_ws_fps/install/gui_robosoccer' for CMake module files
[0.560s] DEBUG:colcon.colcon_core.event_handler.log_command:Invoked command in '/home/eric/wjg/elong_ws_fps/build/gui_robosoccer' returned '0': AMENT_PREFIX_PATH=/home/eric/wjg/elong_ws_fps/install/message_interface_robosoccer:${AMENT_PREFIX_PATH} CMAKE_PREFIX_PATH=/home/eric/wjg/elong_ws_fps/install/message_interface_robosoccer:/opt/ros/humble LD_LIBRARY_PATH=/home/eric/wjg/elong_ws_fps/install/message_interface_robosoccer/lib:${LD_LIBRARY_PATH} PYTHONPATH=/home/eric/wjg/elong_ws_fps/install/message_interface_robosoccer/local/lib/python3.10/dist-packages:${PYTHONPATH} /usr/bin/cmake --install /home/eric/wjg/elong_ws_fps/build/gui_robosoccer
[0.560s] Level 1:colcon.colcon_core.environment:checking '/home/eric/wjg/elong_ws_fps/install/gui_robosoccer' for CMake config files
[0.560s] Level 1:colcon.colcon_core.shell:create_environment_hook('gui_robosoccer', 'cmake_prefix_path')
[0.560s] INFO:colcon.colcon_core.shell:Creating environment hook '/home/eric/wjg/elong_ws_fps/install/gui_robosoccer/share/gui_robosoccer/hook/cmake_prefix_path.ps1'
[0.561s] INFO:colcon.colcon_core.shell:Creating environment descriptor '/home/eric/wjg/elong_ws_fps/install/gui_robosoccer/share/gui_robosoccer/hook/cmake_prefix_path.dsv'
[0.561s] INFO:colcon.colcon_core.shell:Creating environment hook '/home/eric/wjg/elong_ws_fps/install/gui_robosoccer/share/gui_robosoccer/hook/cmake_prefix_path.sh'
[0.561s] Level 1:colcon.colcon_core.environment:checking '/home/eric/wjg/elong_ws_fps/install/gui_robosoccer/lib'
[0.561s] Level 1:colcon.colcon_core.environment:checking '/home/eric/wjg/elong_ws_fps/install/gui_robosoccer/bin'
[0.561s] Level 1:colcon.colcon_core.environment:checking '/home/eric/wjg/elong_ws_fps/install/gui_robosoccer/lib/pkgconfig/gui_robosoccer.pc'
[0.561s] Level 1:colcon.colcon_core.environment:checking '/home/eric/wjg/elong_ws_fps/install/gui_robosoccer/lib/python3.10/site-packages'
[0.561s] Level 1:colcon.colcon_core.environment:checking '/home/eric/wjg/elong_ws_fps/install/gui_robosoccer/bin'
[0.561s] INFO:colcon.colcon_core.shell:Creating package script '/home/eric/wjg/elong_ws_fps/install/gui_robosoccer/share/gui_robosoccer/package.ps1'
[0.562s] INFO:colcon.colcon_core.shell:Creating package descriptor '/home/eric/wjg/elong_ws_fps/install/gui_robosoccer/share/gui_robosoccer/package.dsv'
[0.562s] INFO:colcon.colcon_core.shell:Creating package script '/home/eric/wjg/elong_ws_fps/install/gui_robosoccer/share/gui_robosoccer/package.sh'
[0.562s] INFO:colcon.colcon_core.shell:Creating package script '/home/eric/wjg/elong_ws_fps/install/gui_robosoccer/share/gui_robosoccer/package.bash'
[0.562s] INFO:colcon.colcon_core.shell:Creating package script '/home/eric/wjg/elong_ws_fps/install/gui_robosoccer/share/gui_robosoccer/package.zsh'
[0.562s] Level 1:colcon.colcon_core.environment:create_file_with_runtime_dependencies(/home/eric/wjg/elong_ws_fps/install/gui_robosoccer/share/colcon-core/packages/gui_robosoccer)
[0.562s] Level 1:colcon.colcon_core.environment:create_environment_scripts_only(gui_robosoccer)
[0.562s] Level 1:colcon.colcon_core.environment:checking '/home/eric/wjg/elong_ws_fps/install/gui_robosoccer' for CMake module files
[0.563s] Level 1:colcon.colcon_core.environment:checking '/home/eric/wjg/elong_ws_fps/install/gui_robosoccer' for CMake config files
[0.563s] Level 1:colcon.colcon_core.shell:create_environment_hook('gui_robosoccer', 'cmake_prefix_path')
[0.563s] INFO:colcon.colcon_core.shell:Creating environment hook '/home/eric/wjg/elong_ws_fps/install/gui_robosoccer/share/gui_robosoccer/hook/cmake_prefix_path.ps1'
[0.563s] INFO:colcon.colcon_core.shell:Creating environment descriptor '/home/eric/wjg/elong_ws_fps/install/gui_robosoccer/share/gui_robosoccer/hook/cmake_prefix_path.dsv'
[0.563s] INFO:colcon.colcon_core.shell:Creating environment hook '/home/eric/wjg/elong_ws_fps/install/gui_robosoccer/share/gui_robosoccer/hook/cmake_prefix_path.sh'
[0.563s] Level 1:colcon.colcon_core.environment:checking '/home/eric/wjg/elong_ws_fps/install/gui_robosoccer/lib'
[0.564s] Level 1:colcon.colcon_core.environment:checking '/home/eric/wjg/elong_ws_fps/install/gui_robosoccer/bin'
[0.564s] Level 1:colcon.colcon_core.environment:checking '/home/eric/wjg/elong_ws_fps/install/gui_robosoccer/lib/pkgconfig/gui_robosoccer.pc'
[0.564s] Level 1:colcon.colcon_core.environment:checking '/home/eric/wjg/elong_ws_fps/install/gui_robosoccer/lib/python3.10/site-packages'
[0.564s] Level 1:colcon.colcon_core.environment:checking '/home/eric/wjg/elong_ws_fps/install/gui_robosoccer/bin'
[0.564s] INFO:colcon.colcon_core.shell:Creating package script '/home/eric/wjg/elong_ws_fps/install/gui_robosoccer/share/gui_robosoccer/package.ps1'
[0.564s] INFO:colcon.colcon_core.shell:Creating package descriptor '/home/eric/wjg/elong_ws_fps/install/gui_robosoccer/share/gui_robosoccer/package.dsv'
[0.564s] INFO:colcon.colcon_core.shell:Creating package script '/home/eric/wjg/elong_ws_fps/install/gui_robosoccer/share/gui_robosoccer/package.sh'
[0.564s] INFO:colcon.colcon_core.shell:Creating package script '/home/eric/wjg/elong_ws_fps/install/gui_robosoccer/share/gui_robosoccer/package.bash'
[0.565s] INFO:colcon.colcon_core.shell:Creating package script '/home/eric/wjg/elong_ws_fps/install/gui_robosoccer/share/gui_robosoccer/package.zsh'
[0.565s] Level 1:colcon.colcon_core.environment:create_file_with_runtime_dependencies(/home/eric/wjg/elong_ws_fps/install/gui_robosoccer/share/colcon-core/packages/gui_robosoccer)
[0.565s] DEBUG:colcon.colcon_parallel_executor.executor.parallel:closing loop
[0.565s] DEBUG:colcon.colcon_parallel_executor.executor.parallel:loop closed
[0.565s] DEBUG:colcon.colcon_parallel_executor.executor.parallel:run_until_complete finished with '0'
[0.565s] DEBUG:colcon.colcon_core.event_reactor:joining thread
[0.567s] INFO:colcon.colcon_core.plugin_system:Skipping extension 'colcon_notification.desktop_notification.terminal_notifier': Not used on non-Darwin systems
[0.567s] INFO:colcon.colcon_core.plugin_system:Skipping extension 'colcon_notification.desktop_notification.win32': Not used on non-Windows systems
[0.567s] INFO:colcon.colcon_notification.desktop_notification:Sending desktop notification using 'notify2'
[0.571s] DEBUG:colcon.colcon_core.event_reactor:joined thread
[0.572s] INFO:colcon.colcon_core.shell:Creating prefix script '/home/eric/wjg/elong_ws_fps/install/local_setup.ps1'
[0.572s] INFO:colcon.colcon_core.shell:Creating prefix util module '/home/eric/wjg/elong_ws_fps/install/_local_setup_util_ps1.py'
[0.573s] INFO:colcon.colcon_core.shell:Creating prefix chain script '/home/eric/wjg/elong_ws_fps/install/setup.ps1'
[0.573s] INFO:colcon.colcon_core.shell:Creating prefix script '/home/eric/wjg/elong_ws_fps/install/local_setup.sh'
[0.573s] INFO:colcon.colcon_core.shell:Creating prefix util module '/home/eric/wjg/elong_ws_fps/install/_local_setup_util_sh.py'
[0.573s] INFO:colcon.colcon_core.shell:Creating prefix chain script '/home/eric/wjg/elong_ws_fps/install/setup.sh'
[0.574s] INFO:colcon.colcon_core.shell:Creating prefix script '/home/eric/wjg/elong_ws_fps/install/local_setup.bash'
[0.574s] INFO:colcon.colcon_core.shell:Creating prefix chain script '/home/eric/wjg/elong_ws_fps/install/setup.bash'
[0.574s] INFO:colcon.colcon_core.shell:Creating prefix script '/home/eric/wjg/elong_ws_fps/install/local_setup.zsh'
[0.574s] INFO:colcon.colcon_core.shell:Creating prefix chain script '/home/eric/wjg/elong_ws_fps/install/setup.zsh'
