[0.006s] Invoking command in '/home/eric/wjg/elong_ws_fps/build/message_interface_robosoccer': CMAKE_PREFIX_PATH=/home/eric/wjg/elong_ws_fps/install/vision_robosoccer:/home/eric/wjg/elong_ws_fps/install/strategy_robosoccer:/home/eric/wjg/elong_ws_fps/install/gui_robosoccer:/home/eric/wjg/elong_ws_fps/install/communication_robosoccer:/home/eric/wjg/elong_ws_fps/install/message_interface_robosoccer:/opt/ros/humble:/home/eric/wjg/MultiAgent-Isaacsim/ros_msg/install/scene_msgs:/home/eric/wjg/MultiAgent-Isaacsim/ros_msg/install/plan_msgs /usr/bin/cmake --build /home/eric/wjg/elong_ws_fps/build/message_interface_robosoccer -- -j24 -l24
[0.039s] [  1%] Built target message_interface_robosoccer__cpp
[0.041s] [ 12%] Built target message_interface_robosoccer__rosidl_generator_c
[0.045s] [ 12%] Built target ament_cmake_python_copy_message_interface_robosoccer
[0.052s] [ 24%] Built target message_interface_robosoccer__rosidl_typesupport_introspection_c
[0.052s] [ 46%] Built target message_interface_robosoccer__rosidl_typesupport_introspection_cpp
[0.053s] [ 47%] Built target message_interface_robosoccer__rosidl_typesupport_c
[0.054s] [ 58%] Built target message_interface_robosoccer__rosidl_typesupport_cpp
[0.056s] [ 70%] Built target message_interface_robosoccer__rosidl_typesupport_fastrtps_cpp
[0.057s] [ 82%] Built target message_interface_robosoccer__rosidl_typesupport_fastrtps_c
[0.068s] [ 82%] Built target message_interface_robosoccer
[0.080s] [ 83%] Built target message_interface_robosoccer__py
[0.092s] [ 93%] Built target message_interface_robosoccer__rosidl_generator_py
[0.104s] [ 95%] Built target message_interface_robosoccer__rosidl_typesupport_c__pyext
[0.106s] [100%] Built target message_interface_robosoccer__rosidl_typesupport_fastrtps_c__pyext
[0.106s] [100%] Built target message_interface_robosoccer__rosidl_typesupport_introspection_c__pyext
[0.159s] running egg_info
[0.168s] writing message_interface_robosoccer.egg-info/PKG-INFO
[0.168s] writing dependency_links to message_interface_robosoccer.egg-info/dependency_links.txt
[0.168s] writing top-level names to message_interface_robosoccer.egg-info/top_level.txt
[0.272s] reading manifest file 'message_interface_robosoccer.egg-info/SOURCES.txt'
[0.272s] writing manifest file 'message_interface_robosoccer.egg-info/SOURCES.txt'
[0.292s] [100%] Built target ament_cmake_python_build_message_interface_robosoccer_egg
[0.298s] Invoked command in '/home/eric/wjg/elong_ws_fps/build/message_interface_robosoccer' returned '0': CMAKE_PREFIX_PATH=/home/eric/wjg/elong_ws_fps/install/vision_robosoccer:/home/eric/wjg/elong_ws_fps/install/strategy_robosoccer:/home/eric/wjg/elong_ws_fps/install/gui_robosoccer:/home/eric/wjg/elong_ws_fps/install/communication_robosoccer:/home/eric/wjg/elong_ws_fps/install/message_interface_robosoccer:/opt/ros/humble:/home/eric/wjg/MultiAgent-Isaacsim/ros_msg/install/scene_msgs:/home/eric/wjg/MultiAgent-Isaacsim/ros_msg/install/plan_msgs /usr/bin/cmake --build /home/eric/wjg/elong_ws_fps/build/message_interface_robosoccer -- -j24 -l24
[0.304s] Invoking command in '/home/eric/wjg/elong_ws_fps/build/message_interface_robosoccer': CMAKE_PREFIX_PATH=/home/eric/wjg/elong_ws_fps/install/vision_robosoccer:/home/eric/wjg/elong_ws_fps/install/strategy_robosoccer:/home/eric/wjg/elong_ws_fps/install/gui_robosoccer:/home/eric/wjg/elong_ws_fps/install/communication_robosoccer:/home/eric/wjg/elong_ws_fps/install/message_interface_robosoccer:/opt/ros/humble:/home/eric/wjg/MultiAgent-Isaacsim/ros_msg/install/scene_msgs:/home/eric/wjg/MultiAgent-Isaacsim/ros_msg/install/plan_msgs /usr/bin/cmake --install /home/eric/wjg/elong_ws_fps/build/message_interface_robosoccer
[0.309s] -- Install configuration: ""
[0.309s] -- Up-to-date: /home/eric/wjg/elong_ws_fps/install/message_interface_robosoccer/share/ament_index/resource_index/rosidl_interfaces/message_interface_robosoccer
[0.309s] -- Up-to-date: /home/eric/wjg/elong_ws_fps/install/message_interface_robosoccer/include/message_interface_robosoccer/message_interface_robosoccer
[0.309s] -- Up-to-date: /home/eric/wjg/elong_ws_fps/install/message_interface_robosoccer/include/message_interface_robosoccer/message_interface_robosoccer/msg
[0.309s] -- Up-to-date: /home/eric/wjg/elong_ws_fps/install/message_interface_robosoccer/include/message_interface_robosoccer/message_interface_robosoccer/msg/rosidl_generator_c__visibility_control.h
[0.309s] -- Up-to-date: /home/eric/wjg/elong_ws_fps/install/message_interface_robosoccer/include/message_interface_robosoccer/message_interface_robosoccer/msg/pose.h
[0.310s] -- Up-to-date: /home/eric/wjg/elong_ws_fps/install/message_interface_robosoccer/include/message_interface_robosoccer/message_interface_robosoccer/msg/velocity.h
[0.310s] -- Up-to-date: /home/eric/wjg/elong_ws_fps/install/message_interface_robosoccer/include/message_interface_robosoccer/message_interface_robosoccer/msg/detail
[0.310s] -- Up-to-date: /home/eric/wjg/elong_ws_fps/install/message_interface_robosoccer/include/message_interface_robosoccer/message_interface_robosoccer/msg/detail/pose__functions.h
[0.310s] -- Up-to-date: /home/eric/wjg/elong_ws_fps/install/message_interface_robosoccer/include/message_interface_robosoccer/message_interface_robosoccer/msg/detail/image__functions.c
[0.310s] -- Up-to-date: /home/eric/wjg/elong_ws_fps/install/message_interface_robosoccer/include/message_interface_robosoccer/message_interface_robosoccer/msg/detail/point_calibration__struct.h
[0.310s] -- Up-to-date: /home/eric/wjg/elong_ws_fps/install/message_interface_robosoccer/include/message_interface_robosoccer/message_interface_robosoccer/msg/detail/image__functions.h
[0.310s] -- Up-to-date: /home/eric/wjg/elong_ws_fps/install/message_interface_robosoccer/include/message_interface_robosoccer/message_interface_robosoccer/msg/detail/decision_var__struct.h
[0.310s] -- Up-to-date: /home/eric/wjg/elong_ws_fps/install/message_interface_robosoccer/include/message_interface_robosoccer/message_interface_robosoccer/msg/detail/point__functions.c
[0.310s] -- Up-to-date: /home/eric/wjg/elong_ws_fps/install/message_interface_robosoccer/include/message_interface_robosoccer/message_interface_robosoccer/msg/detail/pose_robots__functions.c
[0.310s] -- Up-to-date: /home/eric/wjg/elong_ws_fps/install/message_interface_robosoccer/include/message_interface_robosoccer/message_interface_robosoccer/msg/detail/velocity__functions.h
[0.310s] -- Up-to-date: /home/eric/wjg/elong_ws_fps/install/message_interface_robosoccer/include/message_interface_robosoccer/message_interface_robosoccer/msg/detail/array_threshold__functions.c
[0.310s] -- Up-to-date: /home/eric/wjg/elong_ws_fps/install/message_interface_robosoccer/include/message_interface_robosoccer/message_interface_robosoccer/msg/detail/decision_var__functions.h
[0.310s] -- Up-to-date: /home/eric/wjg/elong_ws_fps/install/message_interface_robosoccer/include/message_interface_robosoccer/message_interface_robosoccer/msg/detail/point_calibration__functions.h
[0.310s] -- Up-to-date: /home/eric/wjg/elong_ws_fps/install/message_interface_robosoccer/include/message_interface_robosoccer/message_interface_robosoccer/msg/detail/array_threshold__type_support.h
[0.310s] -- Up-to-date: /home/eric/wjg/elong_ws_fps/install/message_interface_robosoccer/include/message_interface_robosoccer/message_interface_robosoccer/msg/detail/pose_robots__type_support.h
[0.310s] -- Up-to-date: /home/eric/wjg/elong_ws_fps/install/message_interface_robosoccer/include/message_interface_robosoccer/message_interface_robosoccer/msg/detail/image__type_support.h
[0.311s] -- Up-to-date: /home/eric/wjg/elong_ws_fps/install/message_interface_robosoccer/include/message_interface_robosoccer/message_interface_robosoccer/msg/detail/velocity_robots__functions.c
[0.311s] -- Up-to-date: /home/eric/wjg/elong_ws_fps/install/message_interface_robosoccer/include/message_interface_robosoccer/message_interface_robosoccer/msg/detail/pose_robots__functions.h
[0.311s] -- Up-to-date: /home/eric/wjg/elong_ws_fps/install/message_interface_robosoccer/include/message_interface_robosoccer/message_interface_robosoccer/msg/detail/pose__functions.c
[0.311s] -- Up-to-date: /home/eric/wjg/elong_ws_fps/install/message_interface_robosoccer/include/message_interface_robosoccer/message_interface_robosoccer/msg/detail/velocity__struct.h
[0.311s] -- Up-to-date: /home/eric/wjg/elong_ws_fps/install/message_interface_robosoccer/include/message_interface_robosoccer/message_interface_robosoccer/msg/detail/velocity_robots__struct.h
[0.311s] -- Up-to-date: /home/eric/wjg/elong_ws_fps/install/message_interface_robosoccer/include/message_interface_robosoccer/message_interface_robosoccer/msg/detail/point__type_support.h
[0.311s] -- Up-to-date: /home/eric/wjg/elong_ws_fps/install/message_interface_robosoccer/include/message_interface_robosoccer/message_interface_robosoccer/msg/detail/pose_robots__struct.h
[0.311s] -- Up-to-date: /home/eric/wjg/elong_ws_fps/install/message_interface_robosoccer/include/message_interface_robosoccer/message_interface_robosoccer/msg/detail/pose__type_support.h
[0.311s] -- Up-to-date: /home/eric/wjg/elong_ws_fps/install/message_interface_robosoccer/include/message_interface_robosoccer/message_interface_robosoccer/msg/detail/velocity__type_support.h
[0.311s] -- Up-to-date: /home/eric/wjg/elong_ws_fps/install/message_interface_robosoccer/include/message_interface_robosoccer/message_interface_robosoccer/msg/detail/array_threshold__functions.h
[0.311s] -- Up-to-date: /home/eric/wjg/elong_ws_fps/install/message_interface_robosoccer/include/message_interface_robosoccer/message_interface_robosoccer/msg/detail/point__functions.h
[0.311s] -- Up-to-date: /home/eric/wjg/elong_ws_fps/install/message_interface_robosoccer/include/message_interface_robosoccer/message_interface_robosoccer/msg/detail/velocity__functions.c
[0.311s] -- Up-to-date: /home/eric/wjg/elong_ws_fps/install/message_interface_robosoccer/include/message_interface_robosoccer/message_interface_robosoccer/msg/detail/velocity_robots__functions.h
[0.311s] -- Up-to-date: /home/eric/wjg/elong_ws_fps/install/message_interface_robosoccer/include/message_interface_robosoccer/message_interface_robosoccer/msg/detail/image__struct.h
[0.311s] -- Up-to-date: /home/eric/wjg/elong_ws_fps/install/message_interface_robosoccer/include/message_interface_robosoccer/message_interface_robosoccer/msg/detail/pose__struct.h
[0.311s] -- Up-to-date: /home/eric/wjg/elong_ws_fps/install/message_interface_robosoccer/include/message_interface_robosoccer/message_interface_robosoccer/msg/detail/velocity_robots__type_support.h
[0.311s] -- Up-to-date: /home/eric/wjg/elong_ws_fps/install/message_interface_robosoccer/include/message_interface_robosoccer/message_interface_robosoccer/msg/detail/point_calibration__type_support.h
[0.311s] -- Up-to-date: /home/eric/wjg/elong_ws_fps/install/message_interface_robosoccer/include/message_interface_robosoccer/message_interface_robosoccer/msg/detail/point__struct.h
[0.311s] -- Up-to-date: /home/eric/wjg/elong_ws_fps/install/message_interface_robosoccer/include/message_interface_robosoccer/message_interface_robosoccer/msg/detail/array_threshold__struct.h
[0.311s] -- Up-to-date: /home/eric/wjg/elong_ws_fps/install/message_interface_robosoccer/include/message_interface_robosoccer/message_interface_robosoccer/msg/detail/decision_var__type_support.h
[0.311s] -- Up-to-date: /home/eric/wjg/elong_ws_fps/install/message_interface_robosoccer/include/message_interface_robosoccer/message_interface_robosoccer/msg/detail/decision_var__functions.c
[0.311s] -- Up-to-date: /home/eric/wjg/elong_ws_fps/install/message_interface_robosoccer/include/message_interface_robosoccer/message_interface_robosoccer/msg/detail/point_calibration__functions.c
[0.311s] -- Up-to-date: /home/eric/wjg/elong_ws_fps/install/message_interface_robosoccer/include/message_interface_robosoccer/message_interface_robosoccer/msg/array_threshold.h
[0.311s] -- Up-to-date: /home/eric/wjg/elong_ws_fps/install/message_interface_robosoccer/include/message_interface_robosoccer/message_interface_robosoccer/msg/pose_robots.h
[0.311s] -- Up-to-date: /home/eric/wjg/elong_ws_fps/install/message_interface_robosoccer/include/message_interface_robosoccer/message_interface_robosoccer/msg/velocity_robots.h
[0.311s] -- Up-to-date: /home/eric/wjg/elong_ws_fps/install/message_interface_robosoccer/include/message_interface_robosoccer/message_interface_robosoccer/msg/decision_var.h
[0.311s] -- Up-to-date: /home/eric/wjg/elong_ws_fps/install/message_interface_robosoccer/include/message_interface_robosoccer/message_interface_robosoccer/msg/image.h
[0.311s] -- Up-to-date: /home/eric/wjg/elong_ws_fps/install/message_interface_robosoccer/include/message_interface_robosoccer/message_interface_robosoccer/msg/point_calibration.h
[0.311s] -- Up-to-date: /home/eric/wjg/elong_ws_fps/install/message_interface_robosoccer/include/message_interface_robosoccer/message_interface_robosoccer/msg/point.h
[0.311s] -- Up-to-date: /home/eric/wjg/elong_ws_fps/install/message_interface_robosoccer/share/message_interface_robosoccer/environment/library_path.sh
[0.311s] -- Up-to-date: /home/eric/wjg/elong_ws_fps/install/message_interface_robosoccer/share/message_interface_robosoccer/environment/library_path.dsv
[0.311s] -- Up-to-date: /home/eric/wjg/elong_ws_fps/install/message_interface_robosoccer/lib/libmessage_interface_robosoccer__rosidl_generator_c.so
[0.311s] -- Up-to-date: /home/eric/wjg/elong_ws_fps/install/message_interface_robosoccer/include/message_interface_robosoccer/message_interface_robosoccer
[0.311s] -- Up-to-date: /home/eric/wjg/elong_ws_fps/install/message_interface_robosoccer/include/message_interface_robosoccer/message_interface_robosoccer/msg
[0.311s] -- Up-to-date: /home/eric/wjg/elong_ws_fps/install/message_interface_robosoccer/include/message_interface_robosoccer/message_interface_robosoccer/msg/detail
[0.311s] -- Up-to-date: /home/eric/wjg/elong_ws_fps/install/message_interface_robosoccer/include/message_interface_robosoccer/message_interface_robosoccer/msg/detail/velocity__rosidl_typesupport_fastrtps_c.h
[0.312s] -- Up-to-date: /home/eric/wjg/elong_ws_fps/install/message_interface_robosoccer/include/message_interface_robosoccer/message_interface_robosoccer/msg/detail/decision_var__rosidl_typesupport_fastrtps_c.h
[0.312s] -- Up-to-date: /home/eric/wjg/elong_ws_fps/install/message_interface_robosoccer/include/message_interface_robosoccer/message_interface_robosoccer/msg/detail/point_calibration__rosidl_typesupport_fastrtps_c.h
[0.312s] -- Up-to-date: /home/eric/wjg/elong_ws_fps/install/message_interface_robosoccer/include/message_interface_robosoccer/message_interface_robosoccer/msg/detail/array_threshold__rosidl_typesupport_fastrtps_c.h
[0.312s] -- Up-to-date: /home/eric/wjg/elong_ws_fps/install/message_interface_robosoccer/include/message_interface_robosoccer/message_interface_robosoccer/msg/detail/pose__rosidl_typesupport_fastrtps_c.h
[0.312s] -- Up-to-date: /home/eric/wjg/elong_ws_fps/install/message_interface_robosoccer/include/message_interface_robosoccer/message_interface_robosoccer/msg/detail/image__rosidl_typesupport_fastrtps_c.h
[0.312s] -- Up-to-date: /home/eric/wjg/elong_ws_fps/install/message_interface_robosoccer/include/message_interface_robosoccer/message_interface_robosoccer/msg/detail/pose_robots__rosidl_typesupport_fastrtps_c.h
[0.312s] -- Up-to-date: /home/eric/wjg/elong_ws_fps/install/message_interface_robosoccer/include/message_interface_robosoccer/message_interface_robosoccer/msg/detail/velocity_robots__rosidl_typesupport_fastrtps_c.h
[0.312s] -- Up-to-date: /home/eric/wjg/elong_ws_fps/install/message_interface_robosoccer/include/message_interface_robosoccer/message_interface_robosoccer/msg/detail/point__rosidl_typesupport_fastrtps_c.h
[0.312s] -- Up-to-date: /home/eric/wjg/elong_ws_fps/install/message_interface_robosoccer/include/message_interface_robosoccer/message_interface_robosoccer/msg/rosidl_typesupport_fastrtps_c__visibility_control.h
[0.312s] -- Up-to-date: /home/eric/wjg/elong_ws_fps/install/message_interface_robosoccer/lib/libmessage_interface_robosoccer__rosidl_typesupport_fastrtps_c.so
[0.312s] -- Up-to-date: /home/eric/wjg/elong_ws_fps/install/message_interface_robosoccer/include/message_interface_robosoccer/message_interface_robosoccer
[0.312s] -- Up-to-date: /home/eric/wjg/elong_ws_fps/install/message_interface_robosoccer/include/message_interface_robosoccer/message_interface_robosoccer/msg
[0.312s] -- Up-to-date: /home/eric/wjg/elong_ws_fps/install/message_interface_robosoccer/include/message_interface_robosoccer/message_interface_robosoccer/msg/detail
[0.312s] -- Up-to-date: /home/eric/wjg/elong_ws_fps/install/message_interface_robosoccer/include/message_interface_robosoccer/message_interface_robosoccer/msg/detail/point_calibration__rosidl_typesupport_introspection_c.h
[0.312s] -- Up-to-date: /home/eric/wjg/elong_ws_fps/install/message_interface_robosoccer/include/message_interface_robosoccer/message_interface_robosoccer/msg/detail/decision_var__rosidl_typesupport_introspection_c.h
[0.312s] -- Up-to-date: /home/eric/wjg/elong_ws_fps/install/message_interface_robosoccer/include/message_interface_robosoccer/message_interface_robosoccer/msg/detail/velocity__rosidl_typesupport_introspection_c.h
[0.312s] -- Up-to-date: /home/eric/wjg/elong_ws_fps/install/message_interface_robosoccer/include/message_interface_robosoccer/message_interface_robosoccer/msg/detail/decision_var__type_support.c
[0.312s] -- Up-to-date: /home/eric/wjg/elong_ws_fps/install/message_interface_robosoccer/include/message_interface_robosoccer/message_interface_robosoccer/msg/detail/image__rosidl_typesupport_introspection_c.h
[0.312s] -- Up-to-date: /home/eric/wjg/elong_ws_fps/install/message_interface_robosoccer/include/message_interface_robosoccer/message_interface_robosoccer/msg/detail/point__type_support.c
[0.312s] -- Up-to-date: /home/eric/wjg/elong_ws_fps/install/message_interface_robosoccer/include/message_interface_robosoccer/message_interface_robosoccer/msg/detail/point_calibration__type_support.c
[0.312s] -- Up-to-date: /home/eric/wjg/elong_ws_fps/install/message_interface_robosoccer/include/message_interface_robosoccer/message_interface_robosoccer/msg/detail/image__type_support.c
[0.312s] -- Up-to-date: /home/eric/wjg/elong_ws_fps/install/message_interface_robosoccer/include/message_interface_robosoccer/message_interface_robosoccer/msg/detail/pose_robots__rosidl_typesupport_introspection_c.h
[0.313s] -- Up-to-date: /home/eric/wjg/elong_ws_fps/install/message_interface_robosoccer/include/message_interface_robosoccer/message_interface_robosoccer/msg/detail/point__rosidl_typesupport_introspection_c.h
[0.313s] -- Up-to-date: /home/eric/wjg/elong_ws_fps/install/message_interface_robosoccer/include/message_interface_robosoccer/message_interface_robosoccer/msg/detail/array_threshold__rosidl_typesupport_introspection_c.h
[0.313s] -- Up-to-date: /home/eric/wjg/elong_ws_fps/install/message_interface_robosoccer/include/message_interface_robosoccer/message_interface_robosoccer/msg/detail/velocity_robots__rosidl_typesupport_introspection_c.h
[0.313s] -- Up-to-date: /home/eric/wjg/elong_ws_fps/install/message_interface_robosoccer/include/message_interface_robosoccer/message_interface_robosoccer/msg/detail/pose_robots__type_support.c
[0.313s] -- Up-to-date: /home/eric/wjg/elong_ws_fps/install/message_interface_robosoccer/include/message_interface_robosoccer/message_interface_robosoccer/msg/detail/array_threshold__type_support.c
[0.313s] -- Up-to-date: /home/eric/wjg/elong_ws_fps/install/message_interface_robosoccer/include/message_interface_robosoccer/message_interface_robosoccer/msg/detail/pose__rosidl_typesupport_introspection_c.h
[0.313s] -- Up-to-date: /home/eric/wjg/elong_ws_fps/install/message_interface_robosoccer/include/message_interface_robosoccer/message_interface_robosoccer/msg/detail/velocity__type_support.c
[0.313s] -- Up-to-date: /home/eric/wjg/elong_ws_fps/install/message_interface_robosoccer/include/message_interface_robosoccer/message_interface_robosoccer/msg/detail/pose__type_support.c
[0.313s] -- Up-to-date: /home/eric/wjg/elong_ws_fps/install/message_interface_robosoccer/include/message_interface_robosoccer/message_interface_robosoccer/msg/detail/velocity_robots__type_support.c
[0.313s] -- Up-to-date: /home/eric/wjg/elong_ws_fps/install/message_interface_robosoccer/include/message_interface_robosoccer/message_interface_robosoccer/msg/rosidl_typesupport_introspection_c__visibility_control.h
[0.313s] -- Up-to-date: /home/eric/wjg/elong_ws_fps/install/message_interface_robosoccer/lib/libmessage_interface_robosoccer__rosidl_typesupport_introspection_c.so
[0.313s] -- Up-to-date: /home/eric/wjg/elong_ws_fps/install/message_interface_robosoccer/lib/libmessage_interface_robosoccer__rosidl_typesupport_c.so
[0.313s] -- Up-to-date: /home/eric/wjg/elong_ws_fps/install/message_interface_robosoccer/include/message_interface_robosoccer/message_interface_robosoccer
[0.313s] -- Up-to-date: /home/eric/wjg/elong_ws_fps/install/message_interface_robosoccer/include/message_interface_robosoccer/message_interface_robosoccer/msg
[0.313s] -- Up-to-date: /home/eric/wjg/elong_ws_fps/install/message_interface_robosoccer/include/message_interface_robosoccer/message_interface_robosoccer/msg/decision_var.hpp
[0.313s] -- Up-to-date: /home/eric/wjg/elong_ws_fps/install/message_interface_robosoccer/include/message_interface_robosoccer/message_interface_robosoccer/msg/velocity_robots.hpp
[0.313s] -- Up-to-date: /home/eric/wjg/elong_ws_fps/install/message_interface_robosoccer/include/message_interface_robosoccer/message_interface_robosoccer/msg/detail
[0.313s] -- Up-to-date: /home/eric/wjg/elong_ws_fps/install/message_interface_robosoccer/include/message_interface_robosoccer/message_interface_robosoccer/msg/detail/pose_robots__builder.hpp
[0.314s] -- Up-to-date: /home/eric/wjg/elong_ws_fps/install/message_interface_robosoccer/include/message_interface_robosoccer/message_interface_robosoccer/msg/detail/point_calibration__builder.hpp
[0.314s] -- Up-to-date: /home/eric/wjg/elong_ws_fps/install/message_interface_robosoccer/include/message_interface_robosoccer/message_interface_robosoccer/msg/detail/decision_var__traits.hpp
[0.314s] -- Up-to-date: /home/eric/wjg/elong_ws_fps/install/message_interface_robosoccer/include/message_interface_robosoccer/message_interface_robosoccer/msg/detail/point__builder.hpp
[0.314s] -- Up-to-date: /home/eric/wjg/elong_ws_fps/install/message_interface_robosoccer/include/message_interface_robosoccer/message_interface_robosoccer/msg/detail/pose__traits.hpp
[0.314s] -- Up-to-date: /home/eric/wjg/elong_ws_fps/install/message_interface_robosoccer/include/message_interface_robosoccer/message_interface_robosoccer/msg/detail/point__struct.hpp
[0.314s] -- Up-to-date: /home/eric/wjg/elong_ws_fps/install/message_interface_robosoccer/include/message_interface_robosoccer/message_interface_robosoccer/msg/detail/array_threshold__traits.hpp
[0.314s] -- Up-to-date: /home/eric/wjg/elong_ws_fps/install/message_interface_robosoccer/include/message_interface_robosoccer/message_interface_robosoccer/msg/detail/velocity_robots__builder.hpp
[0.314s] -- Up-to-date: /home/eric/wjg/elong_ws_fps/install/message_interface_robosoccer/include/message_interface_robosoccer/message_interface_robosoccer/msg/detail/point__traits.hpp
[0.314s] -- Up-to-date: /home/eric/wjg/elong_ws_fps/install/message_interface_robosoccer/include/message_interface_robosoccer/message_interface_robosoccer/msg/detail/velocity__struct.hpp
[0.314s] -- Up-to-date: /home/eric/wjg/elong_ws_fps/install/message_interface_robosoccer/include/message_interface_robosoccer/message_interface_robosoccer/msg/detail/image__traits.hpp
[0.314s] -- Up-to-date: /home/eric/wjg/elong_ws_fps/install/message_interface_robosoccer/include/message_interface_robosoccer/message_interface_robosoccer/msg/detail/pose_robots__traits.hpp
[0.314s] -- Up-to-date: /home/eric/wjg/elong_ws_fps/install/message_interface_robosoccer/include/message_interface_robosoccer/message_interface_robosoccer/msg/detail/decision_var__struct.hpp
[0.314s] -- Up-to-date: /home/eric/wjg/elong_ws_fps/install/message_interface_robosoccer/include/message_interface_robosoccer/message_interface_robosoccer/msg/detail/image__builder.hpp
[0.314s] -- Up-to-date: /home/eric/wjg/elong_ws_fps/install/message_interface_robosoccer/include/message_interface_robosoccer/message_interface_robosoccer/msg/detail/velocity_robots__traits.hpp
[0.314s] -- Up-to-date: /home/eric/wjg/elong_ws_fps/install/message_interface_robosoccer/include/message_interface_robosoccer/message_interface_robosoccer/msg/detail/velocity__builder.hpp
[0.314s] -- Up-to-date: /home/eric/wjg/elong_ws_fps/install/message_interface_robosoccer/include/message_interface_robosoccer/message_interface_robosoccer/msg/detail/point_calibration__traits.hpp
[0.314s] -- Up-to-date: /home/eric/wjg/elong_ws_fps/install/message_interface_robosoccer/include/message_interface_robosoccer/message_interface_robosoccer/msg/detail/pose__struct.hpp
[0.314s] -- Up-to-date: /home/eric/wjg/elong_ws_fps/install/message_interface_robosoccer/include/message_interface_robosoccer/message_interface_robosoccer/msg/detail/decision_var__builder.hpp
[0.314s] -- Up-to-date: /home/eric/wjg/elong_ws_fps/install/message_interface_robosoccer/include/message_interface_robosoccer/message_interface_robosoccer/msg/detail/array_threshold__builder.hpp
[0.314s] -- Up-to-date: /home/eric/wjg/elong_ws_fps/install/message_interface_robosoccer/include/message_interface_robosoccer/message_interface_robosoccer/msg/detail/pose_robots__struct.hpp
[0.315s] -- Up-to-date: /home/eric/wjg/elong_ws_fps/install/message_interface_robosoccer/include/message_interface_robosoccer/message_interface_robosoccer/msg/detail/velocity__traits.hpp
[0.315s] -- Up-to-date: /home/eric/wjg/elong_ws_fps/install/message_interface_robosoccer/include/message_interface_robosoccer/message_interface_robosoccer/msg/detail/pose__builder.hpp
[0.315s] -- Up-to-date: /home/eric/wjg/elong_ws_fps/install/message_interface_robosoccer/include/message_interface_robosoccer/message_interface_robosoccer/msg/detail/array_threshold__struct.hpp
[0.315s] -- Up-to-date: /home/eric/wjg/elong_ws_fps/install/message_interface_robosoccer/include/message_interface_robosoccer/message_interface_robosoccer/msg/detail/velocity_robots__struct.hpp
[0.315s] -- Up-to-date: /home/eric/wjg/elong_ws_fps/install/message_interface_robosoccer/include/message_interface_robosoccer/message_interface_robosoccer/msg/detail/image__struct.hpp
[0.315s] -- Up-to-date: /home/eric/wjg/elong_ws_fps/install/message_interface_robosoccer/include/message_interface_robosoccer/message_interface_robosoccer/msg/detail/point_calibration__struct.hpp
[0.315s] -- Up-to-date: /home/eric/wjg/elong_ws_fps/install/message_interface_robosoccer/include/message_interface_robosoccer/message_interface_robosoccer/msg/image.hpp
[0.315s] -- Up-to-date: /home/eric/wjg/elong_ws_fps/install/message_interface_robosoccer/include/message_interface_robosoccer/message_interface_robosoccer/msg/point.hpp
[0.315s] -- Up-to-date: /home/eric/wjg/elong_ws_fps/install/message_interface_robosoccer/include/message_interface_robosoccer/message_interface_robosoccer/msg/array_threshold.hpp
[0.315s] -- Up-to-date: /home/eric/wjg/elong_ws_fps/install/message_interface_robosoccer/include/message_interface_robosoccer/message_interface_robosoccer/msg/point_calibration.hpp
[0.315s] -- Up-to-date: /home/eric/wjg/elong_ws_fps/install/message_interface_robosoccer/include/message_interface_robosoccer/message_interface_robosoccer/msg/pose.hpp
[0.315s] -- Up-to-date: /home/eric/wjg/elong_ws_fps/install/message_interface_robosoccer/include/message_interface_robosoccer/message_interface_robosoccer/msg/velocity.hpp
[0.315s] -- Up-to-date: /home/eric/wjg/elong_ws_fps/install/message_interface_robosoccer/include/message_interface_robosoccer/message_interface_robosoccer/msg/pose_robots.hpp
[0.315s] -- Up-to-date: /home/eric/wjg/elong_ws_fps/install/message_interface_robosoccer/include/message_interface_robosoccer/message_interface_robosoccer
[0.315s] -- Up-to-date: /home/eric/wjg/elong_ws_fps/install/message_interface_robosoccer/include/message_interface_robosoccer/message_interface_robosoccer/msg
[0.315s] -- Up-to-date: /home/eric/wjg/elong_ws_fps/install/message_interface_robosoccer/include/message_interface_robosoccer/message_interface_robosoccer/msg/detail
[0.315s] -- Up-to-date: /home/eric/wjg/elong_ws_fps/install/message_interface_robosoccer/include/message_interface_robosoccer/message_interface_robosoccer/msg/detail/dds_fastrtps
[0.315s] -- Up-to-date: /home/eric/wjg/elong_ws_fps/install/message_interface_robosoccer/include/message_interface_robosoccer/message_interface_robosoccer/msg/detail/point_calibration__rosidl_typesupport_fastrtps_cpp.hpp
[0.315s] -- Up-to-date: /home/eric/wjg/elong_ws_fps/install/message_interface_robosoccer/include/message_interface_robosoccer/message_interface_robosoccer/msg/detail/velocity_robots__rosidl_typesupport_fastrtps_cpp.hpp
[0.315s] -- Up-to-date: /home/eric/wjg/elong_ws_fps/install/message_interface_robosoccer/include/message_interface_robosoccer/message_interface_robosoccer/msg/detail/image__rosidl_typesupport_fastrtps_cpp.hpp
[0.315s] -- Up-to-date: /home/eric/wjg/elong_ws_fps/install/message_interface_robosoccer/include/message_interface_robosoccer/message_interface_robosoccer/msg/detail/velocity__rosidl_typesupport_fastrtps_cpp.hpp
[0.316s] -- Up-to-date: /home/eric/wjg/elong_ws_fps/install/message_interface_robosoccer/include/message_interface_robosoccer/message_interface_robosoccer/msg/detail/decision_var__rosidl_typesupport_fastrtps_cpp.hpp
[0.316s] -- Up-to-date: /home/eric/wjg/elong_ws_fps/install/message_interface_robosoccer/include/message_interface_robosoccer/message_interface_robosoccer/msg/detail/point__rosidl_typesupport_fastrtps_cpp.hpp
[0.316s] -- Up-to-date: /home/eric/wjg/elong_ws_fps/install/message_interface_robosoccer/include/message_interface_robosoccer/message_interface_robosoccer/msg/detail/pose_robots__rosidl_typesupport_fastrtps_cpp.hpp
[0.316s] -- Up-to-date: /home/eric/wjg/elong_ws_fps/install/message_interface_robosoccer/include/message_interface_robosoccer/message_interface_robosoccer/msg/detail/array_threshold__rosidl_typesupport_fastrtps_cpp.hpp
[0.316s] -- Up-to-date: /home/eric/wjg/elong_ws_fps/install/message_interface_robosoccer/include/message_interface_robosoccer/message_interface_robosoccer/msg/detail/pose__rosidl_typesupport_fastrtps_cpp.hpp
[0.316s] -- Up-to-date: /home/eric/wjg/elong_ws_fps/install/message_interface_robosoccer/include/message_interface_robosoccer/message_interface_robosoccer/msg/rosidl_typesupport_fastrtps_cpp__visibility_control.h
[0.316s] -- Up-to-date: /home/eric/wjg/elong_ws_fps/install/message_interface_robosoccer/lib/libmessage_interface_robosoccer__rosidl_typesupport_fastrtps_cpp.so
[0.316s] -- Up-to-date: /home/eric/wjg/elong_ws_fps/install/message_interface_robosoccer/include/message_interface_robosoccer/message_interface_robosoccer
[0.316s] -- Up-to-date: /home/eric/wjg/elong_ws_fps/install/message_interface_robosoccer/include/message_interface_robosoccer/message_interface_robosoccer/msg
[0.316s] -- Up-to-date: /home/eric/wjg/elong_ws_fps/install/message_interface_robosoccer/include/message_interface_robosoccer/message_interface_robosoccer/msg/detail
[0.316s] -- Up-to-date: /home/eric/wjg/elong_ws_fps/install/message_interface_robosoccer/include/message_interface_robosoccer/message_interface_robosoccer/msg/detail/point__rosidl_typesupport_introspection_cpp.hpp
[0.316s] -- Up-to-date: /home/eric/wjg/elong_ws_fps/install/message_interface_robosoccer/include/message_interface_robosoccer/message_interface_robosoccer/msg/detail/velocity__rosidl_typesupport_introspection_cpp.hpp
[0.316s] -- Up-to-date: /home/eric/wjg/elong_ws_fps/install/message_interface_robosoccer/include/message_interface_robosoccer/message_interface_robosoccer/msg/detail/point__type_support.cpp
[0.316s] -- Up-to-date: /home/eric/wjg/elong_ws_fps/install/message_interface_robosoccer/include/message_interface_robosoccer/message_interface_robosoccer/msg/detail/image__type_support.cpp
[0.316s] -- Up-to-date: /home/eric/wjg/elong_ws_fps/install/message_interface_robosoccer/include/message_interface_robosoccer/message_interface_robosoccer/msg/detail/image__rosidl_typesupport_introspection_cpp.hpp
[0.316s] -- Up-to-date: /home/eric/wjg/elong_ws_fps/install/message_interface_robosoccer/include/message_interface_robosoccer/message_interface_robosoccer/msg/detail/decision_var__type_support.cpp
[0.316s] -- Up-to-date: /home/eric/wjg/elong_ws_fps/install/message_interface_robosoccer/include/message_interface_robosoccer/message_interface_robosoccer/msg/detail/pose__type_support.cpp
[0.316s] -- Up-to-date: /home/eric/wjg/elong_ws_fps/install/message_interface_robosoccer/include/message_interface_robosoccer/message_interface_robosoccer/msg/detail/array_threshold__type_support.cpp
[0.316s] -- Up-to-date: /home/eric/wjg/elong_ws_fps/install/message_interface_robosoccer/include/message_interface_robosoccer/message_interface_robosoccer/msg/detail/decision_var__rosidl_typesupport_introspection_cpp.hpp
[0.316s] -- Up-to-date: /home/eric/wjg/elong_ws_fps/install/message_interface_robosoccer/include/message_interface_robosoccer/message_interface_robosoccer/msg/detail/point_calibration__rosidl_typesupport_introspection_cpp.hpp
[0.316s] -- Up-to-date: /home/eric/wjg/elong_ws_fps/install/message_interface_robosoccer/include/message_interface_robosoccer/message_interface_robosoccer/msg/detail/velocity_robots__rosidl_typesupport_introspection_cpp.hpp
[0.316s] -- Up-to-date: /home/eric/wjg/elong_ws_fps/install/message_interface_robosoccer/include/message_interface_robosoccer/message_interface_robosoccer/msg/detail/pose_robots__type_support.cpp
[0.316s] -- Up-to-date: /home/eric/wjg/elong_ws_fps/install/message_interface_robosoccer/include/message_interface_robosoccer/message_interface_robosoccer/msg/detail/pose_robots__rosidl_typesupport_introspection_cpp.hpp
[0.316s] -- Up-to-date: /home/eric/wjg/elong_ws_fps/install/message_interface_robosoccer/include/message_interface_robosoccer/message_interface_robosoccer/msg/detail/pose__rosidl_typesupport_introspection_cpp.hpp
[0.316s] -- Up-to-date: /home/eric/wjg/elong_ws_fps/install/message_interface_robosoccer/include/message_interface_robosoccer/message_interface_robosoccer/msg/detail/array_threshold__rosidl_typesupport_introspection_cpp.hpp
[0.316s] -- Up-to-date: /home/eric/wjg/elong_ws_fps/install/message_interface_robosoccer/include/message_interface_robosoccer/message_interface_robosoccer/msg/detail/point_calibration__type_support.cpp
[0.316s] -- Up-to-date: /home/eric/wjg/elong_ws_fps/install/message_interface_robosoccer/include/message_interface_robosoccer/message_interface_robosoccer/msg/detail/velocity__type_support.cpp
[0.316s] -- Up-to-date: /home/eric/wjg/elong_ws_fps/install/message_interface_robosoccer/include/message_interface_robosoccer/message_interface_robosoccer/msg/detail/velocity_robots__type_support.cpp
[0.316s] -- Up-to-date: /home/eric/wjg/elong_ws_fps/install/message_interface_robosoccer/lib/libmessage_interface_robosoccer__rosidl_typesupport_introspection_cpp.so
[0.316s] -- Up-to-date: /home/eric/wjg/elong_ws_fps/install/message_interface_robosoccer/lib/libmessage_interface_robosoccer__rosidl_typesupport_cpp.so
[0.316s] -- Up-to-date: /home/eric/wjg/elong_ws_fps/install/message_interface_robosoccer/share/message_interface_robosoccer/environment/pythonpath.sh
[0.316s] -- Up-to-date: /home/eric/wjg/elong_ws_fps/install/message_interface_robosoccer/share/message_interface_robosoccer/environment/pythonpath.dsv
[0.316s] -- Up-to-date: /home/eric/wjg/elong_ws_fps/install/message_interface_robosoccer/local/lib/python3.10/dist-packages/message_interface_robosoccer-0.0.0-py3.10.egg-info
[0.316s] -- Installing: /home/eric/wjg/elong_ws_fps/install/message_interface_robosoccer/local/lib/python3.10/dist-packages/message_interface_robosoccer-0.0.0-py3.10.egg-info/top_level.txt
[0.316s] -- Installing: /home/eric/wjg/elong_ws_fps/install/message_interface_robosoccer/local/lib/python3.10/dist-packages/message_interface_robosoccer-0.0.0-py3.10.egg-info/dependency_links.txt
[0.316s] -- Installing: /home/eric/wjg/elong_ws_fps/install/message_interface_robosoccer/local/lib/python3.10/dist-packages/message_interface_robosoccer-0.0.0-py3.10.egg-info/SOURCES.txt
[0.316s] -- Installing: /home/eric/wjg/elong_ws_fps/install/message_interface_robosoccer/local/lib/python3.10/dist-packages/message_interface_robosoccer-0.0.0-py3.10.egg-info/PKG-INFO
[0.316s] -- Up-to-date: /home/eric/wjg/elong_ws_fps/install/message_interface_robosoccer/local/lib/python3.10/dist-packages/message_interface_robosoccer
[0.316s] -- Up-to-date: /home/eric/wjg/elong_ws_fps/install/message_interface_robosoccer/local/lib/python3.10/dist-packages/message_interface_robosoccer/libmessage_interface_robosoccer__rosidl_generator_py.so
[0.316s] -- Up-to-date: /home/eric/wjg/elong_ws_fps/install/message_interface_robosoccer/local/lib/python3.10/dist-packages/message_interface_robosoccer/message_interface_robosoccer_s__rosidl_typesupport_introspection_c.cpython-310-x86_64-linux-gnu.so
[0.316s] -- Up-to-date: /home/eric/wjg/elong_ws_fps/install/message_interface_robosoccer/local/lib/python3.10/dist-packages/message_interface_robosoccer/message_interface_robosoccer_s__rosidl_typesupport_fastrtps_c.cpython-310-x86_64-linux-gnu.so
[0.316s] -- Up-to-date: /home/eric/wjg/elong_ws_fps/install/message_interface_robosoccer/local/lib/python3.10/dist-packages/message_interface_robosoccer/_message_interface_robosoccer_s.ep.rosidl_typesupport_c.c
[0.316s] -- Up-to-date: /home/eric/wjg/elong_ws_fps/install/message_interface_robosoccer/local/lib/python3.10/dist-packages/message_interface_robosoccer/_message_interface_robosoccer_s.ep.rosidl_typesupport_fastrtps_c.c
[0.316s] -- Up-to-date: /home/eric/wjg/elong_ws_fps/install/message_interface_robosoccer/local/lib/python3.10/dist-packages/message_interface_robosoccer/_message_interface_robosoccer_s.ep.rosidl_typesupport_introspection_c.c
[0.316s] -- Up-to-date: /home/eric/wjg/elong_ws_fps/install/message_interface_robosoccer/local/lib/python3.10/dist-packages/message_interface_robosoccer/__init__.py
[0.316s] -- Up-to-date: /home/eric/wjg/elong_ws_fps/install/message_interface_robosoccer/local/lib/python3.10/dist-packages/message_interface_robosoccer/msg
[0.316s] -- Up-to-date: /home/eric/wjg/elong_ws_fps/install/message_interface_robosoccer/local/lib/python3.10/dist-packages/message_interface_robosoccer/msg/_image_s.c
[0.316s] -- Up-to-date: /home/eric/wjg/elong_ws_fps/install/message_interface_robosoccer/local/lib/python3.10/dist-packages/message_interface_robosoccer/msg/_decision_var.py
[0.316s] -- Up-to-date: /home/eric/wjg/elong_ws_fps/install/message_interface_robosoccer/local/lib/python3.10/dist-packages/message_interface_robosoccer/msg/_pose.py
[0.317s] -- Up-to-date: /home/eric/wjg/elong_ws_fps/install/message_interface_robosoccer/local/lib/python3.10/dist-packages/message_interface_robosoccer/msg/_velocity_robots.py
[0.317s] -- Up-to-date: /home/eric/wjg/elong_ws_fps/install/message_interface_robosoccer/local/lib/python3.10/dist-packages/message_interface_robosoccer/msg/_point.py
[0.317s] -- Up-to-date: /home/eric/wjg/elong_ws_fps/install/message_interface_robosoccer/local/lib/python3.10/dist-packages/message_interface_robosoccer/msg/_array_threshold.py
[0.317s] -- Up-to-date: /home/eric/wjg/elong_ws_fps/install/message_interface_robosoccer/local/lib/python3.10/dist-packages/message_interface_robosoccer/msg/_pose_robots_s.c
[0.317s] -- Up-to-date: /home/eric/wjg/elong_ws_fps/install/message_interface_robosoccer/local/lib/python3.10/dist-packages/message_interface_robosoccer/msg/_point_calibration.py
[0.317s] -- Up-to-date: /home/eric/wjg/elong_ws_fps/install/message_interface_robosoccer/local/lib/python3.10/dist-packages/message_interface_robosoccer/msg/_point_s.c
[0.317s] -- Up-to-date: /home/eric/wjg/elong_ws_fps/install/message_interface_robosoccer/local/lib/python3.10/dist-packages/message_interface_robosoccer/msg/_velocity_s.c
[0.317s] -- Up-to-date: /home/eric/wjg/elong_ws_fps/install/message_interface_robosoccer/local/lib/python3.10/dist-packages/message_interface_robosoccer/msg/_image.py
[0.317s] -- Up-to-date: /home/eric/wjg/elong_ws_fps/install/message_interface_robosoccer/local/lib/python3.10/dist-packages/message_interface_robosoccer/msg/_velocity_robots_s.c
[0.317s] -- Up-to-date: /home/eric/wjg/elong_ws_fps/install/message_interface_robosoccer/local/lib/python3.10/dist-packages/message_interface_robosoccer/msg/_pose_s.c
[0.317s] -- Up-to-date: /home/eric/wjg/elong_ws_fps/install/message_interface_robosoccer/local/lib/python3.10/dist-packages/message_interface_robosoccer/msg/_velocity.py
[0.317s] -- Up-to-date: /home/eric/wjg/elong_ws_fps/install/message_interface_robosoccer/local/lib/python3.10/dist-packages/message_interface_robosoccer/msg/__init__.py
[0.317s] -- Up-to-date: /home/eric/wjg/elong_ws_fps/install/message_interface_robosoccer/local/lib/python3.10/dist-packages/message_interface_robosoccer/msg/_pose_robots.py
[0.317s] -- Up-to-date: /home/eric/wjg/elong_ws_fps/install/message_interface_robosoccer/local/lib/python3.10/dist-packages/message_interface_robosoccer/msg/_point_calibration_s.c
[0.317s] -- Up-to-date: /home/eric/wjg/elong_ws_fps/install/message_interface_robosoccer/local/lib/python3.10/dist-packages/message_interface_robosoccer/msg/_decision_var_s.c
[0.317s] -- Up-to-date: /home/eric/wjg/elong_ws_fps/install/message_interface_robosoccer/local/lib/python3.10/dist-packages/message_interface_robosoccer/msg/_array_threshold_s.c
[0.317s] -- Up-to-date: /home/eric/wjg/elong_ws_fps/install/message_interface_robosoccer/local/lib/python3.10/dist-packages/message_interface_robosoccer/message_interface_robosoccer_s__rosidl_typesupport_c.cpython-310-x86_64-linux-gnu.so
[0.331s] Listing '/home/eric/wjg/elong_ws_fps/install/message_interface_robosoccer/local/lib/python3.10/dist-packages/message_interface_robosoccer'...
[0.331s] Listing '/home/eric/wjg/elong_ws_fps/install/message_interface_robosoccer/local/lib/python3.10/dist-packages/message_interface_robosoccer/msg'...
[0.333s] -- Up-to-date: /home/eric/wjg/elong_ws_fps/install/message_interface_robosoccer/local/lib/python3.10/dist-packages/message_interface_robosoccer/message_interface_robosoccer_s__rosidl_typesupport_fastrtps_c.cpython-310-x86_64-linux-gnu.so
[0.334s] -- Up-to-date: /home/eric/wjg/elong_ws_fps/install/message_interface_robosoccer/local/lib/python3.10/dist-packages/message_interface_robosoccer/message_interface_robosoccer_s__rosidl_typesupport_introspection_c.cpython-310-x86_64-linux-gnu.so
[0.334s] -- Up-to-date: /home/eric/wjg/elong_ws_fps/install/message_interface_robosoccer/local/lib/python3.10/dist-packages/message_interface_robosoccer/message_interface_robosoccer_s__rosidl_typesupport_c.cpython-310-x86_64-linux-gnu.so
[0.335s] -- Up-to-date: /home/eric/wjg/elong_ws_fps/install/message_interface_robosoccer/lib/libmessage_interface_robosoccer__rosidl_generator_py.so
[0.335s] -- Up-to-date: /home/eric/wjg/elong_ws_fps/install/message_interface_robosoccer/share/message_interface_robosoccer/msg/ArrayThreshold.idl
[0.335s] -- Up-to-date: /home/eric/wjg/elong_ws_fps/install/message_interface_robosoccer/share/message_interface_robosoccer/msg/PointCalibration.idl
[0.335s] -- Up-to-date: /home/eric/wjg/elong_ws_fps/install/message_interface_robosoccer/share/message_interface_robosoccer/msg/Point.idl
[0.335s] -- Up-to-date: /home/eric/wjg/elong_ws_fps/install/message_interface_robosoccer/share/message_interface_robosoccer/msg/Image.idl
[0.335s] -- Up-to-date: /home/eric/wjg/elong_ws_fps/install/message_interface_robosoccer/share/message_interface_robosoccer/msg/PoseRobots.idl
[0.335s] -- Up-to-date: /home/eric/wjg/elong_ws_fps/install/message_interface_robosoccer/share/message_interface_robosoccer/msg/Pose.idl
[0.335s] -- Up-to-date: /home/eric/wjg/elong_ws_fps/install/message_interface_robosoccer/share/message_interface_robosoccer/msg/Velocity.idl
[0.335s] -- Up-to-date: /home/eric/wjg/elong_ws_fps/install/message_interface_robosoccer/share/message_interface_robosoccer/msg/VelocityRobots.idl
[0.335s] -- Up-to-date: /home/eric/wjg/elong_ws_fps/install/message_interface_robosoccer/share/message_interface_robosoccer/msg/DecisionVar.idl
[0.335s] -- Up-to-date: /home/eric/wjg/elong_ws_fps/install/message_interface_robosoccer/share/message_interface_robosoccer/msg/ArrayThreshold.msg
[0.335s] -- Up-to-date: /home/eric/wjg/elong_ws_fps/install/message_interface_robosoccer/share/message_interface_robosoccer/msg/PointCalibration.msg
[0.336s] -- Up-to-date: /home/eric/wjg/elong_ws_fps/install/message_interface_robosoccer/share/message_interface_robosoccer/msg/Point.msg
[0.336s] -- Up-to-date: /home/eric/wjg/elong_ws_fps/install/message_interface_robosoccer/share/message_interface_robosoccer/msg/Image.msg
[0.336s] -- Up-to-date: /home/eric/wjg/elong_ws_fps/install/message_interface_robosoccer/share/message_interface_robosoccer/msg/PoseRobots.msg
[0.336s] -- Up-to-date: /home/eric/wjg/elong_ws_fps/install/message_interface_robosoccer/share/message_interface_robosoccer/msg/Pose.msg
[0.336s] -- Up-to-date: /home/eric/wjg/elong_ws_fps/install/message_interface_robosoccer/share/message_interface_robosoccer/msg/Velocity.msg
[0.336s] -- Up-to-date: /home/eric/wjg/elong_ws_fps/install/message_interface_robosoccer/share/message_interface_robosoccer/msg/VelocityRobots.msg
[0.336s] -- Up-to-date: /home/eric/wjg/elong_ws_fps/install/message_interface_robosoccer/share/message_interface_robosoccer/msg/DecisionVar.msg
[0.336s] -- Up-to-date: /home/eric/wjg/elong_ws_fps/install/message_interface_robosoccer/share/ament_index/resource_index/package_run_dependencies/message_interface_robosoccer
[0.336s] -- Up-to-date: /home/eric/wjg/elong_ws_fps/install/message_interface_robosoccer/share/ament_index/resource_index/parent_prefix_path/message_interface_robosoccer
[0.336s] -- Up-to-date: /home/eric/wjg/elong_ws_fps/install/message_interface_robosoccer/share/message_interface_robosoccer/environment/ament_prefix_path.sh
[0.336s] -- Up-to-date: /home/eric/wjg/elong_ws_fps/install/message_interface_robosoccer/share/message_interface_robosoccer/environment/ament_prefix_path.dsv
[0.336s] -- Up-to-date: /home/eric/wjg/elong_ws_fps/install/message_interface_robosoccer/share/message_interface_robosoccer/environment/path.sh
[0.336s] -- Up-to-date: /home/eric/wjg/elong_ws_fps/install/message_interface_robosoccer/share/message_interface_robosoccer/environment/path.dsv
[0.336s] -- Up-to-date: /home/eric/wjg/elong_ws_fps/install/message_interface_robosoccer/share/message_interface_robosoccer/local_setup.bash
[0.336s] -- Up-to-date: /home/eric/wjg/elong_ws_fps/install/message_interface_robosoccer/share/message_interface_robosoccer/local_setup.sh
[0.336s] -- Up-to-date: /home/eric/wjg/elong_ws_fps/install/message_interface_robosoccer/share/message_interface_robosoccer/local_setup.zsh
[0.336s] -- Up-to-date: /home/eric/wjg/elong_ws_fps/install/message_interface_robosoccer/share/message_interface_robosoccer/local_setup.dsv
[0.336s] -- Installing: /home/eric/wjg/elong_ws_fps/install/message_interface_robosoccer/share/message_interface_robosoccer/package.dsv
[0.336s] -- Up-to-date: /home/eric/wjg/elong_ws_fps/install/message_interface_robosoccer/share/ament_index/resource_index/packages/message_interface_robosoccer
[0.336s] -- Up-to-date: /home/eric/wjg/elong_ws_fps/install/message_interface_robosoccer/share/message_interface_robosoccer/cmake/export_message_interface_robosoccer__rosidl_generator_cExport.cmake
[0.336s] -- Up-to-date: /home/eric/wjg/elong_ws_fps/install/message_interface_robosoccer/share/message_interface_robosoccer/cmake/export_message_interface_robosoccer__rosidl_generator_cExport-noconfig.cmake
[0.336s] -- Up-to-date: /home/eric/wjg/elong_ws_fps/install/message_interface_robosoccer/share/message_interface_robosoccer/cmake/export_message_interface_robosoccer__rosidl_typesupport_fastrtps_cExport.cmake
[0.336s] -- Up-to-date: /home/eric/wjg/elong_ws_fps/install/message_interface_robosoccer/share/message_interface_robosoccer/cmake/export_message_interface_robosoccer__rosidl_typesupport_fastrtps_cExport-noconfig.cmake
[0.336s] -- Up-to-date: /home/eric/wjg/elong_ws_fps/install/message_interface_robosoccer/share/message_interface_robosoccer/cmake/message_interface_robosoccer__rosidl_typesupport_introspection_cExport.cmake
[0.336s] -- Up-to-date: /home/eric/wjg/elong_ws_fps/install/message_interface_robosoccer/share/message_interface_robosoccer/cmake/message_interface_robosoccer__rosidl_typesupport_introspection_cExport-noconfig.cmake
[0.336s] -- Up-to-date: /home/eric/wjg/elong_ws_fps/install/message_interface_robosoccer/share/message_interface_robosoccer/cmake/message_interface_robosoccer__rosidl_typesupport_cExport.cmake
[0.336s] -- Up-to-date: /home/eric/wjg/elong_ws_fps/install/message_interface_robosoccer/share/message_interface_robosoccer/cmake/message_interface_robosoccer__rosidl_typesupport_cExport-noconfig.cmake
[0.336s] -- Up-to-date: /home/eric/wjg/elong_ws_fps/install/message_interface_robosoccer/share/message_interface_robosoccer/cmake/export_message_interface_robosoccer__rosidl_generator_cppExport.cmake
[0.336s] -- Up-to-date: /home/eric/wjg/elong_ws_fps/install/message_interface_robosoccer/share/message_interface_robosoccer/cmake/export_message_interface_robosoccer__rosidl_typesupport_fastrtps_cppExport.cmake
[0.336s] -- Up-to-date: /home/eric/wjg/elong_ws_fps/install/message_interface_robosoccer/share/message_interface_robosoccer/cmake/export_message_interface_robosoccer__rosidl_typesupport_fastrtps_cppExport-noconfig.cmake
[0.336s] -- Up-to-date: /home/eric/wjg/elong_ws_fps/install/message_interface_robosoccer/share/message_interface_robosoccer/cmake/message_interface_robosoccer__rosidl_typesupport_introspection_cppExport.cmake
[0.336s] -- Up-to-date: /home/eric/wjg/elong_ws_fps/install/message_interface_robosoccer/share/message_interface_robosoccer/cmake/message_interface_robosoccer__rosidl_typesupport_introspection_cppExport-noconfig.cmake
[0.336s] -- Up-to-date: /home/eric/wjg/elong_ws_fps/install/message_interface_robosoccer/share/message_interface_robosoccer/cmake/message_interface_robosoccer__rosidl_typesupport_cppExport.cmake
[0.336s] -- Up-to-date: /home/eric/wjg/elong_ws_fps/install/message_interface_robosoccer/share/message_interface_robosoccer/cmake/message_interface_robosoccer__rosidl_typesupport_cppExport-noconfig.cmake
[0.336s] -- Up-to-date: /home/eric/wjg/elong_ws_fps/install/message_interface_robosoccer/share/message_interface_robosoccer/cmake/export_message_interface_robosoccer__rosidl_generator_pyExport.cmake
[0.336s] -- Up-to-date: /home/eric/wjg/elong_ws_fps/install/message_interface_robosoccer/share/message_interface_robosoccer/cmake/export_message_interface_robosoccer__rosidl_generator_pyExport-noconfig.cmake
[0.336s] -- Up-to-date: /home/eric/wjg/elong_ws_fps/install/message_interface_robosoccer/share/message_interface_robosoccer/cmake/rosidl_cmake-extras.cmake
[0.336s] -- Up-to-date: /home/eric/wjg/elong_ws_fps/install/message_interface_robosoccer/share/message_interface_robosoccer/cmake/ament_cmake_export_dependencies-extras.cmake
[0.336s] -- Up-to-date: /home/eric/wjg/elong_ws_fps/install/message_interface_robosoccer/share/message_interface_robosoccer/cmake/ament_cmake_export_include_directories-extras.cmake
[0.337s] -- Up-to-date: /home/eric/wjg/elong_ws_fps/install/message_interface_robosoccer/share/message_interface_robosoccer/cmake/ament_cmake_export_libraries-extras.cmake
[0.337s] -- Up-to-date: /home/eric/wjg/elong_ws_fps/install/message_interface_robosoccer/share/message_interface_robosoccer/cmake/ament_cmake_export_targets-extras.cmake
[0.337s] -- Up-to-date: /home/eric/wjg/elong_ws_fps/install/message_interface_robosoccer/share/message_interface_robosoccer/cmake/rosidl_cmake_export_typesupport_targets-extras.cmake
[0.337s] -- Up-to-date: /home/eric/wjg/elong_ws_fps/install/message_interface_robosoccer/share/message_interface_robosoccer/cmake/rosidl_cmake_export_typesupport_libraries-extras.cmake
[0.337s] -- Up-to-date: /home/eric/wjg/elong_ws_fps/install/message_interface_robosoccer/share/message_interface_robosoccer/cmake/message_interface_robosoccerConfig.cmake
[0.337s] -- Up-to-date: /home/eric/wjg/elong_ws_fps/install/message_interface_robosoccer/share/message_interface_robosoccer/cmake/message_interface_robosoccerConfig-version.cmake
[0.337s] -- Up-to-date: /home/eric/wjg/elong_ws_fps/install/message_interface_robosoccer/share/message_interface_robosoccer/package.xml
[0.338s] Invoked command in '/home/eric/wjg/elong_ws_fps/build/message_interface_robosoccer' returned '0': CMAKE_PREFIX_PATH=/home/eric/wjg/elong_ws_fps/install/vision_robosoccer:/home/eric/wjg/elong_ws_fps/install/strategy_robosoccer:/home/eric/wjg/elong_ws_fps/install/gui_robosoccer:/home/eric/wjg/elong_ws_fps/install/communication_robosoccer:/home/eric/wjg/elong_ws_fps/install/message_interface_robosoccer:/opt/ros/humble:/home/eric/wjg/MultiAgent-Isaacsim/ros_msg/install/scene_msgs:/home/eric/wjg/MultiAgent-Isaacsim/ros_msg/install/plan_msgs /usr/bin/cmake --install /home/eric/wjg/elong_ws_fps/build/message_interface_robosoccer
