[35m[1mConsolidate compiler generated dependencies of target vision[0m
[35m[1mConsolidate compiler generated dependencies of target vision_processing[0m
[35m[1mConsolidate compiler generated dependencies of target vision_control_test[0m
[35m[1mConsolidate compiler generated dependencies of target vision_display_test[0m
[ 25%] Built target vision
[ 50%] Built target vision_display_test
[ 75%] Built target vision_processing
[100%] Built target vision_control_test
-- Install configuration: ""
-- Up-to-date: /home/eric/wjg/elong_ws_fps/install/vision_robosoccer/share/ament_index/resource_index/package_run_dependencies/vision_robosoccer
-- Up-to-date: /home/eric/wjg/elong_ws_fps/install/vision_robosoccer/share/ament_index/resource_index/parent_prefix_path/vision_robosoccer
-- Up-to-date: /home/eric/wjg/elong_ws_fps/install/vision_robosoccer/share/vision_robosoccer/environment/ament_prefix_path.sh
-- Up-to-date: /home/eric/wjg/elong_ws_fps/install/vision_robosoccer/share/vision_robosoccer/environment/ament_prefix_path.dsv
-- Up-to-date: /home/eric/wjg/elong_ws_fps/install/vision_robosoccer/share/vision_robosoccer/environment/path.sh
-- Up-to-date: /home/eric/wjg/elong_ws_fps/install/vision_robosoccer/share/vision_robosoccer/environment/path.dsv
-- Up-to-date: /home/eric/wjg/elong_ws_fps/install/vision_robosoccer/share/vision_robosoccer/local_setup.bash
-- Up-to-date: /home/eric/wjg/elong_ws_fps/install/vision_robosoccer/share/vision_robosoccer/local_setup.sh
-- Up-to-date: /home/eric/wjg/elong_ws_fps/install/vision_robosoccer/share/vision_robosoccer/local_setup.zsh
-- Up-to-date: /home/eric/wjg/elong_ws_fps/install/vision_robosoccer/share/vision_robosoccer/local_setup.dsv
-- Installing: /home/eric/wjg/elong_ws_fps/install/vision_robosoccer/share/vision_robosoccer/package.dsv
-- Up-to-date: /home/eric/wjg/elong_ws_fps/install/vision_robosoccer/share/ament_index/resource_index/packages/vision_robosoccer
-- Up-to-date: /home/eric/wjg/elong_ws_fps/install/vision_robosoccer/share/vision_robosoccer/cmake/vision_robosoccerConfig.cmake
-- Up-to-date: /home/eric/wjg/elong_ws_fps/install/vision_robosoccer/share/vision_robosoccer/cmake/vision_robosoccerConfig-version.cmake
-- Up-to-date: /home/eric/wjg/elong_ws_fps/install/vision_robosoccer/share/vision_robosoccer/package.xml
-- Up-to-date: /home/eric/wjg/elong_ws_fps/install/vision_robosoccer/lib/vision_robosoccer/vision
-- Up-to-date: /home/eric/wjg/elong_ws_fps/install/vision_robosoccer/lib/vision_robosoccer/vision_processing
-- Up-to-date: /home/eric/wjg/elong_ws_fps/install/vision_robosoccer/lib/vision_robosoccer/vision_control_test
-- Up-to-date: /home/eric/wjg/elong_ws_fps/install/vision_robosoccer/lib/vision_robosoccer/vision_display_test
